# JRE version: OpenJDK Runtime Environment Temurin-21.0.6+7 (21.0.6+7) (build 21.0.6+7-LTS)
# Java VM: OpenJDK 64-Bit Server VM Temurin-21.0.6+7 (21.0.6+7-LTS, mixed mode, sharing, tiered, compressed oops, compressed class ptrs, parallel gc, windows-amd64)
GC Precious Log:
 CardTable entry size: 512
 CPUs: 4 total, 4 available
 Memory: 6086M
 Large Page Support: Disabled
 NUMA Support: Disabled
 Compressed Oops: Enabled (32-bit)
 Alignments: Space 512K, Generation 512K, Heap 2M
 Heap Min Capacity: 100M
 Heap Initial Capacity: 100M
 Heap Max Capacity: 1G
 Pre-touch: Disabled
 Parallel Workers: 4
Heap:
 PSYoungGen      total 23040K, used 16221K [0x00000000eab00000, 0x00000000ecd00000, 0x0000000100000000)
  eden space 18944K, 64% used [0x00000000eab00000,0x00000000eb6d9f18,0x00000000ebd80000)
  from space 4096K, 99% used [0x00000000ec400000,0x00000000ec7fd830,0x00000000ec800000)
  to   space 6656K, 0% used [0x00000000ebd80000,0x00000000ebd80000,0x00000000ec400000)
 ParOldGen       total 68608K, used 35820K [0x00000000c0000000, 0x00000000c4300000, 0x00000000eab00000)
  object space 68608K, 52% used [0x00000000c0000000,0x00000000c22fb298,0x00000000c4300000)
 Metaspace       used 45030K, committed 46144K, reserved 1114112K
  class space    used 4262K, committed 4800K, reserved 1048576K
GC Heap History (20 events):
Event: 39.666 GC heap before
{Heap before GC invocations=17 (full 1):
 PSYoungGen      total 24064K, used 23712K [0x00000000eab00000, 0x00000000ec500000, 0x0000000100000000)
  eden space 21504K, 100% used [0x00000000eab00000,0x00000000ec000000,0x00000000ec000000)
  from space 2560K, 86% used [0x00000000ec080000,0x00000000ec2a8010,0x00000000ec300000)
  to   space 2048K, 0% used [0x00000000ec300000,0x00000000ec300000,0x00000000ec500000)
 ParOldGen       total 68608K, used 25289K [0x00000000c0000000, 0x00000000c4300000, 0x00000000eab00000)
  object space 68608K, 36% used [0x00000000c0000000,0x00000000c18b25e8,0x00000000c4300000)
 Metaspace       used 34207K, committed 35200K, reserved 1114112K
  class space    used 3333K, committed 3776K, reserved 1048576K
}
Event: 39.679 GC heap after
{Heap after GC invocations=17 (full 1):
 PSYoungGen      total 23552K, used 1888K [0x00000000eab00000, 0x00000000ec500000, 0x0000000100000000)
  eden space 21504K, 0% used [0x00000000eab00000,0x00000000eab00000,0x00000000ec000000)
  from space 2048K, 92% used [0x00000000ec300000,0x00000000ec4d8000,0x00000000ec500000)
  to   space 2048K, 0% used [0x00000000ec100000,0x00000000ec100000,0x00000000ec300000)
 ParOldGen       total 68608K, used 27409K [0x00000000c0000000, 0x00000000c4300000, 0x00000000eab00000)
  object space 68608K, 39% used [0x00000000c0000000,0x00000000c1ac45f8,0x00000000c4300000)
 Metaspace       used 34207K, committed 35200K, reserved 1114112K
  class space    used 3333K, committed 3776K, reserved 1048576K
}
Event: 40.023 GC heap before
{Heap before GC invocations=18 (full 1):
 PSYoungGen      total 23552K, used 23365K [0x00000000eab00000, 0x00000000ec500000, 0x0000000100000000)
  eden space 21504K, 99% used [0x00000000eab00000,0x00000000ebff94f8,0x00000000ec000000)
  from space 2048K, 92% used [0x00000000ec300000,0x00000000ec4d8000,0x00000000ec500000)
  to   space 2048K, 0% used [0x00000000ec100000,0x00000000ec100000,0x00000000ec300000)
 ParOldGen       total 68608K, used 27409K [0x00000000c0000000, 0x00000000c4300000, 0x00000000eab00000)
  object space 68608K, 39% used [0x00000000c0000000,0x00000000c1ac45f8,0x00000000c4300000)
 Metaspace       used 34382K, committed 35328K, reserved 1114112K
  class space    used 3344K, committed 3776K, reserved 1048576K
}
Event: 40.032 GC heap after
{Heap after GC invocations=18 (full 1):
 PSYoungGen      total 23552K, used 2016K [0x00000000eab00000, 0x00000000ec900000, 0x0000000100000000)
  eden space 21504K, 0% used [0x00000000eab00000,0x00000000eab00000,0x00000000ec000000)
  from space 2048K, 98% used [0x00000000ec100000,0x00000000ec2f8138,0x00000000ec300000)
  to   space 4608K, 0% used [0x00000000ec480000,0x00000000ec480000,0x00000000ec900000)
 ParOldGen       total 68608K, used 29209K [0x00000000c0000000, 0x00000000c4300000, 0x00000000eab00000)
  object space 68608K, 42% used [0x00000000c0000000,0x00000000c1c865f8,0x00000000c4300000)
 Metaspace       used 34382K, committed 35328K, reserved 1114112K
  class space    used 3344K, committed 3776K, reserved 1048576K
}
Event: 40.245 GC heap before
{Heap before GC invocations=19 (full 1):
 PSYoungGen      total 23552K, used 6218K [0x00000000eab00000, 0x00000000ec900000, 0x0000000100000000)
  eden space 21504K, 19% used [0x00000000eab00000,0x00000000eaf1a768,0x00000000ec000000)
  from space 2048K, 98% used [0x00000000ec100000,0x00000000ec2f8138,0x00000000ec300000)
  to   space 4608K, 0% used [0x00000000ec480000,0x00000000ec480000,0x00000000ec900000)
 ParOldGen       total 68608K, used 29209K [0x00000000c0000000, 0x00000000c4300000, 0x00000000eab00000)
  object space 68608K, 42% used [0x00000000c0000000,0x00000000c1c865f8,0x00000000c4300000)
 Metaspace       used 34958K, committed 35840K, reserved 1114112K
  class space    used 3389K, committed 3776K, reserved 1048576K
}
Event: 40.252 GC heap after
{Heap after GC invocations=19 (full 1):
 PSYoungGen      total 22016K, used 460K [0x00000000eab00000, 0x00000000ec500000, 0x0000000100000000)
  eden space 21504K, 0% used [0x00000000eab00000,0x00000000eab00000,0x00000000ec000000)
  from space 512K, 89% used [0x00000000ec480000,0x00000000ec4f3100,0x00000000ec500000)
  to   space 2048K, 0% used [0x00000000ec100000,0x00000000ec100000,0x00000000ec300000)
 ParOldGen       total 68608K, used 31030K [0x00000000c0000000, 0x00000000c4300000, 0x00000000eab00000)
  object space 68608K, 45% used [0x00000000c0000000,0x00000000c1e4db50,0x00000000c4300000)
 Metaspace       used 34958K, committed 35840K, reserved 1114112K
  class space    used 3389K, committed 3776K, reserved 1048576K
}
Event: 40.252 GC heap before
{Heap before GC invocations=20 (full 2):
 PSYoungGen      total 22016K, used 460K [0x00000000eab00000, 0x00000000ec500000, 0x0000000100000000)
  eden space 21504K, 0% used [0x00000000eab00000,0x00000000eab00000,0x00000000ec000000)
  from space 512K, 89% used [0x00000000ec480000,0x00000000ec4f3100,0x00000000ec500000)
  to   space 2048K, 0% used [0x00000000ec100000,0x00000000ec100000,0x00000000ec300000)
 ParOldGen       total 68608K, used 31030K [0x00000000c0000000, 0x00000000c4300000, 0x00000000eab00000)
  object space 68608K, 45% used [0x00000000c0000000,0x00000000c1e4db50,0x00000000c4300000)
 Metaspace       used 34958K, committed 35840K, reserved 1114112K
  class space    used 3389K, committed 3776K, reserved 1048576K
}
Event: 40.402 GC heap after
{Heap after GC invocations=20 (full 2):
 PSYoungGen      total 22016K, used 0K [0x00000000eab00000, 0x00000000ec500000, 0x0000000100000000)
  eden space 21504K, 0% used [0x00000000eab00000,0x00000000eab00000,0x00000000ec000000)
  from space 512K, 0% used [0x00000000ec480000,0x00000000ec480000,0x00000000ec500000)
  to   space 2048K, 0% used [0x00000000ec100000,0x00000000ec100000,0x00000000ec300000)
 ParOldGen       total 68608K, used 29189K [0x00000000c0000000, 0x00000000c4300000, 0x00000000eab00000)
  object space 68608K, 42% used [0x00000000c0000000,0x00000000c1c81610,0x00000000c4300000)
 Metaspace       used 34918K, committed 35840K, reserved 1114112K
  class space    used 3378K, committed 3776K, reserved 1048576K
}
Event: 43.697 GC heap before
{Heap before GC invocations=21 (full 2):
 PSYoungGen      total 22016K, used 21504K [0x00000000eab00000, 0x00000000ec500000, 0x0000000100000000)
  eden space 21504K, 100% used [0x00000000eab00000,0x00000000ec000000,0x00000000ec000000)
  from space 512K, 0% used [0x00000000ec480000,0x00000000ec480000,0x00000000ec500000)
  to   space 2048K, 0% used [0x00000000ec100000,0x00000000ec100000,0x00000000ec300000)
 ParOldGen       total 68608K, used 29189K [0x00000000c0000000, 0x00000000c4300000, 0x00000000eab00000)
  object space 68608K, 42% used [0x00000000c0000000,0x00000000c1c81610,0x00000000c4300000)
 Metaspace       used 36658K, committed 37632K, reserved 1114112K
  class space    used 3561K, committed 3968K, reserved 1048576K
}
Event: 43.700 GC heap after
{Heap after GC invocations=21 (full 2):
 PSYoungGen      total 23552K, used 792K [0x00000000eab00000, 0x00000000ec500000, 0x0000000100000000)
  eden space 21504K, 0% used [0x00000000eab00000,0x00000000eab00000,0x00000000ec000000)
  from space 2048K, 38% used [0x00000000ec100000,0x00000000ec1c6040,0x00000000ec300000)
  to   space 1024K, 0% used [0x00000000ec400000,0x00000000ec400000,0x00000000ec500000)
 ParOldGen       total 68608K, used 29197K [0x00000000c0000000, 0x00000000c4300000, 0x00000000eab00000)
  object space 68608K, 42% used [0x00000000c0000000,0x00000000c1c83610,0x00000000c4300000)
 Metaspace       used 36658K, committed 37632K, reserved 1114112K
  class space    used 3561K, committed 3968K, reserved 1048576K
}
Event: 46.899 GC heap before
{Heap before GC invocations=22 (full 2):
 PSYoungGen      total 23552K, used 22168K [0x00000000eab00000, 0x00000000ec500000, 0x0000000100000000)
  eden space 21504K, 99% used [0x00000000eab00000,0x00000000ebfe0200,0x00000000ec000000)
  from space 2048K, 38% used [0x00000000ec100000,0x00000000ec1c6040,0x00000000ec300000)
  to   space 1024K, 0% used [0x00000000ec400000,0x00000000ec400000,0x00000000ec500000)
 ParOldGen       total 68608K, used 29197K [0x00000000c0000000, 0x00000000c4300000, 0x00000000eab00000)
  object space 68608K, 42% used [0x00000000c0000000,0x00000000c1c83610,0x00000000c4300000)
 Metaspace       used 38361K, committed 39296K, reserved 1114112K
  class space    used 3724K, committed 4160K, reserved 1048576K
}
Event: 46.903 GC heap after
{Heap after GC invocations=22 (full 2):
 PSYoungGen      total 22528K, used 1007K [0x00000000eab00000, 0x00000000ec600000, 0x0000000100000000)
  eden space 21504K, 0% used [0x00000000eab00000,0x00000000eab00000,0x00000000ec000000)
  from space 1024K, 98% used [0x00000000ec400000,0x00000000ec4fbe68,0x00000000ec500000)
  to   space 3072K, 0% used [0x00000000ec000000,0x00000000ec000000,0x00000000ec300000)
 ParOldGen       total 68608K, used 30570K [0x00000000c0000000, 0x00000000c4300000, 0x00000000eab00000)
  object space 68608K, 44% used [0x00000000c0000000,0x00000000c1dda9b0,0x00000000c4300000)
 Metaspace       used 38361K, committed 39296K, reserved 1114112K
  class space    used 3724K, committed 4160K, reserved 1048576K
}
Event: 49.041 GC heap before
{Heap before GC invocations=23 (full 2):
 PSYoungGen      total 22528K, used 22511K [0x00000000eab00000, 0x00000000ec600000, 0x0000000100000000)
  eden space 21504K, 100% used [0x00000000eab00000,0x00000000ec000000,0x00000000ec000000)
  from space 1024K, 98% used [0x00000000ec400000,0x00000000ec4fbe68,0x00000000ec500000)
  to   space 3072K, 0% used [0x00000000ec000000,0x00000000ec000000,0x00000000ec300000)
 ParOldGen       total 68608K, used 30570K [0x00000000c0000000, 0x00000000c4300000, 0x00000000eab00000)
  object space 68608K, 44% used [0x00000000c0000000,0x00000000c1dda9b0,0x00000000c4300000)
 Metaspace       used 38408K, committed 39360K, reserved 1114112K
  class space    used 3724K, committed 4160K, reserved 1048576K
}
Event: 49.046 GC heap after
{Heap after GC invocations=23 (full 2):
 PSYoungGen      total 23040K, used 1222K [0x00000000eab00000, 0x00000000ec480000, 0x0000000100000000)
  eden space 21504K, 0% used [0x00000000eab00000,0x00000000eab00000,0x00000000ec000000)
  from space 1536K, 79% used [0x00000000ec000000,0x00000000ec131970,0x00000000ec180000)
  to   space 2048K, 0% used [0x00000000ec280000,0x00000000ec280000,0x00000000ec480000)
 ParOldGen       total 68608K, used 31486K [0x00000000c0000000, 0x00000000c4300000, 0x00000000eab00000)
  object space 68608K, 45% used [0x00000000c0000000,0x00000000c1ebfb18,0x00000000c4300000)
 Metaspace       used 38408K, committed 39360K, reserved 1114112K
  class space    used 3724K, committed 4160K, reserved 1048576K
}
Event: 53.572 GC heap before
{Heap before GC invocations=24 (full 2):
 PSYoungGen      total 23040K, used 22726K [0x00000000eab00000, 0x00000000ec480000, 0x0000000100000000)
  eden space 21504K, 100% used [0x00000000eab00000,0x00000000ec000000,0x00000000ec000000)
  from space 1536K, 79% used [0x00000000ec000000,0x00000000ec131970,0x00000000ec180000)
  to   space 2048K, 0% used [0x00000000ec280000,0x00000000ec280000,0x00000000ec480000)
 ParOldGen       total 68608K, used 31486K [0x00000000c0000000, 0x00000000c4300000, 0x00000000eab00000)
  object space 68608K, 45% used [0x00000000c0000000,0x00000000c1ebfb18,0x00000000c4300000)
 Metaspace       used 40278K, committed 41280K, reserved 1114112K
  class space    used 3908K, committed 4352K, reserved 1048576K
}
Event: 53.580 GC heap after
{Heap after GC invocations=24 (full 2):
 PSYoungGen      total 22528K, used 655K [0x00000000eab00000, 0x00000000ec380000, 0x0000000100000000)
  eden space 21504K, 0% used [0x00000000eab00000,0x00000000eab00000,0x00000000ec000000)
  from space 1024K, 64% used [0x00000000ec280000,0x00000000ec323ff8,0x00000000ec380000)
  to   space 1024K, 0% used [0x00000000ec180000,0x00000000ec180000,0x00000000ec280000)
 ParOldGen       total 68608K, used 31768K [0x00000000c0000000, 0x00000000c4300000, 0x00000000eab00000)
  object space 68608K, 46% used [0x00000000c0000000,0x00000000c1f06108,0x00000000c4300000)
 Metaspace       used 40278K, committed 41280K, reserved 1114112K
  class space    used 3908K, committed 4352K, reserved 1048576K
}
Event: 57.191 GC heap before
{Heap before GC invocations=25 (full 2):
 PSYoungGen      total 22528K, used 22159K [0x00000000eab00000, 0x00000000ec380000, 0x0000000100000000)
  eden space 21504K, 99% used [0x00000000eab00000,0x00000000ebfffd68,0x00000000ec000000)
  from space 1024K, 64% used [0x00000000ec280000,0x00000000ec323ff8,0x00000000ec380000)
  to   space 1024K, 0% used [0x00000000ec180000,0x00000000ec180000,0x00000000ec280000)
 ParOldGen       total 68608K, used 31768K [0x00000000c0000000, 0x00000000c4300000, 0x00000000eab00000)
  object space 68608K, 46% used [0x00000000c0000000,0x00000000c1f06108,0x00000000c4300000)
 Metaspace       used 42727K, committed 43776K, reserved 1114112K
  class space    used 4129K, committed 4608K, reserved 1048576K
}
Event: 57.202 GC heap after
{Heap after GC invocations=25 (full 2):
 PSYoungGen      total 22528K, used 1015K [0x00000000eab00000, 0x00000000ec800000, 0x0000000100000000)
  eden space 21504K, 0% used [0x00000000eab00000,0x00000000eab00000,0x00000000ec000000)
  from space 1024K, 99% used [0x00000000ec180000,0x00000000ec27dea8,0x00000000ec280000)
  to   space 4096K, 0% used [0x00000000ec400000,0x00000000ec400000,0x00000000ec800000)
 ParOldGen       total 68608K, used 33904K [0x00000000c0000000, 0x00000000c4300000, 0x00000000eab00000)
  object space 68608K, 49% used [0x00000000c0000000,0x00000000c211c018,0x00000000c4300000)
 Metaspace       used 42727K, committed 43776K, reserved 1114112K
  class space    used 4129K, committed 4608K, reserved 1048576K
}
Event: 61.988 GC heap before
{Heap before GC invocations=26 (full 2):
 PSYoungGen      total 22528K, used 22519K [0x00000000eab00000, 0x00000000ec800000, 0x0000000100000000)
  eden space 21504K, 100% used [0x00000000eab00000,0x00000000ec000000,0x00000000ec000000)
  from space 1024K, 99% used [0x00000000ec180000,0x00000000ec27dea8,0x00000000ec280000)
  to   space 4096K, 0% used [0x00000000ec400000,0x00000000ec400000,0x00000000ec800000)
 ParOldGen       total 68608K, used 33904K [0x00000000c0000000, 0x00000000c4300000, 0x00000000eab00000)
  object space 68608K, 49% used [0x00000000c0000000,0x00000000c211c018,0x00000000c4300000)
 Metaspace       used 43969K, committed 45056K, reserved 1114112K
  class space    used 4186K, committed 4672K, reserved 1048576K
}
Event: 62.012 GC heap after
{Heap after GC invocations=26 (full 2):
 PSYoungGen      total 23040K, used 4086K [0x00000000eab00000, 0x00000000ecd00000, 0x0000000100000000)
  eden space 18944K, 0% used [0x00000000eab00000,0x00000000eab00000,0x00000000ebd80000)
  from space 4096K, 99% used [0x00000000ec400000,0x00000000ec7fd830,0x00000000ec800000)
  to   space 6656K, 0% used [0x00000000ebd80000,0x00000000ebd80000,0x00000000ec400000)
 ParOldGen       total 68608K, used 35820K [0x00000000c0000000, 0x00000000c4300000, 0x00000000eab00000)
  object space 68608K, 52% used [0x00000000c0000000,0x00000000c22fb298,0x00000000c4300000)
 Metaspace       used 43969K, committed 45056K, reserved 1114112K
  class space    used 4186K, committed 4672K, reserved 1048576K
}

