# JRE version: OpenJDK Runtime Environment Temurin-21.0.6+7 (21.0.6+7) (build 21.0.6+7-LTS)
# Java VM: OpenJDK 64-Bit Server VM Temurin-21.0.6+7 (21.0.6+7-LTS, mixed mode, sharing, tiered, compressed oops, compressed class ptrs, parallel gc, windows-amd64)
GC Precious Log:
 CardTable entry size: 512
 CPUs: 4 total, 4 available
 Memory: 6086M
 Large Page Support: Disabled
 NUMA Support: Disabled
 Compressed Oops: Enabled (32-bit)
 Alignments: Space 512K, Generation 512K, Heap 2M
 Heap Min Capacity: 100M
 Heap Initial Capacity: 100M
 Heap Max Capacity: 1G
 Pre-touch: Disabled
 Parallel Workers: 4
Heap:
 PSYoungGen      total 23552K, used 20912K [0x00000000eab00000, 0x00000000ec900000, 0x0000000100000000)
  eden space 22016K, 90% used [0x00000000eab00000,0x00000000ebe59fe8,0x00000000ec080000)
  from space 1536K, 71% used [0x00000000ec080000,0x00000000ec1921c8,0x00000000ec200000)
  to   space 3584K, 0% used [0x00000000ec580000,0x00000000ec580000,0x00000000ec900000)
 ParOldGen       total 81408K, used 80900K [0x00000000c0000000, 0x00000000c4f80000, 0x00000000eab00000)
  object space 81408K, 99% used [0x00000000c0000000,0x00000000c4f01090,0x00000000c4f80000)
 Metaspace       used 55721K, committed 56960K, reserved 1114112K
  class space    used 5824K, committed 6336K, reserved 1048576K
GC Heap History (20 events):
Event: 76.835 GC heap before
{Heap before GC invocations=22 (full 2):
 PSYoungGen      total 24576K, used 24064K [0x00000000eab00000, 0x00000000ec580000, 0x0000000100000000)
  eden space 22016K, 100% used [0x00000000eab00000,0x00000000ec080000,0x00000000ec080000)
  from space 2560K, 80% used [0x00000000ec080000,0x00000000ec280020,0x00000000ec300000)
  to   space 2560K, 0% used [0x00000000ec300000,0x00000000ec300000,0x00000000ec580000)
 ParOldGen       total 68608K, used 55333K [0x00000000c0000000, 0x00000000c4300000, 0x00000000eab00000)
  object space 68608K, 80% used [0x00000000c0000000,0x00000000c3609718,0x00000000c4300000)
 Metaspace       used 46664K, committed 48000K, reserved 1114112K
  class space    used 4939K, committed 5504K, reserved 1048576K
}
Event: 76.847 GC heap after
{Heap after GC invocations=22 (full 2):
 PSYoungGen      total 24576K, used 2135K [0x00000000eab00000, 0x00000000ec580000, 0x0000000100000000)
  eden space 22016K, 0% used [0x00000000eab00000,0x00000000eab00000,0x00000000ec080000)
  from space 2560K, 83% used [0x00000000ec300000,0x00000000ec515e80,0x00000000ec580000)
  to   space 2560K, 0% used [0x00000000ec080000,0x00000000ec080000,0x00000000ec300000)
 ParOldGen       total 68608K, used 57253K [0x00000000c0000000, 0x00000000c4300000, 0x00000000eab00000)
  object space 68608K, 83% used [0x00000000c0000000,0x00000000c37e9728,0x00000000c4300000)
 Metaspace       used 46664K, committed 48000K, reserved 1114112K
  class space    used 4939K, committed 5504K, reserved 1048576K
}
Event: 77.010 GC heap before
{Heap before GC invocations=23 (full 2):
 PSYoungGen      total 24576K, used 24151K [0x00000000eab00000, 0x00000000ec580000, 0x0000000100000000)
  eden space 22016K, 100% used [0x00000000eab00000,0x00000000ec080000,0x00000000ec080000)
  from space 2560K, 83% used [0x00000000ec300000,0x00000000ec515e80,0x00000000ec580000)
  to   space 2560K, 0% used [0x00000000ec080000,0x00000000ec080000,0x00000000ec300000)
 ParOldGen       total 68608K, used 57256K [0x00000000c0000000, 0x00000000c4300000, 0x00000000eab00000)
  object space 68608K, 83% used [0x00000000c0000000,0x00000000c37ea108,0x00000000c4300000)
 Metaspace       used 46670K, committed 48000K, reserved 1114112K
  class space    used 4939K, committed 5504K, reserved 1048576K
}
Event: 77.017 GC heap after
{Heap after GC invocations=23 (full 2):
 PSYoungGen      total 24064K, used 1824K [0x00000000eab00000, 0x00000000ec480000, 0x0000000100000000)
  eden space 22016K, 0% used [0x00000000eab00000,0x00000000eab00000,0x00000000ec080000)
  from space 2048K, 89% used [0x00000000ec080000,0x00000000ec248000,0x00000000ec280000)
  to   space 2048K, 0% used [0x00000000ec280000,0x00000000ec280000,0x00000000ec480000)
 ParOldGen       total 68608K, used 59356K [0x00000000c0000000, 0x00000000c4300000, 0x00000000eab00000)
  object space 68608K, 86% used [0x00000000c0000000,0x00000000c39f7048,0x00000000c4300000)
 Metaspace       used 46670K, committed 48000K, reserved 1114112K
  class space    used 4939K, committed 5504K, reserved 1048576K
}
Event: 77.981 GC heap before
{Heap before GC invocations=24 (full 2):
 PSYoungGen      total 24064K, used 23840K [0x00000000eab00000, 0x00000000ec480000, 0x0000000100000000)
  eden space 22016K, 100% used [0x00000000eab00000,0x00000000ec080000,0x00000000ec080000)
  from space 2048K, 89% used [0x00000000ec080000,0x00000000ec248000,0x00000000ec280000)
  to   space 2048K, 0% used [0x00000000ec280000,0x00000000ec280000,0x00000000ec480000)
 ParOldGen       total 68608K, used 59356K [0x00000000c0000000, 0x00000000c4300000, 0x00000000eab00000)
  object space 68608K, 86% used [0x00000000c0000000,0x00000000c39f7048,0x00000000c4300000)
 Metaspace       used 46995K, committed 48256K, reserved 1114112K
  class space    used 4972K, committed 5504K, reserved 1048576K
}
Event: 77.987 GC heap after
{Heap after GC invocations=24 (full 2):
 PSYoungGen      total 24064K, used 1952K [0x00000000eab00000, 0x00000000ec480000, 0x0000000100000000)
  eden space 22016K, 0% used [0x00000000eab00000,0x00000000eab00000,0x00000000ec080000)
  from space 2048K, 95% used [0x00000000ec280000,0x00000000ec468010,0x00000000ec480000)
  to   space 2048K, 0% used [0x00000000ec080000,0x00000000ec080000,0x00000000ec280000)
 ParOldGen       total 68608K, used 61172K [0x00000000c0000000, 0x00000000c4300000, 0x00000000eab00000)
  object space 68608K, 89% used [0x00000000c0000000,0x00000000c3bbd048,0x00000000c4300000)
 Metaspace       used 46995K, committed 48256K, reserved 1114112K
  class space    used 4972K, committed 5504K, reserved 1048576K
}
Event: 78.321 GC heap before
{Heap before GC invocations=25 (full 2):
 PSYoungGen      total 24064K, used 23968K [0x00000000eab00000, 0x00000000ec480000, 0x0000000100000000)
  eden space 22016K, 100% used [0x00000000eab00000,0x00000000ec080000,0x00000000ec080000)
  from space 2048K, 95% used [0x00000000ec280000,0x00000000ec468010,0x00000000ec480000)
  to   space 2048K, 0% used [0x00000000ec080000,0x00000000ec080000,0x00000000ec280000)
 ParOldGen       total 68608K, used 61172K [0x00000000c0000000, 0x00000000c4300000, 0x00000000eab00000)
  object space 68608K, 89% used [0x00000000c0000000,0x00000000c3bbd048,0x00000000c4300000)
 Metaspace       used 47195K, committed 48448K, reserved 1114112K
  class space    used 4989K, committed 5504K, reserved 1048576K
}
Event: 78.327 GC heap after
{Heap after GC invocations=25 (full 2):
 PSYoungGen      total 24064K, used 1958K [0x00000000eab00000, 0x00000000ec480000, 0x0000000100000000)
  eden space 22016K, 0% used [0x00000000eab00000,0x00000000eab00000,0x00000000ec080000)
  from space 2048K, 95% used [0x00000000ec080000,0x00000000ec269aa8,0x00000000ec280000)
  to   space 2048K, 0% used [0x00000000ec280000,0x00000000ec280000,0x00000000ec480000)
 ParOldGen       total 68608K, used 63060K [0x00000000c0000000, 0x00000000c4300000, 0x00000000eab00000)
  object space 68608K, 91% used [0x00000000c0000000,0x00000000c3d95058,0x00000000c4300000)
 Metaspace       used 47195K, committed 48448K, reserved 1114112K
  class space    used 4989K, committed 5504K, reserved 1048576K
}
Event: 91.653 GC heap before
{Heap before GC invocations=26 (full 2):
 PSYoungGen      total 24064K, used 23061K [0x00000000eab00000, 0x00000000ec480000, 0x0000000100000000)
  eden space 22016K, 95% used [0x00000000eab00000,0x00000000ebf9b988,0x00000000ec080000)
  from space 2048K, 95% used [0x00000000ec080000,0x00000000ec269aa8,0x00000000ec280000)
  to   space 2048K, 0% used [0x00000000ec280000,0x00000000ec280000,0x00000000ec480000)
 ParOldGen       total 68608K, used 63060K [0x00000000c0000000, 0x00000000c4300000, 0x00000000eab00000)
  object space 68608K, 91% used [0x00000000c0000000,0x00000000c3d95058,0x00000000c4300000)
 Metaspace       used 48690K, committed 49984K, reserved 1114112K
  class space    used 5133K, committed 5696K, reserved 1048576K
}
Event: 91.660 GC heap after
{Heap after GC invocations=26 (full 2):
 PSYoungGen      total 24064K, used 1727K [0x00000000eab00000, 0x00000000ec480000, 0x0000000100000000)
  eden space 22016K, 0% used [0x00000000eab00000,0x00000000eab00000,0x00000000ec080000)
  from space 2048K, 84% used [0x00000000ec280000,0x00000000ec42fc60,0x00000000ec480000)
  to   space 2048K, 0% used [0x00000000ec080000,0x00000000ec080000,0x00000000ec280000)
 ParOldGen       total 68608K, used 64893K [0x00000000c0000000, 0x00000000c4300000, 0x00000000eab00000)
  object space 68608K, 94% used [0x00000000c0000000,0x00000000c3f5f610,0x00000000c4300000)
 Metaspace       used 48690K, committed 49984K, reserved 1114112K
  class space    used 5133K, committed 5696K, reserved 1048576K
}
Event: 96.083 GC heap before
{Heap before GC invocations=27 (full 2):
 PSYoungGen      total 24064K, used 23743K [0x00000000eab00000, 0x00000000ec480000, 0x0000000100000000)
  eden space 22016K, 100% used [0x00000000eab00000,0x00000000ec080000,0x00000000ec080000)
  from space 2048K, 84% used [0x00000000ec280000,0x00000000ec42fc60,0x00000000ec480000)
  to   space 2048K, 0% used [0x00000000ec080000,0x00000000ec080000,0x00000000ec280000)
 ParOldGen       total 68608K, used 64893K [0x00000000c0000000, 0x00000000c4300000, 0x00000000eab00000)
  object space 68608K, 94% used [0x00000000c0000000,0x00000000c3f5f610,0x00000000c4300000)
 Metaspace       used 50574K, committed 51840K, reserved 1114112K
  class space    used 5335K, committed 5888K, reserved 1048576K
}
Event: 96.093 GC heap after
{Heap after GC invocations=27 (full 2):
 PSYoungGen      total 24064K, used 2016K [0x00000000eab00000, 0x00000000ed380000, 0x0000000100000000)
  eden space 22016K, 0% used [0x00000000eab00000,0x00000000eab00000,0x00000000ec080000)
  from space 2048K, 98% used [0x00000000ec080000,0x00000000ec278020,0x00000000ec280000)
  to   space 9728K, 0% used [0x00000000eca00000,0x00000000eca00000,0x00000000ed380000)
 ParOldGen       total 71168K, used 71041K [0x00000000c0000000, 0x00000000c4580000, 0x00000000eab00000)
  object space 71168K, 99% used [0x00000000c0000000,0x00000000c4560550,0x00000000c4580000)
 Metaspace       used 50574K, committed 51840K, reserved 1114112K
  class space    used 5335K, committed 5888K, reserved 1048576K
}
Event: 99.111 GC heap before
{Heap before GC invocations=28 (full 2):
 PSYoungGen      total 24064K, used 24023K [0x00000000eab00000, 0x00000000ed380000, 0x0000000100000000)
  eden space 22016K, 99% used [0x00000000eab00000,0x00000000ec07dfd8,0x00000000ec080000)
  from space 2048K, 98% used [0x00000000ec080000,0x00000000ec278020,0x00000000ec280000)
  to   space 9728K, 0% used [0x00000000eca00000,0x00000000eca00000,0x00000000ed380000)
 ParOldGen       total 71168K, used 71041K [0x00000000c0000000, 0x00000000c4580000, 0x00000000eab00000)
  object space 71168K, 99% used [0x00000000c0000000,0x00000000c4560550,0x00000000c4580000)
 Metaspace       used 51827K, committed 53056K, reserved 1114112K
  class space    used 5506K, committed 6016K, reserved 1048576K
}
Event: 99.117 GC heap after
{Heap after GC invocations=28 (full 2):
 PSYoungGen      total 23552K, used 1056K [0x00000000eab00000, 0x00000000ecb80000, 0x0000000100000000)
  eden space 22016K, 0% used [0x00000000eab00000,0x00000000eab00000,0x00000000ec080000)
  from space 1536K, 68% used [0x00000000eca00000,0x00000000ecb08020,0x00000000ecb80000)
  to   space 4096K, 0% used [0x00000000ec380000,0x00000000ec380000,0x00000000ec780000)
 ParOldGen       total 73216K, used 72997K [0x00000000c0000000, 0x00000000c4780000, 0x00000000eab00000)
  object space 73216K, 99% used [0x00000000c0000000,0x00000000c4749468,0x00000000c4780000)
 Metaspace       used 51827K, committed 53056K, reserved 1114112K
  class space    used 5506K, committed 6016K, reserved 1048576K
}
Event: 100.850 GC heap before
{Heap before GC invocations=29 (full 2):
 PSYoungGen      total 23552K, used 23072K [0x00000000eab00000, 0x00000000ecb80000, 0x0000000100000000)
  eden space 22016K, 100% used [0x00000000eab00000,0x00000000ec080000,0x00000000ec080000)
  from space 1536K, 68% used [0x00000000eca00000,0x00000000ecb08020,0x00000000ecb80000)
  to   space 4096K, 0% used [0x00000000ec380000,0x00000000ec380000,0x00000000ec780000)
 ParOldGen       total 73216K, used 72997K [0x00000000c0000000, 0x00000000c4780000, 0x00000000eab00000)
  object space 73216K, 99% used [0x00000000c0000000,0x00000000c4749468,0x00000000c4780000)
 Metaspace       used 53123K, committed 54400K, reserved 1114112K
  class space    used 5613K, committed 6144K, reserved 1048576K
}
Event: 100.854 GC heap after
{Heap after GC invocations=29 (full 2):
 PSYoungGen      total 26112K, used 1443K [0x00000000eab00000, 0x00000000eca80000, 0x0000000100000000)
  eden space 22016K, 0% used [0x00000000eab00000,0x00000000eab00000,0x00000000ec080000)
  from space 4096K, 35% used [0x00000000ec380000,0x00000000ec4e8c70,0x00000000ec780000)
  to   space 2048K, 0% used [0x00000000ec880000,0x00000000ec880000,0x00000000eca80000)
 ParOldGen       total 74240K, used 74012K [0x00000000c0000000, 0x00000000c4880000, 0x00000000eab00000)
  object space 74240K, 99% used [0x00000000c0000000,0x00000000c4847148,0x00000000c4880000)
 Metaspace       used 53123K, committed 54400K, reserved 1114112K
  class space    used 5613K, committed 6144K, reserved 1048576K
}
Event: 103.109 GC heap before
{Heap before GC invocations=30 (full 2):
 PSYoungGen      total 26112K, used 23459K [0x00000000eab00000, 0x00000000eca80000, 0x0000000100000000)
  eden space 22016K, 100% used [0x00000000eab00000,0x00000000ec080000,0x00000000ec080000)
  from space 4096K, 35% used [0x00000000ec380000,0x00000000ec4e8c70,0x00000000ec780000)
  to   space 2048K, 0% used [0x00000000ec880000,0x00000000ec880000,0x00000000eca80000)
 ParOldGen       total 74240K, used 74012K [0x00000000c0000000, 0x00000000c4880000, 0x00000000eab00000)
  object space 74240K, 99% used [0x00000000c0000000,0x00000000c4847148,0x00000000c4880000)
 Metaspace       used 54084K, committed 55360K, reserved 1114112K
  class space    used 5668K, committed 6208K, reserved 1048576K
}
Event: 103.117 GC heap after
{Heap after GC invocations=30 (full 2):
 PSYoungGen      total 24064K, used 2037K [0x00000000eab00000, 0x00000000ed080000, 0x0000000100000000)
  eden space 22016K, 0% used [0x00000000eab00000,0x00000000eab00000,0x00000000ec080000)
  from space 2048K, 99% used [0x00000000ec880000,0x00000000eca7d5f0,0x00000000eca80000)
  to   space 8192K, 0% used [0x00000000ec080000,0x00000000ec080000,0x00000000ec880000)
 ParOldGen       total 79360K, used 78884K [0x00000000c0000000, 0x00000000c4d80000, 0x00000000eab00000)
  object space 79360K, 99% used [0x00000000c0000000,0x00000000c4d09000,0x00000000c4d80000)
 Metaspace       used 54084K, committed 55360K, reserved 1114112K
  class space    used 5668K, committed 6208K, reserved 1048576K
}
Event: 103.838 GC heap before
{Heap before GC invocations=31 (full 2):
 PSYoungGen      total 24064K, used 24053K [0x00000000eab00000, 0x00000000ed080000, 0x0000000100000000)
  eden space 22016K, 100% used [0x00000000eab00000,0x00000000ec080000,0x00000000ec080000)
  from space 2048K, 99% used [0x00000000ec880000,0x00000000eca7d5f0,0x00000000eca80000)
  to   space 8192K, 0% used [0x00000000ec080000,0x00000000ec080000,0x00000000ec880000)
 ParOldGen       total 79360K, used 78884K [0x00000000c0000000, 0x00000000c4d80000, 0x00000000eab00000)
  object space 79360K, 99% used [0x00000000c0000000,0x00000000c4d09000,0x00000000c4d80000)
 Metaspace       used 54115K, committed 55424K, reserved 1114112K
  class space    used 5668K, committed 6208K, reserved 1048576K
}
Event: 103.841 GC heap after
{Heap after GC invocations=31 (full 2):
 PSYoungGen      total 23552K, used 1096K [0x00000000eab00000, 0x00000000ec900000, 0x0000000100000000)
  eden space 22016K, 0% used [0x00000000eab00000,0x00000000eab00000,0x00000000ec080000)
  from space 1536K, 71% used [0x00000000ec080000,0x00000000ec1921c8,0x00000000ec200000)
  to   space 3584K, 0% used [0x00000000ec580000,0x00000000ec580000,0x00000000ec900000)
 ParOldGen       total 81408K, used 80900K [0x00000000c0000000, 0x00000000c4f80000, 0x00000000eab00000)
  object space 81408K, 99% used [0x00000000c0000000,0x00000000c4f01090,0x00000000c4f80000)
 Metaspace       used 54115K, committed 55424K, reserved 1114112K
  class space    used 5668K, committed 6208K, reserved 1048576K
}

