# JRE version: OpenJDK Runtime Environment Temurin-21.0.6+7 (21.0.6+7) (build 21.0.6+7-LTS)
# Java VM: OpenJDK 64-Bit Server VM Temurin-21.0.6+7 (21.0.6+7-LTS, mixed mode, sharing, tiered, compressed oops, compressed class ptrs, parallel gc, windows-amd64)
GC Precious Log:
 CardTable entry size: 512
 CPUs: 4 total, 4 available
 Memory: 6086M
 Large Page Support: Disabled
 NUMA Support: Disabled
 Compressed Oops: Enabled (32-bit)
 Alignments: Space 512K, Generation 512K, Heap 2M
 Heap Min Capacity: 100M
 Heap Initial Capacity: 100M
 Heap Max Capacity: 1G
 Pre-touch: Disabled
 Parallel Workers: 4
Heap:
 PSYoungGen      total 4608K, used 3466K [0x00000000eab00000, 0x00000000eb180000, 0x0000000100000000)
  eden space 4096K, 76% used [0x00000000eab00000,0x00000000eae129b8,0x00000000eaf00000)
  from space 512K, 62% used [0x00000000eb080000,0x00000000eb0d0000,0x00000000eb100000)
  to   space 512K, 0% used [0x00000000eb100000,0x00000000eb100000,0x00000000eb180000)
 ParOldGen       total 399872K, used 399430K [0x00000000c0000000, 0x00000000d8680000, 0x00000000eab00000)
  object space 399872K, 99% used [0x00000000c0000000,0x00000000d86119c0,0x00000000d8680000)
 Metaspace       used 66030K, committed 67584K, reserved 1114112K
  class space    used 6706K, committed 7360K, reserved 1048576K
GC Heap History (20 events):
Event: 94.947 GC heap before
{Heap before GC invocations=1311 (full 4):
 PSYoungGen      total 4608K, used 4224K [0x00000000eab00000, 0x00000000eb180000, 0x0000000100000000)
  eden space 4096K, 100% used [0x00000000eab00000,0x00000000eaf00000,0x00000000eaf00000)
  from space 512K, 25% used [0x00000000eb100000,0x00000000eb120000,0x00000000eb180000)
  to   space 512K, 0% used [0x00000000eb080000,0x00000000eb080000,0x00000000eb100000)
 ParOldGen       total 397824K, used 397497K [0x00000000c0000000, 0x00000000d8480000, 0x00000000eab00000)
  object space 397824K, 99% used [0x00000000c0000000,0x00000000d842e560,0x00000000d8480000)
 Metaspace       used 65850K, committed 67392K, reserved 1114112K
  class space    used 6698K, committed 7360K, reserved 1048576K
}
Event: 94.950 GC heap after
{Heap after GC invocations=1311 (full 4):
 PSYoungGen      total 4608K, used 192K [0x00000000eab00000, 0x00000000eb180000, 0x0000000100000000)
  eden space 4096K, 0% used [0x00000000eab00000,0x00000000eab00000,0x00000000eaf00000)
  from space 512K, 37% used [0x00000000eb080000,0x00000000eb0b0000,0x00000000eb100000)
  to   space 512K, 0% used [0x00000000eb100000,0x00000000eb100000,0x00000000eb180000)
 ParOldGen       total 397824K, used 397585K [0x00000000c0000000, 0x00000000d8480000, 0x00000000eab00000)
  object space 397824K, 99% used [0x00000000c0000000,0x00000000d8444560,0x00000000d8480000)
 Metaspace       used 65850K, committed 67392K, reserved 1114112K
  class space    used 6698K, committed 7360K, reserved 1048576K
}
Event: 94.982 GC heap before
{Heap before GC invocations=1312 (full 4):
 PSYoungGen      total 4608K, used 4288K [0x00000000eab00000, 0x00000000eb180000, 0x0000000100000000)
  eden space 4096K, 100% used [0x00000000eab00000,0x00000000eaf00000,0x00000000eaf00000)
  from space 512K, 37% used [0x00000000eb080000,0x00000000eb0b0000,0x00000000eb100000)
  to   space 512K, 0% used [0x00000000eb100000,0x00000000eb100000,0x00000000eb180000)
 ParOldGen       total 397824K, used 397585K [0x00000000c0000000, 0x00000000d8480000, 0x00000000eab00000)
  object space 397824K, 99% used [0x00000000c0000000,0x00000000d8444560,0x00000000d8480000)
 Metaspace       used 65941K, committed 67456K, reserved 1114112K
  class space    used 6700K, committed 7360K, reserved 1048576K
}
Event: 94.984 GC heap after
{Heap after GC invocations=1312 (full 4):
 PSYoungGen      total 4608K, used 343K [0x00000000eab00000, 0x00000000eb180000, 0x0000000100000000)
  eden space 4096K, 0% used [0x00000000eab00000,0x00000000eab00000,0x00000000eaf00000)
  from space 512K, 67% used [0x00000000eb100000,0x00000000eb155d50,0x00000000eb180000)
  to   space 512K, 0% used [0x00000000eb080000,0x00000000eb080000,0x00000000eb100000)
 ParOldGen       total 397824K, used 397705K [0x00000000c0000000, 0x00000000d8480000, 0x00000000eab00000)
  object space 397824K, 99% used [0x00000000c0000000,0x00000000d8462560,0x00000000d8480000)
 Metaspace       used 65941K, committed 67456K, reserved 1114112K
  class space    used 6700K, committed 7360K, reserved 1048576K
}
Event: 95.022 GC heap before
{Heap before GC invocations=1313 (full 4):
 PSYoungGen      total 4608K, used 4439K [0x00000000eab00000, 0x00000000eb180000, 0x0000000100000000)
  eden space 4096K, 100% used [0x00000000eab00000,0x00000000eaf00000,0x00000000eaf00000)
  from space 512K, 67% used [0x00000000eb100000,0x00000000eb155d50,0x00000000eb180000)
  to   space 512K, 0% used [0x00000000eb080000,0x00000000eb080000,0x00000000eb100000)
 ParOldGen       total 397824K, used 397705K [0x00000000c0000000, 0x00000000d8480000, 0x00000000eab00000)
  object space 397824K, 99% used [0x00000000c0000000,0x00000000d8462560,0x00000000d8480000)
 Metaspace       used 65998K, committed 67520K, reserved 1114112K
  class space    used 6703K, committed 7360K, reserved 1048576K
}
Event: 95.024 GC heap after
{Heap after GC invocations=1313 (full 4):
 PSYoungGen      total 4608K, used 256K [0x00000000eab00000, 0x00000000eb180000, 0x0000000100000000)
  eden space 4096K, 0% used [0x00000000eab00000,0x00000000eab00000,0x00000000eaf00000)
  from space 512K, 50% used [0x00000000eb080000,0x00000000eb0c0020,0x00000000eb100000)
  to   space 512K, 0% used [0x00000000eb100000,0x00000000eb100000,0x00000000eb180000)
 ParOldGen       total 397824K, used 397793K [0x00000000c0000000, 0x00000000d8480000, 0x00000000eab00000)
  object space 397824K, 99% used [0x00000000c0000000,0x00000000d8478560,0x00000000d8480000)
 Metaspace       used 65998K, committed 67520K, reserved 1114112K
  class space    used 6703K, committed 7360K, reserved 1048576K
}
Event: 95.087 GC heap before
{Heap before GC invocations=1314 (full 4):
 PSYoungGen      total 4608K, used 4352K [0x00000000eab00000, 0x00000000eb180000, 0x0000000100000000)
  eden space 4096K, 100% used [0x00000000eab00000,0x00000000eaf00000,0x00000000eaf00000)
  from space 512K, 50% used [0x00000000eb080000,0x00000000eb0c0020,0x00000000eb100000)
  to   space 512K, 0% used [0x00000000eb100000,0x00000000eb100000,0x00000000eb180000)
 ParOldGen       total 397824K, used 397793K [0x00000000c0000000, 0x00000000d8480000, 0x00000000eab00000)
  object space 397824K, 99% used [0x00000000c0000000,0x00000000d8478560,0x00000000d8480000)
 Metaspace       used 66004K, committed 67520K, reserved 1114112K
  class space    used 6703K, committed 7360K, reserved 1048576K
}
Event: 95.089 GC heap after
{Heap after GC invocations=1314 (full 4):
 PSYoungGen      total 4608K, used 355K [0x00000000eab00000, 0x00000000eb180000, 0x0000000100000000)
  eden space 4096K, 0% used [0x00000000eab00000,0x00000000eab00000,0x00000000eaf00000)
  from space 512K, 69% used [0x00000000eb100000,0x00000000eb158e50,0x00000000eb180000)
  to   space 512K, 0% used [0x00000000eb080000,0x00000000eb080000,0x00000000eb100000)
 ParOldGen       total 398336K, used 397993K [0x00000000c0000000, 0x00000000d8500000, 0x00000000eab00000)
  object space 398336K, 99% used [0x00000000c0000000,0x00000000d84aa580,0x00000000d8500000)
 Metaspace       used 66004K, committed 67520K, reserved 1114112K
  class space    used 6703K, committed 7360K, reserved 1048576K
}
Event: 95.124 GC heap before
{Heap before GC invocations=1315 (full 4):
 PSYoungGen      total 4608K, used 4451K [0x00000000eab00000, 0x00000000eb180000, 0x0000000100000000)
  eden space 4096K, 100% used [0x00000000eab00000,0x00000000eaf00000,0x00000000eaf00000)
  from space 512K, 69% used [0x00000000eb100000,0x00000000eb158e50,0x00000000eb180000)
  to   space 512K, 0% used [0x00000000eb080000,0x00000000eb080000,0x00000000eb100000)
 ParOldGen       total 398336K, used 397993K [0x00000000c0000000, 0x00000000d8500000, 0x00000000eab00000)
  object space 398336K, 99% used [0x00000000c0000000,0x00000000d84aa580,0x00000000d8500000)
 Metaspace       used 66004K, committed 67520K, reserved 1114112K
  class space    used 6703K, committed 7360K, reserved 1048576K
}
Event: 95.127 GC heap after
{Heap after GC invocations=1315 (full 4):
 PSYoungGen      total 4608K, used 328K [0x00000000eab00000, 0x00000000eb180000, 0x0000000100000000)
  eden space 4096K, 0% used [0x00000000eab00000,0x00000000eab00000,0x00000000eaf00000)
  from space 512K, 64% used [0x00000000eb080000,0x00000000eb0d2300,0x00000000eb100000)
  to   space 512K, 0% used [0x00000000eb100000,0x00000000eb100000,0x00000000eb180000)
 ParOldGen       total 398336K, used 398212K [0x00000000c0000000, 0x00000000d8500000, 0x00000000eab00000)
  object space 398336K, 99% used [0x00000000c0000000,0x00000000d84e1208,0x00000000d8500000)
 Metaspace       used 66004K, committed 67520K, reserved 1114112K
  class space    used 6703K, committed 7360K, reserved 1048576K
}
Event: 95.158 GC heap before
{Heap before GC invocations=1316 (full 4):
 PSYoungGen      total 4608K, used 4424K [0x00000000eab00000, 0x00000000eb180000, 0x0000000100000000)
  eden space 4096K, 100% used [0x00000000eab00000,0x00000000eaf00000,0x00000000eaf00000)
  from space 512K, 64% used [0x00000000eb080000,0x00000000eb0d2300,0x00000000eb100000)
  to   space 512K, 0% used [0x00000000eb100000,0x00000000eb100000,0x00000000eb180000)
 ParOldGen       total 398336K, used 398212K [0x00000000c0000000, 0x00000000d8500000, 0x00000000eab00000)
  object space 398336K, 99% used [0x00000000c0000000,0x00000000d84e1208,0x00000000d8500000)
 Metaspace       used 66004K, committed 67520K, reserved 1114112K
  class space    used 6703K, committed 7360K, reserved 1048576K
}
Event: 95.160 GC heap after
{Heap after GC invocations=1316 (full 4):
 PSYoungGen      total 4608K, used 160K [0x00000000eab00000, 0x00000000eb180000, 0x0000000100000000)
  eden space 4096K, 0% used [0x00000000eab00000,0x00000000eab00000,0x00000000eaf00000)
  from space 512K, 31% used [0x00000000eb100000,0x00000000eb128000,0x00000000eb180000)
  to   space 512K, 0% used [0x00000000eb080000,0x00000000eb080000,0x00000000eb100000)
 ParOldGen       total 398848K, used 398356K [0x00000000c0000000, 0x00000000d8580000, 0x00000000eab00000)
  object space 398848K, 99% used [0x00000000c0000000,0x00000000d85051f8,0x00000000d8580000)
 Metaspace       used 66004K, committed 67520K, reserved 1114112K
  class space    used 6703K, committed 7360K, reserved 1048576K
}
Event: 95.187 GC heap before
{Heap before GC invocations=1317 (full 4):
 PSYoungGen      total 4608K, used 4256K [0x00000000eab00000, 0x00000000eb180000, 0x0000000100000000)
  eden space 4096K, 100% used [0x00000000eab00000,0x00000000eaf00000,0x00000000eaf00000)
  from space 512K, 31% used [0x00000000eb100000,0x00000000eb128000,0x00000000eb180000)
  to   space 512K, 0% used [0x00000000eb080000,0x00000000eb080000,0x00000000eb100000)
 ParOldGen       total 398848K, used 398356K [0x00000000c0000000, 0x00000000d8580000, 0x00000000eab00000)
  object space 398848K, 99% used [0x00000000c0000000,0x00000000d85051f8,0x00000000d8580000)
 Metaspace       used 66007K, committed 67584K, reserved 1114112K
  class space    used 6703K, committed 7360K, reserved 1048576K
}
Event: 95.190 GC heap after
{Heap after GC invocations=1317 (full 4):
 PSYoungGen      total 4608K, used 401K [0x00000000eab00000, 0x00000000eb180000, 0x0000000100000000)
  eden space 4096K, 0% used [0x00000000eab00000,0x00000000eab00000,0x00000000eaf00000)
  from space 512K, 78% used [0x00000000eb080000,0x00000000eb0e4480,0x00000000eb100000)
  to   space 512K, 0% used [0x00000000eb100000,0x00000000eb100000,0x00000000eb180000)
 ParOldGen       total 398848K, used 398452K [0x00000000c0000000, 0x00000000d8580000, 0x00000000eab00000)
  object space 398848K, 99% used [0x00000000c0000000,0x00000000d851d1f8,0x00000000d8580000)
 Metaspace       used 66007K, committed 67584K, reserved 1114112K
  class space    used 6703K, committed 7360K, reserved 1048576K
}
Event: 95.267 GC heap before
{Heap before GC invocations=1318 (full 4):
 PSYoungGen      total 4608K, used 4422K [0x00000000eab00000, 0x00000000eb180000, 0x0000000100000000)
  eden space 4096K, 98% used [0x00000000eab00000,0x00000000eaeed3d8,0x00000000eaf00000)
  from space 512K, 78% used [0x00000000eb080000,0x00000000eb0e4480,0x00000000eb100000)
  to   space 512K, 0% used [0x00000000eb100000,0x00000000eb100000,0x00000000eb180000)
 ParOldGen       total 398848K, used 398452K [0x00000000c0000000, 0x00000000d8580000, 0x00000000eab00000)
  object space 398848K, 99% used [0x00000000c0000000,0x00000000d851d1f8,0x00000000d8580000)
 Metaspace       used 66009K, committed 67584K, reserved 1114112K
  class space    used 6703K, committed 7360K, reserved 1048576K
}
Event: 95.269 GC heap after
{Heap after GC invocations=1318 (full 4):
 PSYoungGen      total 4608K, used 257K [0x00000000eab00000, 0x00000000eb180000, 0x0000000100000000)
  eden space 4096K, 0% used [0x00000000eab00000,0x00000000eab00000,0x00000000eaf00000)
  from space 512K, 50% used [0x00000000eb100000,0x00000000eb140488,0x00000000eb180000)
  to   space 512K, 0% used [0x00000000eb080000,0x00000000eb080000,0x00000000eb100000)
 ParOldGen       total 398848K, used 398747K [0x00000000c0000000, 0x00000000d8580000, 0x00000000eab00000)
  object space 398848K, 99% used [0x00000000c0000000,0x00000000d8566dd0,0x00000000d8580000)
 Metaspace       used 66009K, committed 67584K, reserved 1114112K
  class space    used 6703K, committed 7360K, reserved 1048576K
}
Event: 95.297 GC heap before
{Heap before GC invocations=1319 (full 4):
 PSYoungGen      total 4608K, used 4353K [0x00000000eab00000, 0x00000000eb180000, 0x0000000100000000)
  eden space 4096K, 100% used [0x00000000eab00000,0x00000000eaf00000,0x00000000eaf00000)
  from space 512K, 50% used [0x00000000eb100000,0x00000000eb140488,0x00000000eb180000)
  to   space 512K, 0% used [0x00000000eb080000,0x00000000eb080000,0x00000000eb100000)
 ParOldGen       total 398848K, used 398747K [0x00000000c0000000, 0x00000000d8580000, 0x00000000eab00000)
  object space 398848K, 99% used [0x00000000c0000000,0x00000000d8566dd0,0x00000000d8580000)
 Metaspace       used 66009K, committed 67584K, reserved 1114112K
  class space    used 6703K, committed 7360K, reserved 1048576K
}
Event: 95.300 GC heap after
{Heap after GC invocations=1319 (full 4):
 PSYoungGen      total 4608K, used 461K [0x00000000eab00000, 0x00000000eb180000, 0x0000000100000000)
  eden space 4096K, 0% used [0x00000000eab00000,0x00000000eab00000,0x00000000eaf00000)
  from space 512K, 90% used [0x00000000eb080000,0x00000000eb0f3630,0x00000000eb100000)
  to   space 512K, 0% used [0x00000000eb100000,0x00000000eb100000,0x00000000eb180000)
 ParOldGen       total 399360K, used 398934K [0x00000000c0000000, 0x00000000d8600000, 0x00000000eab00000)
  object space 399360K, 99% used [0x00000000c0000000,0x00000000d85959b8,0x00000000d8600000)
 Metaspace       used 66009K, committed 67584K, reserved 1114112K
  class space    used 6703K, committed 7360K, reserved 1048576K
}
Event: 95.361 GC heap before
{Heap before GC invocations=1320 (full 4):
 PSYoungGen      total 4608K, used 4557K [0x00000000eab00000, 0x00000000eb180000, 0x0000000100000000)
  eden space 4096K, 100% used [0x00000000eab00000,0x00000000eaf00000,0x00000000eaf00000)
  from space 512K, 90% used [0x00000000eb080000,0x00000000eb0f3630,0x00000000eb100000)
  to   space 512K, 0% used [0x00000000eb100000,0x00000000eb100000,0x00000000eb180000)
 ParOldGen       total 399360K, used 398934K [0x00000000c0000000, 0x00000000d8600000, 0x00000000eab00000)
  object space 399360K, 99% used [0x00000000c0000000,0x00000000d85959b8,0x00000000d8600000)
 Metaspace       used 66009K, committed 67584K, reserved 1114112K
  class space    used 6703K, committed 7360K, reserved 1048576K
}
Event: 95.363 GC heap after
{Heap after GC invocations=1320 (full 4):
 PSYoungGen      total 4608K, used 160K [0x00000000eab00000, 0x00000000eb180000, 0x0000000100000000)
  eden space 4096K, 0% used [0x00000000eab00000,0x00000000eab00000,0x00000000eaf00000)
  from space 512K, 31% used [0x00000000eb100000,0x00000000eb128000,0x00000000eb180000)
  to   space 512K, 0% used [0x00000000eb080000,0x00000000eb080000,0x00000000eb100000)
 ParOldGen       total 399360K, used 399334K [0x00000000c0000000, 0x00000000d8600000, 0x00000000eab00000)
  object space 399360K, 99% used [0x00000000c0000000,0x00000000d85f99c0,0x00000000d8600000)
 Metaspace       used 66009K, committed 67584K, reserved 1114112K
  class space    used 6703K, committed 7360K, reserved 1048576K
}

