# JRE version: OpenJDK Runtime Environment (Red_Hat-21.0.1.0+12-3) (21.0.1+12) (build 21.0.1+12-LTS)
# Java VM: OpenJDK 64-Bit Server VM (Red_Hat-21.0.1.0+12-3) (21.0.1+12-LTS, mixed mode, sharing, tiered, compressed oops, compressed class ptrs, g1 gc, windows-amd64)
GC Precious Log:
 CardTable entry size: 512
 Card Set container configuration: InlinePtr #cards 5 size 8 Array Of Cards #cards 12 size 40 Howl #buckets 4 coarsen threshold 1843 Howl Bitmap #cards 512 size 80 coarsen threshold 460 Card regions per heap region 1 cards per card region 2048
 CPUs: 4 total, 4 available
 Memory: 6086M
 Large Page Support: Disabled
 NUMA Support: Disabled
 Compressed Oops: Enabled (32-bit)
 Heap Region Size: 1M
 Heap Min Capacity: 8M
 Heap Initial Capacity: 96M
 Heap Max Capacity: 1522M
 Pre-touch: Disabled
 Parallel Workers: 4
 Concurrent Workers: 1
 Concurrent Refinement Workers: 4
 Periodic GC: Disabled
Heap:
 garbage-first heap   total 98304K, used 35371K [0x00000000a0e00000, 0x0000000100000000)
  region size 1024K, 32 young (32768K), 6 survivors (6144K)
 Metaspace       used 16079K, committed 16320K, reserved 1114112K
  class space    used 1873K, committed 1984K, reserved 1048576K
GC Heap History (6 events):
Event: 9.993 GC heap before
{Heap before GC invocations=0 (full 0):
 garbage-first heap   total 98304K, used 12288K [0x00000000a0e00000, 0x0000000100000000)
  region size 1024K, 13 young (13312K), 0 survivors (0K)
 Metaspace       used 3931K, committed 4160K, reserved 1114112K
  class space    used 411K, committed 512K, reserved 1048576K
}
Event: 10.003 GC heap after
{Heap after GC invocations=1 (full 0):
 garbage-first heap   total 98304K, used 3264K [0x00000000a0e00000, 0x0000000100000000)
  region size 1024K, 2 young (2048K), 2 survivors (2048K)
 Metaspace       used 3931K, committed 4160K, reserved 1114112K
  class space    used 411K, committed 512K, reserved 1048576K
}
Event: 16.011 GC heap before
{Heap before GC invocations=1 (full 0):
 garbage-first heap   total 98304K, used 19648K [0x00000000a0e00000, 0x0000000100000000)
  region size 1024K, 18 young (18432K), 2 survivors (2048K)
 Metaspace       used 6377K, committed 6528K, reserved 1114112K
  class space    used 743K, committed 832K, reserved 1048576K
}
Event: 16.020 GC heap after
{Heap after GC invocations=2 (full 0):
 garbage-first heap   total 98304K, used 4497K [0x00000000a0e00000, 0x0000000100000000)
  region size 1024K, 1 young (1024K), 1 survivors (1024K)
 Metaspace       used 6377K, committed 6528K, reserved 1114112K
  class space    used 743K, committed 832K, reserved 1048576K
}
Event: 27.872 GC heap before
{Heap before GC invocations=2 (full 0):
 garbage-first heap   total 98304K, used 60817K [0x00000000a0e00000, 0x0000000100000000)
  region size 1024K, 57 young (58368K), 1 survivors (1024K)
 Metaspace       used 15385K, committed 15616K, reserved 1114112K
  class space    used 1810K, committed 1920K, reserved 1048576K
}
Event: 27.891 GC heap after
{Heap after GC invocations=3 (full 0):
 garbage-first heap   total 98304K, used 9771K [0x00000000a0e00000, 0x0000000100000000)
  region size 1024K, 6 young (6144K), 6 survivors (6144K)
 Metaspace       used 15385K, committed 15616K, reserved 1114112K
  class space    used 1810K, committed 1920K, reserved 1048576K
}

