# JRE version: OpenJDK Runtime Environment Temurin-21.0.5+11 (21.0.5+11) (build 21.0.5+11-LTS)
# Java VM: OpenJDK 64-Bit Server VM Temurin-21.0.5+11 (21.0.5+11-LTS, mixed mode, sharing, tiered, compressed oops, compressed class ptrs, parallel gc, windows-amd64)
GC Precious Log:
 CardTable entry size: 512
 CPUs: 4 total, 4 available
 Memory: 6086M
 Large Page Support: Disabled
 NUMA Support: Disabled
 Compressed Oops: Enabled (32-bit)
 Alignments: Space 512K, Generation 512K, Heap 2M
 Heap Min Capacity: 100M
 Heap Initial Capacity: 100M
 Heap Max Capacity: 1G
 Pre-touch: Disabled
 Parallel Workers: 4
Heap:
 PSYoungGen      total 5120K, used 1484K [0x00000000eab00000, 0x00000000eb100000, 0x0000000100000000)
  eden space 4096K, 23% used [0x00000000eab00000,0x00000000eabed950,0x00000000eaf00000)
  from space 1024K, 52% used [0x00000000eaf00000,0x00000000eaf85808,0x00000000eb000000)
  to   space 1024K, 0% used [0x00000000eb000000,0x00000000eb000000,0x00000000eb100000)
 ParOldGen       total 543232K, used 542846K [0x00000000c0000000, 0x00000000e1280000, 0x00000000eab00000)
  object space 543232K, 99% used [0x00000000c0000000,0x00000000e121f828,0x00000000e1280000)
 Metaspace       used 72374K, committed 73920K, reserved 1179648K
  class space    used 7511K, committed 8192K, reserved 1048576K
GC Heap History (20 events):
Event: 84.066 GC heap after
{Heap after GC invocations=472 (full 3):
 PSYoungGen      total 5120K, used 576K [0x00000000eab00000, 0x00000000eb100000, 0x0000000100000000)
  eden space 4096K, 0% used [0x00000000eab00000,0x00000000eab00000,0x00000000eaf00000)
  from space 1024K, 56% used [0x00000000eaf80000,0x00000000eb010000,0x00000000eb080000)
  to   space 512K, 0% used [0x00000000eb080000,0x00000000eb080000,0x00000000eb100000)
 ParOldGen       total 538624K, used 538408K [0x00000000c0000000, 0x00000000e0e00000, 0x00000000eab00000)
  object space 538624K, 99% used [0x00000000c0000000,0x00000000e0dca3e0,0x00000000e0e00000)
 Metaspace       used 72373K, committed 73920K, reserved 1179648K
  class space    used 7511K, committed 8192K, reserved 1048576K
}
Event: 84.093 GC heap before
{Heap before GC invocations=473 (full 3):
 PSYoungGen      total 5120K, used 4672K [0x00000000eab00000, 0x00000000eb100000, 0x0000000100000000)
  eden space 4096K, 100% used [0x00000000eab00000,0x00000000eaf00000,0x00000000eaf00000)
  from space 1024K, 56% used [0x00000000eaf80000,0x00000000eb010000,0x00000000eb080000)
  to   space 512K, 0% used [0x00000000eb080000,0x00000000eb080000,0x00000000eb100000)
 ParOldGen       total 538624K, used 538408K [0x00000000c0000000, 0x00000000e0e00000, 0x00000000eab00000)
  object space 538624K, 99% used [0x00000000c0000000,0x00000000e0dca3e0,0x00000000e0e00000)
 Metaspace       used 72373K, committed 73920K, reserved 1179648K
  class space    used 7511K, committed 8192K, reserved 1048576K
}
Event: 84.097 GC heap after
{Heap after GC invocations=473 (full 3):
 PSYoungGen      total 4608K, used 512K [0x00000000eab00000, 0x00000000eb200000, 0x0000000100000000)
  eden space 4096K, 0% used [0x00000000eab00000,0x00000000eab00000,0x00000000eaf00000)
  from space 512K, 100% used [0x00000000eb080000,0x00000000eb100000,0x00000000eb100000)
  to   space 1536K, 0% used [0x00000000eaf00000,0x00000000eaf00000,0x00000000eb080000)
 ParOldGen       total 539136K, used 538936K [0x00000000c0000000, 0x00000000e0e80000, 0x00000000eab00000)
  object space 539136K, 99% used [0x00000000c0000000,0x00000000e0e4e3e0,0x00000000e0e80000)
 Metaspace       used 72373K, committed 73920K, reserved 1179648K
  class space    used 7511K, committed 8192K, reserved 1048576K
}
Event: 84.120 GC heap before
{Heap before GC invocations=474 (full 3):
 PSYoungGen      total 4608K, used 4608K [0x00000000eab00000, 0x00000000eb200000, 0x0000000100000000)
  eden space 4096K, 100% used [0x00000000eab00000,0x00000000eaf00000,0x00000000eaf00000)
  from space 512K, 100% used [0x00000000eb080000,0x00000000eb100000,0x00000000eb100000)
  to   space 1536K, 0% used [0x00000000eaf00000,0x00000000eaf00000,0x00000000eb080000)
 ParOldGen       total 539136K, used 538936K [0x00000000c0000000, 0x00000000e0e80000, 0x00000000eab00000)
  object space 539136K, 99% used [0x00000000c0000000,0x00000000e0e4e3e0,0x00000000e0e80000)
 Metaspace       used 72373K, committed 73920K, reserved 1179648K
  class space    used 7511K, committed 8192K, reserved 1048576K
}
Event: 84.124 GC heap after
{Heap after GC invocations=474 (full 3):
 PSYoungGen      total 5120K, used 576K [0x00000000eab00000, 0x00000000eb100000, 0x0000000100000000)
  eden space 4096K, 0% used [0x00000000eab00000,0x00000000eab00000,0x00000000eaf00000)
  from space 1024K, 56% used [0x00000000eaf00000,0x00000000eaf90000,0x00000000eb000000)
  to   space 1024K, 0% used [0x00000000eb000000,0x00000000eb000000,0x00000000eb100000)
 ParOldGen       total 539648K, used 539435K [0x00000000c0000000, 0x00000000e0f00000, 0x00000000eab00000)
  object space 539648K, 99% used [0x00000000c0000000,0x00000000e0ecaff0,0x00000000e0f00000)
 Metaspace       used 72373K, committed 73920K, reserved 1179648K
  class space    used 7511K, committed 8192K, reserved 1048576K
}
Event: 84.143 GC heap before
{Heap before GC invocations=475 (full 3):
 PSYoungGen      total 5120K, used 4672K [0x00000000eab00000, 0x00000000eb100000, 0x0000000100000000)
  eden space 4096K, 100% used [0x00000000eab00000,0x00000000eaf00000,0x00000000eaf00000)
  from space 1024K, 56% used [0x00000000eaf00000,0x00000000eaf90000,0x00000000eb000000)
  to   space 1024K, 0% used [0x00000000eb000000,0x00000000eb000000,0x00000000eb100000)
 ParOldGen       total 539648K, used 539435K [0x00000000c0000000, 0x00000000e0f00000, 0x00000000eab00000)
  object space 539648K, 99% used [0x00000000c0000000,0x00000000e0ecaff0,0x00000000e0f00000)
 Metaspace       used 72373K, committed 73920K, reserved 1179648K
  class space    used 7511K, committed 8192K, reserved 1048576K
}
Event: 84.147 GC heap after
{Heap after GC invocations=475 (full 3):
 PSYoungGen      total 5120K, used 544K [0x00000000eab00000, 0x00000000eb100000, 0x0000000100000000)
  eden space 4096K, 0% used [0x00000000eab00000,0x00000000eab00000,0x00000000eaf00000)
  from space 1024K, 53% used [0x00000000eb000000,0x00000000eb088000,0x00000000eb100000)
  to   space 1024K, 0% used [0x00000000eaf00000,0x00000000eaf00000,0x00000000eb000000)
 ParOldGen       total 540160K, used 539907K [0x00000000c0000000, 0x00000000e0f80000, 0x00000000eab00000)
  object space 540160K, 99% used [0x00000000c0000000,0x00000000e0f40ff0,0x00000000e0f80000)
 Metaspace       used 72373K, committed 73920K, reserved 1179648K
  class space    used 7511K, committed 8192K, reserved 1048576K
}
Event: 84.215 GC heap before
{Heap before GC invocations=476 (full 3):
 PSYoungGen      total 5120K, used 4640K [0x00000000eab00000, 0x00000000eb100000, 0x0000000100000000)
  eden space 4096K, 100% used [0x00000000eab00000,0x00000000eaf00000,0x00000000eaf00000)
  from space 1024K, 53% used [0x00000000eb000000,0x00000000eb088000,0x00000000eb100000)
  to   space 1024K, 0% used [0x00000000eaf00000,0x00000000eaf00000,0x00000000eb000000)
 ParOldGen       total 540160K, used 539907K [0x00000000c0000000, 0x00000000e0f80000, 0x00000000eab00000)
  object space 540160K, 99% used [0x00000000c0000000,0x00000000e0f40ff0,0x00000000e0f80000)
 Metaspace       used 72373K, committed 73920K, reserved 1179648K
  class space    used 7511K, committed 8192K, reserved 1048576K
}
Event: 84.222 GC heap after
{Heap after GC invocations=476 (full 3):
 PSYoungGen      total 5120K, used 1013K [0x00000000eab00000, 0x00000000eb300000, 0x0000000100000000)
  eden space 4096K, 0% used [0x00000000eab00000,0x00000000eab00000,0x00000000eaf00000)
  from space 1024K, 98% used [0x00000000eaf00000,0x00000000eaffd700,0x00000000eb000000)
  to   space 2048K, 0% used [0x00000000eb100000,0x00000000eb100000,0x00000000eb300000)
 ParOldGen       total 540672K, used 540395K [0x00000000c0000000, 0x00000000e1000000, 0x00000000eab00000)
  object space 540672K, 99% used [0x00000000c0000000,0x00000000e0fbaff0,0x00000000e1000000)
 Metaspace       used 72373K, committed 73920K, reserved 1179648K
  class space    used 7511K, committed 8192K, reserved 1048576K
}
Event: 84.493 GC heap before
{Heap before GC invocations=477 (full 3):
 PSYoungGen      total 5120K, used 5109K [0x00000000eab00000, 0x00000000eb300000, 0x0000000100000000)
  eden space 4096K, 100% used [0x00000000eab00000,0x00000000eaf00000,0x00000000eaf00000)
  from space 1024K, 98% used [0x00000000eaf00000,0x00000000eaffd700,0x00000000eb000000)
  to   space 2048K, 0% used [0x00000000eb100000,0x00000000eb100000,0x00000000eb300000)
 ParOldGen       total 540672K, used 540395K [0x00000000c0000000, 0x00000000e1000000, 0x00000000eab00000)
  object space 540672K, 99% used [0x00000000c0000000,0x00000000e0fbaff0,0x00000000e1000000)
 Metaspace       used 72374K, committed 73920K, reserved 1179648K
  class space    used 7511K, committed 8192K, reserved 1048576K
}
Event: 84.496 GC heap after
{Heap after GC invocations=477 (full 3):
 PSYoungGen      total 4608K, used 288K [0x00000000eab00000, 0x00000000eb180000, 0x0000000100000000)
  eden space 4096K, 0% used [0x00000000eab00000,0x00000000eab00000,0x00000000eaf00000)
  from space 512K, 56% used [0x00000000eb100000,0x00000000eb148000,0x00000000eb180000)
  to   space 1024K, 0% used [0x00000000eaf80000,0x00000000eaf80000,0x00000000eb080000)
 ParOldGen       total 541184K, used 540771K [0x00000000c0000000, 0x00000000e1080000, 0x00000000eab00000)
  object space 541184K, 99% used [0x00000000c0000000,0x00000000e1018ff0,0x00000000e1080000)
 Metaspace       used 72374K, committed 73920K, reserved 1179648K
  class space    used 7511K, committed 8192K, reserved 1048576K
}
Event: 84.514 GC heap before
{Heap before GC invocations=478 (full 3):
 PSYoungGen      total 4608K, used 4384K [0x00000000eab00000, 0x00000000eb180000, 0x0000000100000000)
  eden space 4096K, 100% used [0x00000000eab00000,0x00000000eaf00000,0x00000000eaf00000)
  from space 512K, 56% used [0x00000000eb100000,0x00000000eb148000,0x00000000eb180000)
  to   space 1024K, 0% used [0x00000000eaf80000,0x00000000eaf80000,0x00000000eb080000)
 ParOldGen       total 541184K, used 540771K [0x00000000c0000000, 0x00000000e1080000, 0x00000000eab00000)
  object space 541184K, 99% used [0x00000000c0000000,0x00000000e1018ff0,0x00000000e1080000)
 Metaspace       used 72374K, committed 73920K, reserved 1179648K
  class space    used 7511K, committed 8192K, reserved 1048576K
}
Event: 84.517 GC heap after
{Heap after GC invocations=478 (full 3):
 PSYoungGen      total 5120K, used 539K [0x00000000eab00000, 0x00000000eb180000, 0x0000000100000000)
  eden space 4096K, 0% used [0x00000000eab00000,0x00000000eab00000,0x00000000eaf00000)
  from space 1024K, 52% used [0x00000000eaf80000,0x00000000eb006c08,0x00000000eb080000)
  to   space 1024K, 0% used [0x00000000eb080000,0x00000000eb080000,0x00000000eb180000)
 ParOldGen       total 541184K, used 541002K [0x00000000c0000000, 0x00000000e1080000, 0x00000000eab00000)
  object space 541184K, 99% used [0x00000000c0000000,0x00000000e1052b98,0x00000000e1080000)
 Metaspace       used 72374K, committed 73920K, reserved 1179648K
  class space    used 7511K, committed 8192K, reserved 1048576K
}
Event: 84.573 GC heap before
{Heap before GC invocations=479 (full 3):
 PSYoungGen      total 5120K, used 4635K [0x00000000eab00000, 0x00000000eb180000, 0x0000000100000000)
  eden space 4096K, 100% used [0x00000000eab00000,0x00000000eaf00000,0x00000000eaf00000)
  from space 1024K, 52% used [0x00000000eaf80000,0x00000000eb006c08,0x00000000eb080000)
  to   space 1024K, 0% used [0x00000000eb080000,0x00000000eb080000,0x00000000eb180000)
 ParOldGen       total 541184K, used 541002K [0x00000000c0000000, 0x00000000e1080000, 0x00000000eab00000)
  object space 541184K, 99% used [0x00000000c0000000,0x00000000e1052b98,0x00000000e1080000)
 Metaspace       used 72374K, committed 73920K, reserved 1179648K
  class space    used 7511K, committed 8192K, reserved 1048576K
}
Event: 84.577 GC heap after
{Heap after GC invocations=479 (full 3):
 PSYoungGen      total 4608K, used 448K [0x00000000eab00000, 0x00000000eb100000, 0x0000000100000000)
  eden space 4096K, 0% used [0x00000000eab00000,0x00000000eab00000,0x00000000eaf00000)
  from space 512K, 87% used [0x00000000eb080000,0x00000000eb0f0000,0x00000000eb100000)
  to   space 512K, 0% used [0x00000000eb000000,0x00000000eb000000,0x00000000eb080000)
 ParOldGen       total 541696K, used 541485K [0x00000000c0000000, 0x00000000e1100000, 0x00000000eab00000)
  object space 541696K, 99% used [0x00000000c0000000,0x00000000e10cb7a0,0x00000000e1100000)
 Metaspace       used 72374K, committed 73920K, reserved 1179648K
  class space    used 7511K, committed 8192K, reserved 1048576K
}
Event: 84.645 GC heap before
{Heap before GC invocations=480 (full 3):
 PSYoungGen      total 4608K, used 4530K [0x00000000eab00000, 0x00000000eb100000, 0x0000000100000000)
  eden space 4096K, 99% used [0x00000000eab00000,0x00000000eaefc8e8,0x00000000eaf00000)
  from space 512K, 87% used [0x00000000eb080000,0x00000000eb0f0000,0x00000000eb100000)
  to   space 512K, 0% used [0x00000000eb000000,0x00000000eb000000,0x00000000eb080000)
 ParOldGen       total 541696K, used 541485K [0x00000000c0000000, 0x00000000e1100000, 0x00000000eab00000)
  object space 541696K, 99% used [0x00000000c0000000,0x00000000e10cb7a0,0x00000000e1100000)
 Metaspace       used 72374K, committed 73920K, reserved 1179648K
  class space    used 7511K, committed 8192K, reserved 1048576K
}
Event: 84.649 GC heap after
{Heap after GC invocations=480 (full 3):
 PSYoungGen      total 4608K, used 497K [0x00000000eab00000, 0x00000000eb100000, 0x0000000100000000)
  eden space 4096K, 0% used [0x00000000eab00000,0x00000000eab00000,0x00000000eaf00000)
  from space 512K, 97% used [0x00000000eb000000,0x00000000eb07c7b8,0x00000000eb080000)
  to   space 512K, 0% used [0x00000000eb080000,0x00000000eb080000,0x00000000eb100000)
 ParOldGen       total 542208K, used 541909K [0x00000000c0000000, 0x00000000e1180000, 0x00000000eab00000)
  object space 542208K, 99% used [0x00000000c0000000,0x00000000e11357a0,0x00000000e1180000)
 Metaspace       used 72374K, committed 73920K, reserved 1179648K
  class space    used 7511K, committed 8192K, reserved 1048576K
}
Event: 84.683 GC heap before
{Heap before GC invocations=481 (full 3):
 PSYoungGen      total 4608K, used 4593K [0x00000000eab00000, 0x00000000eb100000, 0x0000000100000000)
  eden space 4096K, 100% used [0x00000000eab00000,0x00000000eaf00000,0x00000000eaf00000)
  from space 512K, 97% used [0x00000000eb000000,0x00000000eb07c7b8,0x00000000eb080000)
  to   space 512K, 0% used [0x00000000eb080000,0x00000000eb080000,0x00000000eb100000)
 ParOldGen       total 542208K, used 541909K [0x00000000c0000000, 0x00000000e1180000, 0x00000000eab00000)
  object space 542208K, 99% used [0x00000000c0000000,0x00000000e11357a0,0x00000000e1180000)
 Metaspace       used 72374K, committed 73920K, reserved 1179648K
  class space    used 7511K, committed 8192K, reserved 1048576K
}
Event: 84.688 GC heap after
{Heap after GC invocations=481 (full 3):
 PSYoungGen      total 4608K, used 507K [0x00000000eab00000, 0x00000000eb100000, 0x0000000100000000)
  eden space 4096K, 0% used [0x00000000eab00000,0x00000000eab00000,0x00000000eaf00000)
  from space 512K, 99% used [0x00000000eb080000,0x00000000eb0fec08,0x00000000eb100000)
  to   space 1024K, 0% used [0x00000000eaf00000,0x00000000eaf00000,0x00000000eb000000)
 ParOldGen       total 542720K, used 542390K [0x00000000c0000000, 0x00000000e1200000, 0x00000000eab00000)
  object space 542720K, 99% used [0x00000000c0000000,0x00000000e11ad828,0x00000000e1200000)
 Metaspace       used 72374K, committed 73920K, reserved 1179648K
  class space    used 7511K, committed 8192K, reserved 1048576K
}
Event: 84.946 GC heap before
{Heap before GC invocations=482 (full 3):
 PSYoungGen      total 4608K, used 4603K [0x00000000eab00000, 0x00000000eb100000, 0x0000000100000000)
  eden space 4096K, 100% used [0x00000000eab00000,0x00000000eaf00000,0x00000000eaf00000)
  from space 512K, 99% used [0x00000000eb080000,0x00000000eb0fec08,0x00000000eb100000)
  to   space 1024K, 0% used [0x00000000eaf00000,0x00000000eaf00000,0x00000000eb000000)
 ParOldGen       total 542720K, used 542390K [0x00000000c0000000, 0x00000000e1200000, 0x00000000eab00000)
  object space 542720K, 99% used [0x00000000c0000000,0x00000000e11ad828,0x00000000e1200000)
 Metaspace       used 72374K, committed 73920K, reserved 1179648K
  class space    used 7511K, committed 8192K, reserved 1048576K
}

