# JRE version: OpenJDK Runtime Environment Temurin-21.0.6+7 (21.0.6+7) (build 21.0.6+7-LTS)
# Java VM: OpenJDK 64-Bit Server VM Temurin-21.0.6+7 (21.0.6+7-LTS, mixed mode, sharing, tiered, compressed oops, compressed class ptrs, parallel gc, windows-amd64)
GC Precious Log:
 CardTable entry size: 512
 CPUs: 4 total, 4 available
 Memory: 6086M
 Large Page Support: Disabled
 NUMA Support: Disabled
 Compressed Oops: Enabled (32-bit)
 Alignments: Space 512K, Generation 512K, Heap 2M
 Heap Min Capacity: 100M
 Heap Initial Capacity: 100M
 Heap Max Capacity: 1G
 Pre-touch: Disabled
 Parallel Workers: 4
Heap:
 PSYoungGen      total 18432K, used 15881K [0x00000000eab00000, 0x00000000ebe00000, 0x0000000100000000)
  eden space 17408K, 87% used [0x00000000eab00000,0x00000000eb9ca430,0x00000000ebc00000)
  from space 1024K, 71% used [0x00000000ebc00000,0x00000000ebcb8000,0x00000000ebd00000)
  to   space 1024K, 0% used [0x00000000ebd00000,0x00000000ebd00000,0x00000000ebe00000)
 ParOldGen       total 68608K, used 53523K [0x00000000c0000000, 0x00000000c4300000, 0x00000000eab00000)
  object space 68608K, 78% used [0x00000000c0000000,0x00000000c3444cf8,0x00000000c4300000)
 Metaspace       used 58309K, committed 59776K, reserved 1114112K
  class space    used 6103K, committed 6784K, reserved 1048576K
GC Heap History (20 events):
Event: 23.645 GC heap before
{Heap before GC invocations=28 (full 2):
 PSYoungGen      total 20992K, used 20708K [0x00000000eab00000, 0x00000000ec280000, 0x0000000100000000)
  eden space 18944K, 100% used [0x00000000eab00000,0x00000000ebd80000,0x00000000ebd80000)
  from space 2048K, 86% used [0x00000000ebe00000,0x00000000ebfb9000,0x00000000ec000000)
  to   space 2048K, 0% used [0x00000000ec080000,0x00000000ec080000,0x00000000ec280000)
 ParOldGen       total 68608K, used 42829K [0x00000000c0000000, 0x00000000c4300000, 0x00000000eab00000)
  object space 68608K, 62% used [0x00000000c0000000,0x00000000c29d35a0,0x00000000c4300000)
 Metaspace       used 49219K, committed 50496K, reserved 1114112K
  class space    used 5195K, committed 5760K, reserved 1048576K
}
Event: 23.652 GC heap after
{Heap after GC invocations=28 (full 2):
 PSYoungGen      total 20992K, used 1600K [0x00000000eab00000, 0x00000000ec280000, 0x0000000100000000)
  eden space 18944K, 0% used [0x00000000eab00000,0x00000000eab00000,0x00000000ebd80000)
  from space 2048K, 78% used [0x00000000ec080000,0x00000000ec210000,0x00000000ec280000)
  to   space 2048K, 0% used [0x00000000ebe00000,0x00000000ebe00000,0x00000000ec000000)
 ParOldGen       total 68608K, used 44586K [0x00000000c0000000, 0x00000000c4300000, 0x00000000eab00000)
  object space 68608K, 64% used [0x00000000c0000000,0x00000000c2b8abc8,0x00000000c4300000)
 Metaspace       used 49219K, committed 50496K, reserved 1114112K
  class space    used 5195K, committed 5760K, reserved 1048576K
}
Event: 24.025 GC heap before
{Heap before GC invocations=29 (full 2):
 PSYoungGen      total 20992K, used 20544K [0x00000000eab00000, 0x00000000ec280000, 0x0000000100000000)
  eden space 18944K, 100% used [0x00000000eab00000,0x00000000ebd80000,0x00000000ebd80000)
  from space 2048K, 78% used [0x00000000ec080000,0x00000000ec210000,0x00000000ec280000)
  to   space 2048K, 0% used [0x00000000ebe00000,0x00000000ebe00000,0x00000000ec000000)
 ParOldGen       total 68608K, used 44586K [0x00000000c0000000, 0x00000000c4300000, 0x00000000eab00000)
  object space 68608K, 64% used [0x00000000c0000000,0x00000000c2b8abc8,0x00000000c4300000)
 Metaspace       used 49344K, committed 50560K, reserved 1114112K
  class space    used 5197K, committed 5760K, reserved 1048576K
}
Event: 24.031 GC heap after
{Heap after GC invocations=29 (full 2):
 PSYoungGen      total 20992K, used 1920K [0x00000000eab00000, 0x00000000ec180000, 0x0000000100000000)
  eden space 18944K, 0% used [0x00000000eab00000,0x00000000eab00000,0x00000000ebd80000)
  from space 2048K, 93% used [0x00000000ebe00000,0x00000000ebfe0010,0x00000000ec000000)
  to   space 1536K, 0% used [0x00000000ec000000,0x00000000ec000000,0x00000000ec180000)
 ParOldGen       total 68608K, used 46162K [0x00000000c0000000, 0x00000000c4300000, 0x00000000eab00000)
  object space 68608K, 67% used [0x00000000c0000000,0x00000000c2d14bc8,0x00000000c4300000)
 Metaspace       used 49344K, committed 50560K, reserved 1114112K
  class space    used 5197K, committed 5760K, reserved 1048576K
}
Event: 24.197 GC heap before
{Heap before GC invocations=30 (full 2):
 PSYoungGen      total 20992K, used 20864K [0x00000000eab00000, 0x00000000ec180000, 0x0000000100000000)
  eden space 18944K, 100% used [0x00000000eab00000,0x00000000ebd80000,0x00000000ebd80000)
  from space 2048K, 93% used [0x00000000ebe00000,0x00000000ebfe0010,0x00000000ec000000)
  to   space 1536K, 0% used [0x00000000ec000000,0x00000000ec000000,0x00000000ec180000)
 ParOldGen       total 68608K, used 46162K [0x00000000c0000000, 0x00000000c4300000, 0x00000000eab00000)
  object space 68608K, 67% used [0x00000000c0000000,0x00000000c2d14bc8,0x00000000c4300000)
 Metaspace       used 49378K, committed 50624K, reserved 1114112K
  class space    used 5197K, committed 5760K, reserved 1048576K
}
Event: 24.205 GC heap after
{Heap after GC invocations=30 (full 2):
 PSYoungGen      total 18944K, used 1536K [0x00000000eab00000, 0x00000000ec580000, 0x0000000100000000)
  eden space 17408K, 0% used [0x00000000eab00000,0x00000000eab00000,0x00000000ebc00000)
  from space 1536K, 100% used [0x00000000ec000000,0x00000000ec180000,0x00000000ec180000)
  to   space 4096K, 0% used [0x00000000ebc00000,0x00000000ebc00000,0x00000000ec000000)
 ParOldGen       total 68608K, used 48107K [0x00000000c0000000, 0x00000000c4300000, 0x00000000eab00000)
  object space 68608K, 70% used [0x00000000c0000000,0x00000000c2efadd8,0x00000000c4300000)
 Metaspace       used 49378K, committed 50624K, reserved 1114112K
  class space    used 5197K, committed 5760K, reserved 1048576K
}
Event: 24.624 GC heap before
{Heap before GC invocations=31 (full 2):
 PSYoungGen      total 18944K, used 18944K [0x00000000eab00000, 0x00000000ec580000, 0x0000000100000000)
  eden space 17408K, 100% used [0x00000000eab00000,0x00000000ebc00000,0x00000000ebc00000)
  from space 1536K, 100% used [0x00000000ec000000,0x00000000ec180000,0x00000000ec180000)
  to   space 4096K, 0% used [0x00000000ebc00000,0x00000000ebc00000,0x00000000ec000000)
 ParOldGen       total 68608K, used 48107K [0x00000000c0000000, 0x00000000c4300000, 0x00000000eab00000)
  object space 68608K, 70% used [0x00000000c0000000,0x00000000c2efadd8,0x00000000c4300000)
 Metaspace       used 49903K, committed 51264K, reserved 1114112K
  class space    used 5273K, committed 5888K, reserved 1048576K
}
Event: 24.629 GC heap after
{Heap after GC invocations=31 (full 2):
 PSYoungGen      total 18944K, used 1216K [0x00000000eab00000, 0x00000000ec080000, 0x0000000100000000)
  eden space 17408K, 0% used [0x00000000eab00000,0x00000000eab00000,0x00000000ebc00000)
  from space 1536K, 79% used [0x00000000ebc00000,0x00000000ebd30000,0x00000000ebd80000)
  to   space 2048K, 0% used [0x00000000ebe80000,0x00000000ebe80000,0x00000000ec080000)
 ParOldGen       total 68608K, used 49667K [0x00000000c0000000, 0x00000000c4300000, 0x00000000eab00000)
  object space 68608K, 72% used [0x00000000c0000000,0x00000000c3080dd8,0x00000000c4300000)
 Metaspace       used 49903K, committed 51264K, reserved 1114112K
  class space    used 5273K, committed 5888K, reserved 1048576K
}
Event: 26.246 GC heap before
{Heap before GC invocations=32 (full 2):
 PSYoungGen      total 18944K, used 18597K [0x00000000eab00000, 0x00000000ec080000, 0x0000000100000000)
  eden space 17408K, 99% used [0x00000000eab00000,0x00000000ebbf9448,0x00000000ebc00000)
  from space 1536K, 79% used [0x00000000ebc00000,0x00000000ebd30000,0x00000000ebd80000)
  to   space 2048K, 0% used [0x00000000ebe80000,0x00000000ebe80000,0x00000000ec080000)
 ParOldGen       total 68608K, used 49667K [0x00000000c0000000, 0x00000000c4300000, 0x00000000eab00000)
  object space 68608K, 72% used [0x00000000c0000000,0x00000000c3080dd8,0x00000000c4300000)
 Metaspace       used 51757K, committed 53120K, reserved 1114112K
  class space    used 5485K, committed 6080K, reserved 1048576K
}
Event: 26.254 GC heap after
{Heap after GC invocations=32 (full 2):
 PSYoungGen      total 18432K, used 532K [0x00000000eab00000, 0x00000000ebf80000, 0x0000000100000000)
  eden space 17408K, 0% used [0x00000000eab00000,0x00000000eab00000,0x00000000ebc00000)
  from space 1024K, 52% used [0x00000000ebe80000,0x00000000ebf053c8,0x00000000ebf80000)
  to   space 1024K, 0% used [0x00000000ebd80000,0x00000000ebd80000,0x00000000ebe80000)
 ParOldGen       total 68608K, used 50809K [0x00000000c0000000, 0x00000000c4300000, 0x00000000eab00000)
  object space 68608K, 74% used [0x00000000c0000000,0x00000000c319e598,0x00000000c4300000)
 Metaspace       used 51757K, committed 53120K, reserved 1114112K
  class space    used 5485K, committed 6080K, reserved 1048576K
}
Event: 28.060 GC heap before
{Heap before GC invocations=33 (full 2):
 PSYoungGen      total 18432K, used 17940K [0x00000000eab00000, 0x00000000ebf80000, 0x0000000100000000)
  eden space 17408K, 100% used [0x00000000eab00000,0x00000000ebc00000,0x00000000ebc00000)
  from space 1024K, 52% used [0x00000000ebe80000,0x00000000ebf053c8,0x00000000ebf80000)
  to   space 1024K, 0% used [0x00000000ebd80000,0x00000000ebd80000,0x00000000ebe80000)
 ParOldGen       total 68608K, used 50809K [0x00000000c0000000, 0x00000000c4300000, 0x00000000eab00000)
  object space 68608K, 74% used [0x00000000c0000000,0x00000000c319e598,0x00000000c4300000)
 Metaspace       used 52654K, committed 54016K, reserved 1114112K
  class space    used 5573K, committed 6208K, reserved 1048576K
}
Event: 28.062 GC heap after
{Heap after GC invocations=33 (full 2):
 PSYoungGen      total 18432K, used 288K [0x00000000eab00000, 0x00000000ebf00000, 0x0000000100000000)
  eden space 17408K, 0% used [0x00000000eab00000,0x00000000eab00000,0x00000000ebc00000)
  from space 1024K, 28% used [0x00000000ebd80000,0x00000000ebdc8000,0x00000000ebe80000)
  to   space 512K, 0% used [0x00000000ebe80000,0x00000000ebe80000,0x00000000ebf00000)
 ParOldGen       total 68608K, used 51270K [0x00000000c0000000, 0x00000000c4300000, 0x00000000eab00000)
  object space 68608K, 74% used [0x00000000c0000000,0x00000000c3211af0,0x00000000c4300000)
 Metaspace       used 52654K, committed 54016K, reserved 1114112K
  class space    used 5573K, committed 6208K, reserved 1048576K
}
Event: 29.182 GC heap before
{Heap before GC invocations=34 (full 2):
 PSYoungGen      total 18432K, used 17567K [0x00000000eab00000, 0x00000000ebf00000, 0x0000000100000000)
  eden space 17408K, 99% used [0x00000000eab00000,0x00000000ebbdfe18,0x00000000ebc00000)
  from space 1024K, 28% used [0x00000000ebd80000,0x00000000ebdc8000,0x00000000ebe80000)
  to   space 512K, 0% used [0x00000000ebe80000,0x00000000ebe80000,0x00000000ebf00000)
 ParOldGen       total 68608K, used 51270K [0x00000000c0000000, 0x00000000c4300000, 0x00000000eab00000)
  object space 68608K, 74% used [0x00000000c0000000,0x00000000c3211af0,0x00000000c4300000)
 Metaspace       used 53985K, committed 55360K, reserved 1114112K
  class space    used 5695K, committed 6336K, reserved 1048576K
}
Event: 29.185 GC heap after
{Heap after GC invocations=34 (full 2):
 PSYoungGen      total 17920K, used 507K [0x00000000eab00000, 0x00000000ec100000, 0x0000000100000000)
  eden space 17408K, 0% used [0x00000000eab00000,0x00000000eab00000,0x00000000ebc00000)
  from space 512K, 99% used [0x00000000ebe80000,0x00000000ebefed90,0x00000000ebf00000)
  to   space 2560K, 0% used [0x00000000ebc00000,0x00000000ebc00000,0x00000000ebe80000)
 ParOldGen       total 68608K, used 52760K [0x00000000c0000000, 0x00000000c4300000, 0x00000000eab00000)
  object space 68608K, 76% used [0x00000000c0000000,0x00000000c3386288,0x00000000c4300000)
 Metaspace       used 53985K, committed 55360K, reserved 1114112K
  class space    used 5695K, committed 6336K, reserved 1048576K
}
Event: 29.612 GC heap before
{Heap before GC invocations=35 (full 2):
 PSYoungGen      total 17920K, used 17915K [0x00000000eab00000, 0x00000000ec100000, 0x0000000100000000)
  eden space 17408K, 100% used [0x00000000eab00000,0x00000000ebc00000,0x00000000ebc00000)
  from space 512K, 99% used [0x00000000ebe80000,0x00000000ebefed90,0x00000000ebf00000)
  to   space 2560K, 0% used [0x00000000ebc00000,0x00000000ebc00000,0x00000000ebe80000)
 ParOldGen       total 68608K, used 52760K [0x00000000c0000000, 0x00000000c4300000, 0x00000000eab00000)
  object space 68608K, 76% used [0x00000000c0000000,0x00000000c3386288,0x00000000c4300000)
 Metaspace       used 54244K, committed 55616K, reserved 1114112K
  class space    used 5710K, committed 6336K, reserved 1048576K
}
Event: 29.615 GC heap after
{Heap after GC invocations=35 (full 2):
 PSYoungGen      total 18944K, used 1029K [0x00000000eab00000, 0x00000000ebf00000, 0x0000000100000000)
  eden space 17408K, 0% used [0x00000000eab00000,0x00000000eab00000,0x00000000ebc00000)
  from space 1536K, 67% used [0x00000000ebc00000,0x00000000ebd015a0,0x00000000ebd80000)
  to   space 1536K, 0% used [0x00000000ebd80000,0x00000000ebd80000,0x00000000ebf00000)
 ParOldGen       total 68608K, used 53260K [0x00000000c0000000, 0x00000000c4300000, 0x00000000eab00000)
  object space 68608K, 77% used [0x00000000c0000000,0x00000000c3403038,0x00000000c4300000)
 Metaspace       used 54244K, committed 55616K, reserved 1114112K
  class space    used 5710K, committed 6336K, reserved 1048576K
}
Event: 30.193 GC heap before
{Heap before GC invocations=36 (full 2):
 PSYoungGen      total 18944K, used 18437K [0x00000000eab00000, 0x00000000ebf00000, 0x0000000100000000)
  eden space 17408K, 100% used [0x00000000eab00000,0x00000000ebc00000,0x00000000ebc00000)
  from space 1536K, 67% used [0x00000000ebc00000,0x00000000ebd015a0,0x00000000ebd80000)
  to   space 1536K, 0% used [0x00000000ebd80000,0x00000000ebd80000,0x00000000ebf00000)
 ParOldGen       total 68608K, used 53260K [0x00000000c0000000, 0x00000000c4300000, 0x00000000eab00000)
  object space 68608K, 77% used [0x00000000c0000000,0x00000000c3403038,0x00000000c4300000)
 Metaspace       used 55245K, committed 56640K, reserved 1114112K
  class space    used 5803K, committed 6464K, reserved 1048576K
}
Event: 30.194 GC heap after
{Heap after GC invocations=36 (full 2):
 PSYoungGen      total 17920K, used 160K [0x00000000eab00000, 0x00000000ebe00000, 0x0000000100000000)
  eden space 17408K, 0% used [0x00000000eab00000,0x00000000eab00000,0x00000000ebc00000)
  from space 512K, 31% used [0x00000000ebd80000,0x00000000ebda8000,0x00000000ebe00000)
  to   space 1024K, 0% used [0x00000000ebc00000,0x00000000ebc00000,0x00000000ebd00000)
 ParOldGen       total 68608K, used 53466K [0x00000000c0000000, 0x00000000c4300000, 0x00000000eab00000)
  object space 68608K, 77% used [0x00000000c0000000,0x00000000c3436b48,0x00000000c4300000)
 Metaspace       used 55245K, committed 56640K, reserved 1114112K
  class space    used 5803K, committed 6464K, reserved 1048576K
}
Event: 32.192 GC heap before
{Heap before GC invocations=37 (full 2):
 PSYoungGen      total 17920K, used 17568K [0x00000000eab00000, 0x00000000ebe00000, 0x0000000100000000)
  eden space 17408K, 100% used [0x00000000eab00000,0x00000000ebc00000,0x00000000ebc00000)
  from space 512K, 31% used [0x00000000ebd80000,0x00000000ebda8000,0x00000000ebe00000)
  to   space 1024K, 0% used [0x00000000ebc00000,0x00000000ebc00000,0x00000000ebd00000)
 ParOldGen       total 68608K, used 53466K [0x00000000c0000000, 0x00000000c4300000, 0x00000000eab00000)
  object space 68608K, 77% used [0x00000000c0000000,0x00000000c3436b48,0x00000000c4300000)
 Metaspace       used 57165K, committed 58624K, reserved 1114112K
  class space    used 5995K, committed 6656K, reserved 1048576K
}
Event: 32.194 GC heap after
{Heap after GC invocations=37 (full 2):
 PSYoungGen      total 18432K, used 736K [0x00000000eab00000, 0x00000000ebe00000, 0x0000000100000000)
  eden space 17408K, 0% used [0x00000000eab00000,0x00000000eab00000,0x00000000ebc00000)
  from space 1024K, 71% used [0x00000000ebc00000,0x00000000ebcb8000,0x00000000ebd00000)
  to   space 1024K, 0% used [0x00000000ebd00000,0x00000000ebd00000,0x00000000ebe00000)
 ParOldGen       total 68608K, used 53523K [0x00000000c0000000, 0x00000000c4300000, 0x00000000eab00000)
  object space 68608K, 78% used [0x00000000c0000000,0x00000000c3444cf8,0x00000000c4300000)
 Metaspace       used 57165K, committed 58624K, reserved 1114112K
  class space    used 5995K, committed 6656K, reserved 1048576K
}

