# JRE version: OpenJDK Runtime Environment Temurin-21.0.6+7 (21.0.6+7) (build 21.0.6+7-LTS)
# Java VM: OpenJDK 64-Bit Server VM Temurin-21.0.6+7 (21.0.6+7-LTS, mixed mode, sharing, tiered, compressed oops, compressed class ptrs, parallel gc, windows-amd64)
GC Precious Log:
 CardTable entry size: 512
 CPUs: 4 total, 4 available
 Memory: 6086M
 Large Page Support: Disabled
 NUMA Support: Disabled
 Compressed Oops: Enabled (32-bit)
 Alignments: Space 512K, Generation 512K, Heap 2M
 Heap Min Capacity: 100M
 Heap Initial Capacity: 100M
 Heap Max Capacity: 1G
 Pre-touch: Disabled
 Parallel Workers: 4
Heap:
 PSYoungGen      total 9728K, used 9176K [0x00000000eab00000, 0x00000000ebb80000, 0x0000000100000000)
  eden space 9216K, 95% used [0x00000000eab00000,0x00000000eb38e198,0x00000000eb400000)
  from space 512K, 81% used [0x00000000ebb00000,0x00000000ebb68000,0x00000000ebb80000)
  to   space 2560K, 0% used [0x00000000eb680000,0x00000000eb680000,0x00000000eb900000)
 ParOldGen       total 68608K, used 59937K [0x00000000c0000000, 0x00000000c4300000, 0x00000000eab00000)
  object space 68608K, 87% used [0x00000000c0000000,0x00000000c3a884b8,0x00000000c4300000)
 Metaspace       used 59357K, committed 60800K, reserved 1114112K
  class space    used 6046K, committed 6720K, reserved 1048576K
GC Heap History (20 events):
Event: 52.971 GC heap before
{Heap before GC invocations=42 (full 2):
 PSYoungGen      total 10240K, used 10121K [0x00000000eab00000, 0x00000000eb900000, 0x0000000100000000)
  eden space 9728K, 99% used [0x00000000eab00000,0x00000000eb4782e8,0x00000000eb480000)
  from space 512K, 82% used [0x00000000eb500000,0x00000000eb56a310,0x00000000eb580000)
  to   space 1536K, 0% used [0x00000000eb780000,0x00000000eb780000,0x00000000eb900000)
 ParOldGen       total 68608K, used 60132K [0x00000000c0000000, 0x00000000c4300000, 0x00000000eab00000)
  object space 68608K, 87% used [0x00000000c0000000,0x00000000c3ab9130,0x00000000c4300000)
 Metaspace       used 54372K, committed 55744K, reserved 1114112K
  class space    used 5663K, committed 6272K, reserved 1048576K
}
Event: 52.973 GC heap after
{Heap after GC invocations=42 (full 2):
 PSYoungGen      total 10240K, used 355K [0x00000000eab00000, 0x00000000eb800000, 0x0000000100000000)
  eden space 9728K, 0% used [0x00000000eab00000,0x00000000eab00000,0x00000000eb480000)
  from space 512K, 69% used [0x00000000eb780000,0x00000000eb7d8c00,0x00000000eb800000)
  to   space 1024K, 0% used [0x00000000eb600000,0x00000000eb600000,0x00000000eb700000)
 ParOldGen       total 68608K, used 60148K [0x00000000c0000000, 0x00000000c4300000, 0x00000000eab00000)
  object space 68608K, 87% used [0x00000000c0000000,0x00000000c3abd130,0x00000000c4300000)
 Metaspace       used 54372K, committed 55744K, reserved 1114112K
  class space    used 5663K, committed 6272K, reserved 1048576K
}
Event: 53.255 GC heap before
{Heap before GC invocations=43 (full 2):
 PSYoungGen      total 10240K, used 10083K [0x00000000eab00000, 0x00000000eb800000, 0x0000000100000000)
  eden space 9728K, 100% used [0x00000000eab00000,0x00000000eb480000,0x00000000eb480000)
  from space 512K, 69% used [0x00000000eb780000,0x00000000eb7d8c00,0x00000000eb800000)
  to   space 1024K, 0% used [0x00000000eb600000,0x00000000eb600000,0x00000000eb700000)
 ParOldGen       total 68608K, used 60148K [0x00000000c0000000, 0x00000000c4300000, 0x00000000eab00000)
  object space 68608K, 87% used [0x00000000c0000000,0x00000000c3abd130,0x00000000c4300000)
 Metaspace       used 54375K, committed 55744K, reserved 1114112K
  class space    used 5663K, committed 6272K, reserved 1048576K
}
Event: 53.258 GC heap after
{Heap after GC invocations=43 (full 2):
 PSYoungGen      total 10752K, used 1017K [0x00000000eab00000, 0x00000000eb800000, 0x0000000100000000)
  eden space 9728K, 0% used [0x00000000eab00000,0x00000000eab00000,0x00000000eb480000)
  from space 1024K, 99% used [0x00000000eb600000,0x00000000eb6fe5b8,0x00000000eb700000)
  to   space 1024K, 0% used [0x00000000eb700000,0x00000000eb700000,0x00000000eb800000)
 ParOldGen       total 68608K, used 60276K [0x00000000c0000000, 0x00000000c4300000, 0x00000000eab00000)
  object space 68608K, 87% used [0x00000000c0000000,0x00000000c3add130,0x00000000c4300000)
 Metaspace       used 54375K, committed 55744K, reserved 1114112K
  class space    used 5663K, committed 6272K, reserved 1048576K
}
Event: 54.969 GC heap before
{Heap before GC invocations=44 (full 2):
 PSYoungGen      total 10752K, used 10745K [0x00000000eab00000, 0x00000000eb800000, 0x0000000100000000)
  eden space 9728K, 100% used [0x00000000eab00000,0x00000000eb480000,0x00000000eb480000)
  from space 1024K, 99% used [0x00000000eb600000,0x00000000eb6fe5b8,0x00000000eb700000)
  to   space 1024K, 0% used [0x00000000eb700000,0x00000000eb700000,0x00000000eb800000)
 ParOldGen       total 68608K, used 60276K [0x00000000c0000000, 0x00000000c4300000, 0x00000000eab00000)
  object space 68608K, 87% used [0x00000000c0000000,0x00000000c3add130,0x00000000c4300000)
 Metaspace       used 55638K, committed 56960K, reserved 1114112K
  class space    used 5773K, committed 6336K, reserved 1048576K
}
Event: 54.972 GC heap after
{Heap after GC invocations=44 (full 2):
 PSYoungGen      total 10240K, used 512K [0x00000000eab00000, 0x00000000eb780000, 0x0000000100000000)
  eden space 9728K, 0% used [0x00000000eab00000,0x00000000eab00000,0x00000000eb480000)
  from space 512K, 100% used [0x00000000eb700000,0x00000000eb780000,0x00000000eb780000)
  to   space 1024K, 0% used [0x00000000eb580000,0x00000000eb580000,0x00000000eb680000)
 ParOldGen       total 68608K, used 60404K [0x00000000c0000000, 0x00000000c4300000, 0x00000000eab00000)
  object space 68608K, 88% used [0x00000000c0000000,0x00000000c3afd130,0x00000000c4300000)
 Metaspace       used 55638K, committed 56960K, reserved 1114112K
  class space    used 5773K, committed 6336K, reserved 1048576K
}
Event: 56.186 GC heap before
{Heap before GC invocations=45 (full 2):
 PSYoungGen      total 10240K, used 10240K [0x00000000eab00000, 0x00000000eb780000, 0x0000000100000000)
  eden space 9728K, 100% used [0x00000000eab00000,0x00000000eb480000,0x00000000eb480000)
  from space 512K, 100% used [0x00000000eb700000,0x00000000eb780000,0x00000000eb780000)
  to   space 1024K, 0% used [0x00000000eb580000,0x00000000eb580000,0x00000000eb680000)
 ParOldGen       total 68608K, used 60404K [0x00000000c0000000, 0x00000000c4300000, 0x00000000eab00000)
  object space 68608K, 88% used [0x00000000c0000000,0x00000000c3afd130,0x00000000c4300000)
 Metaspace       used 56603K, committed 57984K, reserved 1114112K
  class space    used 5849K, committed 6464K, reserved 1048576K
}
Event: 56.192 GC heap after
{Heap after GC invocations=45 (full 2):
 PSYoungGen      total 10752K, used 928K [0x00000000eab00000, 0x00000000eb780000, 0x0000000100000000)
  eden space 9728K, 0% used [0x00000000eab00000,0x00000000eab00000,0x00000000eb480000)
  from space 1024K, 90% used [0x00000000eb580000,0x00000000eb668000,0x00000000eb680000)
  to   space 1024K, 0% used [0x00000000eb680000,0x00000000eb680000,0x00000000eb780000)
 ParOldGen       total 68608K, used 60828K [0x00000000c0000000, 0x00000000c4300000, 0x00000000eab00000)
  object space 68608K, 88% used [0x00000000c0000000,0x00000000c3b67130,0x00000000c4300000)
 Metaspace       used 56603K, committed 57984K, reserved 1114112K
  class space    used 5849K, committed 6464K, reserved 1048576K
}
Event: 57.562 GC heap before
{Heap before GC invocations=46 (full 2):
 PSYoungGen      total 10752K, used 10656K [0x00000000eab00000, 0x00000000eb780000, 0x0000000100000000)
  eden space 9728K, 100% used [0x00000000eab00000,0x00000000eb480000,0x00000000eb480000)
  from space 1024K, 90% used [0x00000000eb580000,0x00000000eb668000,0x00000000eb680000)
  to   space 1024K, 0% used [0x00000000eb680000,0x00000000eb680000,0x00000000eb780000)
 ParOldGen       total 68608K, used 60828K [0x00000000c0000000, 0x00000000c4300000, 0x00000000eab00000)
  object space 68608K, 88% used [0x00000000c0000000,0x00000000c3b67130,0x00000000c4300000)
 Metaspace       used 57692K, committed 59072K, reserved 1114112K
  class space    used 5976K, committed 6592K, reserved 1048576K
}
Event: 57.570 GC heap after
{Heap after GC invocations=46 (full 2):
 PSYoungGen      total 10752K, used 992K [0x00000000eab00000, 0x00000000eb880000, 0x0000000100000000)
  eden space 9728K, 0% used [0x00000000eab00000,0x00000000eab00000,0x00000000eb480000)
  from space 1024K, 96% used [0x00000000eb680000,0x00000000eb778030,0x00000000eb780000)
  to   space 2048K, 0% used [0x00000000eb480000,0x00000000eb480000,0x00000000eb680000)
 ParOldGen       total 68608K, used 61666K [0x00000000c0000000, 0x00000000c4300000, 0x00000000eab00000)
  object space 68608K, 89% used [0x00000000c0000000,0x00000000c3c38898,0x00000000c4300000)
 Metaspace       used 57692K, committed 59072K, reserved 1114112K
  class space    used 5976K, committed 6592K, reserved 1048576K
}
Event: 60.824 GC heap before
{Heap before GC invocations=47 (full 2):
 PSYoungGen      total 10752K, used 7597K [0x00000000eab00000, 0x00000000eb880000, 0x0000000100000000)
  eden space 9728K, 67% used [0x00000000eab00000,0x00000000eb173538,0x00000000eb480000)
  from space 1024K, 96% used [0x00000000eb680000,0x00000000eb778030,0x00000000eb780000)
  to   space 2048K, 0% used [0x00000000eb480000,0x00000000eb480000,0x00000000eb680000)
 ParOldGen       total 68608K, used 61666K [0x00000000c0000000, 0x00000000c4300000, 0x00000000eab00000)
  object space 68608K, 89% used [0x00000000c0000000,0x00000000c3c38898,0x00000000c4300000)
 Metaspace       used 58344K, committed 59776K, reserved 1114112K
  class space    used 5992K, committed 6656K, reserved 1048576K
}
Event: 60.828 GC heap after
{Heap after GC invocations=47 (full 2):
 PSYoungGen      total 10752K, used 800K [0x00000000eab00000, 0x00000000eb780000, 0x0000000100000000)
  eden space 9728K, 0% used [0x00000000eab00000,0x00000000eab00000,0x00000000eb480000)
  from space 1024K, 78% used [0x00000000eb480000,0x00000000eb548000,0x00000000eb580000)
  to   space 1536K, 0% used [0x00000000eb600000,0x00000000eb600000,0x00000000eb780000)
 ParOldGen       total 68608K, used 62535K [0x00000000c0000000, 0x00000000c4300000, 0x00000000eab00000)
  object space 68608K, 91% used [0x00000000c0000000,0x00000000c3d11ce8,0x00000000c4300000)
 Metaspace       used 58344K, committed 59776K, reserved 1114112K
  class space    used 5992K, committed 6656K, reserved 1048576K
}
Event: 60.828 GC heap before
{Heap before GC invocations=48 (full 3):
 PSYoungGen      total 10752K, used 800K [0x00000000eab00000, 0x00000000eb780000, 0x0000000100000000)
  eden space 9728K, 0% used [0x00000000eab00000,0x00000000eab00000,0x00000000eb480000)
  from space 1024K, 78% used [0x00000000eb480000,0x00000000eb548000,0x00000000eb580000)
  to   space 1536K, 0% used [0x00000000eb600000,0x00000000eb600000,0x00000000eb780000)
 ParOldGen       total 68608K, used 62535K [0x00000000c0000000, 0x00000000c4300000, 0x00000000eab00000)
  object space 68608K, 91% used [0x00000000c0000000,0x00000000c3d11ce8,0x00000000c4300000)
 Metaspace       used 58344K, committed 59776K, reserved 1114112K
  class space    used 5992K, committed 6656K, reserved 1048576K
}
Event: 61.014 GC heap after
{Heap after GC invocations=48 (full 3):
 PSYoungGen      total 10752K, used 0K [0x00000000eab00000, 0x00000000eb780000, 0x0000000100000000)
  eden space 9728K, 0% used [0x00000000eab00000,0x00000000eab00000,0x00000000eb480000)
  from space 1024K, 0% used [0x00000000eb480000,0x00000000eb480000,0x00000000eb580000)
  to   space 1536K, 0% used [0x00000000eb600000,0x00000000eb600000,0x00000000eb780000)
 ParOldGen       total 68608K, used 55959K [0x00000000c0000000, 0x00000000c4300000, 0x00000000eab00000)
  object space 68608K, 81% used [0x00000000c0000000,0x00000000c36a5ca0,0x00000000c4300000)
 Metaspace       used 58344K, committed 59776K, reserved 1114112K
  class space    used 5992K, committed 6656K, reserved 1048576K
}
Event: 62.906 GC heap before
{Heap before GC invocations=49 (full 3):
 PSYoungGen      total 10752K, used 9726K [0x00000000eab00000, 0x00000000eb780000, 0x0000000100000000)
  eden space 9728K, 99% used [0x00000000eab00000,0x00000000eb47fb58,0x00000000eb480000)
  from space 1024K, 0% used [0x00000000eb480000,0x00000000eb480000,0x00000000eb580000)
  to   space 1536K, 0% used [0x00000000eb600000,0x00000000eb600000,0x00000000eb780000)
 ParOldGen       total 68608K, used 55959K [0x00000000c0000000, 0x00000000c4300000, 0x00000000eab00000)
  object space 68608K, 81% used [0x00000000c0000000,0x00000000c36a5ca0,0x00000000c4300000)
 Metaspace       used 59020K, committed 60480K, reserved 1114112K
  class space    used 6018K, committed 6656K, reserved 1048576K
}
Event: 62.910 GC heap after
{Heap after GC invocations=49 (full 3):
 PSYoungGen      total 10752K, used 1530K [0x00000000eab00000, 0x00000000eb880000, 0x0000000100000000)
  eden space 9216K, 0% used [0x00000000eab00000,0x00000000eab00000,0x00000000eb400000)
  from space 1536K, 99% used [0x00000000eb600000,0x00000000eb77eb60,0x00000000eb780000)
  to   space 2048K, 0% used [0x00000000eb400000,0x00000000eb400000,0x00000000eb600000)
 ParOldGen       total 68608K, used 55967K [0x00000000c0000000, 0x00000000c4300000, 0x00000000eab00000)
  object space 68608K, 81% used [0x00000000c0000000,0x00000000c36a7ca0,0x00000000c4300000)
 Metaspace       used 59020K, committed 60480K, reserved 1114112K
  class space    used 6018K, committed 6656K, reserved 1048576K
}
Event: 63.698 GC heap before
{Heap before GC invocations=50 (full 3):
 PSYoungGen      total 10752K, used 10746K [0x00000000eab00000, 0x00000000eb880000, 0x0000000100000000)
  eden space 9216K, 100% used [0x00000000eab00000,0x00000000eb400000,0x00000000eb400000)
  from space 1536K, 99% used [0x00000000eb600000,0x00000000eb77eb60,0x00000000eb780000)
  to   space 2048K, 0% used [0x00000000eb400000,0x00000000eb400000,0x00000000eb600000)
 ParOldGen       total 68608K, used 55967K [0x00000000c0000000, 0x00000000c4300000, 0x00000000eab00000)
  object space 68608K, 81% used [0x00000000c0000000,0x00000000c36a7ca0,0x00000000c4300000)
 Metaspace       used 59076K, committed 60544K, reserved 1114112K
  class space    used 6018K, committed 6656K, reserved 1048576K
}
Event: 63.703 GC heap after
{Heap after GC invocations=50 (full 3):
 PSYoungGen      total 11264K, used 2037K [0x00000000eab00000, 0x00000000ec200000, 0x0000000100000000)
  eden space 9216K, 0% used [0x00000000eab00000,0x00000000eab00000,0x00000000eb400000)
  from space 2048K, 99% used [0x00000000eb400000,0x00000000eb5fd450,0x00000000eb600000)
  to   space 7168K, 0% used [0x00000000ebb00000,0x00000000ebb00000,0x00000000ec200000)
 ParOldGen       total 68608K, used 59825K [0x00000000c0000000, 0x00000000c4300000, 0x00000000eab00000)
  object space 68608K, 87% used [0x00000000c0000000,0x00000000c3a6c4b8,0x00000000c4300000)
 Metaspace       used 59076K, committed 60544K, reserved 1114112K
  class space    used 6018K, committed 6656K, reserved 1048576K
}
Event: 64.375 GC heap before
{Heap before GC invocations=51 (full 3):
 PSYoungGen      total 11264K, used 11253K [0x00000000eab00000, 0x00000000ec200000, 0x0000000100000000)
  eden space 9216K, 100% used [0x00000000eab00000,0x00000000eb400000,0x00000000eb400000)
  from space 2048K, 99% used [0x00000000eb400000,0x00000000eb5fd450,0x00000000eb600000)
  to   space 7168K, 0% used [0x00000000ebb00000,0x00000000ebb00000,0x00000000ec200000)
 ParOldGen       total 68608K, used 59825K [0x00000000c0000000, 0x00000000c4300000, 0x00000000eab00000)
  object space 68608K, 87% used [0x00000000c0000000,0x00000000c3a6c4b8,0x00000000c4300000)
 Metaspace       used 59199K, committed 60672K, reserved 1114112K
  class space    used 6027K, committed 6720K, reserved 1048576K
}
Event: 64.378 GC heap after
{Heap after GC invocations=51 (full 3):
 PSYoungGen      total 9728K, used 416K [0x00000000eab00000, 0x00000000ebb80000, 0x0000000100000000)
  eden space 9216K, 0% used [0x00000000eab00000,0x00000000eab00000,0x00000000eb400000)
  from space 512K, 81% used [0x00000000ebb00000,0x00000000ebb68000,0x00000000ebb80000)
  to   space 2560K, 0% used [0x00000000eb680000,0x00000000eb680000,0x00000000eb900000)
 ParOldGen       total 68608K, used 59937K [0x00000000c0000000, 0x00000000c4300000, 0x00000000eab00000)
  object space 68608K, 87% used [0x00000000c0000000,0x00000000c3a884b8,0x00000000c4300000)
 Metaspace       used 59199K, committed 60672K, reserved 1114112K
  class space    used 6027K, committed 6720K, reserved 1048576K
}

