# JRE version: OpenJDK Runtime Environment Temurin-21.0.6+7 (21.0.6+7) (build 21.0.6+7-LTS)
# Java VM: OpenJDK 64-Bit Server VM Temurin-21.0.6+7 (21.0.6+7-LTS, mixed mode, sharing, tiered, compressed oops, compressed class ptrs, parallel gc, windows-amd64)
GC Precious Log:
 CardTable entry size: 512
 CPUs: 4 total, 4 available
 Memory: 6086M
 Large Page Support: Disabled
 NUMA Support: Disabled
 Compressed Oops: Enabled (32-bit)
 Alignments: Space 512K, Generation 512K, Heap 2M
 Heap Min Capacity: 100M
 Heap Initial Capacity: 100M
 Heap Max Capacity: 1G
 Pre-touch: Disabled
 Parallel Workers: 4
Heap:
 PSYoungGen      total 23040K, used 14151K [0x00000000eab00000, 0x00000000ec580000, 0x0000000100000000)
  eden space 22016K, 61% used [0x00000000eab00000,0x00000000eb821e48,0x00000000ec080000)
  from space 1024K, 68% used [0x00000000ec300000,0x00000000ec3b0000,0x00000000ec400000)
  to   space 1536K, 0% used [0x00000000ec400000,0x00000000ec400000,0x00000000ec580000)
 ParOldGen       total 68608K, used 26853K [0x00000000c0000000, 0x00000000c4300000, 0x00000000eab00000)
  object space 68608K, 39% used [0x00000000c0000000,0x00000000c1a39768,0x00000000c4300000)
 Metaspace       used 51434K, committed 52544K, reserved 1114112K
  class space    used 5506K, committed 5952K, reserved 1048576K
GC Heap History (20 events):
Event: 82.973 GC heap before
{Heap before GC invocations=12 (full 1):
 PSYoungGen      total 24576K, used 24430K [0x00000000eab00000, 0x00000000ec880000, 0x0000000100000000)
  eden space 23552K, 100% used [0x00000000eab00000,0x00000000ec200000,0x00000000ec200000)
  from space 1024K, 85% used [0x00000000ec780000,0x00000000ec85b890,0x00000000ec880000)
  to   space 1024K, 0% used [0x00000000ec680000,0x00000000ec680000,0x00000000ec780000)
 ParOldGen       total 68608K, used 15106K [0x00000000c0000000, 0x00000000c4300000, 0x00000000eab00000)
  object space 68608K, 22% used [0x00000000c0000000,0x00000000c0ec0948,0x00000000c4300000)
 Metaspace       used 29547K, committed 30464K, reserved 1114112K
  class space    used 2914K, committed 3328K, reserved 1048576K
}
Event: 82.975 GC heap after
{Heap after GC invocations=12 (full 1):
 PSYoungGen      total 24064K, used 878K [0x00000000eab00000, 0x00000000ec800000, 0x0000000100000000)
  eden space 23040K, 0% used [0x00000000eab00000,0x00000000eab00000,0x00000000ec180000)
  from space 1024K, 85% used [0x00000000ec680000,0x00000000ec75b830,0x00000000ec780000)
  to   space 512K, 0% used [0x00000000ec780000,0x00000000ec780000,0x00000000ec800000)
 ParOldGen       total 68608K, used 15842K [0x00000000c0000000, 0x00000000c4300000, 0x00000000eab00000)
  object space 68608K, 23% used [0x00000000c0000000,0x00000000c0f78a98,0x00000000c4300000)
 Metaspace       used 29547K, committed 30464K, reserved 1114112K
  class space    used 2914K, committed 3328K, reserved 1048576K
}
Event: 85.017 GC heap before
{Heap before GC invocations=13 (full 1):
 PSYoungGen      total 24064K, used 23918K [0x00000000eab00000, 0x00000000ec800000, 0x0000000100000000)
  eden space 23040K, 100% used [0x00000000eab00000,0x00000000ec180000,0x00000000ec180000)
  from space 1024K, 85% used [0x00000000ec680000,0x00000000ec75b830,0x00000000ec780000)
  to   space 512K, 0% used [0x00000000ec780000,0x00000000ec780000,0x00000000ec800000)
 ParOldGen       total 68608K, used 15842K [0x00000000c0000000, 0x00000000c4300000, 0x00000000eab00000)
  object space 68608K, 23% used [0x00000000c0000000,0x00000000c0f78a98,0x00000000c4300000)
 Metaspace       used 31882K, committed 32832K, reserved 1114112K
  class space    used 3196K, committed 3584K, reserved 1048576K
}
Event: 85.021 GC heap after
{Heap after GC invocations=13 (full 1):
 PSYoungGen      total 23040K, used 512K [0x00000000eab00000, 0x00000000ec800000, 0x0000000100000000)
  eden space 22528K, 0% used [0x00000000eab00000,0x00000000eab00000,0x00000000ec100000)
  from space 512K, 100% used [0x00000000ec780000,0x00000000ec800000,0x00000000ec800000)
  to   space 1536K, 0% used [0x00000000ec500000,0x00000000ec500000,0x00000000ec680000)
 ParOldGen       total 68608K, used 16769K [0x00000000c0000000, 0x00000000c4300000, 0x00000000eab00000)
  object space 68608K, 24% used [0x00000000c0000000,0x00000000c10604a0,0x00000000c4300000)
 Metaspace       used 31882K, committed 32832K, reserved 1114112K
  class space    used 3196K, committed 3584K, reserved 1048576K
}
Event: 89.242 GC heap before
{Heap before GC invocations=14 (full 1):
 PSYoungGen      total 23040K, used 21022K [0x00000000eab00000, 0x00000000ec800000, 0x0000000100000000)
  eden space 22528K, 91% used [0x00000000eab00000,0x00000000ebf07938,0x00000000ec100000)
  from space 512K, 100% used [0x00000000ec780000,0x00000000ec800000,0x00000000ec800000)
  to   space 1536K, 0% used [0x00000000ec500000,0x00000000ec500000,0x00000000ec680000)
 ParOldGen       total 68608K, used 16769K [0x00000000c0000000, 0x00000000c4300000, 0x00000000eab00000)
  object space 68608K, 24% used [0x00000000c0000000,0x00000000c10604a0,0x00000000c4300000)
 Metaspace       used 34982K, committed 35840K, reserved 1114112K
  class space    used 3541K, committed 3904K, reserved 1048576K
}
Event: 89.245 GC heap after
{Heap after GC invocations=14 (full 1):
 PSYoungGen      total 24064K, used 1162K [0x00000000eab00000, 0x00000000ec800000, 0x0000000100000000)
  eden space 22528K, 0% used [0x00000000eab00000,0x00000000eab00000,0x00000000ec100000)
  from space 1536K, 75% used [0x00000000ec500000,0x00000000ec6228e0,0x00000000ec680000)
  to   space 1536K, 0% used [0x00000000ec680000,0x00000000ec680000,0x00000000ec800000)
 ParOldGen       total 68608K, used 17213K [0x00000000c0000000, 0x00000000c4300000, 0x00000000eab00000)
  object space 68608K, 25% used [0x00000000c0000000,0x00000000c10cf4b0,0x00000000c4300000)
 Metaspace       used 34982K, committed 35840K, reserved 1114112K
  class space    used 3541K, committed 3904K, reserved 1048576K
}
Event: 89.245 GC heap before
{Heap before GC invocations=15 (full 2):
 PSYoungGen      total 24064K, used 1162K [0x00000000eab00000, 0x00000000ec800000, 0x0000000100000000)
  eden space 22528K, 0% used [0x00000000eab00000,0x00000000eab00000,0x00000000ec100000)
  from space 1536K, 75% used [0x00000000ec500000,0x00000000ec6228e0,0x00000000ec680000)
  to   space 1536K, 0% used [0x00000000ec680000,0x00000000ec680000,0x00000000ec800000)
 ParOldGen       total 68608K, used 17213K [0x00000000c0000000, 0x00000000c4300000, 0x00000000eab00000)
  object space 68608K, 25% used [0x00000000c0000000,0x00000000c10cf4b0,0x00000000c4300000)
 Metaspace       used 34982K, committed 35840K, reserved 1114112K
  class space    used 3541K, committed 3904K, reserved 1048576K
}
Event: 89.309 GC heap after
{Heap after GC invocations=15 (full 2):
 PSYoungGen      total 24064K, used 0K [0x00000000eab00000, 0x00000000ec800000, 0x0000000100000000)
  eden space 22528K, 0% used [0x00000000eab00000,0x00000000eab00000,0x00000000ec100000)
  from space 1536K, 0% used [0x00000000ec500000,0x00000000ec500000,0x00000000ec680000)
  to   space 1536K, 0% used [0x00000000ec680000,0x00000000ec680000,0x00000000ec800000)
 ParOldGen       total 68608K, used 17711K [0x00000000c0000000, 0x00000000c4300000, 0x00000000eab00000)
  object space 68608K, 25% used [0x00000000c0000000,0x00000000c114bef0,0x00000000c4300000)
 Metaspace       used 34979K, committed 35840K, reserved 1114112K
  class space    used 3540K, committed 3904K, reserved 1048576K
}
Event: 92.063 GC heap before
{Heap before GC invocations=16 (full 2):
 PSYoungGen      total 24064K, used 22528K [0x00000000eab00000, 0x00000000ec800000, 0x0000000100000000)
  eden space 22528K, 100% used [0x00000000eab00000,0x00000000ec100000,0x00000000ec100000)
  from space 1536K, 0% used [0x00000000ec500000,0x00000000ec500000,0x00000000ec680000)
  to   space 1536K, 0% used [0x00000000ec680000,0x00000000ec680000,0x00000000ec800000)
 ParOldGen       total 68608K, used 17711K [0x00000000c0000000, 0x00000000c4300000, 0x00000000eab00000)
  object space 68608K, 25% used [0x00000000c0000000,0x00000000c114bef0,0x00000000c4300000)
 Metaspace       used 38038K, committed 38912K, reserved 1114112K
  class space    used 3949K, committed 4288K, reserved 1048576K
}
Event: 92.066 GC heap after
{Heap after GC invocations=16 (full 2):
 PSYoungGen      total 23552K, used 1523K [0x00000000eab00000, 0x00000000ec800000, 0x0000000100000000)
  eden space 22016K, 0% used [0x00000000eab00000,0x00000000eab00000,0x00000000ec080000)
  from space 1536K, 99% used [0x00000000ec680000,0x00000000ec7fced8,0x00000000ec800000)
  to   space 2048K, 0% used [0x00000000ec400000,0x00000000ec400000,0x00000000ec600000)
 ParOldGen       total 68608K, used 17735K [0x00000000c0000000, 0x00000000c4300000, 0x00000000eab00000)
  object space 68608K, 25% used [0x00000000c0000000,0x00000000c1151ef0,0x00000000c4300000)
 Metaspace       used 38038K, committed 38912K, reserved 1114112K
  class space    used 3949K, committed 4288K, reserved 1048576K
}
Event: 93.569 GC heap before
{Heap before GC invocations=17 (full 2):
 PSYoungGen      total 23552K, used 23539K [0x00000000eab00000, 0x00000000ec800000, 0x0000000100000000)
  eden space 22016K, 100% used [0x00000000eab00000,0x00000000ec080000,0x00000000ec080000)
  from space 1536K, 99% used [0x00000000ec680000,0x00000000ec7fced8,0x00000000ec800000)
  to   space 2048K, 0% used [0x00000000ec400000,0x00000000ec400000,0x00000000ec600000)
 ParOldGen       total 68608K, used 17735K [0x00000000c0000000, 0x00000000c4300000, 0x00000000eab00000)
  object space 68608K, 25% used [0x00000000c0000000,0x00000000c1151ef0,0x00000000c4300000)
 Metaspace       used 40781K, committed 41792K, reserved 1114112K
  class space    used 4251K, committed 4672K, reserved 1048576K
}
Event: 93.575 GC heap after
{Heap after GC invocations=17 (full 2):
 PSYoungGen      total 24064K, used 2046K [0x00000000eab00000, 0x00000000ecc80000, 0x0000000100000000)
  eden space 22016K, 0% used [0x00000000eab00000,0x00000000eab00000,0x00000000ec080000)
  from space 2048K, 99% used [0x00000000ec400000,0x00000000ec5ff8b0,0x00000000ec600000)
  to   space 6144K, 0% used [0x00000000ec680000,0x00000000ec680000,0x00000000ecc80000)
 ParOldGen       total 68608K, used 20970K [0x00000000c0000000, 0x00000000c4300000, 0x00000000eab00000)
  object space 68608K, 30% used [0x00000000c0000000,0x00000000c147a950,0x00000000c4300000)
 Metaspace       used 40781K, committed 41792K, reserved 1114112K
  class space    used 4251K, committed 4672K, reserved 1048576K
}
Event: 95.107 GC heap before
{Heap before GC invocations=18 (full 2):
 PSYoungGen      total 24064K, used 24062K [0x00000000eab00000, 0x00000000ecc80000, 0x0000000100000000)
  eden space 22016K, 100% used [0x00000000eab00000,0x00000000ec080000,0x00000000ec080000)
  from space 2048K, 99% used [0x00000000ec400000,0x00000000ec5ff8b0,0x00000000ec600000)
  to   space 6144K, 0% used [0x00000000ec680000,0x00000000ec680000,0x00000000ecc80000)
 ParOldGen       total 68608K, used 20970K [0x00000000c0000000, 0x00000000c4300000, 0x00000000eab00000)
  object space 68608K, 30% used [0x00000000c0000000,0x00000000c147a950,0x00000000c4300000)
 Metaspace       used 43973K, committed 44992K, reserved 1114112K
  class space    used 4630K, committed 5056K, reserved 1048576K
}
Event: 95.116 GC heap after
{Heap after GC invocations=18 (full 2):
 PSYoungGen      total 24064K, used 1646K [0x00000000eab00000, 0x00000000ec880000, 0x0000000100000000)
  eden space 22016K, 0% used [0x00000000eab00000,0x00000000eab00000,0x00000000ec080000)
  from space 2048K, 80% used [0x00000000ec680000,0x00000000ec81ba40,0x00000000ec880000)
  to   space 3072K, 0% used [0x00000000ec280000,0x00000000ec280000,0x00000000ec580000)
 ParOldGen       total 68608K, used 22770K [0x00000000c0000000, 0x00000000c4300000, 0x00000000eab00000)
  object space 68608K, 33% used [0x00000000c0000000,0x00000000c163ca10,0x00000000c4300000)
 Metaspace       used 43973K, committed 44992K, reserved 1114112K
  class space    used 4630K, committed 5056K, reserved 1048576K
}
Event: 99.062 GC heap before
{Heap before GC invocations=19 (full 2):
 PSYoungGen      total 24064K, used 23521K [0x00000000eab00000, 0x00000000ec880000, 0x0000000100000000)
  eden space 22016K, 99% used [0x00000000eab00000,0x00000000ec05cd38,0x00000000ec080000)
  from space 2048K, 80% used [0x00000000ec680000,0x00000000ec81ba40,0x00000000ec880000)
  to   space 3072K, 0% used [0x00000000ec280000,0x00000000ec280000,0x00000000ec580000)
 ParOldGen       total 68608K, used 22770K [0x00000000c0000000, 0x00000000c4300000, 0x00000000eab00000)
  object space 68608K, 33% used [0x00000000c0000000,0x00000000c163ca10,0x00000000c4300000)
 Metaspace       used 46803K, committed 47872K, reserved 1114112K
  class space    used 4989K, committed 5440K, reserved 1048576K
}
Event: 99.073 GC heap after
{Heap after GC invocations=19 (full 2):
 PSYoungGen      total 24576K, used 2118K [0x00000000eab00000, 0x00000000ec700000, 0x0000000100000000)
  eden space 22016K, 0% used [0x00000000eab00000,0x00000000eab00000,0x00000000ec080000)
  from space 2560K, 82% used [0x00000000ec280000,0x00000000ec491a58,0x00000000ec500000)
  to   space 2048K, 0% used [0x00000000ec500000,0x00000000ec500000,0x00000000ec700000)
 ParOldGen       total 68608K, used 24369K [0x00000000c0000000, 0x00000000c4300000, 0x00000000eab00000)
  object space 68608K, 35% used [0x00000000c0000000,0x00000000c17cc480,0x00000000c4300000)
 Metaspace       used 46803K, committed 47872K, reserved 1114112K
  class space    used 4989K, committed 5440K, reserved 1048576K
}
Event: 106.137 GC heap before
{Heap before GC invocations=20 (full 2):
 PSYoungGen      total 24576K, used 24134K [0x00000000eab00000, 0x00000000ec700000, 0x0000000100000000)
  eden space 22016K, 100% used [0x00000000eab00000,0x00000000ec080000,0x00000000ec080000)
  from space 2560K, 82% used [0x00000000ec280000,0x00000000ec491a58,0x00000000ec500000)
  to   space 2048K, 0% used [0x00000000ec500000,0x00000000ec500000,0x00000000ec700000)
 ParOldGen       total 68608K, used 24369K [0x00000000c0000000, 0x00000000c4300000, 0x00000000eab00000)
  object space 68608K, 35% used [0x00000000c0000000,0x00000000c17cc480,0x00000000c4300000)
 Metaspace       used 48957K, committed 49984K, reserved 1114112K
  class space    used 5251K, committed 5696K, reserved 1048576K
}
Event: 106.144 GC heap after
{Heap after GC invocations=20 (full 2):
 PSYoungGen      total 24064K, used 1872K [0x00000000eab00000, 0x00000000ec700000, 0x0000000100000000)
  eden space 22016K, 0% used [0x00000000eab00000,0x00000000eab00000,0x00000000ec080000)
  from space 2048K, 91% used [0x00000000ec500000,0x00000000ec6d4010,0x00000000ec700000)
  to   space 2048K, 0% used [0x00000000ec300000,0x00000000ec300000,0x00000000ec500000)
 ParOldGen       total 68608K, used 25145K [0x00000000c0000000, 0x00000000c4300000, 0x00000000eab00000)
  object space 68608K, 36% used [0x00000000c0000000,0x00000000c188e490,0x00000000c4300000)
 Metaspace       used 48957K, committed 49984K, reserved 1114112K
  class space    used 5251K, committed 5696K, reserved 1048576K
}
Event: 117.097 GC heap before
{Heap before GC invocations=21 (full 2):
 PSYoungGen      total 24064K, used 23888K [0x00000000eab00000, 0x00000000ec700000, 0x0000000100000000)
  eden space 22016K, 100% used [0x00000000eab00000,0x00000000ec080000,0x00000000ec080000)
  from space 2048K, 91% used [0x00000000ec500000,0x00000000ec6d4010,0x00000000ec700000)
  to   space 2048K, 0% used [0x00000000ec300000,0x00000000ec300000,0x00000000ec500000)
 ParOldGen       total 68608K, used 25145K [0x00000000c0000000, 0x00000000c4300000, 0x00000000eab00000)
  object space 68608K, 36% used [0x00000000c0000000,0x00000000c188e490,0x00000000c4300000)
 Metaspace       used 50005K, committed 51136K, reserved 1114112K
  class space    used 5351K, committed 5760K, reserved 1048576K
}
Event: 117.101 GC heap after
{Heap after GC invocations=21 (full 2):
 PSYoungGen      total 23040K, used 704K [0x00000000eab00000, 0x00000000ec580000, 0x0000000100000000)
  eden space 22016K, 0% used [0x00000000eab00000,0x00000000eab00000,0x00000000ec080000)
  from space 1024K, 68% used [0x00000000ec300000,0x00000000ec3b0000,0x00000000ec400000)
  to   space 1536K, 0% used [0x00000000ec400000,0x00000000ec400000,0x00000000ec580000)
 ParOldGen       total 68608K, used 26853K [0x00000000c0000000, 0x00000000c4300000, 0x00000000eab00000)
  object space 68608K, 39% used [0x00000000c0000000,0x00000000c1a39768,0x00000000c4300000)
 Metaspace       used 50005K, committed 51136K, reserved 1114112K
  class space    used 5351K, committed 5760K, reserved 1048576K
}

