# JRE version: OpenJDK Runtime Environment Temurin-21.0.6+7 (21.0.6+7) (build 21.0.6+7-LTS)
# Java VM: OpenJDK 64-Bit Server VM Temurin-21.0.6+7 (21.0.6+7-LTS, mixed mode, sharing, tiered, compressed oops, compressed class ptrs, parallel gc, windows-amd64)
GC Precious Log:
 CardTable entry size: 512
 CPUs: 4 total, 4 available
 Memory: 6086M
 Large Page Support: Disabled
 NUMA Support: Disabled
 Compressed Oops: Enabled (32-bit)
 Alignments: Space 512K, Generation 512K, Heap 2M
 Heap Min Capacity: 100M
 Heap Initial Capacity: 100M
 Heap Max Capacity: 1G
 Pre-touch: Disabled
 Parallel Workers: 4
Heap:
 PSYoungGen      total 20480K, used 15886K [0x00000000eab00000, 0x00000000ec680000, 0x0000000100000000)
  eden space 18432K, 75% used [0x00000000eab00000,0x00000000eb889a40,0x00000000ebd00000)
  from space 2048K, 98% used [0x00000000ec100000,0x00000000ec2fa020,0x00000000ec300000)
  to   space 4096K, 0% used [0x00000000ebd00000,0x00000000ebd00000,0x00000000ec100000)
 ParOldGen       total 68608K, used 38542K [0x00000000c0000000, 0x00000000c4300000, 0x00000000eab00000)
  object space 68608K, 56% used [0x00000000c0000000,0x00000000c25a3888,0x00000000c4300000)
 Metaspace       used 46465K, committed 47552K, reserved 1114112K
  class space    used 4389K, committed 4864K, reserved 1048576K
GC Heap History (20 events):
Event: 19.240 GC heap before
{Heap before GC invocations=19 (full 1):
 PSYoungGen      total 23040K, used 8882K [0x00000000eab00000, 0x00000000ec400000, 0x0000000100000000)
  eden space 22016K, 36% used [0x00000000eab00000,0x00000000eb2e7650,0x00000000ec080000)
  from space 1024K, 77% used [0x00000000ec180000,0x00000000ec2453c8,0x00000000ec280000)
  to   space 1536K, 0% used [0x00000000ec280000,0x00000000ec280000,0x00000000ec400000)
 ParOldGen       total 68608K, used 28255K [0x00000000c0000000, 0x00000000c4300000, 0x00000000eab00000)
  object space 68608K, 41% used [0x00000000c0000000,0x00000000c1b97ed0,0x00000000c4300000)
 Metaspace       used 34980K, committed 35840K, reserved 1114112K
  class space    used 3433K, committed 3840K, reserved 1048576K
}
Event: 19.241 GC heap after
{Heap after GC invocations=19 (full 1):
 PSYoungGen      total 22528K, used 224K [0x00000000eab00000, 0x00000000ec300000, 0x0000000100000000)
  eden space 22016K, 0% used [0x00000000eab00000,0x00000000eab00000,0x00000000ec080000)
  from space 512K, 43% used [0x00000000ec280000,0x00000000ec2b8000,0x00000000ec300000)
  to   space 1024K, 0% used [0x00000000ec100000,0x00000000ec100000,0x00000000ec200000)
 ParOldGen       total 68608K, used 28954K [0x00000000c0000000, 0x00000000c4300000, 0x00000000eab00000)
  object space 68608K, 42% used [0x00000000c0000000,0x00000000c1c46ad8,0x00000000c4300000)
 Metaspace       used 34980K, committed 35840K, reserved 1114112K
  class space    used 3433K, committed 3840K, reserved 1048576K
}
Event: 19.241 GC heap before
{Heap before GC invocations=20 (full 2):
 PSYoungGen      total 22528K, used 224K [0x00000000eab00000, 0x00000000ec300000, 0x0000000100000000)
  eden space 22016K, 0% used [0x00000000eab00000,0x00000000eab00000,0x00000000ec080000)
  from space 512K, 43% used [0x00000000ec280000,0x00000000ec2b8000,0x00000000ec300000)
  to   space 1024K, 0% used [0x00000000ec100000,0x00000000ec100000,0x00000000ec200000)
 ParOldGen       total 68608K, used 28954K [0x00000000c0000000, 0x00000000c4300000, 0x00000000eab00000)
  object space 68608K, 42% used [0x00000000c0000000,0x00000000c1c46ad8,0x00000000c4300000)
 Metaspace       used 34980K, committed 35840K, reserved 1114112K
  class space    used 3433K, committed 3840K, reserved 1048576K
}
Event: 19.325 GC heap after
{Heap after GC invocations=20 (full 2):
 PSYoungGen      total 22528K, used 0K [0x00000000eab00000, 0x00000000ec300000, 0x0000000100000000)
  eden space 22016K, 0% used [0x00000000eab00000,0x00000000eab00000,0x00000000ec080000)
  from space 512K, 0% used [0x00000000ec280000,0x00000000ec280000,0x00000000ec300000)
  to   space 1024K, 0% used [0x00000000ec100000,0x00000000ec100000,0x00000000ec200000)
 ParOldGen       total 68608K, used 27985K [0x00000000c0000000, 0x00000000c4300000, 0x00000000eab00000)
  object space 68608K, 40% used [0x00000000c0000000,0x00000000c1b544d8,0x00000000c4300000)
 Metaspace       used 34980K, committed 35840K, reserved 1114112K
  class space    used 3433K, committed 3840K, reserved 1048576K
}
Event: 21.920 GC heap before
{Heap before GC invocations=21 (full 2):
 PSYoungGen      total 22528K, used 22016K [0x00000000eab00000, 0x00000000ec300000, 0x0000000100000000)
  eden space 22016K, 100% used [0x00000000eab00000,0x00000000ec080000,0x00000000ec080000)
  from space 512K, 0% used [0x00000000ec280000,0x00000000ec280000,0x00000000ec300000)
  to   space 1024K, 0% used [0x00000000ec100000,0x00000000ec100000,0x00000000ec200000)
 ParOldGen       total 68608K, used 27985K [0x00000000c0000000, 0x00000000c4300000, 0x00000000eab00000)
  object space 68608K, 40% used [0x00000000c0000000,0x00000000c1b544d8,0x00000000c4300000)
 Metaspace       used 36106K, committed 36992K, reserved 1114112K
  class space    used 3534K, committed 3904K, reserved 1048576K
}
Event: 21.923 GC heap after
{Heap after GC invocations=21 (full 2):
 PSYoungGen      total 23040K, used 998K [0x00000000eab00000, 0x00000000ec380000, 0x0000000100000000)
  eden space 22016K, 0% used [0x00000000eab00000,0x00000000eab00000,0x00000000ec080000)
  from space 1024K, 97% used [0x00000000ec100000,0x00000000ec1f9b08,0x00000000ec200000)
  to   space 1536K, 0% used [0x00000000ec200000,0x00000000ec200000,0x00000000ec380000)
 ParOldGen       total 68608K, used 28225K [0x00000000c0000000, 0x00000000c4300000, 0x00000000eab00000)
  object space 68608K, 41% used [0x00000000c0000000,0x00000000c1b904d8,0x00000000c4300000)
 Metaspace       used 36106K, committed 36992K, reserved 1114112K
  class space    used 3534K, committed 3904K, reserved 1048576K
}
Event: 23.903 GC heap before
{Heap before GC invocations=22 (full 2):
 PSYoungGen      total 23040K, used 23014K [0x00000000eab00000, 0x00000000ec380000, 0x0000000100000000)
  eden space 22016K, 100% used [0x00000000eab00000,0x00000000ec080000,0x00000000ec080000)
  from space 1024K, 97% used [0x00000000ec100000,0x00000000ec1f9b08,0x00000000ec200000)
  to   space 1536K, 0% used [0x00000000ec200000,0x00000000ec200000,0x00000000ec380000)
 ParOldGen       total 68608K, used 28225K [0x00000000c0000000, 0x00000000c4300000, 0x00000000eab00000)
  object space 68608K, 41% used [0x00000000c0000000,0x00000000c1b904d8,0x00000000c4300000)
 Metaspace       used 36124K, committed 37056K, reserved 1114112K
  class space    used 3534K, committed 3904K, reserved 1048576K
}
Event: 23.908 GC heap after
{Heap after GC invocations=22 (full 2):
 PSYoungGen      total 23040K, used 873K [0x00000000eab00000, 0x00000000ec300000, 0x0000000100000000)
  eden space 22016K, 0% used [0x00000000eab00000,0x00000000eab00000,0x00000000ec080000)
  from space 1024K, 85% used [0x00000000ec200000,0x00000000ec2da698,0x00000000ec300000)
  to   space 1024K, 0% used [0x00000000ec100000,0x00000000ec100000,0x00000000ec200000)
 ParOldGen       total 68608K, used 28854K [0x00000000c0000000, 0x00000000c4300000, 0x00000000eab00000)
  object space 68608K, 42% used [0x00000000c0000000,0x00000000c1c2d998,0x00000000c4300000)
 Metaspace       used 36124K, committed 37056K, reserved 1114112K
  class space    used 3534K, committed 3904K, reserved 1048576K
}
Event: 28.450 GC heap before
{Heap before GC invocations=23 (full 2):
 PSYoungGen      total 23040K, used 22889K [0x00000000eab00000, 0x00000000ec300000, 0x0000000100000000)
  eden space 22016K, 100% used [0x00000000eab00000,0x00000000ec080000,0x00000000ec080000)
  from space 1024K, 85% used [0x00000000ec200000,0x00000000ec2da698,0x00000000ec300000)
  to   space 1024K, 0% used [0x00000000ec100000,0x00000000ec100000,0x00000000ec200000)
 ParOldGen       total 68608K, used 28854K [0x00000000c0000000, 0x00000000c4300000, 0x00000000eab00000)
  object space 68608K, 42% used [0x00000000c0000000,0x00000000c1c2d998,0x00000000c4300000)
 Metaspace       used 39161K, committed 40064K, reserved 1114112K
  class space    used 3791K, committed 4160K, reserved 1048576K
}
Event: 28.454 GC heap after
{Heap after GC invocations=23 (full 2):
 PSYoungGen      total 23040K, used 985K [0x00000000eab00000, 0x00000000ec280000, 0x0000000100000000)
  eden space 22016K, 0% used [0x00000000eab00000,0x00000000eab00000,0x00000000ec080000)
  from space 1024K, 96% used [0x00000000ec100000,0x00000000ec1f6490,0x00000000ec200000)
  to   space 512K, 0% used [0x00000000ec200000,0x00000000ec200000,0x00000000ec280000)
 ParOldGen       total 68608K, used 28870K [0x00000000c0000000, 0x00000000c4300000, 0x00000000eab00000)
  object space 68608K, 42% used [0x00000000c0000000,0x00000000c1c31998,0x00000000c4300000)
 Metaspace       used 39161K, committed 40064K, reserved 1114112K
  class space    used 3791K, committed 4160K, reserved 1048576K
}
Event: 32.338 GC heap before
{Heap before GC invocations=24 (full 2):
 PSYoungGen      total 23040K, used 23001K [0x00000000eab00000, 0x00000000ec280000, 0x0000000100000000)
  eden space 22016K, 100% used [0x00000000eab00000,0x00000000ec080000,0x00000000ec080000)
  from space 1024K, 96% used [0x00000000ec100000,0x00000000ec1f6490,0x00000000ec200000)
  to   space 512K, 0% used [0x00000000ec200000,0x00000000ec200000,0x00000000ec280000)
 ParOldGen       total 68608K, used 28870K [0x00000000c0000000, 0x00000000c4300000, 0x00000000eab00000)
  object space 68608K, 42% used [0x00000000c0000000,0x00000000c1c31998,0x00000000c4300000)
 Metaspace       used 41926K, committed 42944K, reserved 1114112K
  class space    used 4063K, committed 4544K, reserved 1048576K
}
Event: 32.347 GC heap after
{Heap after GC invocations=24 (full 2):
 PSYoungGen      total 20480K, used 481K [0x00000000eab00000, 0x00000000ec780000, 0x0000000100000000)
  eden space 19968K, 0% used [0x00000000eab00000,0x00000000eab00000,0x00000000ebe80000)
  from space 512K, 94% used [0x00000000ec200000,0x00000000ec278790,0x00000000ec280000)
  to   space 3584K, 0% used [0x00000000ebe80000,0x00000000ebe80000,0x00000000ec200000)
 ParOldGen       total 68608K, used 31545K [0x00000000c0000000, 0x00000000c4300000, 0x00000000eab00000)
  object space 68608K, 45% used [0x00000000c0000000,0x00000000c1ece6a0,0x00000000c4300000)
 Metaspace       used 41926K, committed 42944K, reserved 1114112K
  class space    used 4063K, committed 4544K, reserved 1048576K
}
Event: 37.976 GC heap before
{Heap before GC invocations=25 (full 2):
 PSYoungGen      total 20480K, used 20449K [0x00000000eab00000, 0x00000000ec780000, 0x0000000100000000)
  eden space 19968K, 100% used [0x00000000eab00000,0x00000000ebe80000,0x00000000ebe80000)
  from space 512K, 94% used [0x00000000ec200000,0x00000000ec278790,0x00000000ec280000)
  to   space 3584K, 0% used [0x00000000ebe80000,0x00000000ebe80000,0x00000000ec200000)
 ParOldGen       total 68608K, used 31545K [0x00000000c0000000, 0x00000000c4300000, 0x00000000eab00000)
  object space 68608K, 45% used [0x00000000c0000000,0x00000000c1ece6a0,0x00000000c4300000)
 Metaspace       used 43448K, committed 44416K, reserved 1114112K
  class space    used 4182K, committed 4608K, reserved 1048576K
}
Event: 37.986 GC heap after
{Heap after GC invocations=25 (full 2):
 PSYoungGen      total 23552K, used 3473K [0x00000000eab00000, 0x00000000ec680000, 0x0000000100000000)
  eden space 19968K, 0% used [0x00000000eab00000,0x00000000eab00000,0x00000000ebe80000)
  from space 3584K, 96% used [0x00000000ebe80000,0x00000000ec1e4650,0x00000000ec200000)
  to   space 4096K, 0% used [0x00000000ec280000,0x00000000ec280000,0x00000000ec680000)
 ParOldGen       total 68608K, used 31977K [0x00000000c0000000, 0x00000000c4300000, 0x00000000eab00000)
  object space 68608K, 46% used [0x00000000c0000000,0x00000000c1f3a730,0x00000000c4300000)
 Metaspace       used 43448K, committed 44416K, reserved 1114112K
  class space    used 4182K, committed 4608K, reserved 1048576K
}
Event: 41.773 GC heap before
{Heap before GC invocations=26 (full 2):
 PSYoungGen      total 23552K, used 23441K [0x00000000eab00000, 0x00000000ec680000, 0x0000000100000000)
  eden space 19968K, 100% used [0x00000000eab00000,0x00000000ebe80000,0x00000000ebe80000)
  from space 3584K, 96% used [0x00000000ebe80000,0x00000000ec1e4650,0x00000000ec200000)
  to   space 4096K, 0% used [0x00000000ec280000,0x00000000ec280000,0x00000000ec680000)
 ParOldGen       total 68608K, used 31977K [0x00000000c0000000, 0x00000000c4300000, 0x00000000eab00000)
  object space 68608K, 46% used [0x00000000c0000000,0x00000000c1f3a730,0x00000000c4300000)
 Metaspace       used 44314K, committed 45376K, reserved 1114112K
  class space    used 4218K, committed 4672K, reserved 1048576K
}
Event: 41.800 GC heap after
{Heap after GC invocations=26 (full 2):
 PSYoungGen      total 22528K, used 2494K [0x00000000eab00000, 0x00000000ec500000, 0x0000000100000000)
  eden space 19968K, 0% used [0x00000000eab00000,0x00000000eab00000,0x00000000ebe80000)
  from space 2560K, 97% used [0x00000000ec280000,0x00000000ec4ef8e0,0x00000000ec500000)
  to   space 3072K, 0% used [0x00000000ebf00000,0x00000000ebf00000,0x00000000ec200000)
 ParOldGen       total 68608K, used 35263K [0x00000000c0000000, 0x00000000c4300000, 0x00000000eab00000)
  object space 68608K, 51% used [0x00000000c0000000,0x00000000c226fca8,0x00000000c4300000)
 Metaspace       used 44314K, committed 45376K, reserved 1114112K
  class space    used 4218K, committed 4672K, reserved 1048576K
}
Event: 45.996 GC heap before
{Heap before GC invocations=27 (full 2):
 PSYoungGen      total 22528K, used 22462K [0x00000000eab00000, 0x00000000ec500000, 0x0000000100000000)
  eden space 19968K, 100% used [0x00000000eab00000,0x00000000ebe80000,0x00000000ebe80000)
  from space 2560K, 97% used [0x00000000ec280000,0x00000000ec4ef8e0,0x00000000ec500000)
  to   space 3072K, 0% used [0x00000000ebf00000,0x00000000ebf00000,0x00000000ec200000)
 ParOldGen       total 68608K, used 35263K [0x00000000c0000000, 0x00000000c4300000, 0x00000000eab00000)
  object space 68608K, 51% used [0x00000000c0000000,0x00000000c226fca8,0x00000000c4300000)
 Metaspace       used 45449K, committed 46528K, reserved 1114112K
  class space    used 4348K, committed 4864K, reserved 1048576K
}
Event: 46.002 GC heap after
{Heap after GC invocations=27 (full 2):
 PSYoungGen      total 21504K, used 1080K [0x00000000eab00000, 0x00000000ec300000, 0x0000000100000000)
  eden space 19968K, 0% used [0x00000000eab00000,0x00000000eab00000,0x00000000ebe80000)
  from space 1536K, 70% used [0x00000000ebf00000,0x00000000ec00e1e8,0x00000000ec080000)
  to   space 2048K, 0% used [0x00000000ec100000,0x00000000ec100000,0x00000000ec300000)
 ParOldGen       total 68608K, used 36978K [0x00000000c0000000, 0x00000000c4300000, 0x00000000eab00000)
  object space 68608K, 53% used [0x00000000c0000000,0x00000000c241ca70,0x00000000c4300000)
 Metaspace       used 45449K, committed 46528K, reserved 1114112K
  class space    used 4348K, committed 4864K, reserved 1048576K
}
Event: 115.613 GC heap before
{Heap before GC invocations=28 (full 2):
 PSYoungGen      total 21504K, used 21030K [0x00000000eab00000, 0x00000000ec300000, 0x0000000100000000)
  eden space 19968K, 99% used [0x00000000eab00000,0x00000000ebe7b648,0x00000000ebe80000)
  from space 1536K, 70% used [0x00000000ebf00000,0x00000000ec00e1e8,0x00000000ec080000)
  to   space 2048K, 0% used [0x00000000ec100000,0x00000000ec100000,0x00000000ec300000)
 ParOldGen       total 68608K, used 36978K [0x00000000c0000000, 0x00000000c4300000, 0x00000000eab00000)
  object space 68608K, 53% used [0x00000000c0000000,0x00000000c241ca70,0x00000000c4300000)
 Metaspace       used 46024K, committed 47168K, reserved 1114112K
  class space    used 4387K, committed 4864K, reserved 1048576K
}
Event: 115.621 GC heap after
{Heap after GC invocations=28 (full 2):
 PSYoungGen      total 20480K, used 2024K [0x00000000eab00000, 0x00000000ec680000, 0x0000000100000000)
  eden space 18432K, 0% used [0x00000000eab00000,0x00000000eab00000,0x00000000ebd00000)
  from space 2048K, 98% used [0x00000000ec100000,0x00000000ec2fa020,0x00000000ec300000)
  to   space 4096K, 0% used [0x00000000ebd00000,0x00000000ebd00000,0x00000000ec100000)
 ParOldGen       total 68608K, used 38542K [0x00000000c0000000, 0x00000000c4300000, 0x00000000eab00000)
  object space 68608K, 56% used [0x00000000c0000000,0x00000000c25a3888,0x00000000c4300000)
 Metaspace       used 46024K, committed 47168K, reserved 1114112K
  class space    used 4387K, committed 4864K, reserved 1048576K
}

