# JRE version: OpenJDK Runtime Environment (Red_Hat-21.0.1.0+12-3) (21.0.1+12) (build 21.0.1+12-LTS)
# Java VM: OpenJDK 64-Bit Server VM (Red_Hat-21.0.1.0+12-3) (21.0.1+12-LTS, mixed mode, sharing, tiered, compressed oops, compressed class ptrs, g1 gc, windows-amd64)
GC Precious Log:
 CardTable entry size: 512
 Card Set container configuration: InlinePtr #cards 5 size 8 Array Of Cards #cards 12 size 40 Howl #buckets 4 coarsen threshold 1843 Howl Bitmap #cards 512 size 80 coarsen threshold 460 Card regions per heap region 1 cards per card region 2048
 CPUs: 4 total, 4 available
 Memory: 6086M
 Large Page Support: Disabled
 NUMA Support: Disabled
 Compressed Oops: Enabled (32-bit)
 Heap Region Size: 1M
 Heap Min Capacity: 8M
 Heap Initial Capacity: 96M
 Heap Max Capacity: 1522M
 Pre-touch: Disabled
 Parallel Workers: 4
 Concurrent Workers: 1
 Concurrent Refinement Workers: 4
 Periodic GC: Disabled
Heap:
 garbage-first heap   total 81920K, used 56709K [0x00000000a0e00000, 0x0000000100000000)
  region size 1024K, 25 young (25600K), 3 survivors (3072K)
 Metaspace       used 29357K, committed 29696K, reserved 1114112K
  class space    used 3293K, committed 3456K, reserved 1048576K
GC Heap History (16 events):
Event: 1.558 GC heap before
{Heap before GC invocations=0 (full 0):
 garbage-first heap   total 98304K, used 12288K [0x00000000a0e00000, 0x0000000100000000)
  region size 1024K, 13 young (13312K), 0 survivors (0K)
 Metaspace       used 3822K, committed 4032K, reserved 1114112K
  class space    used 397K, committed 512K, reserved 1048576K
}
Event: 1.570 GC heap after
{Heap after GC invocations=1 (full 0):
 garbage-first heap   total 98304K, used 3296K [0x00000000a0e00000, 0x0000000100000000)
  region size 1024K, 2 young (2048K), 2 survivors (2048K)
 Metaspace       used 3822K, committed 4032K, reserved 1114112K
  class space    used 397K, committed 512K, reserved 1048576K
}
Event: 2.551 GC heap before
{Heap before GC invocations=1 (full 0):
 garbage-first heap   total 98304K, used 19680K [0x00000000a0e00000, 0x0000000100000000)
  region size 1024K, 18 young (18432K), 2 survivors (2048K)
 Metaspace       used 6551K, committed 6720K, reserved 1114112K
  class space    used 761K, committed 832K, reserved 1048576K
}
Event: 2.560 GC heap after
{Heap after GC invocations=2 (full 0):
 garbage-first heap   total 98304K, used 4153K [0x00000000a0e00000, 0x0000000100000000)
  region size 1024K, 1 young (1024K), 1 survivors (1024K)
 Metaspace       used 6551K, committed 6720K, reserved 1114112K
  class space    used 761K, committed 832K, reserved 1048576K
}
Event: 9.323 GC heap before
{Heap before GC invocations=2 (full 0):
 garbage-first heap   total 98304K, used 60473K [0x00000000a0e00000, 0x0000000100000000)
  region size 1024K, 57 young (58368K), 1 survivors (1024K)
 Metaspace       used 15361K, committed 15616K, reserved 1114112K
  class space    used 1811K, committed 1920K, reserved 1048576K
}
Event: 9.351 GC heap after
{Heap after GC invocations=3 (full 0):
 garbage-first heap   total 98304K, used 9808K [0x00000000a0e00000, 0x0000000100000000)
  region size 1024K, 7 young (7168K), 7 survivors (7168K)
 Metaspace       used 15361K, committed 15616K, reserved 1114112K
  class space    used 1811K, committed 1920K, reserved 1048576K
}
Event: 15.090 GC heap before
{Heap before GC invocations=3 (full 0):
 garbage-first heap   total 98304K, used 61008K [0x00000000a0e00000, 0x0000000100000000)
  region size 1024K, 57 young (58368K), 7 survivors (7168K)
 Metaspace       used 16281K, committed 16576K, reserved 1114112K
  class space    used 1876K, committed 1984K, reserved 1048576K
}
Event: 15.125 GC heap after
{Heap after GC invocations=4 (full 0):
 garbage-first heap   total 98304K, used 14430K [0x00000000a0e00000, 0x0000000100000000)
  region size 1024K, 5 young (5120K), 5 survivors (5120K)
 Metaspace       used 16281K, committed 16576K, reserved 1114112K
  class space    used 1876K, committed 1984K, reserved 1048576K
}
Event: 22.989 GC heap before
{Heap before GC invocations=4 (full 0):
 garbage-first heap   total 98304K, used 71774K [0x00000000a0e00000, 0x0000000100000000)
  region size 1024K, 57 young (58368K), 5 survivors (5120K)
 Metaspace       used 20633K, committed 20992K, reserved 1114112K
  class space    used 2349K, committed 2496K, reserved 1048576K
}
Event: 23.011 GC heap after
{Heap after GC invocations=5 (full 0):
 garbage-first heap   total 98304K, used 23360K [0x00000000a0e00000, 0x0000000100000000)
  region size 1024K, 5 young (5120K), 5 survivors (5120K)
 Metaspace       used 20633K, committed 20992K, reserved 1114112K
  class space    used 2349K, committed 2496K, reserved 1048576K
}
Event: 23.339 GC heap before
{Heap before GC invocations=5 (full 0):
 garbage-first heap   total 98304K, used 26432K [0x00000000a0e00000, 0x0000000100000000)
  region size 1024K, 9 young (9216K), 5 survivors (5120K)
 Metaspace       used 21197K, committed 21504K, reserved 1114112K
  class space    used 2432K, committed 2560K, reserved 1048576K
}
Event: 23.355 GC heap after
{Heap after GC invocations=6 (full 0):
 garbage-first heap   total 98304K, used 22948K [0x00000000a0e00000, 0x0000000100000000)
  region size 1024K, 2 young (2048K), 2 survivors (2048K)
 Metaspace       used 21197K, committed 21504K, reserved 1114112K
  class space    used 2432K, committed 2560K, reserved 1048576K
}
Event: 29.419 GC heap before
{Heap before GC invocations=7 (full 0):
 garbage-first heap   total 81920K, used 56740K [0x00000000a0e00000, 0x0000000100000000)
  region size 1024K, 35 young (35840K), 2 survivors (2048K)
 Metaspace       used 26932K, committed 27328K, reserved 1114112K
  class space    used 3061K, committed 3264K, reserved 1048576K
}
Event: 29.443 GC heap after
{Heap after GC invocations=8 (full 0):
 garbage-first heap   total 81920K, used 33700K [0x00000000a0e00000, 0x0000000100000000)
  region size 1024K, 5 young (5120K), 5 survivors (5120K)
 Metaspace       used 26932K, committed 27328K, reserved 1114112K
  class space    used 3061K, committed 3264K, reserved 1048576K
}
Event: 33.164 GC heap before
{Heap before GC invocations=8 (full 0):
 garbage-first heap   total 81920K, used 54180K [0x00000000a0e00000, 0x0000000100000000)
  region size 1024K, 26 young (26624K), 5 survivors (5120K)
 Metaspace       used 28277K, committed 28608K, reserved 1114112K
  class space    used 3184K, committed 3328K, reserved 1048576K
}
Event: 33.187 GC heap after
{Heap after GC invocations=9 (full 0):
 garbage-first heap   total 81920K, used 36229K [0x00000000a0e00000, 0x0000000100000000)
  region size 1024K, 3 young (3072K), 3 survivors (3072K)
 Metaspace       used 28277K, committed 28608K, reserved 1114112K
  class space    used 3184K, committed 3328K, reserved 1048576K
}

