# JRE version: OpenJDK Runtime Environment Temurin-21.0.6+7 (21.0.6+7) (build 21.0.6+7-LTS)
# Java VM: OpenJDK 64-Bit Server VM Temurin-21.0.6+7 (21.0.6+7-LTS, mixed mode, sharing, tiered, compressed oops, compressed class ptrs, parallel gc, windows-amd64)
GC Precious Log:
 CardTable entry size: 512
 CPUs: 4 total, 4 available
 Memory: 6086M
 Large Page Support: Disabled
 NUMA Support: Disabled
 Compressed Oops: Enabled (32-bit)
 Alignments: Space 512K, Generation 512K, Heap 2M
 Heap Min Capacity: 100M
 Heap Initial Capacity: 100M
 Heap Max Capacity: 1G
 Pre-touch: Disabled
 Parallel Workers: 4
Heap:
 PSYoungGen      total 22016K, used 6012K [0x00000000eab00000, 0x00000000ec180000, 0x0000000100000000)
  eden space 20992K, 25% used [0x00000000eab00000,0x00000000eb050c78,0x00000000ebf80000)
  from space 1024K, 55% used [0x00000000ec080000,0x00000000ec10e6c0,0x00000000ec180000)
  to   space 1024K, 0% used [0x00000000ebf80000,0x00000000ebf80000,0x00000000ec080000)
 ParOldGen       total 68608K, used 57499K [0x00000000c0000000, 0x00000000c4300000, 0x00000000eab00000)
  object space 68608K, 83% used [0x00000000c0000000,0x00000000c3826f70,0x00000000c4300000)
 Metaspace       used 55139K, committed 56576K, reserved 1114112K
  class space    used 5713K, committed 6336K, reserved 1048576K
GC Heap History (20 events):
Event: 196.321 GC heap before
{Heap before GC invocations=39 (full 2):
 PSYoungGen      total 22016K, used 21941K [0x00000000eab00000, 0x00000000ec280000, 0x0000000100000000)
  eden space 21504K, 100% used [0x00000000eab00000,0x00000000ec000000,0x00000000ec000000)
  from space 512K, 85% used [0x00000000ec200000,0x00000000ec26d6e8,0x00000000ec280000)
  to   space 512K, 0% used [0x00000000ec180000,0x00000000ec180000,0x00000000ec200000)
 ParOldGen       total 68608K, used 52353K [0x00000000c0000000, 0x00000000c4300000, 0x00000000eab00000)
  object space 68608K, 76% used [0x00000000c0000000,0x00000000c3320450,0x00000000c4300000)
 Metaspace       used 53677K, committed 55040K, reserved 1114112K
  class space    used 5567K, committed 6144K, reserved 1048576K
}
Event: 196.326 GC heap after
{Heap after GC invocations=39 (full 2):
 PSYoungGen      total 22016K, used 320K [0x00000000eab00000, 0x00000000ec280000, 0x0000000100000000)
  eden space 21504K, 0% used [0x00000000eab00000,0x00000000eab00000,0x00000000ec000000)
  from space 512K, 62% used [0x00000000ec180000,0x00000000ec1d0000,0x00000000ec200000)
  to   space 512K, 0% used [0x00000000ec200000,0x00000000ec200000,0x00000000ec280000)
 ParOldGen       total 68608K, used 52393K [0x00000000c0000000, 0x00000000c4300000, 0x00000000eab00000)
  object space 68608K, 76% used [0x00000000c0000000,0x00000000c332a450,0x00000000c4300000)
 Metaspace       used 53677K, committed 55040K, reserved 1114112K
  class space    used 5567K, committed 6144K, reserved 1048576K
}
Event: 197.522 GC heap before
{Heap before GC invocations=40 (full 2):
 PSYoungGen      total 22016K, used 21824K [0x00000000eab00000, 0x00000000ec280000, 0x0000000100000000)
  eden space 21504K, 100% used [0x00000000eab00000,0x00000000ec000000,0x00000000ec000000)
  from space 512K, 62% used [0x00000000ec180000,0x00000000ec1d0000,0x00000000ec200000)
  to   space 512K, 0% used [0x00000000ec200000,0x00000000ec200000,0x00000000ec280000)
 ParOldGen       total 68608K, used 52393K [0x00000000c0000000, 0x00000000c4300000, 0x00000000eab00000)
  object space 68608K, 76% used [0x00000000c0000000,0x00000000c332a450,0x00000000c4300000)
 Metaspace       used 53716K, committed 55104K, reserved 1114112K
  class space    used 5567K, committed 6144K, reserved 1048576K
}
Event: 197.524 GC heap after
{Heap after GC invocations=40 (full 2):
 PSYoungGen      total 22016K, used 491K [0x00000000eab00000, 0x00000000ec280000, 0x0000000100000000)
  eden space 21504K, 0% used [0x00000000eab00000,0x00000000eab00000,0x00000000ec000000)
  from space 512K, 96% used [0x00000000ec200000,0x00000000ec27afc8,0x00000000ec280000)
  to   space 1024K, 0% used [0x00000000ec080000,0x00000000ec080000,0x00000000ec180000)
 ParOldGen       total 68608K, used 52481K [0x00000000c0000000, 0x00000000c4300000, 0x00000000eab00000)
  object space 68608K, 76% used [0x00000000c0000000,0x00000000c3340450,0x00000000c4300000)
 Metaspace       used 53716K, committed 55104K, reserved 1114112K
  class space    used 5567K, committed 6144K, reserved 1048576K
}
Event: 198.670 GC heap before
{Heap before GC invocations=41 (full 2):
 PSYoungGen      total 22016K, used 21849K [0x00000000eab00000, 0x00000000ec280000, 0x0000000100000000)
  eden space 21504K, 99% used [0x00000000eab00000,0x00000000ebfdb780,0x00000000ec000000)
  from space 512K, 96% used [0x00000000ec200000,0x00000000ec27afc8,0x00000000ec280000)
  to   space 1024K, 0% used [0x00000000ec080000,0x00000000ec080000,0x00000000ec180000)
 ParOldGen       total 68608K, used 52481K [0x00000000c0000000, 0x00000000c4300000, 0x00000000eab00000)
  object space 68608K, 76% used [0x00000000c0000000,0x00000000c3340450,0x00000000c4300000)
 Metaspace       used 53726K, committed 55104K, reserved 1114112K
  class space    used 5567K, committed 6144K, reserved 1048576K
}
Event: 198.673 GC heap after
{Heap after GC invocations=41 (full 2):
 PSYoungGen      total 22528K, used 224K [0x00000000eab00000, 0x00000000ec280000, 0x0000000100000000)
  eden space 21504K, 0% used [0x00000000eab00000,0x00000000eab00000,0x00000000ec000000)
  from space 1024K, 21% used [0x00000000ec080000,0x00000000ec0b8000,0x00000000ec180000)
  to   space 512K, 0% used [0x00000000ec200000,0x00000000ec200000,0x00000000ec280000)
 ParOldGen       total 68608K, used 52705K [0x00000000c0000000, 0x00000000c4300000, 0x00000000eab00000)
  object space 68608K, 76% used [0x00000000c0000000,0x00000000c3378470,0x00000000c4300000)
 Metaspace       used 53726K, committed 55104K, reserved 1114112K
  class space    used 5567K, committed 6144K, reserved 1048576K
}
Event: 199.272 GC heap before
{Heap before GC invocations=42 (full 2):
 PSYoungGen      total 22528K, used 21728K [0x00000000eab00000, 0x00000000ec280000, 0x0000000100000000)
  eden space 21504K, 100% used [0x00000000eab00000,0x00000000ec000000,0x00000000ec000000)
  from space 1024K, 21% used [0x00000000ec080000,0x00000000ec0b8000,0x00000000ec180000)
  to   space 512K, 0% used [0x00000000ec200000,0x00000000ec200000,0x00000000ec280000)
 ParOldGen       total 68608K, used 52705K [0x00000000c0000000, 0x00000000c4300000, 0x00000000eab00000)
  object space 68608K, 76% used [0x00000000c0000000,0x00000000c3378470,0x00000000c4300000)
 Metaspace       used 53726K, committed 55104K, reserved 1114112K
  class space    used 5567K, committed 6144K, reserved 1048576K
}
Event: 199.278 GC heap after
{Heap after GC invocations=42 (full 2):
 PSYoungGen      total 21504K, used 485K [0x00000000eab00000, 0x00000000ec500000, 0x0000000100000000)
  eden space 20992K, 0% used [0x00000000eab00000,0x00000000eab00000,0x00000000ebf80000)
  from space 512K, 94% used [0x00000000ec200000,0x00000000ec279428,0x00000000ec280000)
  to   space 2560K, 0% used [0x00000000ebf80000,0x00000000ebf80000,0x00000000ec200000)
 ParOldGen       total 68608K, used 54139K [0x00000000c0000000, 0x00000000c4300000, 0x00000000eab00000)
  object space 68608K, 78% used [0x00000000c0000000,0x00000000c34dec68,0x00000000c4300000)
 Metaspace       used 53726K, committed 55104K, reserved 1114112K
  class space    used 5567K, committed 6144K, reserved 1048576K
}
Event: 200.600 GC heap before
{Heap before GC invocations=43 (full 2):
 PSYoungGen      total 21504K, used 21477K [0x00000000eab00000, 0x00000000ec500000, 0x0000000100000000)
  eden space 20992K, 100% used [0x00000000eab00000,0x00000000ebf80000,0x00000000ebf80000)
  from space 512K, 94% used [0x00000000ec200000,0x00000000ec279428,0x00000000ec280000)
  to   space 2560K, 0% used [0x00000000ebf80000,0x00000000ebf80000,0x00000000ec200000)
 ParOldGen       total 68608K, used 54139K [0x00000000c0000000, 0x00000000c4300000, 0x00000000eab00000)
  object space 68608K, 78% used [0x00000000c0000000,0x00000000c34dec68,0x00000000c4300000)
 Metaspace       used 53726K, committed 55104K, reserved 1114112K
  class space    used 5567K, committed 6144K, reserved 1048576K
}
Event: 200.602 GC heap after
{Heap after GC invocations=43 (full 2):
 PSYoungGen      total 22016K, used 576K [0x00000000eab00000, 0x00000000ec280000, 0x0000000100000000)
  eden space 20992K, 0% used [0x00000000eab00000,0x00000000eab00000,0x00000000ebf80000)
  from space 1024K, 56% used [0x00000000ebf80000,0x00000000ec010150,0x00000000ec080000)
  to   space 1536K, 0% used [0x00000000ec100000,0x00000000ec100000,0x00000000ec280000)
 ParOldGen       total 68608K, used 54547K [0x00000000c0000000, 0x00000000c4300000, 0x00000000eab00000)
  object space 68608K, 79% used [0x00000000c0000000,0x00000000c3544c78,0x00000000c4300000)
 Metaspace       used 53726K, committed 55104K, reserved 1114112K
  class space    used 5567K, committed 6144K, reserved 1048576K
}
Event: 201.709 GC heap before
{Heap before GC invocations=44 (full 2):
 PSYoungGen      total 22016K, used 21568K [0x00000000eab00000, 0x00000000ec280000, 0x0000000100000000)
  eden space 20992K, 99% used [0x00000000eab00000,0x00000000ebf7fff0,0x00000000ebf80000)
  from space 1024K, 56% used [0x00000000ebf80000,0x00000000ec010150,0x00000000ec080000)
  to   space 1536K, 0% used [0x00000000ec100000,0x00000000ec100000,0x00000000ec280000)
 ParOldGen       total 68608K, used 54547K [0x00000000c0000000, 0x00000000c4300000, 0x00000000eab00000)
  object space 68608K, 79% used [0x00000000c0000000,0x00000000c3544c78,0x00000000c4300000)
 Metaspace       used 53834K, committed 55232K, reserved 1114112K
  class space    used 5579K, committed 6208K, reserved 1048576K
}
Event: 201.711 GC heap after
{Heap after GC invocations=44 (full 2):
 PSYoungGen      total 21504K, used 346K [0x00000000eab00000, 0x00000000ec180000, 0x0000000100000000)
  eden space 20992K, 0% used [0x00000000eab00000,0x00000000eab00000,0x00000000ebf80000)
  from space 512K, 67% used [0x00000000ec100000,0x00000000ec156900,0x00000000ec180000)
  to   space 512K, 0% used [0x00000000ec080000,0x00000000ec080000,0x00000000ec100000)
 ParOldGen       total 68608K, used 54927K [0x00000000c0000000, 0x00000000c4300000, 0x00000000eab00000)
  object space 68608K, 80% used [0x00000000c0000000,0x00000000c35a3fd0,0x00000000c4300000)
 Metaspace       used 53834K, committed 55232K, reserved 1114112K
  class space    used 5579K, committed 6208K, reserved 1048576K
}
Event: 202.568 GC heap before
{Heap before GC invocations=45 (full 2):
 PSYoungGen      total 21504K, used 21338K [0x00000000eab00000, 0x00000000ec180000, 0x0000000100000000)
  eden space 20992K, 100% used [0x00000000eab00000,0x00000000ebf80000,0x00000000ebf80000)
  from space 512K, 67% used [0x00000000ec100000,0x00000000ec156900,0x00000000ec180000)
  to   space 512K, 0% used [0x00000000ec080000,0x00000000ec080000,0x00000000ec100000)
 ParOldGen       total 68608K, used 54927K [0x00000000c0000000, 0x00000000c4300000, 0x00000000eab00000)
  object space 68608K, 80% used [0x00000000c0000000,0x00000000c35a3fd0,0x00000000c4300000)
 Metaspace       used 53849K, committed 55232K, reserved 1114112K
  class space    used 5579K, committed 6208K, reserved 1048576K
}
Event: 202.675 GC heap after
{Heap after GC invocations=45 (full 2):
 PSYoungGen      total 21504K, used 485K [0x00000000eab00000, 0x00000000ec180000, 0x0000000100000000)
  eden space 20992K, 0% used [0x00000000eab00000,0x00000000eab00000,0x00000000ebf80000)
  from space 512K, 94% used [0x00000000ec080000,0x00000000ec0f9428,0x00000000ec100000)
  to   space 512K, 0% used [0x00000000ec100000,0x00000000ec100000,0x00000000ec180000)
 ParOldGen       total 68608K, used 55958K [0x00000000c0000000, 0x00000000c4300000, 0x00000000eab00000)
  object space 68608K, 81% used [0x00000000c0000000,0x00000000c36a59c8,0x00000000c4300000)
 Metaspace       used 53849K, committed 55232K, reserved 1114112K
  class space    used 5579K, committed 6208K, reserved 1048576K
}
Event: 202.972 GC heap before
{Heap before GC invocations=46 (full 2):
 PSYoungGen      total 21504K, used 21477K [0x00000000eab00000, 0x00000000ec180000, 0x0000000100000000)
  eden space 20992K, 100% used [0x00000000eab00000,0x00000000ebf80000,0x00000000ebf80000)
  from space 512K, 94% used [0x00000000ec080000,0x00000000ec0f9428,0x00000000ec100000)
  to   space 512K, 0% used [0x00000000ec100000,0x00000000ec100000,0x00000000ec180000)
 ParOldGen       total 68608K, used 55958K [0x00000000c0000000, 0x00000000c4300000, 0x00000000eab00000)
  object space 68608K, 81% used [0x00000000c0000000,0x00000000c36a59c8,0x00000000c4300000)
 Metaspace       used 53918K, committed 55296K, reserved 1114112K
  class space    used 5590K, committed 6208K, reserved 1048576K
}
Event: 202.976 GC heap after
{Heap after GC invocations=46 (full 2):
 PSYoungGen      total 21504K, used 512K [0x00000000eab00000, 0x00000000ec280000, 0x0000000100000000)
  eden space 20992K, 0% used [0x00000000eab00000,0x00000000eab00000,0x00000000ebf80000)
  from space 512K, 100% used [0x00000000ec100000,0x00000000ec180000,0x00000000ec180000)
  to   space 1536K, 0% used [0x00000000ebf80000,0x00000000ebf80000,0x00000000ec100000)
 ParOldGen       total 68608K, used 56815K [0x00000000c0000000, 0x00000000c4300000, 0x00000000eab00000)
  object space 68608K, 82% used [0x00000000c0000000,0x00000000c377bc08,0x00000000c4300000)
 Metaspace       used 53918K, committed 55296K, reserved 1114112K
  class space    used 5590K, committed 6208K, reserved 1048576K
}
Event: 204.634 GC heap before
{Heap before GC invocations=47 (full 2):
 PSYoungGen      total 21504K, used 21504K [0x00000000eab00000, 0x00000000ec280000, 0x0000000100000000)
  eden space 20992K, 100% used [0x00000000eab00000,0x00000000ebf80000,0x00000000ebf80000)
  from space 512K, 100% used [0x00000000ec100000,0x00000000ec180000,0x00000000ec180000)
  to   space 1536K, 0% used [0x00000000ebf80000,0x00000000ebf80000,0x00000000ec100000)
 ParOldGen       total 68608K, used 56815K [0x00000000c0000000, 0x00000000c4300000, 0x00000000eab00000)
  object space 68608K, 82% used [0x00000000c0000000,0x00000000c377bc08,0x00000000c4300000)
 Metaspace       used 53989K, committed 55360K, reserved 1114112K
  class space    used 5592K, committed 6208K, reserved 1048576K
}
Event: 204.636 GC heap after
{Heap after GC invocations=47 (full 2):
 PSYoungGen      total 21504K, used 352K [0x00000000eab00000, 0x00000000ec180000, 0x0000000100000000)
  eden space 20992K, 0% used [0x00000000eab00000,0x00000000eab00000,0x00000000ebf80000)
  from space 512K, 68% used [0x00000000ebf80000,0x00000000ebfd8000,0x00000000ec000000)
  to   space 1024K, 0% used [0x00000000ec080000,0x00000000ec080000,0x00000000ec180000)
 ParOldGen       total 68608K, used 57307K [0x00000000c0000000, 0x00000000c4300000, 0x00000000eab00000)
  object space 68608K, 83% used [0x00000000c0000000,0x00000000c37f6f70,0x00000000c4300000)
 Metaspace       used 53989K, committed 55360K, reserved 1114112K
  class space    used 5592K, committed 6208K, reserved 1048576K
}
Event: 215.413 GC heap before
{Heap before GC invocations=48 (full 2):
 PSYoungGen      total 21504K, used 21344K [0x00000000eab00000, 0x00000000ec180000, 0x0000000100000000)
  eden space 20992K, 100% used [0x00000000eab00000,0x00000000ebf80000,0x00000000ebf80000)
  from space 512K, 68% used [0x00000000ebf80000,0x00000000ebfd8000,0x00000000ec000000)
  to   space 1024K, 0% used [0x00000000ec080000,0x00000000ec080000,0x00000000ec180000)
 ParOldGen       total 68608K, used 57307K [0x00000000c0000000, 0x00000000c4300000, 0x00000000eab00000)
  object space 68608K, 83% used [0x00000000c0000000,0x00000000c37f6f70,0x00000000c4300000)
 Metaspace       used 54272K, committed 55680K, reserved 1114112K
  class space    used 5622K, committed 6272K, reserved 1048576K
}
Event: 215.416 GC heap after
{Heap after GC invocations=48 (full 2):
 PSYoungGen      total 22016K, used 569K [0x00000000eab00000, 0x00000000ec180000, 0x0000000100000000)
  eden space 20992K, 0% used [0x00000000eab00000,0x00000000eab00000,0x00000000ebf80000)
  from space 1024K, 55% used [0x00000000ec080000,0x00000000ec10e6c0,0x00000000ec180000)
  to   space 1024K, 0% used [0x00000000ebf80000,0x00000000ebf80000,0x00000000ec080000)
 ParOldGen       total 68608K, used 57499K [0x00000000c0000000, 0x00000000c4300000, 0x00000000eab00000)
  object space 68608K, 83% used [0x00000000c0000000,0x00000000c3826f70,0x00000000c4300000)
 Metaspace       used 54272K, committed 55680K, reserved 1114112K
  class space    used 5622K, committed 6272K, reserved 1048576K
}

