# JRE version: OpenJDK Runtime Environment Temurin-21.0.6+7 (21.0.6+7) (build 21.0.6+7-LTS)
# Java VM: OpenJDK 64-Bit Server VM Temurin-21.0.6+7 (21.0.6+7-LTS, mixed mode, sharing, tiered, compressed oops, compressed class ptrs, parallel gc, windows-amd64)
GC Precious Log:
 CardTable entry size: 512
 CPUs: 4 total, 4 available
 Memory: 6086M
 Large Page Support: Disabled
 NUMA Support: Disabled
 Compressed Oops: Enabled (32-bit)
 Alignments: Space 512K, Generation 512K, Heap 2M
 Heap Min Capacity: 100M
 Heap Initial Capacity: 100M
 Heap Max Capacity: 1G
 Pre-touch: Disabled
 Parallel Workers: 4
Heap:
 PSYoungGen      total 20480K, used 2974K [0x00000000eab00000, 0x00000000ec200000, 0x0000000100000000)
  eden space 17920K, 2% used [0x00000000eab00000,0x00000000eab69ba8,0x00000000ebc80000)
  from space 2560K, 99% used [0x00000000ebc80000,0x00000000ebefde60,0x00000000ebf00000)
  to   space 2048K, 0% used [0x00000000ebf00000,0x00000000ebf00000,0x00000000ec100000)
 ParOldGen       total 68608K, used 63717K [0x00000000c0000000, 0x00000000c4300000, 0x00000000eab00000)
  object space 68608K, 92% used [0x00000000c0000000,0x00000000c3e39498,0x00000000c4300000)
 Metaspace       used 62398K, committed 63936K, reserved 1114112K
  class space    used 6420K, committed 7104K, reserved 1048576K
GC Heap History (20 events):
Event: 48.938 GC heap before
{Heap before GC invocations=38 (full 2):
 PSYoungGen      total 20992K, used 19289K [0x00000000eab00000, 0x00000000ec400000, 0x0000000100000000)
  eden space 18432K, 98% used [0x00000000eab00000,0x00000000ebcb1c60,0x00000000ebd00000)
  from space 2560K, 45% used [0x00000000ebf80000,0x00000000ec0a4a18,0x00000000ec200000)
  to   space 1536K, 0% used [0x00000000ec280000,0x00000000ec280000,0x00000000ec400000)
 ParOldGen       total 68608K, used 57128K [0x00000000c0000000, 0x00000000c4300000, 0x00000000eab00000)
  object space 68608K, 83% used [0x00000000c0000000,0x00000000c37ca2b0,0x00000000c4300000)
 Metaspace       used 58330K, committed 59776K, reserved 1114112K
  class space    used 6060K, committed 6720K, reserved 1048576K
}
Event: 48.944 GC heap after
{Heap after GC invocations=38 (full 2):
 PSYoungGen      total 19968K, used 1312K [0x00000000eab00000, 0x00000000ec400000, 0x0000000100000000)
  eden space 18432K, 0% used [0x00000000eab00000,0x00000000eab00000,0x00000000ebd00000)
  from space 1536K, 85% used [0x00000000ec280000,0x00000000ec3c8000,0x00000000ec400000)
  to   space 1536K, 0% used [0x00000000ec100000,0x00000000ec100000,0x00000000ec280000)
 ParOldGen       total 68608K, used 58084K [0x00000000c0000000, 0x00000000c4300000, 0x00000000eab00000)
  object space 68608K, 84% used [0x00000000c0000000,0x00000000c38b9358,0x00000000c4300000)
 Metaspace       used 58330K, committed 59776K, reserved 1114112K
  class space    used 6060K, committed 6720K, reserved 1048576K
}
Event: 48.944 GC heap before
{Heap before GC invocations=39 (full 3):
 PSYoungGen      total 19968K, used 1312K [0x00000000eab00000, 0x00000000ec400000, 0x0000000100000000)
  eden space 18432K, 0% used [0x00000000eab00000,0x00000000eab00000,0x00000000ebd00000)
  from space 1536K, 85% used [0x00000000ec280000,0x00000000ec3c8000,0x00000000ec400000)
  to   space 1536K, 0% used [0x00000000ec100000,0x00000000ec100000,0x00000000ec280000)
 ParOldGen       total 68608K, used 58084K [0x00000000c0000000, 0x00000000c4300000, 0x00000000eab00000)
  object space 68608K, 84% used [0x00000000c0000000,0x00000000c38b9358,0x00000000c4300000)
 Metaspace       used 58330K, committed 59776K, reserved 1114112K
  class space    used 6060K, committed 6720K, reserved 1048576K
}
Event: 49.162 GC heap after
{Heap after GC invocations=39 (full 3):
 PSYoungGen      total 19968K, used 0K [0x00000000eab00000, 0x00000000ec400000, 0x0000000100000000)
  eden space 18432K, 0% used [0x00000000eab00000,0x00000000eab00000,0x00000000ebd00000)
  from space 1536K, 0% used [0x00000000ec280000,0x00000000ec280000,0x00000000ec400000)
  to   space 1536K, 0% used [0x00000000ec100000,0x00000000ec100000,0x00000000ec280000)
 ParOldGen       total 68608K, used 50062K [0x00000000c0000000, 0x00000000c4300000, 0x00000000eab00000)
  object space 68608K, 72% used [0x00000000c0000000,0x00000000c30e3a98,0x00000000c4300000)
 Metaspace       used 58330K, committed 59776K, reserved 1114112K
  class space    used 6060K, committed 6720K, reserved 1048576K
}
Event: 50.624 GC heap before
{Heap before GC invocations=40 (full 3):
 PSYoungGen      total 19968K, used 18432K [0x00000000eab00000, 0x00000000ec400000, 0x0000000100000000)
  eden space 18432K, 100% used [0x00000000eab00000,0x00000000ebd00000,0x00000000ebd00000)
  from space 1536K, 0% used [0x00000000ec280000,0x00000000ec280000,0x00000000ec400000)
  to   space 1536K, 0% used [0x00000000ec100000,0x00000000ec100000,0x00000000ec280000)
 ParOldGen       total 68608K, used 50062K [0x00000000c0000000, 0x00000000c4300000, 0x00000000eab00000)
  object space 68608K, 72% used [0x00000000c0000000,0x00000000c30e3a98,0x00000000c4300000)
 Metaspace       used 58928K, committed 60352K, reserved 1114112K
  class space    used 6103K, committed 6720K, reserved 1048576K
}
Event: 50.629 GC heap after
{Heap after GC invocations=40 (full 3):
 PSYoungGen      total 19968K, used 1530K [0x00000000eab00000, 0x00000000ec400000, 0x0000000100000000)
  eden space 18432K, 0% used [0x00000000eab00000,0x00000000eab00000,0x00000000ebd00000)
  from space 1536K, 99% used [0x00000000ec100000,0x00000000ec27eab0,0x00000000ec280000)
  to   space 1536K, 0% used [0x00000000ec280000,0x00000000ec280000,0x00000000ec400000)
 ParOldGen       total 68608K, used 51355K [0x00000000c0000000, 0x00000000c4300000, 0x00000000eab00000)
  object space 68608K, 74% used [0x00000000c0000000,0x00000000c3226e98,0x00000000c4300000)
 Metaspace       used 58928K, committed 60352K, reserved 1114112K
  class space    used 6103K, committed 6720K, reserved 1048576K
}
Event: 51.556 GC heap before
{Heap before GC invocations=41 (full 3):
 PSYoungGen      total 19968K, used 19962K [0x00000000eab00000, 0x00000000ec400000, 0x0000000100000000)
  eden space 18432K, 100% used [0x00000000eab00000,0x00000000ebd00000,0x00000000ebd00000)
  from space 1536K, 99% used [0x00000000ec100000,0x00000000ec27eab0,0x00000000ec280000)
  to   space 1536K, 0% used [0x00000000ec280000,0x00000000ec280000,0x00000000ec400000)
 ParOldGen       total 68608K, used 51355K [0x00000000c0000000, 0x00000000c4300000, 0x00000000eab00000)
  object space 68608K, 74% used [0x00000000c0000000,0x00000000c3226e98,0x00000000c4300000)
 Metaspace       used 59060K, committed 60544K, reserved 1114112K
  class space    used 6104K, committed 6720K, reserved 1048576K
}
Event: 51.561 GC heap after
{Heap after GC invocations=41 (full 3):
 PSYoungGen      total 19968K, used 1526K [0x00000000eab00000, 0x00000000ec500000, 0x0000000100000000)
  eden space 18432K, 0% used [0x00000000eab00000,0x00000000eab00000,0x00000000ebd00000)
  from space 1536K, 99% used [0x00000000ec280000,0x00000000ec3fda78,0x00000000ec400000)
  to   space 4096K, 0% used [0x00000000ebd00000,0x00000000ebd00000,0x00000000ec100000)
 ParOldGen       total 68608K, used 53287K [0x00000000c0000000, 0x00000000c4300000, 0x00000000eab00000)
  object space 68608K, 77% used [0x00000000c0000000,0x00000000c3409cc8,0x00000000c4300000)
 Metaspace       used 59060K, committed 60544K, reserved 1114112K
  class space    used 6104K, committed 6720K, reserved 1048576K
}
Event: 53.952 GC heap before
{Heap before GC invocations=42 (full 3):
 PSYoungGen      total 19968K, used 19958K [0x00000000eab00000, 0x00000000ec500000, 0x0000000100000000)
  eden space 18432K, 100% used [0x00000000eab00000,0x00000000ebd00000,0x00000000ebd00000)
  from space 1536K, 99% used [0x00000000ec280000,0x00000000ec3fda78,0x00000000ec400000)
  to   space 4096K, 0% used [0x00000000ebd00000,0x00000000ebd00000,0x00000000ec100000)
 ParOldGen       total 68608K, used 53287K [0x00000000c0000000, 0x00000000c4300000, 0x00000000eab00000)
  object space 68608K, 77% used [0x00000000c0000000,0x00000000c3409cc8,0x00000000c4300000)
 Metaspace       used 59253K, committed 60672K, reserved 1114112K
  class space    used 6105K, committed 6720K, reserved 1048576K
}
Event: 53.955 GC heap after
{Heap after GC invocations=42 (full 3):
 PSYoungGen      total 20480K, used 1632K [0x00000000eab00000, 0x00000000ec300000, 0x0000000100000000)
  eden space 18432K, 0% used [0x00000000eab00000,0x00000000eab00000,0x00000000ebd00000)
  from space 2048K, 79% used [0x00000000ebd00000,0x00000000ebe98020,0x00000000ebf00000)
  to   space 2560K, 0% used [0x00000000ec080000,0x00000000ec080000,0x00000000ec300000)
 ParOldGen       total 68608K, used 54746K [0x00000000c0000000, 0x00000000c4300000, 0x00000000eab00000)
  object space 68608K, 79% used [0x00000000c0000000,0x00000000c35768f8,0x00000000c4300000)
 Metaspace       used 59253K, committed 60672K, reserved 1114112K
  class space    used 6105K, committed 6720K, reserved 1048576K
}
Event: 56.033 GC heap before
{Heap before GC invocations=43 (full 3):
 PSYoungGen      total 20480K, used 20057K [0x00000000eab00000, 0x00000000ec300000, 0x0000000100000000)
  eden space 18432K, 99% used [0x00000000eab00000,0x00000000ebcfe770,0x00000000ebd00000)
  from space 2048K, 79% used [0x00000000ebd00000,0x00000000ebe98020,0x00000000ebf00000)
  to   space 2560K, 0% used [0x00000000ec080000,0x00000000ec080000,0x00000000ec300000)
 ParOldGen       total 68608K, used 54746K [0x00000000c0000000, 0x00000000c4300000, 0x00000000eab00000)
  object space 68608K, 79% used [0x00000000c0000000,0x00000000c35768f8,0x00000000c4300000)
 Metaspace       used 59613K, committed 61056K, reserved 1114112K
  class space    used 6144K, committed 6784K, reserved 1048576K
}
Event: 56.039 GC heap after
{Heap after GC invocations=43 (full 3):
 PSYoungGen      total 20480K, used 1888K [0x00000000eab00000, 0x00000000ec280000, 0x0000000100000000)
  eden space 18432K, 0% used [0x00000000eab00000,0x00000000eab00000,0x00000000ebd00000)
  from space 2048K, 92% used [0x00000000ec080000,0x00000000ec258020,0x00000000ec280000)
  to   space 2048K, 0% used [0x00000000ebd00000,0x00000000ebd00000,0x00000000ebf00000)
 ParOldGen       total 68608K, used 56179K [0x00000000c0000000, 0x00000000c4300000, 0x00000000eab00000)
  object space 68608K, 81% used [0x00000000c0000000,0x00000000c36dccd8,0x00000000c4300000)
 Metaspace       used 59613K, committed 61056K, reserved 1114112K
  class space    used 6144K, committed 6784K, reserved 1048576K
}
Event: 57.735 GC heap before
{Heap before GC invocations=44 (full 3):
 PSYoungGen      total 20480K, used 20320K [0x00000000eab00000, 0x00000000ec280000, 0x0000000100000000)
  eden space 18432K, 100% used [0x00000000eab00000,0x00000000ebd00000,0x00000000ebd00000)
  from space 2048K, 92% used [0x00000000ec080000,0x00000000ec258020,0x00000000ec280000)
  to   space 2048K, 0% used [0x00000000ebd00000,0x00000000ebd00000,0x00000000ebf00000)
 ParOldGen       total 68608K, used 56179K [0x00000000c0000000, 0x00000000c4300000, 0x00000000eab00000)
  object space 68608K, 81% used [0x00000000c0000000,0x00000000c36dccd8,0x00000000c4300000)
 Metaspace       used 59919K, committed 61376K, reserved 1114112K
  class space    used 6146K, committed 6784K, reserved 1048576K
}
Event: 57.738 GC heap after
{Heap after GC invocations=44 (full 3):
 PSYoungGen      total 20480K, used 1152K [0x00000000eab00000, 0x00000000ec100000, 0x0000000100000000)
  eden space 18432K, 0% used [0x00000000eab00000,0x00000000eab00000,0x00000000ebd00000)
  from space 2048K, 56% used [0x00000000ebd00000,0x00000000ebe20020,0x00000000ebf00000)
  to   space 1536K, 0% used [0x00000000ebf80000,0x00000000ebf80000,0x00000000ec100000)
 ParOldGen       total 68608K, used 57603K [0x00000000c0000000, 0x00000000c4300000, 0x00000000eab00000)
  object space 68608K, 83% used [0x00000000c0000000,0x00000000c3840fd8,0x00000000c4300000)
 Metaspace       used 59919K, committed 61376K, reserved 1114112K
  class space    used 6146K, committed 6784K, reserved 1048576K
}
Event: 59.720 GC heap before
{Heap before GC invocations=45 (full 3):
 PSYoungGen      total 20480K, used 19584K [0x00000000eab00000, 0x00000000ec100000, 0x0000000100000000)
  eden space 18432K, 100% used [0x00000000eab00000,0x00000000ebd00000,0x00000000ebd00000)
  from space 2048K, 56% used [0x00000000ebd00000,0x00000000ebe20020,0x00000000ebf00000)
  to   space 1536K, 0% used [0x00000000ebf80000,0x00000000ebf80000,0x00000000ec100000)
 ParOldGen       total 68608K, used 57603K [0x00000000c0000000, 0x00000000c4300000, 0x00000000eab00000)
  object space 68608K, 83% used [0x00000000c0000000,0x00000000c3840fd8,0x00000000c4300000)
 Metaspace       used 60406K, committed 61824K, reserved 1114112K
  class space    used 6199K, committed 6848K, reserved 1048576K
}
Event: 59.724 GC heap after
{Heap after GC invocations=45 (full 3):
 PSYoungGen      total 19968K, used 1519K [0x00000000eab00000, 0x00000000ec200000, 0x0000000100000000)
  eden space 18432K, 0% used [0x00000000eab00000,0x00000000eab00000,0x00000000ebd00000)
  from space 1536K, 98% used [0x00000000ebf80000,0x00000000ec0fbe78,0x00000000ec100000)
  to   space 2560K, 0% used [0x00000000ebd00000,0x00000000ebd00000,0x00000000ebf80000)
 ParOldGen       total 68608K, used 58358K [0x00000000c0000000, 0x00000000c4300000, 0x00000000eab00000)
  object space 68608K, 85% used [0x00000000c0000000,0x00000000c38fd990,0x00000000c4300000)
 Metaspace       used 60406K, committed 61824K, reserved 1114112K
  class space    used 6199K, committed 6848K, reserved 1048576K
}
Event: 61.457 GC heap before
{Heap before GC invocations=46 (full 3):
 PSYoungGen      total 19968K, used 19951K [0x00000000eab00000, 0x00000000ec200000, 0x0000000100000000)
  eden space 18432K, 100% used [0x00000000eab00000,0x00000000ebd00000,0x00000000ebd00000)
  from space 1536K, 98% used [0x00000000ebf80000,0x00000000ec0fbe78,0x00000000ec100000)
  to   space 2560K, 0% used [0x00000000ebd00000,0x00000000ebd00000,0x00000000ebf80000)
 ParOldGen       total 68608K, used 58358K [0x00000000c0000000, 0x00000000c4300000, 0x00000000eab00000)
  object space 68608K, 85% used [0x00000000c0000000,0x00000000c38fd9a8,0x00000000c4300000)
 Metaspace       used 60841K, committed 62336K, reserved 1114112K
  class space    used 6256K, committed 6912K, reserved 1048576K
}
Event: 61.462 GC heap after
{Heap after GC invocations=46 (full 3):
 PSYoungGen      total 19968K, used 1440K [0x00000000eab00000, 0x00000000ec100000, 0x0000000100000000)
  eden space 18432K, 0% used [0x00000000eab00000,0x00000000eab00000,0x00000000ebd00000)
  from space 1536K, 93% used [0x00000000ebd00000,0x00000000ebe68000,0x00000000ebe80000)
  to   space 2048K, 0% used [0x00000000ebf00000,0x00000000ebf00000,0x00000000ec100000)
 ParOldGen       total 68608K, used 59751K [0x00000000c0000000, 0x00000000c4300000, 0x00000000eab00000)
  object space 68608K, 87% used [0x00000000c0000000,0x00000000c3a59fd8,0x00000000c4300000)
 Metaspace       used 60841K, committed 62336K, reserved 1114112K
  class space    used 6256K, committed 6912K, reserved 1048576K
}
Event: 63.514 GC heap before
{Heap before GC invocations=47 (full 3):
 PSYoungGen      total 19968K, used 19872K [0x00000000eab00000, 0x00000000ec100000, 0x0000000100000000)
  eden space 18432K, 100% used [0x00000000eab00000,0x00000000ebd00000,0x00000000ebd00000)
  from space 1536K, 93% used [0x00000000ebd00000,0x00000000ebe68000,0x00000000ebe80000)
  to   space 2048K, 0% used [0x00000000ebf00000,0x00000000ebf00000,0x00000000ec100000)
 ParOldGen       total 68608K, used 59755K [0x00000000c0000000, 0x00000000c4300000, 0x00000000eab00000)
  object space 68608K, 87% used [0x00000000c0000000,0x00000000c3a5afe8,0x00000000c4300000)
 Metaspace       used 62213K, committed 63744K, reserved 1114112K
  class space    used 6399K, committed 7040K, reserved 1048576K
}
Event: 63.520 GC heap after
{Heap after GC invocations=47 (full 3):
 PSYoungGen      total 19968K, used 1978K [0x00000000eab00000, 0x00000000ec200000, 0x0000000100000000)
  eden space 17920K, 0% used [0x00000000eab00000,0x00000000eab00000,0x00000000ebc80000)
  from space 2048K, 96% used [0x00000000ebf00000,0x00000000ec0eeb68,0x00000000ec100000)
  to   space 2560K, 0% used [0x00000000ebc80000,0x00000000ebc80000,0x00000000ebf00000)
 ParOldGen       total 68608K, used 61057K [0x00000000c0000000, 0x00000000c4300000, 0x00000000eab00000)
  object space 68608K, 88% used [0x00000000c0000000,0x00000000c3ba0680,0x00000000c4300000)
 Metaspace       used 62213K, committed 63744K, reserved 1114112K
  class space    used 6399K, committed 7040K, reserved 1048576K
}

