# JRE version: OpenJDK Runtime Environment Temurin-21.0.6+7 (21.0.6+7) (build 21.0.6+7-LTS)
# Java VM: OpenJDK 64-Bit Server VM Temurin-21.0.6+7 (21.0.6+7-LTS, mixed mode, sharing, tiered, compressed oops, compressed class ptrs, parallel gc, windows-amd64)
GC Precious Log:
 CardTable entry size: 512
 CPUs: 4 total, 4 available
 Memory: 6086M
 Large Page Support: Disabled
 NUMA Support: Disabled
 Compressed Oops: Enabled (32-bit)
 Alignments: Space 512K, Generation 512K, Heap 2M
 Heap Min Capacity: 100M
 Heap Initial Capacity: 100M
 Heap Max Capacity: 1G
 Pre-touch: Disabled
 Parallel Workers: 4
Heap:
 PSYoungGen      total 18944K, used 4324K [0x00000000eab00000, 0x00000000ebf00000, 0x0000000100000000)
  eden space 17408K, 17% used [0x00000000eab00000,0x00000000eae06db8,0x00000000ebc00000)
  from space 1536K, 79% used [0x00000000ebc00000,0x00000000ebd32640,0x00000000ebd80000)
  to   space 1536K, 0% used [0x00000000ebd80000,0x00000000ebd80000,0x00000000ebf00000)
 ParOldGen       total 68608K, used 45589K [0x00000000c0000000, 0x00000000c4300000, 0x00000000eab00000)
  object space 68608K, 66% used [0x00000000c0000000,0x00000000c2c85660,0x00000000c4300000)
 Metaspace       used 54544K, committed 55872K, reserved 1114112K
  class space    used 5739K, committed 6272K, reserved 1048576K
GC Heap History (20 events):
Event: 64.318 GC heap before
{Heap before GC invocations=26 (full 2):
 PSYoungGen      total 19968K, used 19874K [0x00000000eab00000, 0x00000000ec180000, 0x0000000100000000)
  eden space 17920K, 100% used [0x00000000eab00000,0x00000000ebc80000,0x00000000ebc80000)
  from space 2048K, 95% used [0x00000000ebc80000,0x00000000ebe68830,0x00000000ebe80000)
  to   space 2560K, 0% used [0x00000000ebf00000,0x00000000ebf00000,0x00000000ec180000)
 ParOldGen       total 68608K, used 32831K [0x00000000c0000000, 0x00000000c4300000, 0x00000000eab00000)
  object space 68608K, 47% used [0x00000000c0000000,0x00000000c200ff60,0x00000000c4300000)
 Metaspace       used 49319K, committed 50496K, reserved 1114112K
  class space    used 5196K, committed 5632K, reserved 1048576K
}
Event: 64.324 GC heap after
{Heap after GC invocations=26 (full 2):
 PSYoungGen      total 19968K, used 1888K [0x00000000eab00000, 0x00000000ec100000, 0x0000000100000000)
  eden space 17920K, 0% used [0x00000000eab00000,0x00000000eab00000,0x00000000ebc80000)
  from space 2048K, 92% used [0x00000000ebf00000,0x00000000ec0d8010,0x00000000ec100000)
  to   space 2048K, 0% used [0x00000000ebc80000,0x00000000ebc80000,0x00000000ebe80000)
 ParOldGen       total 68608K, used 34726K [0x00000000c0000000, 0x00000000c4300000, 0x00000000eab00000)
  object space 68608K, 50% used [0x00000000c0000000,0x00000000c21e9850,0x00000000c4300000)
 Metaspace       used 49319K, committed 50496K, reserved 1114112K
  class space    used 5196K, committed 5632K, reserved 1048576K
}
Event: 64.535 GC heap before
{Heap before GC invocations=27 (full 2):
 PSYoungGen      total 19968K, used 19808K [0x00000000eab00000, 0x00000000ec100000, 0x0000000100000000)
  eden space 17920K, 100% used [0x00000000eab00000,0x00000000ebc80000,0x00000000ebc80000)
  from space 2048K, 92% used [0x00000000ebf00000,0x00000000ec0d8010,0x00000000ec100000)
  to   space 2048K, 0% used [0x00000000ebc80000,0x00000000ebc80000,0x00000000ebe80000)
 ParOldGen       total 68608K, used 34726K [0x00000000c0000000, 0x00000000c4300000, 0x00000000eab00000)
  object space 68608K, 50% used [0x00000000c0000000,0x00000000c21e9850,0x00000000c4300000)
 Metaspace       used 49324K, committed 50496K, reserved 1114112K
  class space    used 5196K, committed 5632K, reserved 1048576K
}
Event: 64.544 GC heap after
{Heap after GC invocations=27 (full 2):
 PSYoungGen      total 19968K, used 1636K [0x00000000eab00000, 0x00000000ec080000, 0x0000000100000000)
  eden space 17920K, 0% used [0x00000000eab00000,0x00000000eab00000,0x00000000ebc80000)
  from space 2048K, 79% used [0x00000000ebc80000,0x00000000ebe19000,0x00000000ebe80000)
  to   space 2048K, 0% used [0x00000000ebe80000,0x00000000ebe80000,0x00000000ec080000)
 ParOldGen       total 68608K, used 36556K [0x00000000c0000000, 0x00000000c4300000, 0x00000000eab00000)
  object space 68608K, 53% used [0x00000000c0000000,0x00000000c23b3210,0x00000000c4300000)
 Metaspace       used 49324K, committed 50496K, reserved 1114112K
  class space    used 5196K, committed 5632K, reserved 1048576K
}
Event: 65.549 GC heap before
{Heap before GC invocations=28 (full 2):
 PSYoungGen      total 19968K, used 19556K [0x00000000eab00000, 0x00000000ec080000, 0x0000000100000000)
  eden space 17920K, 100% used [0x00000000eab00000,0x00000000ebc80000,0x00000000ebc80000)
  from space 2048K, 79% used [0x00000000ebc80000,0x00000000ebe19000,0x00000000ebe80000)
  to   space 2048K, 0% used [0x00000000ebe80000,0x00000000ebe80000,0x00000000ec080000)
 ParOldGen       total 68608K, used 36556K [0x00000000c0000000, 0x00000000c4300000, 0x00000000eab00000)
  object space 68608K, 53% used [0x00000000c0000000,0x00000000c23b3210,0x00000000c4300000)
 Metaspace       used 49328K, committed 50496K, reserved 1114112K
  class space    used 5196K, committed 5632K, reserved 1048576K
}
Event: 65.553 GC heap after
{Heap after GC invocations=28 (full 2):
 PSYoungGen      total 19968K, used 1536K [0x00000000eab00000, 0x00000000ec080000, 0x0000000100000000)
  eden space 17920K, 0% used [0x00000000eab00000,0x00000000eab00000,0x00000000ebc80000)
  from space 2048K, 75% used [0x00000000ebe80000,0x00000000ec000000,0x00000000ec080000)
  to   space 2048K, 0% used [0x00000000ebc80000,0x00000000ebc80000,0x00000000ebe80000)
 ParOldGen       total 68608K, used 38148K [0x00000000c0000000, 0x00000000c4300000, 0x00000000eab00000)
  object space 68608K, 55% used [0x00000000c0000000,0x00000000c2541310,0x00000000c4300000)
 Metaspace       used 49328K, committed 50496K, reserved 1114112K
  class space    used 5196K, committed 5632K, reserved 1048576K
}
Event: 66.363 GC heap before
{Heap before GC invocations=29 (full 2):
 PSYoungGen      total 19968K, used 19456K [0x00000000eab00000, 0x00000000ec080000, 0x0000000100000000)
  eden space 17920K, 100% used [0x00000000eab00000,0x00000000ebc80000,0x00000000ebc80000)
  from space 2048K, 75% used [0x00000000ebe80000,0x00000000ec000000,0x00000000ec080000)
  to   space 2048K, 0% used [0x00000000ebc80000,0x00000000ebc80000,0x00000000ebe80000)
 ParOldGen       total 68608K, used 38148K [0x00000000c0000000, 0x00000000c4300000, 0x00000000eab00000)
  object space 68608K, 55% used [0x00000000c0000000,0x00000000c2541310,0x00000000c4300000)
 Metaspace       used 49365K, committed 50624K, reserved 1114112K
  class space    used 5199K, committed 5696K, reserved 1048576K
}
Event: 66.368 GC heap after
{Heap after GC invocations=29 (full 2):
 PSYoungGen      total 19968K, used 1824K [0x00000000eab00000, 0x00000000ec080000, 0x0000000100000000)
  eden space 17920K, 0% used [0x00000000eab00000,0x00000000eab00000,0x00000000ebc80000)
  from space 2048K, 89% used [0x00000000ebc80000,0x00000000ebe48010,0x00000000ebe80000)
  to   space 2048K, 0% used [0x00000000ebe80000,0x00000000ebe80000,0x00000000ec080000)
 ParOldGen       total 68608K, used 39572K [0x00000000c0000000, 0x00000000c4300000, 0x00000000eab00000)
  object space 68608K, 57% used [0x00000000c0000000,0x00000000c26a5310,0x00000000c4300000)
 Metaspace       used 49365K, committed 50624K, reserved 1114112K
  class space    used 5199K, committed 5696K, reserved 1048576K
}
Event: 66.811 GC heap before
{Heap before GC invocations=30 (full 2):
 PSYoungGen      total 19968K, used 19744K [0x00000000eab00000, 0x00000000ec080000, 0x0000000100000000)
  eden space 17920K, 100% used [0x00000000eab00000,0x00000000ebc80000,0x00000000ebc80000)
  from space 2048K, 89% used [0x00000000ebc80000,0x00000000ebe48010,0x00000000ebe80000)
  to   space 2048K, 0% used [0x00000000ebe80000,0x00000000ebe80000,0x00000000ec080000)
 ParOldGen       total 68608K, used 39572K [0x00000000c0000000, 0x00000000c4300000, 0x00000000eab00000)
  object space 68608K, 57% used [0x00000000c0000000,0x00000000c26a5310,0x00000000c4300000)
 Metaspace       used 49381K, committed 50688K, reserved 1114112K
  class space    used 5199K, committed 5696K, reserved 1048576K
}
Event: 66.816 GC heap after
{Heap after GC invocations=30 (full 2):
 PSYoungGen      total 19968K, used 1528K [0x00000000eab00000, 0x00000000ec080000, 0x0000000100000000)
  eden space 17920K, 0% used [0x00000000eab00000,0x00000000eab00000,0x00000000ebc80000)
  from space 2048K, 74% used [0x00000000ebe80000,0x00000000ebffe200,0x00000000ec080000)
  to   space 2048K, 0% used [0x00000000ebc80000,0x00000000ebc80000,0x00000000ebe80000)
 ParOldGen       total 68608K, used 41332K [0x00000000c0000000, 0x00000000c4300000, 0x00000000eab00000)
  object space 68608K, 60% used [0x00000000c0000000,0x00000000c285d320,0x00000000c4300000)
 Metaspace       used 49381K, committed 50688K, reserved 1114112K
  class space    used 5199K, committed 5696K, reserved 1048576K
}
Event: 67.347 GC heap before
{Heap before GC invocations=31 (full 2):
 PSYoungGen      total 19968K, used 19448K [0x00000000eab00000, 0x00000000ec080000, 0x0000000100000000)
  eden space 17920K, 100% used [0x00000000eab00000,0x00000000ebc80000,0x00000000ebc80000)
  from space 2048K, 74% used [0x00000000ebe80000,0x00000000ebffe200,0x00000000ec080000)
  to   space 2048K, 0% used [0x00000000ebc80000,0x00000000ebc80000,0x00000000ebe80000)
 ParOldGen       total 68608K, used 41332K [0x00000000c0000000, 0x00000000c4300000, 0x00000000eab00000)
  object space 68608K, 60% used [0x00000000c0000000,0x00000000c285d320,0x00000000c4300000)
 Metaspace       used 50534K, committed 51776K, reserved 1114112K
  class space    used 5350K, committed 5824K, reserved 1048576K
}
Event: 67.351 GC heap after
{Heap after GC invocations=31 (full 2):
 PSYoungGen      total 19456K, used 1093K [0x00000000eab00000, 0x00000000ebf80000, 0x0000000100000000)
  eden space 17920K, 0% used [0x00000000eab00000,0x00000000eab00000,0x00000000ebc80000)
  from space 1536K, 71% used [0x00000000ebc80000,0x00000000ebd917e8,0x00000000ebe00000)
  to   space 1536K, 0% used [0x00000000ebe00000,0x00000000ebe00000,0x00000000ebf80000)
 ParOldGen       total 68608K, used 42797K [0x00000000c0000000, 0x00000000c4300000, 0x00000000eab00000)
  object space 68608K, 62% used [0x00000000c0000000,0x00000000c29cb520,0x00000000c4300000)
 Metaspace       used 50534K, committed 51776K, reserved 1114112K
  class space    used 5350K, committed 5824K, reserved 1048576K
}
Event: 68.912 GC heap before
{Heap before GC invocations=32 (full 2):
 PSYoungGen      total 19456K, used 19013K [0x00000000eab00000, 0x00000000ebf80000, 0x0000000100000000)
  eden space 17920K, 100% used [0x00000000eab00000,0x00000000ebc80000,0x00000000ebc80000)
  from space 1536K, 71% used [0x00000000ebc80000,0x00000000ebd917e8,0x00000000ebe00000)
  to   space 1536K, 0% used [0x00000000ebe00000,0x00000000ebe00000,0x00000000ebf80000)
 ParOldGen       total 68608K, used 42797K [0x00000000c0000000, 0x00000000c4300000, 0x00000000eab00000)
  object space 68608K, 62% used [0x00000000c0000000,0x00000000c29cb520,0x00000000c4300000)
 Metaspace       used 51596K, committed 52800K, reserved 1114112K
  class space    used 5497K, committed 5952K, reserved 1048576K
}
Event: 68.915 GC heap after
{Heap after GC invocations=32 (full 2):
 PSYoungGen      total 18432K, used 416K [0x00000000eab00000, 0x00000000ebe80000, 0x0000000100000000)
  eden space 17920K, 0% used [0x00000000eab00000,0x00000000eab00000,0x00000000ebc80000)
  from space 512K, 81% used [0x00000000ebe00000,0x00000000ebe68000,0x00000000ebe80000)
  to   space 1024K, 0% used [0x00000000ebc80000,0x00000000ebc80000,0x00000000ebd80000)
 ParOldGen       total 68608K, used 43805K [0x00000000c0000000, 0x00000000c4300000, 0x00000000eab00000)
  object space 68608K, 63% used [0x00000000c0000000,0x00000000c2ac75c8,0x00000000c4300000)
 Metaspace       used 51596K, committed 52800K, reserved 1114112K
  class space    used 5497K, committed 5952K, reserved 1048576K
}
Event: 69.792 GC heap before
{Heap before GC invocations=33 (full 2):
 PSYoungGen      total 18432K, used 18336K [0x00000000eab00000, 0x00000000ebe80000, 0x0000000100000000)
  eden space 17920K, 100% used [0x00000000eab00000,0x00000000ebc80000,0x00000000ebc80000)
  from space 512K, 81% used [0x00000000ebe00000,0x00000000ebe68000,0x00000000ebe80000)
  to   space 1024K, 0% used [0x00000000ebc80000,0x00000000ebc80000,0x00000000ebd80000)
 ParOldGen       total 68608K, used 43805K [0x00000000c0000000, 0x00000000c4300000, 0x00000000eab00000)
  object space 68608K, 63% used [0x00000000c0000000,0x00000000c2ac75c8,0x00000000c4300000)
 Metaspace       used 53059K, committed 54336K, reserved 1114112K
  class space    used 5632K, committed 6144K, reserved 1048576K
}
Event: 69.795 GC heap after
{Heap after GC invocations=33 (full 2):
 PSYoungGen      total 18944K, used 352K [0x00000000eab00000, 0x00000000ebe80000, 0x0000000100000000)
  eden space 17920K, 0% used [0x00000000eab00000,0x00000000eab00000,0x00000000ebc80000)
  from space 1024K, 34% used [0x00000000ebc80000,0x00000000ebcd8000,0x00000000ebd80000)
  to   space 512K, 0% used [0x00000000ebe00000,0x00000000ebe00000,0x00000000ebe80000)
 ParOldGen       total 68608K, used 44181K [0x00000000c0000000, 0x00000000c4300000, 0x00000000eab00000)
  object space 68608K, 64% used [0x00000000c0000000,0x00000000c2b25460,0x00000000c4300000)
 Metaspace       used 53059K, committed 54336K, reserved 1114112K
  class space    used 5632K, committed 6144K, reserved 1048576K
}
Event: 70.855 GC heap before
{Heap before GC invocations=34 (full 2):
 PSYoungGen      total 18944K, used 18272K [0x00000000eab00000, 0x00000000ebe80000, 0x0000000100000000)
  eden space 17920K, 100% used [0x00000000eab00000,0x00000000ebc80000,0x00000000ebc80000)
  from space 1024K, 34% used [0x00000000ebc80000,0x00000000ebcd8000,0x00000000ebd80000)
  to   space 512K, 0% used [0x00000000ebe00000,0x00000000ebe00000,0x00000000ebe80000)
 ParOldGen       total 68608K, used 44181K [0x00000000c0000000, 0x00000000c4300000, 0x00000000eab00000)
  object space 68608K, 64% used [0x00000000c0000000,0x00000000c2b25460,0x00000000c4300000)
 Metaspace       used 54491K, committed 55808K, reserved 1114112K
  class space    used 5733K, committed 6272K, reserved 1048576K
}
Event: 70.859 GC heap after
{Heap after GC invocations=34 (full 2):
 PSYoungGen      total 17920K, used 503K [0x00000000eab00000, 0x00000000ec080000, 0x0000000100000000)
  eden space 17408K, 0% used [0x00000000eab00000,0x00000000eab00000,0x00000000ebc00000)
  from space 512K, 98% used [0x00000000ebe00000,0x00000000ebe7dea8,0x00000000ebe80000)
  to   space 2048K, 0% used [0x00000000ebc00000,0x00000000ebc00000,0x00000000ebe00000)
 ParOldGen       total 68608K, used 45293K [0x00000000c0000000, 0x00000000c4300000, 0x00000000eab00000)
  object space 68608K, 66% used [0x00000000c0000000,0x00000000c2c3b4a0,0x00000000c4300000)
 Metaspace       used 54491K, committed 55808K, reserved 1114112K
  class space    used 5733K, committed 6272K, reserved 1048576K
}
Event: 72.217 GC heap before
{Heap before GC invocations=35 (full 2):
 PSYoungGen      total 17920K, used 17911K [0x00000000eab00000, 0x00000000ec080000, 0x0000000100000000)
  eden space 17408K, 100% used [0x00000000eab00000,0x00000000ebc00000,0x00000000ebc00000)
  from space 512K, 98% used [0x00000000ebe00000,0x00000000ebe7dea8,0x00000000ebe80000)
  to   space 2048K, 0% used [0x00000000ebc00000,0x00000000ebc00000,0x00000000ebe00000)
 ParOldGen       total 68608K, used 45293K [0x00000000c0000000, 0x00000000c4300000, 0x00000000eab00000)
  object space 68608K, 66% used [0x00000000c0000000,0x00000000c2c3b4a0,0x00000000c4300000)
 Metaspace       used 54543K, committed 55872K, reserved 1114112K
  class space    used 5739K, committed 6272K, reserved 1048576K
}
Event: 72.219 GC heap after
{Heap after GC invocations=35 (full 2):
 PSYoungGen      total 18944K, used 1225K [0x00000000eab00000, 0x00000000ebf00000, 0x0000000100000000)
  eden space 17408K, 0% used [0x00000000eab00000,0x00000000eab00000,0x00000000ebc00000)
  from space 1536K, 79% used [0x00000000ebc00000,0x00000000ebd32640,0x00000000ebd80000)
  to   space 1536K, 0% used [0x00000000ebd80000,0x00000000ebd80000,0x00000000ebf00000)
 ParOldGen       total 68608K, used 45589K [0x00000000c0000000, 0x00000000c4300000, 0x00000000eab00000)
  object space 68608K, 66% used [0x00000000c0000000,0x00000000c2c85660,0x00000000c4300000)
 Metaspace       used 54543K, committed 55872K, reserved 1114112K
  class space    used 5739K, committed 6272K, reserved 1048576K
}

