# JRE version: OpenJDK Runtime Environment Temurin-21.0.6+7 (21.0.6+7) (build 21.0.6+7-LTS)
# Java VM: OpenJDK 64-Bit Server VM Temurin-21.0.6+7 (21.0.6+7-LTS, mixed mode, sharing, tiered, compressed oops, compressed class ptrs, parallel gc, windows-amd64)
GC Precious Log:
 CardTable entry size: 512
 CPUs: 4 total, 4 available
 Memory: 6086M
 Large Page Support: Disabled
 NUMA Support: Disabled
 Compressed Oops: Enabled (32-bit)
 Alignments: Space 512K, Generation 512K, Heap 2M
 Heap Min Capacity: 100M
 Heap Initial Capacity: 100M
 Heap Max Capacity: 1G
 Pre-touch: Disabled
 Parallel Workers: 4
Heap:
 PSYoungGen      total 22016K, used 9464K [0x00000000eab00000, 0x00000000ec580000, 0x0000000100000000)
  eden space 20992K, 40% used [0x00000000eab00000,0x00000000eb3420d0,0x00000000ebf80000)
  from space 1024K, 98% used [0x00000000ec200000,0x00000000ec2fc268,0x00000000ec300000)
  to   space 2560K, 0% used [0x00000000ebf80000,0x00000000ebf80000,0x00000000ec200000)
 ParOldGen       total 68608K, used 29360K [0x00000000c0000000, 0x00000000c4300000, 0x00000000eab00000)
  object space 68608K, 42% used [0x00000000c0000000,0x00000000c1cac228,0x00000000c4300000)
 Metaspace       used 38195K, committed 39232K, reserved 1114112K
  class space    used 3770K, committed 4224K, reserved 1048576K
GC Heap History (20 events):
Event: 19.766 GC heap before
{Heap before GC invocations=13 (full 1):
 PSYoungGen      total 25088K, used 24970K [0x00000000eab00000, 0x00000000ec780000, 0x0000000100000000)
  eden space 22528K, 100% used [0x00000000eab00000,0x00000000ec100000,0x00000000ec100000)
  from space 2560K, 95% used [0x00000000ec280000,0x00000000ec4e29e0,0x00000000ec500000)
  to   space 2560K, 0% used [0x00000000ec500000,0x00000000ec500000,0x00000000ec780000)
 ParOldGen       total 68608K, used 16354K [0x00000000c0000000, 0x00000000c4300000, 0x00000000eab00000)
  object space 68608K, 23% used [0x00000000c0000000,0x00000000c0ff8850,0x00000000c4300000)
 Metaspace       used 31997K, committed 32960K, reserved 1114112K
  class space    used 3145K, committed 3584K, reserved 1048576K
}
Event: 19.772 GC heap after
{Heap after GC invocations=13 (full 1):
 PSYoungGen      total 24576K, used 2208K [0x00000000eab00000, 0x00000000ec780000, 0x0000000100000000)
  eden space 22016K, 0% used [0x00000000eab00000,0x00000000eab00000,0x00000000ec080000)
  from space 2560K, 86% used [0x00000000ec500000,0x00000000ec728050,0x00000000ec780000)
  to   space 2560K, 0% used [0x00000000ec280000,0x00000000ec280000,0x00000000ec500000)
 ParOldGen       total 68608K, used 18560K [0x00000000c0000000, 0x00000000c4300000, 0x00000000eab00000)
  object space 68608K, 27% used [0x00000000c0000000,0x00000000c12202a0,0x00000000c4300000)
 Metaspace       used 31997K, committed 32960K, reserved 1114112K
  class space    used 3145K, committed 3584K, reserved 1048576K
}
Event: 20.101 GC heap before
{Heap before GC invocations=14 (full 1):
 PSYoungGen      total 24576K, used 24224K [0x00000000eab00000, 0x00000000ec780000, 0x0000000100000000)
  eden space 22016K, 100% used [0x00000000eab00000,0x00000000ec080000,0x00000000ec080000)
  from space 2560K, 86% used [0x00000000ec500000,0x00000000ec728050,0x00000000ec780000)
  to   space 2560K, 0% used [0x00000000ec280000,0x00000000ec280000,0x00000000ec500000)
 ParOldGen       total 68608K, used 18560K [0x00000000c0000000, 0x00000000c4300000, 0x00000000eab00000)
  object space 68608K, 27% used [0x00000000c0000000,0x00000000c12202a0,0x00000000c4300000)
 Metaspace       used 32019K, committed 33024K, reserved 1114112K
  class space    used 3145K, committed 3648K, reserved 1048576K
}
Event: 20.109 GC heap after
{Heap after GC invocations=14 (full 1):
 PSYoungGen      total 24576K, used 2276K [0x00000000eab00000, 0x00000000ec580000, 0x0000000100000000)
  eden space 22016K, 0% used [0x00000000eab00000,0x00000000eab00000,0x00000000ec080000)
  from space 2560K, 88% used [0x00000000ec280000,0x00000000ec4b9000,0x00000000ec500000)
  to   space 512K, 0% used [0x00000000ec500000,0x00000000ec500000,0x00000000ec580000)
 ParOldGen       total 68608K, used 20664K [0x00000000c0000000, 0x00000000c4300000, 0x00000000eab00000)
  object space 68608K, 30% used [0x00000000c0000000,0x00000000c142e2f0,0x00000000c4300000)
 Metaspace       used 32019K, committed 33024K, reserved 1114112K
  class space    used 3145K, committed 3648K, reserved 1048576K
}
Event: 20.289 GC heap before
{Heap before GC invocations=15 (full 1):
 PSYoungGen      total 24576K, used 24292K [0x00000000eab00000, 0x00000000ec580000, 0x0000000100000000)
  eden space 22016K, 100% used [0x00000000eab00000,0x00000000ec080000,0x00000000ec080000)
  from space 2560K, 88% used [0x00000000ec280000,0x00000000ec4b9000,0x00000000ec500000)
  to   space 512K, 0% used [0x00000000ec500000,0x00000000ec500000,0x00000000ec580000)
 ParOldGen       total 68608K, used 20664K [0x00000000c0000000, 0x00000000c4300000, 0x00000000eab00000)
  object space 68608K, 30% used [0x00000000c0000000,0x00000000c142e2f0,0x00000000c4300000)
 Metaspace       used 32041K, committed 33088K, reserved 1114112K
  class space    used 3145K, committed 3648K, reserved 1048576K
}
Event: 20.298 GC heap after
{Heap after GC invocations=15 (full 1):
 PSYoungGen      total 22528K, used 512K [0x00000000eab00000, 0x00000000ec980000, 0x0000000100000000)
  eden space 22016K, 0% used [0x00000000eab00000,0x00000000eab00000,0x00000000ec080000)
  from space 512K, 100% used [0x00000000ec500000,0x00000000ec580000,0x00000000ec580000)
  to   space 4608K, 0% used [0x00000000ec080000,0x00000000ec080000,0x00000000ec500000)
 ParOldGen       total 68608K, used 24199K [0x00000000c0000000, 0x00000000c4300000, 0x00000000eab00000)
  object space 68608K, 35% used [0x00000000c0000000,0x00000000c17a1da0,0x00000000c4300000)
 Metaspace       used 32041K, committed 33088K, reserved 1114112K
  class space    used 3145K, committed 3648K, reserved 1048576K
}
Event: 20.735 GC heap before
{Heap before GC invocations=16 (full 1):
 PSYoungGen      total 22528K, used 22528K [0x00000000eab00000, 0x00000000ec980000, 0x0000000100000000)
  eden space 22016K, 100% used [0x00000000eab00000,0x00000000ec080000,0x00000000ec080000)
  from space 512K, 100% used [0x00000000ec500000,0x00000000ec580000,0x00000000ec580000)
  to   space 4608K, 0% used [0x00000000ec080000,0x00000000ec080000,0x00000000ec500000)
 ParOldGen       total 68608K, used 24199K [0x00000000c0000000, 0x00000000c4300000, 0x00000000eab00000)
  object space 68608K, 35% used [0x00000000c0000000,0x00000000c17a1da0,0x00000000c4300000)
 Metaspace       used 32157K, committed 33216K, reserved 1114112K
  class space    used 3148K, committed 3648K, reserved 1048576K
}
Event: 20.740 GC heap after
{Heap after GC invocations=16 (full 1):
 PSYoungGen      total 24576K, used 2112K [0x00000000eab00000, 0x00000000ec680000, 0x0000000100000000)
  eden space 22016K, 0% used [0x00000000eab00000,0x00000000eab00000,0x00000000ec080000)
  from space 2560K, 82% used [0x00000000ec080000,0x00000000ec290010,0x00000000ec300000)
  to   space 3072K, 0% used [0x00000000ec380000,0x00000000ec380000,0x00000000ec680000)
 ParOldGen       total 68608K, used 24727K [0x00000000c0000000, 0x00000000c4300000, 0x00000000eab00000)
  object space 68608K, 36% used [0x00000000c0000000,0x00000000c1825da0,0x00000000c4300000)
 Metaspace       used 32157K, committed 33216K, reserved 1114112K
  class space    used 3148K, committed 3648K, reserved 1048576K
}
Event: 21.058 GC heap before
{Heap before GC invocations=17 (full 1):
 PSYoungGen      total 24576K, used 24107K [0x00000000eab00000, 0x00000000ec680000, 0x0000000100000000)
  eden space 22016K, 99% used [0x00000000eab00000,0x00000000ec07af70,0x00000000ec080000)
  from space 2560K, 82% used [0x00000000ec080000,0x00000000ec290010,0x00000000ec300000)
  to   space 3072K, 0% used [0x00000000ec380000,0x00000000ec380000,0x00000000ec680000)
 ParOldGen       total 68608K, used 24727K [0x00000000c0000000, 0x00000000c4300000, 0x00000000eab00000)
  object space 68608K, 36% used [0x00000000c0000000,0x00000000c1825da0,0x00000000c4300000)
 Metaspace       used 32285K, committed 33280K, reserved 1114112K
  class space    used 3157K, committed 3648K, reserved 1048576K
}
Event: 21.067 GC heap after
{Heap after GC invocations=17 (full 1):
 PSYoungGen      total 24064K, used 1888K [0x00000000eab00000, 0x00000000ec580000, 0x0000000100000000)
  eden space 22016K, 0% used [0x00000000eab00000,0x00000000eab00000,0x00000000ec080000)
  from space 2048K, 92% used [0x00000000ec380000,0x00000000ec5583c0,0x00000000ec580000)
  to   space 2560K, 0% used [0x00000000ec080000,0x00000000ec080000,0x00000000ec300000)
 ParOldGen       total 68608K, used 26791K [0x00000000c0000000, 0x00000000c4300000, 0x00000000eab00000)
  object space 68608K, 39% used [0x00000000c0000000,0x00000000c1a29db0,0x00000000c4300000)
 Metaspace       used 32285K, committed 33280K, reserved 1114112K
  class space    used 3157K, committed 3648K, reserved 1048576K
}
Event: 23.129 GC heap before
{Heap before GC invocations=18 (full 1):
 PSYoungGen      total 24064K, used 23889K [0x00000000eab00000, 0x00000000ec580000, 0x0000000100000000)
  eden space 22016K, 99% used [0x00000000eab00000,0x00000000ec07c3d8,0x00000000ec080000)
  from space 2048K, 92% used [0x00000000ec380000,0x00000000ec5583c0,0x00000000ec580000)
  to   space 2560K, 0% used [0x00000000ec080000,0x00000000ec080000,0x00000000ec300000)
 ParOldGen       total 68608K, used 26791K [0x00000000c0000000, 0x00000000c4300000, 0x00000000eab00000)
  object space 68608K, 39% used [0x00000000c0000000,0x00000000c1a29db0,0x00000000c4300000)
 Metaspace       used 34456K, committed 35456K, reserved 1114112K
  class space    used 3425K, committed 3904K, reserved 1048576K
}
Event: 23.135 GC heap after
{Heap after GC invocations=18 (full 1):
 PSYoungGen      total 23040K, used 837K [0x00000000eab00000, 0x00000000ec400000, 0x0000000100000000)
  eden space 22016K, 0% used [0x00000000eab00000,0x00000000eab00000,0x00000000ec080000)
  from space 1024K, 81% used [0x00000000ec080000,0x00000000ec151558,0x00000000ec180000)
  to   space 1536K, 0% used [0x00000000ec280000,0x00000000ec280000,0x00000000ec400000)
 ParOldGen       total 68608K, used 28588K [0x00000000c0000000, 0x00000000c4300000, 0x00000000eab00000)
  object space 68608K, 41% used [0x00000000c0000000,0x00000000c1beb308,0x00000000c4300000)
 Metaspace       used 34456K, committed 35456K, reserved 1114112K
  class space    used 3425K, committed 3904K, reserved 1048576K
}
Event: 24.309 GC heap before
{Heap before GC invocations=19 (full 1):
 PSYoungGen      total 23040K, used 7914K [0x00000000eab00000, 0x00000000ec400000, 0x0000000100000000)
  eden space 22016K, 32% used [0x00000000eab00000,0x00000000eb1e9408,0x00000000ec080000)
  from space 1024K, 81% used [0x00000000ec080000,0x00000000ec151558,0x00000000ec180000)
  to   space 1536K, 0% used [0x00000000ec280000,0x00000000ec280000,0x00000000ec400000)
 ParOldGen       total 68608K, used 28588K [0x00000000c0000000, 0x00000000c4300000, 0x00000000eab00000)
  object space 68608K, 41% used [0x00000000c0000000,0x00000000c1beb308,0x00000000c4300000)
 Metaspace       used 34905K, committed 35840K, reserved 1114112K
  class space    used 3461K, committed 3904K, reserved 1048576K
}
Event: 24.312 GC heap after
{Heap after GC invocations=19 (full 1):
 PSYoungGen      total 22528K, used 224K [0x00000000eab00000, 0x00000000ec300000, 0x0000000100000000)
  eden space 22016K, 0% used [0x00000000eab00000,0x00000000eab00000,0x00000000ec080000)
  from space 512K, 43% used [0x00000000ec280000,0x00000000ec2b8000,0x00000000ec300000)
  to   space 1024K, 0% used [0x00000000ec100000,0x00000000ec100000,0x00000000ec200000)
 ParOldGen       total 68608K, used 29327K [0x00000000c0000000, 0x00000000c4300000, 0x00000000eab00000)
  object space 68608K, 42% used [0x00000000c0000000,0x00000000c1ca3e68,0x00000000c4300000)
 Metaspace       used 34905K, committed 35840K, reserved 1114112K
  class space    used 3461K, committed 3904K, reserved 1048576K
}
Event: 24.312 GC heap before
{Heap before GC invocations=20 (full 2):
 PSYoungGen      total 22528K, used 224K [0x00000000eab00000, 0x00000000ec300000, 0x0000000100000000)
  eden space 22016K, 0% used [0x00000000eab00000,0x00000000eab00000,0x00000000ec080000)
  from space 512K, 43% used [0x00000000ec280000,0x00000000ec2b8000,0x00000000ec300000)
  to   space 1024K, 0% used [0x00000000ec100000,0x00000000ec100000,0x00000000ec200000)
 ParOldGen       total 68608K, used 29327K [0x00000000c0000000, 0x00000000c4300000, 0x00000000eab00000)
  object space 68608K, 42% used [0x00000000c0000000,0x00000000c1ca3e68,0x00000000c4300000)
 Metaspace       used 34905K, committed 35840K, reserved 1114112K
  class space    used 3461K, committed 3904K, reserved 1048576K
}
Event: 24.448 GC heap after
{Heap after GC invocations=20 (full 2):
 PSYoungGen      total 22528K, used 0K [0x00000000eab00000, 0x00000000ec300000, 0x0000000100000000)
  eden space 22016K, 0% used [0x00000000eab00000,0x00000000eab00000,0x00000000ec080000)
  from space 512K, 0% used [0x00000000ec280000,0x00000000ec280000,0x00000000ec300000)
  to   space 1024K, 0% used [0x00000000ec100000,0x00000000ec100000,0x00000000ec200000)
 ParOldGen       total 68608K, used 28290K [0x00000000c0000000, 0x00000000c4300000, 0x00000000eab00000)
  object space 68608K, 41% used [0x00000000c0000000,0x00000000c1ba0af0,0x00000000c4300000)
 Metaspace       used 34838K, committed 35840K, reserved 1114112K
  class space    used 3443K, committed 3904K, reserved 1048576K
}
Event: 26.809 GC heap before
{Heap before GC invocations=21 (full 2):
 PSYoungGen      total 22528K, used 22016K [0x00000000eab00000, 0x00000000ec300000, 0x0000000100000000)
  eden space 22016K, 100% used [0x00000000eab00000,0x00000000ec080000,0x00000000ec080000)
  from space 512K, 0% used [0x00000000ec280000,0x00000000ec280000,0x00000000ec300000)
  to   space 1024K, 0% used [0x00000000ec100000,0x00000000ec100000,0x00000000ec200000)
 ParOldGen       total 68608K, used 28290K [0x00000000c0000000, 0x00000000c4300000, 0x00000000eab00000)
  object space 68608K, 41% used [0x00000000c0000000,0x00000000c1ba0af0,0x00000000c4300000)
 Metaspace       used 37107K, committed 38016K, reserved 1114112K
  class space    used 3658K, committed 4096K, reserved 1048576K
}
Event: 26.812 GC heap after
{Heap after GC invocations=21 (full 2):
 PSYoungGen      total 23040K, used 576K [0x00000000eab00000, 0x00000000ec300000, 0x0000000100000000)
  eden space 22016K, 0% used [0x00000000eab00000,0x00000000eab00000,0x00000000ec080000)
  from space 1024K, 56% used [0x00000000ec100000,0x00000000ec190000,0x00000000ec200000)
  to   space 1024K, 0% used [0x00000000ec200000,0x00000000ec200000,0x00000000ec300000)
 ParOldGen       total 68608K, used 28298K [0x00000000c0000000, 0x00000000c4300000, 0x00000000eab00000)
  object space 68608K, 41% used [0x00000000c0000000,0x00000000c1ba2af0,0x00000000c4300000)
 Metaspace       used 37107K, committed 38016K, reserved 1114112K
  class space    used 3658K, committed 4096K, reserved 1048576K
}
Event: 31.824 GC heap before
{Heap before GC invocations=22 (full 2):
 PSYoungGen      total 23040K, used 22592K [0x00000000eab00000, 0x00000000ec300000, 0x0000000100000000)
  eden space 22016K, 100% used [0x00000000eab00000,0x00000000ec080000,0x00000000ec080000)
  from space 1024K, 56% used [0x00000000ec100000,0x00000000ec190000,0x00000000ec200000)
  to   space 1024K, 0% used [0x00000000ec200000,0x00000000ec200000,0x00000000ec300000)
 ParOldGen       total 68608K, used 28298K [0x00000000c0000000, 0x00000000c4300000, 0x00000000eab00000)
  object space 68608K, 41% used [0x00000000c0000000,0x00000000c1ba2af0,0x00000000c4300000)
 Metaspace       used 37976K, committed 38976K, reserved 1114112K
  class space    used 3740K, committed 4160K, reserved 1048576K
}
Event: 31.829 GC heap after
{Heap after GC invocations=22 (full 2):
 PSYoungGen      total 22016K, used 1008K [0x00000000eab00000, 0x00000000ec580000, 0x0000000100000000)
  eden space 20992K, 0% used [0x00000000eab00000,0x00000000eab00000,0x00000000ebf80000)
  from space 1024K, 98% used [0x00000000ec200000,0x00000000ec2fc268,0x00000000ec300000)
  to   space 2560K, 0% used [0x00000000ebf80000,0x00000000ebf80000,0x00000000ec200000)
 ParOldGen       total 68608K, used 29360K [0x00000000c0000000, 0x00000000c4300000, 0x00000000eab00000)
  object space 68608K, 42% used [0x00000000c0000000,0x00000000c1cac228,0x00000000c4300000)
 Metaspace       used 37976K, committed 38976K, reserved 1114112K
  class space    used 3740K, committed 4160K, reserved 1048576K
}

