# JRE version: OpenJDK Runtime Environment (Red_Hat-21.0.1.0+12-3) (21.0.1+12) (build 21.0.1+12-LTS)
# Java VM: OpenJDK 64-Bit Server VM (Red_Hat-21.0.1.0+12-3) (21.0.1+12-LTS, mixed mode, sharing, tiered, compressed oops, compressed class ptrs, g1 gc, windows-amd64)
GC Precious Log:
 CardTable entry size: 512
 Card Set container configuration: InlinePtr #cards 5 size 8 Array Of Cards #cards 12 size 40 Howl #buckets 4 coarsen threshold 1843 Howl Bitmap #cards 512 size 80 coarsen threshold 460 Card regions per heap region 1 cards per card region 2048
 CPUs: 4 total, 4 available
 Memory: 6086M
 Large Page Support: Disabled
 NUMA Support: Disabled
 Compressed Oops: Enabled (32-bit)
 Heap Region Size: 1M
 Heap Min Capacity: 8M
 Heap Initial Capacity: 96M
 Heap Max Capacity: 1522M
 Pre-touch: Disabled
 Parallel Workers: 4
 Concurrent Workers: 1
 Concurrent Refinement Workers: 4
 Periodic GC: Disabled
Heap:
 garbage-first heap   total 81920K, used 45472K [0x00000000a0e00000, 0x0000000100000000)
  region size 1024K, 13 young (13312K), 3 survivors (3072K)
 Metaspace       used 31552K, committed 31936K, reserved 1114112K
  class space    used 3532K, committed 3712K, reserved 1048576K
GC Heap History (20 events):
Event: 2.876 GC heap before
{Heap before GC invocations=0 (full 0):
 garbage-first heap   total 98304K, used 13312K [0x00000000a0e00000, 0x0000000100000000)
  region size 1024K, 13 young (13312K), 0 survivors (0K)
 Metaspace       used 3823K, committed 4032K, reserved 1114112K
  class space    used 398K, committed 512K, reserved 1048576K
}
Event: 2.894 GC heap after
{Heap after GC invocations=1 (full 0):
 garbage-first heap   total 98304K, used 3296K [0x00000000a0e00000, 0x0000000100000000)
  region size 1024K, 2 young (2048K), 2 survivors (2048K)
 Metaspace       used 3823K, committed 4032K, reserved 1114112K
  class space    used 398K, committed 512K, reserved 1048576K
}
Event: 4.302 GC heap before
{Heap before GC invocations=1 (full 0):
 garbage-first heap   total 98304K, used 17632K [0x00000000a0e00000, 0x0000000100000000)
  region size 1024K, 16 young (16384K), 2 survivors (2048K)
 Metaspace       used 6127K, committed 6336K, reserved 1114112K
  class space    used 711K, committed 832K, reserved 1048576K
}
Event: 4.310 GC heap after
{Heap after GC invocations=2 (full 0):
 garbage-first heap   total 98304K, used 3995K [0x00000000a0e00000, 0x0000000100000000)
  region size 1024K, 1 young (1024K), 1 survivors (1024K)
 Metaspace       used 6127K, committed 6336K, reserved 1114112K
  class space    used 711K, committed 832K, reserved 1048576K
}
Event: 7.762 GC heap before
{Heap before GC invocations=2 (full 0):
 garbage-first heap   total 98304K, used 60315K [0x00000000a0e00000, 0x0000000100000000)
  region size 1024K, 57 young (58368K), 1 survivors (1024K)
 Metaspace       used 15263K, committed 15552K, reserved 1114112K
  class space    used 1811K, committed 1920K, reserved 1048576K
}
Event: 7.782 GC heap after
{Heap after GC invocations=3 (full 0):
 garbage-first heap   total 98304K, used 9460K [0x00000000a0e00000, 0x0000000100000000)
  region size 1024K, 6 young (6144K), 6 survivors (6144K)
 Metaspace       used 15263K, committed 15552K, reserved 1114112K
  class space    used 1811K, committed 1920K, reserved 1048576K
}
Event: 10.344 GC heap before
{Heap before GC invocations=3 (full 0):
 garbage-first heap   total 98304K, used 61684K [0x00000000a0e00000, 0x0000000100000000)
  region size 1024K, 57 young (58368K), 6 survivors (6144K)
 Metaspace       used 16205K, committed 16448K, reserved 1114112K
  class space    used 1875K, committed 1984K, reserved 1048576K
}
Event: 10.377 GC heap after
{Heap after GC invocations=4 (full 0):
 garbage-first heap   total 98304K, used 14661K [0x00000000a0e00000, 0x0000000100000000)
  region size 1024K, 6 young (6144K), 6 survivors (6144K)
 Metaspace       used 16205K, committed 16448K, reserved 1114112K
  class space    used 1875K, committed 1984K, reserved 1048576K
}
Event: 14.537 GC heap before
{Heap before GC invocations=4 (full 0):
 garbage-first heap   total 98304K, used 70981K [0x00000000a0e00000, 0x0000000100000000)
  region size 1024K, 57 young (58368K), 6 survivors (6144K)
 Metaspace       used 20573K, committed 20928K, reserved 1114112K
  class space    used 2350K, committed 2496K, reserved 1048576K
}
Event: 14.557 GC heap after
{Heap after GC invocations=5 (full 0):
 garbage-first heap   total 98304K, used 21385K [0x00000000a0e00000, 0x0000000100000000)
  region size 1024K, 4 young (4096K), 4 survivors (4096K)
 Metaspace       used 20573K, committed 20928K, reserved 1114112K
  class space    used 2350K, committed 2496K, reserved 1048576K
}
Event: 14.743 GC heap before
{Heap before GC invocations=5 (full 0):
 garbage-first heap   total 98304K, used 25481K [0x00000000a0e00000, 0x0000000100000000)
  region size 1024K, 9 young (9216K), 4 survivors (4096K)
 Metaspace       used 21208K, committed 21504K, reserved 1114112K
  class space    used 2449K, committed 2624K, reserved 1048576K
}
Event: 14.757 GC heap after
{Heap after GC invocations=6 (full 0):
 garbage-first heap   total 98304K, used 22788K [0x00000000a0e00000, 0x0000000100000000)
  region size 1024K, 7 young (7168K), 7 survivors (7168K)
 Metaspace       used 21208K, committed 21504K, reserved 1114112K
  class space    used 2449K, committed 2624K, reserved 1048576K
}
Event: 18.624 GC heap before
{Heap before GC invocations=7 (full 0):
 garbage-first heap   total 81920K, used 56580K [0x00000000a0e00000, 0x0000000100000000)
  region size 1024K, 40 young (40960K), 7 survivors (7168K)
 Metaspace       used 26984K, committed 27392K, reserved 1114112K
  class space    used 3062K, committed 3264K, reserved 1048576K
}
Event: 18.658 GC heap after
{Heap after GC invocations=8 (full 0):
 garbage-first heap   total 81920K, used 32654K [0x00000000a0e00000, 0x0000000100000000)
  region size 1024K, 5 young (5120K), 5 survivors (5120K)
 Metaspace       used 26984K, committed 27392K, reserved 1114112K
  class space    used 3062K, committed 3264K, reserved 1048576K
}
Event: 21.057 GC heap before
{Heap before GC invocations=8 (full 0):
 garbage-first heap   total 81920K, used 54158K [0x00000000a0e00000, 0x0000000100000000)
  region size 1024K, 27 young (27648K), 5 survivors (5120K)
 Metaspace       used 28436K, committed 28800K, reserved 1114112K
  class space    used 3206K, committed 3392K, reserved 1048576K
}
Event: 21.074 GC heap after
{Heap after GC invocations=9 (full 0):
 garbage-first heap   total 81920K, used 35272K [0x00000000a0e00000, 0x0000000100000000)
  region size 1024K, 2 young (2048K), 2 survivors (2048K)
 Metaspace       used 28436K, committed 28800K, reserved 1114112K
  class space    used 3206K, committed 3392K, reserved 1048576K
}
Event: 23.617 GC heap before
{Heap before GC invocations=9 (full 0):
 garbage-first heap   total 81920K, used 58824K [0x00000000a0e00000, 0x0000000100000000)
  region size 1024K, 25 young (25600K), 2 survivors (2048K)
 Metaspace       used 29308K, committed 29632K, reserved 1114112K
  class space    used 3293K, committed 3456K, reserved 1048576K
}
Event: 23.626 GC heap after
{Heap after GC invocations=10 (full 0):
 garbage-first heap   total 81920K, used 35225K [0x00000000a0e00000, 0x0000000100000000)
  region size 1024K, 2 young (2048K), 2 survivors (2048K)
 Metaspace       used 29308K, committed 29632K, reserved 1114112K
  class space    used 3293K, committed 3456K, reserved 1048576K
}
Event: 28.282 GC heap before
{Heap before GC invocations=10 (full 0):
 garbage-first heap   total 81920K, used 61849K [0x00000000a0e00000, 0x0000000100000000)
  region size 1024K, 28 young (28672K), 2 survivors (2048K)
 Metaspace       used 31162K, committed 31616K, reserved 1114112K
  class space    used 3522K, committed 3712K, reserved 1048576K
}
Event: 28.294 GC heap after
{Heap after GC invocations=11 (full 0):
 garbage-first heap   total 81920K, used 36256K [0x00000000a0e00000, 0x0000000100000000)
  region size 1024K, 3 young (3072K), 3 survivors (3072K)
 Metaspace       used 31162K, committed 31616K, reserved 1114112K
  class space    used 3522K, committed 3712K, reserved 1048576K
}

