# JRE version: OpenJDK Runtime Environment Temurin-21.0.6+7 (21.0.6+7) (build 21.0.6+7-LTS)
# Java VM: OpenJDK 64-Bit Server VM Temurin-21.0.6+7 (21.0.6+7-LTS, mixed mode, sharing, tiered, compressed oops, compressed class ptrs, parallel gc, windows-amd64)
GC Precious Log:
 CardTable entry size: 512
 CPUs: 4 total, 4 available
 Memory: 6086M
 Large Page Support: Disabled
 NUMA Support: Disabled
 Compressed Oops: Enabled (32-bit)
 Alignments: Space 512K, Generation 512K, Heap 2M
 Heap Min Capacity: 100M
 Heap Initial Capacity: 100M
 Heap Max Capacity: 1G
 Pre-touch: Disabled
 Parallel Workers: 4
Heap:
 PSYoungGen      total 2048K, used 497K [0x00000000eab00000, 0x00000000ead80000, 0x0000000100000000)
  eden space 1536K, 11% used [0x00000000eab00000,0x00000000eab2d870,0x00000000eac80000)
  from space 512K, 61% used [0x00000000ead00000,0x00000000ead4ef38,0x00000000ead80000)
  to   space 512K, 0% used [0x00000000eac80000,0x00000000eac80000,0x00000000ead00000)
 ParOldGen       total 422400K, used 422273K [0x00000000c0000000, 0x00000000d9c80000, 0x00000000eab00000)
  object space 422400K, 99% used [0x00000000c0000000,0x00000000d9c60420,0x00000000d9c80000)
 Metaspace       used 62427K, committed 63936K, reserved 1114112K
  class space    used 6425K, committed 7104K, reserved 1048576K
GC Heap History (20 events):
Event: 73.433 GC heap before
{Heap before GC invocations=521 (full 3):
 PSYoungGen      total 2048K, used 1910K [0x00000000eab00000, 0x00000000ead80000, 0x0000000100000000)
  eden space 1536K, 100% used [0x00000000eab00000,0x00000000eac80000,0x00000000eac80000)
  from space 512K, 73% used [0x00000000eac80000,0x00000000eacdd808,0x00000000ead00000)
  to   space 512K, 0% used [0x00000000ead00000,0x00000000ead00000,0x00000000ead80000)
 ParOldGen       total 420352K, used 419879K [0x00000000c0000000, 0x00000000d9a80000, 0x00000000eab00000)
  object space 420352K, 99% used [0x00000000c0000000,0x00000000d9a09c10,0x00000000d9a80000)
 Metaspace       used 62425K, committed 63936K, reserved 1114112K
  class space    used 6425K, committed 7104K, reserved 1048576K
}
Event: 73.435 GC heap after
{Heap after GC invocations=521 (full 3):
 PSYoungGen      total 2048K, used 288K [0x00000000eab00000, 0x00000000ead80000, 0x0000000100000000)
  eden space 1536K, 0% used [0x00000000eab00000,0x00000000eab00000,0x00000000eac80000)
  from space 512K, 56% used [0x00000000ead00000,0x00000000ead48000,0x00000000ead80000)
  to   space 512K, 0% used [0x00000000eac80000,0x00000000eac80000,0x00000000ead00000)
 ParOldGen       total 420352K, used 420165K [0x00000000c0000000, 0x00000000d9a80000, 0x00000000eab00000)
  object space 420352K, 99% used [0x00000000c0000000,0x00000000d9a51418,0x00000000d9a80000)
 Metaspace       used 62425K, committed 63936K, reserved 1114112K
  class space    used 6425K, committed 7104K, reserved 1048576K
}
Event: 73.488 GC heap before
{Heap before GC invocations=522 (full 3):
 PSYoungGen      total 2048K, used 1824K [0x00000000eab00000, 0x00000000ead80000, 0x0000000100000000)
  eden space 1536K, 100% used [0x00000000eab00000,0x00000000eac80000,0x00000000eac80000)
  from space 512K, 56% used [0x00000000ead00000,0x00000000ead48000,0x00000000ead80000)
  to   space 512K, 0% used [0x00000000eac80000,0x00000000eac80000,0x00000000ead00000)
 ParOldGen       total 420352K, used 420165K [0x00000000c0000000, 0x00000000d9a80000, 0x00000000eab00000)
  object space 420352K, 99% used [0x00000000c0000000,0x00000000d9a51418,0x00000000d9a80000)
 Metaspace       used 62425K, committed 63936K, reserved 1114112K
  class space    used 6425K, committed 7104K, reserved 1048576K
}
Event: 73.495 GC heap after
{Heap after GC invocations=522 (full 3):
 PSYoungGen      total 2048K, used 288K [0x00000000eab00000, 0x00000000ead80000, 0x0000000100000000)
  eden space 1536K, 0% used [0x00000000eab00000,0x00000000eab00000,0x00000000eac80000)
  from space 512K, 56% used [0x00000000eac80000,0x00000000eacc8000,0x00000000ead00000)
  to   space 512K, 0% used [0x00000000ead00000,0x00000000ead00000,0x00000000ead80000)
 ParOldGen       total 420864K, used 420373K [0x00000000c0000000, 0x00000000d9b00000, 0x00000000eab00000)
  object space 420864K, 99% used [0x00000000c0000000,0x00000000d9a85418,0x00000000d9b00000)
 Metaspace       used 62425K, committed 63936K, reserved 1114112K
  class space    used 6425K, committed 7104K, reserved 1048576K
}
Event: 73.564 GC heap before
{Heap before GC invocations=523 (full 3):
 PSYoungGen      total 2048K, used 1822K [0x00000000eab00000, 0x00000000ead80000, 0x0000000100000000)
  eden space 1536K, 99% used [0x00000000eab00000,0x00000000eac7f870,0x00000000eac80000)
  from space 512K, 56% used [0x00000000eac80000,0x00000000eacc8000,0x00000000ead00000)
  to   space 512K, 0% used [0x00000000ead00000,0x00000000ead00000,0x00000000ead80000)
 ParOldGen       total 420864K, used 420373K [0x00000000c0000000, 0x00000000d9b00000, 0x00000000eab00000)
  object space 420864K, 99% used [0x00000000c0000000,0x00000000d9a85418,0x00000000d9b00000)
 Metaspace       used 62427K, committed 63936K, reserved 1114112K
  class space    used 6425K, committed 7104K, reserved 1048576K
}
Event: 73.568 GC heap after
{Heap after GC invocations=523 (full 3):
 PSYoungGen      total 2048K, used 295K [0x00000000eab00000, 0x00000000ead80000, 0x0000000100000000)
  eden space 1536K, 0% used [0x00000000eab00000,0x00000000eab00000,0x00000000eac80000)
  from space 512K, 57% used [0x00000000ead00000,0x00000000ead49c98,0x00000000ead80000)
  to   space 512K, 0% used [0x00000000eac80000,0x00000000eac80000,0x00000000ead00000)
 ParOldGen       total 420864K, used 420565K [0x00000000c0000000, 0x00000000d9b00000, 0x00000000eab00000)
  object space 420864K, 99% used [0x00000000c0000000,0x00000000d9ab5418,0x00000000d9b00000)
 Metaspace       used 62427K, committed 63936K, reserved 1114112K
  class space    used 6425K, committed 7104K, reserved 1048576K
}
Event: 73.631 GC heap before
{Heap before GC invocations=524 (full 3):
 PSYoungGen      total 2048K, used 1831K [0x00000000eab00000, 0x00000000ead80000, 0x0000000100000000)
  eden space 1536K, 100% used [0x00000000eab00000,0x00000000eac80000,0x00000000eac80000)
  from space 512K, 57% used [0x00000000ead00000,0x00000000ead49c98,0x00000000ead80000)
  to   space 512K, 0% used [0x00000000eac80000,0x00000000eac80000,0x00000000ead00000)
 ParOldGen       total 420864K, used 420565K [0x00000000c0000000, 0x00000000d9b00000, 0x00000000eab00000)
  object space 420864K, 99% used [0x00000000c0000000,0x00000000d9ab5418,0x00000000d9b00000)
 Metaspace       used 62427K, committed 63936K, reserved 1114112K
  class space    used 6425K, committed 7104K, reserved 1048576K
}
Event: 73.634 GC heap after
{Heap after GC invocations=524 (full 3):
 PSYoungGen      total 2048K, used 256K [0x00000000eab00000, 0x00000000ead80000, 0x0000000100000000)
  eden space 1536K, 0% used [0x00000000eab00000,0x00000000eab00000,0x00000000eac80000)
  from space 512K, 50% used [0x00000000eac80000,0x00000000eacc0000,0x00000000ead00000)
  to   space 512K, 0% used [0x00000000ead00000,0x00000000ead00000,0x00000000ead80000)
 ParOldGen       total 420864K, used 420765K [0x00000000c0000000, 0x00000000d9b00000, 0x00000000eab00000)
  object space 420864K, 99% used [0x00000000c0000000,0x00000000d9ae7418,0x00000000d9b00000)
 Metaspace       used 62427K, committed 63936K, reserved 1114112K
  class space    used 6425K, committed 7104K, reserved 1048576K
}
Event: 73.685 GC heap before
{Heap before GC invocations=525 (full 3):
 PSYoungGen      total 2048K, used 1792K [0x00000000eab00000, 0x00000000ead80000, 0x0000000100000000)
  eden space 1536K, 100% used [0x00000000eab00000,0x00000000eac80000,0x00000000eac80000)
  from space 512K, 50% used [0x00000000eac80000,0x00000000eacc0000,0x00000000ead00000)
  to   space 512K, 0% used [0x00000000ead00000,0x00000000ead00000,0x00000000ead80000)
 ParOldGen       total 420864K, used 420765K [0x00000000c0000000, 0x00000000d9b00000, 0x00000000eab00000)
  object space 420864K, 99% used [0x00000000c0000000,0x00000000d9ae7418,0x00000000d9b00000)
 Metaspace       used 62427K, committed 63936K, reserved 1114112K
  class space    used 6425K, committed 7104K, reserved 1048576K
}
Event: 73.687 GC heap after
{Heap after GC invocations=525 (full 3):
 PSYoungGen      total 2048K, used 224K [0x00000000eab00000, 0x00000000ead80000, 0x0000000100000000)
  eden space 1536K, 0% used [0x00000000eab00000,0x00000000eab00000,0x00000000eac80000)
  from space 512K, 43% used [0x00000000ead00000,0x00000000ead38000,0x00000000ead80000)
  to   space 512K, 0% used [0x00000000eac80000,0x00000000eac80000,0x00000000ead00000)
 ParOldGen       total 421376K, used 420997K [0x00000000c0000000, 0x00000000d9b80000, 0x00000000eab00000)
  object space 421376K, 99% used [0x00000000c0000000,0x00000000d9b21418,0x00000000d9b80000)
 Metaspace       used 62427K, committed 63936K, reserved 1114112K
  class space    used 6425K, committed 7104K, reserved 1048576K
}
Event: 73.768 GC heap before
{Heap before GC invocations=526 (full 3):
 PSYoungGen      total 2048K, used 1755K [0x00000000eab00000, 0x00000000ead80000, 0x0000000100000000)
  eden space 1536K, 99% used [0x00000000eab00000,0x00000000eac7ed18,0x00000000eac80000)
  from space 512K, 43% used [0x00000000ead00000,0x00000000ead38000,0x00000000ead80000)
  to   space 512K, 0% used [0x00000000eac80000,0x00000000eac80000,0x00000000ead00000)
 ParOldGen       total 421376K, used 420997K [0x00000000c0000000, 0x00000000d9b80000, 0x00000000eab00000)
  object space 421376K, 99% used [0x00000000c0000000,0x00000000d9b21418,0x00000000d9b80000)
 Metaspace       used 62427K, committed 63936K, reserved 1114112K
  class space    used 6425K, committed 7104K, reserved 1048576K
}
Event: 73.771 GC heap after
{Heap after GC invocations=526 (full 3):
 PSYoungGen      total 2048K, used 256K [0x00000000eab00000, 0x00000000ead80000, 0x0000000100000000)
  eden space 1536K, 0% used [0x00000000eab00000,0x00000000eab00000,0x00000000eac80000)
  from space 512K, 50% used [0x00000000eac80000,0x00000000eacc0000,0x00000000ead00000)
  to   space 512K, 0% used [0x00000000ead00000,0x00000000ead00000,0x00000000ead80000)
 ParOldGen       total 421376K, used 421205K [0x00000000c0000000, 0x00000000d9b80000, 0x00000000eab00000)
  object space 421376K, 99% used [0x00000000c0000000,0x00000000d9b55418,0x00000000d9b80000)
 Metaspace       used 62427K, committed 63936K, reserved 1114112K
  class space    used 6425K, committed 7104K, reserved 1048576K
}
Event: 73.855 GC heap before
{Heap before GC invocations=527 (full 3):
 PSYoungGen      total 2048K, used 1732K [0x00000000eab00000, 0x00000000ead80000, 0x0000000100000000)
  eden space 1536K, 96% used [0x00000000eab00000,0x00000000eac710a0,0x00000000eac80000)
  from space 512K, 50% used [0x00000000eac80000,0x00000000eacc0000,0x00000000ead00000)
  to   space 512K, 0% used [0x00000000ead00000,0x00000000ead00000,0x00000000ead80000)
 ParOldGen       total 421376K, used 421205K [0x00000000c0000000, 0x00000000d9b80000, 0x00000000eab00000)
  object space 421376K, 99% used [0x00000000c0000000,0x00000000d9b55418,0x00000000d9b80000)
 Metaspace       used 62427K, committed 63936K, reserved 1114112K
  class space    used 6425K, committed 7104K, reserved 1048576K
}
Event: 73.859 GC heap after
{Heap after GC invocations=527 (full 3):
 PSYoungGen      total 2048K, used 224K [0x00000000eab00000, 0x00000000ead80000, 0x0000000100000000)
  eden space 1536K, 0% used [0x00000000eab00000,0x00000000eab00000,0x00000000eac80000)
  from space 512K, 43% used [0x00000000ead00000,0x00000000ead38000,0x00000000ead80000)
  to   space 512K, 0% used [0x00000000eac80000,0x00000000eac80000,0x00000000ead00000)
 ParOldGen       total 421888K, used 421405K [0x00000000c0000000, 0x00000000d9c00000, 0x00000000eab00000)
  object space 421888K, 99% used [0x00000000c0000000,0x00000000d9b87418,0x00000000d9c00000)
 Metaspace       used 62427K, committed 63936K, reserved 1114112K
  class space    used 6425K, committed 7104K, reserved 1048576K
}
Event: 74.095 GC heap before
{Heap before GC invocations=528 (full 3):
 PSYoungGen      total 2048K, used 1760K [0x00000000eab00000, 0x00000000ead80000, 0x0000000100000000)
  eden space 1536K, 100% used [0x00000000eab00000,0x00000000eac80000,0x00000000eac80000)
  from space 512K, 43% used [0x00000000ead00000,0x00000000ead38000,0x00000000ead80000)
  to   space 512K, 0% used [0x00000000eac80000,0x00000000eac80000,0x00000000ead00000)
 ParOldGen       total 421888K, used 421405K [0x00000000c0000000, 0x00000000d9c00000, 0x00000000eab00000)
  object space 421888K, 99% used [0x00000000c0000000,0x00000000d9b87418,0x00000000d9c00000)
 Metaspace       used 62427K, committed 63936K, reserved 1114112K
  class space    used 6425K, committed 7104K, reserved 1048576K
}
Event: 74.099 GC heap after
{Heap after GC invocations=528 (full 3):
 PSYoungGen      total 2048K, used 332K [0x00000000eab00000, 0x00000000ead80000, 0x0000000100000000)
  eden space 1536K, 0% used [0x00000000eab00000,0x00000000eab00000,0x00000000eac80000)
  from space 512K, 64% used [0x00000000eac80000,0x00000000eacd3008,0x00000000ead00000)
  to   space 512K, 0% used [0x00000000ead00000,0x00000000ead00000,0x00000000ead80000)
 ParOldGen       total 421888K, used 421597K [0x00000000c0000000, 0x00000000d9c00000, 0x00000000eab00000)
  object space 421888K, 99% used [0x00000000c0000000,0x00000000d9bb7418,0x00000000d9c00000)
 Metaspace       used 62427K, committed 63936K, reserved 1114112K
  class space    used 6425K, committed 7104K, reserved 1048576K
}
Event: 74.110 GC heap before
{Heap before GC invocations=529 (full 3):
 PSYoungGen      total 2048K, used 1868K [0x00000000eab00000, 0x00000000ead80000, 0x0000000100000000)
  eden space 1536K, 100% used [0x00000000eab00000,0x00000000eac80000,0x00000000eac80000)
  from space 512K, 64% used [0x00000000eac80000,0x00000000eacd3008,0x00000000ead00000)
  to   space 512K, 0% used [0x00000000ead00000,0x00000000ead00000,0x00000000ead80000)
 ParOldGen       total 421888K, used 421597K [0x00000000c0000000, 0x00000000d9c00000, 0x00000000eab00000)
  object space 421888K, 99% used [0x00000000c0000000,0x00000000d9bb7418,0x00000000d9c00000)
 Metaspace       used 62427K, committed 63936K, reserved 1114112K
  class space    used 6425K, committed 7104K, reserved 1048576K
}
Event: 74.114 GC heap after
{Heap after GC invocations=529 (full 3):
 PSYoungGen      total 2048K, used 288K [0x00000000eab00000, 0x00000000ead80000, 0x0000000100000000)
  eden space 1536K, 0% used [0x00000000eab00000,0x00000000eab00000,0x00000000eac80000)
  from space 512K, 56% used [0x00000000ead00000,0x00000000ead48000,0x00000000ead80000)
  to   space 512K, 0% used [0x00000000eac80000,0x00000000eac80000,0x00000000ead00000)
 ParOldGen       total 421888K, used 421865K [0x00000000c0000000, 0x00000000d9c00000, 0x00000000eab00000)
  object space 421888K, 99% used [0x00000000c0000000,0x00000000d9bfa420,0x00000000d9c00000)
 Metaspace       used 62427K, committed 63936K, reserved 1114112K
  class space    used 6425K, committed 7104K, reserved 1048576K
}
Event: 74.135 GC heap before
{Heap before GC invocations=530 (full 3):
 PSYoungGen      total 2048K, used 1824K [0x00000000eab00000, 0x00000000ead80000, 0x0000000100000000)
  eden space 1536K, 100% used [0x00000000eab00000,0x00000000eac80000,0x00000000eac80000)
  from space 512K, 56% used [0x00000000ead00000,0x00000000ead48000,0x00000000ead80000)
  to   space 512K, 0% used [0x00000000eac80000,0x00000000eac80000,0x00000000ead00000)
 ParOldGen       total 421888K, used 421865K [0x00000000c0000000, 0x00000000d9c00000, 0x00000000eab00000)
  object space 421888K, 99% used [0x00000000c0000000,0x00000000d9bfa420,0x00000000d9c00000)
 Metaspace       used 62427K, committed 63936K, reserved 1114112K
  class space    used 6425K, committed 7104K, reserved 1048576K
}
Event: 74.138 GC heap after
{Heap after GC invocations=530 (full 3):
 PSYoungGen      total 2048K, used 288K [0x00000000eab00000, 0x00000000ead80000, 0x0000000100000000)
  eden space 1536K, 0% used [0x00000000eab00000,0x00000000eab00000,0x00000000eac80000)
  from space 512K, 56% used [0x00000000eac80000,0x00000000eacc8000,0x00000000ead00000)
  to   space 512K, 0% used [0x00000000ead00000,0x00000000ead00000,0x00000000ead80000)
 ParOldGen       total 422400K, used 422065K [0x00000000c0000000, 0x00000000d9c80000, 0x00000000eab00000)
  object space 422400K, 99% used [0x00000000c0000000,0x00000000d9c2c420,0x00000000d9c80000)
 Metaspace       used 62427K, committed 63936K, reserved 1114112K
  class space    used 6425K, committed 7104K, reserved 1048576K
}

