# JRE version: OpenJDK Runtime Environment (Red_Hat-21.0.1.0+12-3) (21.0.1+12) (build 21.0.1+12-LTS)
# Java VM: OpenJDK 64-Bit Server VM (Red_Hat-21.0.1.0+12-3) (21.0.1+12-LTS, mixed mode, emulated-client, sharing, tiered, compressed oops, compressed class ptrs, g1 gc, windows-amd64)
GC Precious Log:
 CardTable entry size: 512
 Card Set container configuration: InlinePtr #cards 5 size 8 Array Of Cards #cards 12 size 40 Howl #buckets 4 coarsen threshold 1843 Howl Bitmap #cards 512 size 80 coarsen threshold 460 Card regions per heap region 1 cards per card region 2048
 CPUs: 4 total, 4 available
 Memory: 6086M
 Large Page Support: Disabled
 NUMA Support: Disabled
 Compressed Oops: Enabled (32-bit)
 Heap Region Size: 1M
 Heap Min Capacity: 8M
 Heap Initial Capacity: 96M
 Heap Max Capacity: 1522M
 Pre-touch: Disabled
 Parallel Workers: 4
 Concurrent Workers: 1
 Concurrent Refinement Workers: 4
 Periodic GC: Disabled
Heap:
 garbage-first heap   total 48128K, used 36014K [0x00000000a0e00000, 0x0000000100000000)
  region size 1024K, 23 young (23552K), 3 survivors (3072K)
 Metaspace       used 34508K, committed 35072K, reserved 1114112K
  class space    used 4879K, committed 5120K, reserved 1048576K
GC Heap History (12 events):
Event: 1.310 GC heap before
{Heap before GC invocations=0 (full 0):
 garbage-first heap   total 98304K, used 13312K [0x00000000a0e00000, 0x0000000100000000)
  region size 1024K, 13 young (13312K), 0 survivors (0K)
 Metaspace       used 3485K, committed 3648K, reserved 1114112K
  class space    used 446K, committed 512K, reserved 1048576K
}
Event: 1.319 GC heap after
{Heap after GC invocations=1 (full 0):
 garbage-first heap   total 98304K, used 4416K [0x00000000a0e00000, 0x0000000100000000)
  region size 1024K, 2 young (2048K), 2 survivors (2048K)
 Metaspace       used 3485K, committed 3648K, reserved 1114112K
  class space    used 446K, committed 512K, reserved 1048576K
}
Event: 3.559 GC heap before
{Heap before GC invocations=1 (full 0):
 garbage-first heap   total 98304K, used 18752K [0x00000000a0e00000, 0x0000000100000000)
  region size 1024K, 17 young (17408K), 2 survivors (2048K)
 Metaspace       used 7129K, committed 7424K, reserved 1114112K
  class space    used 1041K, committed 1152K, reserved 1048576K
}
Event: 3.567 GC heap after
{Heap after GC invocations=2 (full 0):
 garbage-first heap   total 98304K, used 5844K [0x00000000a0e00000, 0x0000000100000000)
  region size 1024K, 2 young (2048K), 2 survivors (2048K)
 Metaspace       used 7129K, committed 7424K, reserved 1114112K
  class space    used 1041K, committed 1152K, reserved 1048576K
}
Event: 6.621 GC heap before
{Heap before GC invocations=2 (full 0):
 garbage-first heap   total 98304K, used 61140K [0x00000000a0e00000, 0x0000000100000000)
  region size 1024K, 57 young (58368K), 2 survivors (2048K)
 Metaspace       used 17907K, committed 18176K, reserved 1114112K
  class space    used 2440K, committed 2560K, reserved 1048576K
}
Event: 6.637 GC heap after
{Heap after GC invocations=3 (full 0):
 garbage-first heap   total 98304K, used 11057K [0x00000000a0e00000, 0x0000000100000000)
  region size 1024K, 7 young (7168K), 7 survivors (7168K)
 Metaspace       used 17907K, committed 18176K, reserved 1114112K
  class space    used 2440K, committed 2560K, reserved 1048576K
}
Event: 8.373 GC heap before
{Heap before GC invocations=3 (full 0):
 garbage-first heap   total 98304K, used 26417K [0x00000000a0e00000, 0x0000000100000000)
  region size 1024K, 23 young (23552K), 7 survivors (7168K)
 Metaspace       used 20751K, committed 21248K, reserved 1114112K
  class space    used 2872K, committed 3072K, reserved 1048576K
}
Event: 8.395 GC heap after
{Heap after GC invocations=4 (full 0):
 garbage-first heap   total 98304K, used 12621K [0x00000000a0e00000, 0x0000000100000000)
  region size 1024K, 2 young (2048K), 2 survivors (2048K)
 Metaspace       used 20751K, committed 21248K, reserved 1114112K
  class space    used 2872K, committed 3072K, reserved 1048576K
}
Event: 10.576 GC heap before
{Heap before GC invocations=5 (full 0):
 garbage-first heap   total 48128K, used 39245K [0x00000000a0e00000, 0x0000000100000000)
  region size 1024K, 28 young (28672K), 2 survivors (2048K)
 Metaspace       used 26308K, committed 26880K, reserved 1114112K
  class space    used 3641K, committed 3904K, reserved 1048576K
}
Event: 10.582 GC heap after
{Heap after GC invocations=6 (full 0):
 garbage-first heap   total 48128K, used 14700K [0x00000000a0e00000, 0x0000000100000000)
  region size 1024K, 4 young (4096K), 4 survivors (4096K)
 Metaspace       used 26308K, committed 26880K, reserved 1114112K
  class space    used 3641K, committed 3904K, reserved 1048576K
}
Event: 11.892 GC heap before
{Heap before GC invocations=6 (full 0):
 garbage-first heap   total 48128K, used 38252K [0x00000000a0e00000, 0x0000000100000000)
  region size 1024K, 27 young (27648K), 4 survivors (4096K)
 Metaspace       used 31719K, committed 32256K, reserved 1114112K
  class space    used 4476K, committed 4672K, reserved 1048576K
}
Event: 11.903 GC heap after
{Heap after GC invocations=7 (full 0):
 garbage-first heap   total 48128K, used 16558K [0x00000000a0e00000, 0x0000000100000000)
  region size 1024K, 3 young (3072K), 3 survivors (3072K)
 Metaspace       used 31719K, committed 32256K, reserved 1114112K
  class space    used 4476K, committed 4672K, reserved 1048576K
}

