# JRE version: OpenJDK Runtime Environment (Red_Hat-21.0.1.0+12-3) (21.0.1+12) (build 21.0.1+12-LTS)
# Java VM: OpenJDK 64-Bit Server VM (Red_Hat-21.0.1.0+12-3) (21.0.1+12-LTS, mixed mode, sharing, tiered, compressed oops, compressed class ptrs, g1 gc, windows-amd64)
GC Precious Log:
 CardTable entry size: 512
 Card Set container configuration: InlinePtr #cards 5 size 8 Array Of Cards #cards 12 size 40 Howl #buckets 4 coarsen threshold 1843 Howl Bitmap #cards 512 size 80 coarsen threshold 460 Card regions per heap region 1 cards per card region 2048
 CPUs: 4 total, 4 available
 Memory: 6086M
 Large Page Support: Disabled
 NUMA Support: Disabled
 Compressed Oops: Enabled (32-bit)
 Heap Region Size: 1M
 Heap Min Capacity: 8M
 Heap Initial Capacity: 96M
 Heap Max Capacity: 1522M
 Pre-touch: Disabled
 Parallel Workers: 4
 Concurrent Workers: 1
 Concurrent Refinement Workers: 4
 Periodic GC: Disabled
Heap:
 garbage-first heap   total 86016K, used 48553K [0x00000000a0e00000, 0x0000000100000000)
  region size 1024K, 25 young (25600K), 7 survivors (7168K)
 Metaspace       used 28807K, committed 29184K, reserved 1114112K
  class space    used 3273K, committed 3456K, reserved 1048576K
GC Heap History (14 events):
Event: 11.976 GC heap before
{Heap before GC invocations=0 (full 0):
 garbage-first heap   total 98304K, used 12288K [0x00000000a0e00000, 0x0000000100000000)
  region size 1024K, 13 young (13312K), 0 survivors (0K)
 Metaspace       used 3878K, committed 4096K, reserved 1114112K
  class space    used 403K, committed 512K, reserved 1048576K
}
Event: 12.027 GC heap after
{Heap after GC invocations=1 (full 0):
 garbage-first heap   total 98304K, used 3200K [0x00000000a0e00000, 0x0000000100000000)
  region size 1024K, 2 young (2048K), 2 survivors (2048K)
 Metaspace       used 3878K, committed 4096K, reserved 1114112K
  class space    used 403K, committed 512K, reserved 1048576K
}
Event: 15.307 GC heap before
{Heap before GC invocations=1 (full 0):
 garbage-first heap   total 98304K, used 18560K [0x00000000a0e00000, 0x0000000100000000)
  region size 1024K, 18 young (18432K), 2 survivors (2048K)
 Metaspace       used 6568K, committed 6784K, reserved 1114112K
  class space    used 761K, committed 832K, reserved 1048576K
}
Event: 15.318 GC heap after
{Heap after GC invocations=2 (full 0):
 garbage-first heap   total 98304K, used 4273K [0x00000000a0e00000, 0x0000000100000000)
  region size 1024K, 1 young (1024K), 1 survivors (1024K)
 Metaspace       used 6568K, committed 6784K, reserved 1114112K
  class space    used 761K, committed 832K, reserved 1048576K
}
Event: 32.140 GC heap before
{Heap before GC invocations=2 (full 0):
 garbage-first heap   total 98304K, used 60593K [0x00000000a0e00000, 0x0000000100000000)
  region size 1024K, 57 young (58368K), 1 survivors (1024K)
 Metaspace       used 15380K, committed 15616K, reserved 1114112K
  class space    used 1811K, committed 1920K, reserved 1048576K
}
Event: 32.163 GC heap after
{Heap after GC invocations=3 (full 0):
 garbage-first heap   total 98304K, used 9565K [0x00000000a0e00000, 0x0000000100000000)
  region size 1024K, 6 young (6144K), 6 survivors (6144K)
 Metaspace       used 15380K, committed 15616K, reserved 1114112K
  class space    used 1811K, committed 1920K, reserved 1048576K
}
Event: 37.825 GC heap before
{Heap before GC invocations=3 (full 0):
 garbage-first heap   total 98304K, used 61789K [0x00000000a0e00000, 0x0000000100000000)
  region size 1024K, 57 young (58368K), 6 survivors (6144K)
 Metaspace       used 16526K, committed 16768K, reserved 1114112K
  class space    used 1894K, committed 1984K, reserved 1048576K
}
Event: 37.856 GC heap after
{Heap after GC invocations=4 (full 0):
 garbage-first heap   total 98304K, used 14240K [0x00000000a0e00000, 0x0000000100000000)
  region size 1024K, 5 young (5120K), 5 survivors (5120K)
 Metaspace       used 16526K, committed 16768K, reserved 1114112K
  class space    used 1894K, committed 1984K, reserved 1048576K
}
Event: 47.551 GC heap before
{Heap before GC invocations=4 (full 0):
 garbage-first heap   total 98304K, used 75680K [0x00000000a0e00000, 0x0000000100000000)
  region size 1024K, 34 young (34816K), 5 survivors (5120K)
 Metaspace       used 20346K, committed 20608K, reserved 1114112K
  class space    used 2328K, committed 2432K, reserved 1048576K
}
Event: 47.573 GC heap after
{Heap after GC invocations=5 (full 0):
 garbage-first heap   total 98304K, used 16240K [0x00000000a0e00000, 0x0000000100000000)
  region size 1024K, 3 young (3072K), 3 survivors (3072K)
 Metaspace       used 20346K, committed 20608K, reserved 1114112K
  class space    used 2328K, committed 2432K, reserved 1048576K
}
Event: 49.425 GC heap before
{Heap before GC invocations=5 (full 0):
 garbage-first heap   total 98304K, used 29552K [0x00000000a0e00000, 0x0000000100000000)
  region size 1024K, 13 young (13312K), 3 survivors (3072K)
 Metaspace       used 21185K, committed 21504K, reserved 1114112K
  class space    used 2467K, committed 2624K, reserved 1048576K
}
Event: 49.441 GC heap after
{Heap after GC invocations=6 (full 0):
 garbage-first heap   total 98304K, used 23997K [0x00000000a0e00000, 0x0000000100000000)
  region size 1024K, 6 young (6144K), 6 survivors (6144K)
 Metaspace       used 21185K, committed 21504K, reserved 1114112K
  class space    used 2467K, committed 2624K, reserved 1048576K
}
Event: 63.220 GC heap before
{Heap before GC invocations=7 (full 0):
 garbage-first heap   total 86016K, used 68029K [0x00000000a0e00000, 0x0000000100000000)
  region size 1024K, 50 young (51200K), 6 survivors (6144K)
 Metaspace       used 27788K, committed 28160K, reserved 1114112K
  class space    used 3176K, committed 3328K, reserved 1048576K
}
Event: 63.251 GC heap after
{Heap after GC invocations=8 (full 0):
 garbage-first heap   total 86016K, used 31145K [0x00000000a0e00000, 0x0000000100000000)
  region size 1024K, 7 young (7168K), 7 survivors (7168K)
 Metaspace       used 27788K, committed 28160K, reserved 1114112K
  class space    used 3176K, committed 3328K, reserved 1048576K
}

