# JRE version: OpenJDK Runtime Environment Temurin-21.0.6+7 (21.0.6+7) (build 21.0.6+7-LTS)
# Java VM: OpenJDK 64-Bit Server VM Temurin-21.0.6+7 (21.0.6+7-LTS, mixed mode, sharing, tiered, compressed oops, compressed class ptrs, parallel gc, windows-amd64)
GC Precious Log:
 CardTable entry size: 512
 CPUs: 4 total, 4 available
 Memory: 6086M
 Large Page Support: Disabled
 NUMA Support: Disabled
 Compressed Oops: Enabled (32-bit)
 Alignments: Space 512K, Generation 512K, Heap 2M
 Heap Min Capacity: 100M
 Heap Initial Capacity: 100M
 Heap Max Capacity: 1G
 Pre-touch: Disabled
 Parallel Workers: 4
Heap:
 PSYoungGen      total 3584K, used 1194K [0x00000000eab00000, 0x00000000eaf80000, 0x0000000100000000)
  eden space 2560K, 23% used [0x00000000eab00000,0x00000000eab93e78,0x00000000ead80000)
  from space 1024K, 58% used [0x00000000ead80000,0x00000000eae16ac0,0x00000000eae80000)
  to   space 1024K, 0% used [0x00000000eae80000,0x00000000eae80000,0x00000000eaf80000)
 ParOldGen       total 289280K, used 288919K [0x00000000c0000000, 0x00000000d1a80000, 0x00000000eab00000)
  object space 289280K, 99% used [0x00000000c0000000,0x00000000d1a25ed8,0x00000000d1a80000)
 Metaspace       used 66264K, committed 67776K, reserved 1114112K
  class space    used 6762K, committed 7488K, reserved 1048576K
GC Heap History (20 events):
Event: 97.221 GC heap after
{Heap after GC invocations=446 (full 3):
 PSYoungGen      total 3072K, used 497K [0x00000000eab00000, 0x00000000eaf80000, 0x0000000100000000)
  eden space 2560K, 0% used [0x00000000eab00000,0x00000000eab00000,0x00000000ead80000)
  from space 512K, 97% used [0x00000000ead80000,0x00000000eadfc6a0,0x00000000eae00000)
  to   space 1024K, 0% used [0x00000000eae80000,0x00000000eae80000,0x00000000eaf80000)
 ParOldGen       total 281600K, used 281272K [0x00000000c0000000, 0x00000000d1300000, 0x00000000eab00000)
  object space 281600K, 99% used [0x00000000c0000000,0x00000000d12ae198,0x00000000d1300000)
 Metaspace       used 66001K, committed 67584K, reserved 1114112K
  class space    used 6756K, committed 7488K, reserved 1048576K
}
Event: 97.239 GC heap before
{Heap before GC invocations=447 (full 3):
 PSYoungGen      total 3072K, used 3057K [0x00000000eab00000, 0x00000000eaf80000, 0x0000000100000000)
  eden space 2560K, 100% used [0x00000000eab00000,0x00000000ead80000,0x00000000ead80000)
  from space 512K, 97% used [0x00000000ead80000,0x00000000eadfc6a0,0x00000000eae00000)
  to   space 1024K, 0% used [0x00000000eae80000,0x00000000eae80000,0x00000000eaf80000)
 ParOldGen       total 281600K, used 281272K [0x00000000c0000000, 0x00000000d1300000, 0x00000000eab00000)
  object space 281600K, 99% used [0x00000000c0000000,0x00000000d12ae198,0x00000000d1300000)
 Metaspace       used 66004K, committed 67584K, reserved 1114112K
  class space    used 6756K, committed 7488K, reserved 1048576K
}
Event: 97.243 GC heap after
{Heap after GC invocations=447 (full 3):
 PSYoungGen      total 3584K, used 599K [0x00000000eab00000, 0x00000000eb000000, 0x0000000100000000)
  eden space 2560K, 0% used [0x00000000eab00000,0x00000000eab00000,0x00000000ead80000)
  from space 1024K, 58% used [0x00000000eae80000,0x00000000eaf15f50,0x00000000eaf80000)
  to   space 1024K, 0% used [0x00000000ead80000,0x00000000ead80000,0x00000000eae80000)
 ParOldGen       total 282112K, used 281731K [0x00000000c0000000, 0x00000000d1380000, 0x00000000eab00000)
  object space 282112K, 99% used [0x00000000c0000000,0x00000000d1320c70,0x00000000d1380000)
 Metaspace       used 66004K, committed 67584K, reserved 1114112K
  class space    used 6756K, committed 7488K, reserved 1048576K
}
Event: 97.262 GC heap before
{Heap before GC invocations=448 (full 3):
 PSYoungGen      total 3584K, used 3159K [0x00000000eab00000, 0x00000000eb000000, 0x0000000100000000)
  eden space 2560K, 99% used [0x00000000eab00000,0x00000000ead7fff8,0x00000000ead80000)
  from space 1024K, 58% used [0x00000000eae80000,0x00000000eaf15f50,0x00000000eaf80000)
  to   space 1024K, 0% used [0x00000000ead80000,0x00000000ead80000,0x00000000eae80000)
 ParOldGen       total 282112K, used 281731K [0x00000000c0000000, 0x00000000d1380000, 0x00000000eab00000)
  object space 282112K, 99% used [0x00000000c0000000,0x00000000d1320c70,0x00000000d1380000)
 Metaspace       used 66008K, committed 67584K, reserved 1114112K
  class space    used 6756K, committed 7488K, reserved 1048576K
}
Event: 97.265 GC heap after
{Heap after GC invocations=448 (full 3):
 PSYoungGen      total 3584K, used 544K [0x00000000eab00000, 0x00000000eaf80000, 0x0000000100000000)
  eden space 2560K, 0% used [0x00000000eab00000,0x00000000eab00000,0x00000000ead80000)
  from space 1024K, 53% used [0x00000000ead80000,0x00000000eae08000,0x00000000eae80000)
  to   space 1024K, 0% used [0x00000000eae80000,0x00000000eae80000,0x00000000eaf80000)
 ParOldGen       total 282624K, used 282272K [0x00000000c0000000, 0x00000000d1400000, 0x00000000eab00000)
  object space 282624K, 99% used [0x00000000c0000000,0x00000000d13a81e8,0x00000000d1400000)
 Metaspace       used 66008K, committed 67584K, reserved 1114112K
  class space    used 6756K, committed 7488K, reserved 1048576K
}
Event: 97.329 GC heap before
{Heap before GC invocations=449 (full 3):
 PSYoungGen      total 3584K, used 3104K [0x00000000eab00000, 0x00000000eaf80000, 0x0000000100000000)
  eden space 2560K, 100% used [0x00000000eab00000,0x00000000ead80000,0x00000000ead80000)
  from space 1024K, 53% used [0x00000000ead80000,0x00000000eae08000,0x00000000eae80000)
  to   space 1024K, 0% used [0x00000000eae80000,0x00000000eae80000,0x00000000eaf80000)
 ParOldGen       total 282624K, used 282272K [0x00000000c0000000, 0x00000000d1400000, 0x00000000eab00000)
  object space 282624K, 99% used [0x00000000c0000000,0x00000000d13a81e8,0x00000000d1400000)
 Metaspace       used 66056K, committed 67584K, reserved 1114112K
  class space    used 6756K, committed 7488K, reserved 1048576K
}
Event: 97.332 GC heap after
{Heap after GC invocations=449 (full 3):
 PSYoungGen      total 3584K, used 576K [0x00000000eab00000, 0x00000000eaf80000, 0x0000000100000000)
  eden space 2560K, 0% used [0x00000000eab00000,0x00000000eab00000,0x00000000ead80000)
  from space 1024K, 56% used [0x00000000eae80000,0x00000000eaf10000,0x00000000eaf80000)
  to   space 1024K, 0% used [0x00000000ead80000,0x00000000ead80000,0x00000000eae80000)
 ParOldGen       total 283136K, used 282784K [0x00000000c0000000, 0x00000000d1480000, 0x00000000eab00000)
  object space 283136K, 99% used [0x00000000c0000000,0x00000000d14282e0,0x00000000d1480000)
 Metaspace       used 66056K, committed 67584K, reserved 1114112K
  class space    used 6756K, committed 7488K, reserved 1048576K
}
Event: 97.352 GC heap before
{Heap before GC invocations=450 (full 3):
 PSYoungGen      total 3584K, used 3136K [0x00000000eab00000, 0x00000000eaf80000, 0x0000000100000000)
  eden space 2560K, 100% used [0x00000000eab00000,0x00000000ead80000,0x00000000ead80000)
  from space 1024K, 56% used [0x00000000eae80000,0x00000000eaf10000,0x00000000eaf80000)
  to   space 1024K, 0% used [0x00000000ead80000,0x00000000ead80000,0x00000000eae80000)
 ParOldGen       total 283136K, used 282784K [0x00000000c0000000, 0x00000000d1480000, 0x00000000eab00000)
  object space 283136K, 99% used [0x00000000c0000000,0x00000000d14282e0,0x00000000d1480000)
 Metaspace       used 66059K, committed 67584K, reserved 1114112K
  class space    used 6756K, committed 7488K, reserved 1048576K
}
Event: 97.356 GC heap after
{Heap after GC invocations=450 (full 3):
 PSYoungGen      total 3584K, used 576K [0x00000000eab00000, 0x00000000eaf80000, 0x0000000100000000)
  eden space 2560K, 0% used [0x00000000eab00000,0x00000000eab00000,0x00000000ead80000)
  from space 1024K, 56% used [0x00000000ead80000,0x00000000eae10000,0x00000000eae80000)
  to   space 1024K, 0% used [0x00000000eae80000,0x00000000eae80000,0x00000000eaf80000)
 ParOldGen       total 283648K, used 283304K [0x00000000c0000000, 0x00000000d1500000, 0x00000000eab00000)
  object space 283648K, 99% used [0x00000000c0000000,0x00000000d14aa2f8,0x00000000d1500000)
 Metaspace       used 66059K, committed 67584K, reserved 1114112K
  class space    used 6756K, committed 7488K, reserved 1048576K
}
Event: 97.381 GC heap before
{Heap before GC invocations=451 (full 3):
 PSYoungGen      total 3584K, used 3136K [0x00000000eab00000, 0x00000000eaf80000, 0x0000000100000000)
  eden space 2560K, 100% used [0x00000000eab00000,0x00000000ead80000,0x00000000ead80000)
  from space 1024K, 56% used [0x00000000ead80000,0x00000000eae10000,0x00000000eae80000)
  to   space 1024K, 0% used [0x00000000eae80000,0x00000000eae80000,0x00000000eaf80000)
 ParOldGen       total 283648K, used 283304K [0x00000000c0000000, 0x00000000d1500000, 0x00000000eab00000)
  object space 283648K, 99% used [0x00000000c0000000,0x00000000d14aa2f8,0x00000000d1500000)
 Metaspace       used 66104K, committed 67648K, reserved 1114112K
  class space    used 6756K, committed 7488K, reserved 1048576K
}
Event: 97.385 GC heap after
{Heap after GC invocations=451 (full 3):
 PSYoungGen      total 3584K, used 624K [0x00000000eab00000, 0x00000000eaf80000, 0x0000000100000000)
  eden space 2560K, 0% used [0x00000000eab00000,0x00000000eab00000,0x00000000ead80000)
  from space 1024K, 61% used [0x00000000eae80000,0x00000000eaf1c3c8,0x00000000eaf80000)
  to   space 1024K, 0% used [0x00000000ead80000,0x00000000ead80000,0x00000000eae80000)
 ParOldGen       total 284160K, used 283833K [0x00000000c0000000, 0x00000000d1580000, 0x00000000eab00000)
  object space 284160K, 99% used [0x00000000c0000000,0x00000000d152e728,0x00000000d1580000)
 Metaspace       used 66104K, committed 67648K, reserved 1114112K
  class space    used 6756K, committed 7488K, reserved 1048576K
}
Event: 97.408 GC heap before
{Heap before GC invocations=452 (full 3):
 PSYoungGen      total 3584K, used 3184K [0x00000000eab00000, 0x00000000eaf80000, 0x0000000100000000)
  eden space 2560K, 100% used [0x00000000eab00000,0x00000000ead80000,0x00000000ead80000)
  from space 1024K, 61% used [0x00000000eae80000,0x00000000eaf1c3c8,0x00000000eaf80000)
  to   space 1024K, 0% used [0x00000000ead80000,0x00000000ead80000,0x00000000eae80000)
 ParOldGen       total 284160K, used 283833K [0x00000000c0000000, 0x00000000d1580000, 0x00000000eab00000)
  object space 284160K, 99% used [0x00000000c0000000,0x00000000d152e728,0x00000000d1580000)
 Metaspace       used 66122K, committed 67712K, reserved 1114112K
  class space    used 6756K, committed 7488K, reserved 1048576K
}
Event: 97.411 GC heap after
{Heap after GC invocations=452 (full 3):
 PSYoungGen      total 3584K, used 638K [0x00000000eab00000, 0x00000000eaf80000, 0x0000000100000000)
  eden space 2560K, 0% used [0x00000000eab00000,0x00000000eab00000,0x00000000ead80000)
  from space 1024K, 62% used [0x00000000ead80000,0x00000000eae1f960,0x00000000eae80000)
  to   space 1024K, 0% used [0x00000000eae80000,0x00000000eae80000,0x00000000eaf80000)
 ParOldGen       total 284672K, used 284397K [0x00000000c0000000, 0x00000000d1600000, 0x00000000eab00000)
  object space 284672K, 99% used [0x00000000c0000000,0x00000000d15bb798,0x00000000d1600000)
 Metaspace       used 66122K, committed 67712K, reserved 1114112K
  class space    used 6756K, committed 7488K, reserved 1048576K
}
Event: 97.453 GC heap before
{Heap before GC invocations=453 (full 3):
 PSYoungGen      total 3584K, used 3198K [0x00000000eab00000, 0x00000000eaf80000, 0x0000000100000000)
  eden space 2560K, 100% used [0x00000000eab00000,0x00000000ead80000,0x00000000ead80000)
  from space 1024K, 62% used [0x00000000ead80000,0x00000000eae1f960,0x00000000eae80000)
  to   space 1024K, 0% used [0x00000000eae80000,0x00000000eae80000,0x00000000eaf80000)
 ParOldGen       total 284672K, used 284397K [0x00000000c0000000, 0x00000000d1600000, 0x00000000eab00000)
  object space 284672K, 99% used [0x00000000c0000000,0x00000000d15bb798,0x00000000d1600000)
 Metaspace       used 66128K, committed 67712K, reserved 1114112K
  class space    used 6756K, committed 7488K, reserved 1048576K
}
Event: 97.457 GC heap after
{Heap after GC invocations=453 (full 3):
 PSYoungGen      total 3584K, used 608K [0x00000000eab00000, 0x00000000eaf80000, 0x0000000100000000)
  eden space 2560K, 0% used [0x00000000eab00000,0x00000000eab00000,0x00000000ead80000)
  from space 1024K, 59% used [0x00000000eae80000,0x00000000eaf18000,0x00000000eaf80000)
  to   space 1024K, 0% used [0x00000000ead80000,0x00000000ead80000,0x00000000eae80000)
 ParOldGen       total 285184K, used 284945K [0x00000000c0000000, 0x00000000d1680000, 0x00000000eab00000)
  object space 285184K, 99% used [0x00000000c0000000,0x00000000d1644460,0x00000000d1680000)
 Metaspace       used 66128K, committed 67712K, reserved 1114112K
  class space    used 6756K, committed 7488K, reserved 1048576K
}
Event: 97.528 GC heap before
{Heap before GC invocations=454 (full 3):
 PSYoungGen      total 3584K, used 3168K [0x00000000eab00000, 0x00000000eaf80000, 0x0000000100000000)
  eden space 2560K, 100% used [0x00000000eab00000,0x00000000ead80000,0x00000000ead80000)
  from space 1024K, 59% used [0x00000000eae80000,0x00000000eaf18000,0x00000000eaf80000)
  to   space 1024K, 0% used [0x00000000ead80000,0x00000000ead80000,0x00000000eae80000)
 ParOldGen       total 285184K, used 284945K [0x00000000c0000000, 0x00000000d1680000, 0x00000000eab00000)
  object space 285184K, 99% used [0x00000000c0000000,0x00000000d1644460,0x00000000d1680000)
 Metaspace       used 66225K, committed 67776K, reserved 1114112K
  class space    used 6758K, committed 7488K, reserved 1048576K
}
Event: 97.531 GC heap after
{Heap after GC invocations=454 (full 3):
 PSYoungGen      total 3584K, used 626K [0x00000000eab00000, 0x00000000eaf80000, 0x0000000100000000)
  eden space 2560K, 0% used [0x00000000eab00000,0x00000000eab00000,0x00000000ead80000)
  from space 1024K, 61% used [0x00000000ead80000,0x00000000eae1cac8,0x00000000eae80000)
  to   space 1024K, 0% used [0x00000000eae80000,0x00000000eae80000,0x00000000eaf80000)
 ParOldGen       total 285696K, used 285494K [0x00000000c0000000, 0x00000000d1700000, 0x00000000eab00000)
  object space 285696K, 99% used [0x00000000c0000000,0x00000000d16cd8b0,0x00000000d1700000)
 Metaspace       used 66225K, committed 67776K, reserved 1114112K
  class space    used 6758K, committed 7488K, reserved 1048576K
}
Event: 97.569 GC heap before
{Heap before GC invocations=455 (full 3):
 PSYoungGen      total 3584K, used 3186K [0x00000000eab00000, 0x00000000eaf80000, 0x0000000100000000)
  eden space 2560K, 100% used [0x00000000eab00000,0x00000000ead80000,0x00000000ead80000)
  from space 1024K, 61% used [0x00000000ead80000,0x00000000eae1cac8,0x00000000eae80000)
  to   space 1024K, 0% used [0x00000000eae80000,0x00000000eae80000,0x00000000eaf80000)
 ParOldGen       total 285696K, used 285494K [0x00000000c0000000, 0x00000000d1700000, 0x00000000eab00000)
  object space 285696K, 99% used [0x00000000c0000000,0x00000000d16cd8b0,0x00000000d1700000)
 Metaspace       used 66232K, committed 67776K, reserved 1114112K
  class space    used 6762K, committed 7488K, reserved 1048576K
}
Event: 97.575 GC heap after
{Heap after GC invocations=455 (full 3):
 PSYoungGen      total 3584K, used 615K [0x00000000eab00000, 0x00000000eaf80000, 0x0000000100000000)
  eden space 2560K, 0% used [0x00000000eab00000,0x00000000eab00000,0x00000000ead80000)
  from space 1024K, 60% used [0x00000000eae80000,0x00000000eaf19e20,0x00000000eaf80000)
  to   space 1024K, 0% used [0x00000000ead80000,0x00000000ead80000,0x00000000eae80000)
 ParOldGen       total 286208K, used 286046K [0x00000000c0000000, 0x00000000d1780000, 0x00000000eab00000)
  object space 286208K, 99% used [0x00000000c0000000,0x00000000d1757890,0x00000000d1780000)
 Metaspace       used 66232K, committed 67776K, reserved 1114112K
  class space    used 6762K, committed 7488K, reserved 1048576K
}
Event: 97.613 GC heap before
{Heap before GC invocations=456 (full 3):
 PSYoungGen      total 3584K, used 3175K [0x00000000eab00000, 0x00000000eaf80000, 0x0000000100000000)
  eden space 2560K, 100% used [0x00000000eab00000,0x00000000ead80000,0x00000000ead80000)
  from space 1024K, 60% used [0x00000000eae80000,0x00000000eaf19e20,0x00000000eaf80000)
  to   space 1024K, 0% used [0x00000000ead80000,0x00000000ead80000,0x00000000eae80000)
 ParOldGen       total 286208K, used 286046K [0x00000000c0000000, 0x00000000d1780000, 0x00000000eab00000)
  object space 286208K, 99% used [0x00000000c0000000,0x00000000d1757890,0x00000000d1780000)
 Metaspace       used 66264K, committed 67776K, reserved 1114112K
  class space    used 6762K, committed 7488K, reserved 1048576K
}

