# JRE version: OpenJDK Runtime Environment Temurin-21.0.6+7 (21.0.6+7) (build 21.0.6+7-LTS)
# Java VM: OpenJDK 64-Bit Server VM Temurin-21.0.6+7 (21.0.6+7-LTS, mixed mode, sharing, tiered, compressed oops, compressed class ptrs, parallel gc, windows-amd64)
GC Precious Log:
 CardTable entry size: 512
 CPUs: 4 total, 4 available
 Memory: 6086M
 Large Page Support: Disabled
 NUMA Support: Disabled
 Compressed Oops: Enabled (32-bit)
 Alignments: Space 512K, Generation 512K, Heap 2M
 Heap Min Capacity: 100M
 Heap Initial Capacity: 100M
 Heap Max Capacity: 1G
 Pre-touch: Disabled
 Parallel Workers: 4
Heap:
 PSYoungGen      total 21504K, used 5165K [0x00000000eab00000, 0x00000000ec300000, 0x0000000100000000)
  eden space 20480K, 20% used [0x00000000eab00000,0x00000000eaf10730,0x00000000ebf00000)
  from space 1024K, 98% used [0x00000000ebf00000,0x00000000ebffaf10,0x00000000ec000000)
  to   space 2048K, 0% used [0x00000000ec100000,0x00000000ec100000,0x00000000ec300000)
 ParOldGen       total 68608K, used 32185K [0x00000000c0000000, 0x00000000c4300000, 0x00000000eab00000)
  object space 68608K, 46% used [0x00000000c0000000,0x00000000c1f6e438,0x00000000c4300000)
 Metaspace       used 43224K, committed 44224K, reserved 1114112K
  class space    used 4180K, committed 4608K, reserved 1048576K
GC Heap History (20 events):
Event: 67.265 GC heap before
{Heap before GC invocations=16 (full 1):
 PSYoungGen      total 23552K, used 23552K [0x00000000eab00000, 0x00000000ec500000, 0x0000000100000000)
  eden space 21504K, 100% used [0x00000000eab00000,0x00000000ec000000,0x00000000ec000000)
  from space 2048K, 100% used [0x00000000ec300000,0x00000000ec500000,0x00000000ec500000)
  to   space 2560K, 0% used [0x00000000ec000000,0x00000000ec000000,0x00000000ec280000)
 ParOldGen       total 68608K, used 22160K [0x00000000c0000000, 0x00000000c4300000, 0x00000000eab00000)
  object space 68608K, 32% used [0x00000000c0000000,0x00000000c15a4378,0x00000000c4300000)
 Metaspace       used 34857K, committed 35840K, reserved 1114112K
  class space    used 3403K, committed 3840K, reserved 1048576K
}
Event: 67.274 GC heap after
{Heap after GC invocations=16 (full 1):
 PSYoungGen      total 24064K, used 2180K [0x00000000eab00000, 0x00000000ec500000, 0x0000000100000000)
  eden space 21504K, 0% used [0x00000000eab00000,0x00000000eab00000,0x00000000ec000000)
  from space 2560K, 85% used [0x00000000ec000000,0x00000000ec221000,0x00000000ec280000)
  to   space 2560K, 0% used [0x00000000ec280000,0x00000000ec280000,0x00000000ec500000)
 ParOldGen       total 68608K, used 24085K [0x00000000c0000000, 0x00000000c4300000, 0x00000000eab00000)
  object space 68608K, 35% used [0x00000000c0000000,0x00000000c17856d8,0x00000000c4300000)
 Metaspace       used 34857K, committed 35840K, reserved 1114112K
  class space    used 3403K, committed 3840K, reserved 1048576K
}
Event: 67.551 GC heap before
{Heap before GC invocations=17 (full 1):
 PSYoungGen      total 24064K, used 12900K [0x00000000eab00000, 0x00000000ec500000, 0x0000000100000000)
  eden space 21504K, 49% used [0x00000000eab00000,0x00000000eb578368,0x00000000ec000000)
  from space 2560K, 85% used [0x00000000ec000000,0x00000000ec221000,0x00000000ec280000)
  to   space 2560K, 0% used [0x00000000ec280000,0x00000000ec280000,0x00000000ec500000)
 ParOldGen       total 68608K, used 24085K [0x00000000c0000000, 0x00000000c4300000, 0x00000000eab00000)
  object space 68608K, 35% used [0x00000000c0000000,0x00000000c17856d8,0x00000000c4300000)
 Metaspace       used 34877K, committed 35840K, reserved 1114112K
  class space    used 3403K, committed 3840K, reserved 1048576K
}
Event: 67.558 GC heap after
{Heap after GC invocations=17 (full 1):
 PSYoungGen      total 23040K, used 1248K [0x00000000eab00000, 0x00000000ec400000, 0x0000000100000000)
  eden space 21504K, 0% used [0x00000000eab00000,0x00000000eab00000,0x00000000ec000000)
  from space 1536K, 81% used [0x00000000ec280000,0x00000000ec3b8010,0x00000000ec400000)
  to   space 2048K, 0% used [0x00000000ec000000,0x00000000ec000000,0x00000000ec200000)
 ParOldGen       total 68608K, used 26131K [0x00000000c0000000, 0x00000000c4300000, 0x00000000eab00000)
  object space 68608K, 38% used [0x00000000c0000000,0x00000000c1984d00,0x00000000c4300000)
 Metaspace       used 34877K, committed 35840K, reserved 1114112K
  class space    used 3403K, committed 3840K, reserved 1048576K
}
Event: 67.558 GC heap before
{Heap before GC invocations=18 (full 2):
 PSYoungGen      total 23040K, used 1248K [0x00000000eab00000, 0x00000000ec400000, 0x0000000100000000)
  eden space 21504K, 0% used [0x00000000eab00000,0x00000000eab00000,0x00000000ec000000)
  from space 1536K, 81% used [0x00000000ec280000,0x00000000ec3b8010,0x00000000ec400000)
  to   space 2048K, 0% used [0x00000000ec000000,0x00000000ec000000,0x00000000ec200000)
 ParOldGen       total 68608K, used 26131K [0x00000000c0000000, 0x00000000c4300000, 0x00000000eab00000)
  object space 68608K, 38% used [0x00000000c0000000,0x00000000c1984d00,0x00000000c4300000)
 Metaspace       used 34877K, committed 35840K, reserved 1114112K
  class space    used 3403K, committed 3840K, reserved 1048576K
}
Event: 67.697 GC heap after
{Heap after GC invocations=18 (full 2):
 PSYoungGen      total 23040K, used 0K [0x00000000eab00000, 0x00000000ec400000, 0x0000000100000000)
  eden space 21504K, 0% used [0x00000000eab00000,0x00000000eab00000,0x00000000ec000000)
  from space 1536K, 0% used [0x00000000ec280000,0x00000000ec280000,0x00000000ec400000)
  to   space 2048K, 0% used [0x00000000ec000000,0x00000000ec000000,0x00000000ec200000)
 ParOldGen       total 68608K, used 26560K [0x00000000c0000000, 0x00000000c4300000, 0x00000000eab00000)
  object space 68608K, 38% used [0x00000000c0000000,0x00000000c19f0258,0x00000000c4300000)
 Metaspace       used 34838K, committed 35840K, reserved 1114112K
  class space    used 3393K, committed 3840K, reserved 1048576K
}
Event: 68.486 GC heap before
{Heap before GC invocations=19 (full 2):
 PSYoungGen      total 23040K, used 21504K [0x00000000eab00000, 0x00000000ec400000, 0x0000000100000000)
  eden space 21504K, 100% used [0x00000000eab00000,0x00000000ec000000,0x00000000ec000000)
  from space 1536K, 0% used [0x00000000ec280000,0x00000000ec280000,0x00000000ec400000)
  to   space 2048K, 0% used [0x00000000ec000000,0x00000000ec000000,0x00000000ec200000)
 ParOldGen       total 68608K, used 26560K [0x00000000c0000000, 0x00000000c4300000, 0x00000000eab00000)
  object space 68608K, 38% used [0x00000000c0000000,0x00000000c19f0258,0x00000000c4300000)
 Metaspace       used 34917K, committed 35904K, reserved 1114112K
  class space    used 3395K, committed 3840K, reserved 1048576K
}
Event: 68.494 GC heap after
{Heap after GC invocations=19 (full 2):
 PSYoungGen      total 23552K, used 1880K [0x00000000eab00000, 0x00000000ec400000, 0x0000000100000000)
  eden space 21504K, 0% used [0x00000000eab00000,0x00000000eab00000,0x00000000ec000000)
  from space 2048K, 91% used [0x00000000ec000000,0x00000000ec1d6200,0x00000000ec200000)
  to   space 2048K, 0% used [0x00000000ec200000,0x00000000ec200000,0x00000000ec400000)
 ParOldGen       total 68608K, used 26560K [0x00000000c0000000, 0x00000000c4300000, 0x00000000eab00000)
  object space 68608K, 38% used [0x00000000c0000000,0x00000000c19f0258,0x00000000c4300000)
 Metaspace       used 34917K, committed 35904K, reserved 1114112K
  class space    used 3395K, committed 3840K, reserved 1048576K
}
Event: 69.471 GC heap before
{Heap before GC invocations=20 (full 2):
 PSYoungGen      total 23552K, used 23383K [0x00000000eab00000, 0x00000000ec400000, 0x0000000100000000)
  eden space 21504K, 99% used [0x00000000eab00000,0x00000000ebfffbb0,0x00000000ec000000)
  from space 2048K, 91% used [0x00000000ec000000,0x00000000ec1d6200,0x00000000ec200000)
  to   space 2048K, 0% used [0x00000000ec200000,0x00000000ec200000,0x00000000ec400000)
 ParOldGen       total 68608K, used 26560K [0x00000000c0000000, 0x00000000c4300000, 0x00000000eab00000)
  object space 68608K, 38% used [0x00000000c0000000,0x00000000c19f0258,0x00000000c4300000)
 Metaspace       used 35348K, committed 36224K, reserved 1114112K
  class space    used 3436K, committed 3840K, reserved 1048576K
}
Event: 69.481 GC heap after
{Heap after GC invocations=20 (full 2):
 PSYoungGen      total 23552K, used 1907K [0x00000000eab00000, 0x00000000ec400000, 0x0000000100000000)
  eden space 21504K, 0% used [0x00000000eab00000,0x00000000eab00000,0x00000000ec000000)
  from space 2048K, 93% used [0x00000000ec200000,0x00000000ec3dcf48,0x00000000ec400000)
  to   space 2048K, 0% used [0x00000000ec000000,0x00000000ec000000,0x00000000ec200000)
 ParOldGen       total 68608K, used 28385K [0x00000000c0000000, 0x00000000c4300000, 0x00000000eab00000)
  object space 68608K, 41% used [0x00000000c0000000,0x00000000c1bb8458,0x00000000c4300000)
 Metaspace       used 35348K, committed 36224K, reserved 1114112K
  class space    used 3436K, committed 3840K, reserved 1048576K
}
Event: 71.561 GC heap before
{Heap before GC invocations=21 (full 2):
 PSYoungGen      total 23552K, used 23411K [0x00000000eab00000, 0x00000000ec400000, 0x0000000100000000)
  eden space 21504K, 100% used [0x00000000eab00000,0x00000000ec000000,0x00000000ec000000)
  from space 2048K, 93% used [0x00000000ec200000,0x00000000ec3dcf48,0x00000000ec400000)
  to   space 2048K, 0% used [0x00000000ec000000,0x00000000ec000000,0x00000000ec200000)
 ParOldGen       total 68608K, used 28385K [0x00000000c0000000, 0x00000000c4300000, 0x00000000eab00000)
  object space 68608K, 41% used [0x00000000c0000000,0x00000000c1bb8458,0x00000000c4300000)
 Metaspace       used 37459K, committed 38400K, reserved 1114112K
  class space    used 3624K, committed 4032K, reserved 1048576K
}
Event: 71.566 GC heap after
{Heap after GC invocations=21 (full 2):
 PSYoungGen      total 22528K, used 560K [0x00000000eab00000, 0x00000000ec300000, 0x0000000100000000)
  eden space 21504K, 0% used [0x00000000eab00000,0x00000000eab00000,0x00000000ec000000)
  from space 1024K, 54% used [0x00000000ec000000,0x00000000ec08c020,0x00000000ec100000)
  to   space 1536K, 0% used [0x00000000ec180000,0x00000000ec180000,0x00000000ec300000)
 ParOldGen       total 68608K, used 29959K [0x00000000c0000000, 0x00000000c4300000, 0x00000000eab00000)
  object space 68608K, 43% used [0x00000000c0000000,0x00000000c1d41c50,0x00000000c4300000)
 Metaspace       used 37459K, committed 38400K, reserved 1114112K
  class space    used 3624K, committed 4032K, reserved 1048576K
}
Event: 73.834 GC heap before
{Heap before GC invocations=22 (full 2):
 PSYoungGen      total 22528K, used 22064K [0x00000000eab00000, 0x00000000ec300000, 0x0000000100000000)
  eden space 21504K, 100% used [0x00000000eab00000,0x00000000ec000000,0x00000000ec000000)
  from space 1024K, 54% used [0x00000000ec000000,0x00000000ec08c020,0x00000000ec100000)
  to   space 1536K, 0% used [0x00000000ec180000,0x00000000ec180000,0x00000000ec300000)
 ParOldGen       total 68608K, used 29959K [0x00000000c0000000, 0x00000000c4300000, 0x00000000eab00000)
  object space 68608K, 43% used [0x00000000c0000000,0x00000000c1d41c50,0x00000000c4300000)
 Metaspace       used 39199K, committed 40128K, reserved 1114112K
  class space    used 3807K, committed 4224K, reserved 1048576K
}
Event: 73.838 GC heap after
{Heap after GC invocations=22 (full 2):
 PSYoungGen      total 22016K, used 1533K [0x00000000eab00000, 0x00000000ec500000, 0x0000000100000000)
  eden space 20480K, 0% used [0x00000000eab00000,0x00000000eab00000,0x00000000ebf00000)
  from space 1536K, 99% used [0x00000000ec180000,0x00000000ec2ff628,0x00000000ec300000)
  to   space 2560K, 0% used [0x00000000ebf00000,0x00000000ebf00000,0x00000000ec180000)
 ParOldGen       total 68608K, used 30643K [0x00000000c0000000, 0x00000000c4300000, 0x00000000eab00000)
  object space 68608K, 44% used [0x00000000c0000000,0x00000000c1decf60,0x00000000c4300000)
 Metaspace       used 39199K, committed 40128K, reserved 1114112K
  class space    used 3807K, committed 4224K, reserved 1048576K
}
Event: 76.446 GC heap before
{Heap before GC invocations=23 (full 2):
 PSYoungGen      total 22016K, used 22013K [0x00000000eab00000, 0x00000000ec500000, 0x0000000100000000)
  eden space 20480K, 100% used [0x00000000eab00000,0x00000000ebf00000,0x00000000ebf00000)
  from space 1536K, 99% used [0x00000000ec180000,0x00000000ec2ff628,0x00000000ec300000)
  to   space 2560K, 0% used [0x00000000ebf00000,0x00000000ebf00000,0x00000000ec180000)
 ParOldGen       total 68608K, used 30643K [0x00000000c0000000, 0x00000000c4300000, 0x00000000eab00000)
  object space 68608K, 44% used [0x00000000c0000000,0x00000000c1decf60,0x00000000c4300000)
 Metaspace       used 39269K, committed 40192K, reserved 1114112K
  class space    used 3814K, committed 4224K, reserved 1048576K
}
Event: 76.449 GC heap after
{Heap after GC invocations=23 (full 2):
 PSYoungGen      total 21504K, used 969K [0x00000000eab00000, 0x00000000ec200000, 0x0000000100000000)
  eden space 20480K, 0% used [0x00000000eab00000,0x00000000eab00000,0x00000000ebf00000)
  from space 1024K, 94% used [0x00000000ebf00000,0x00000000ebff2650,0x00000000ec000000)
  to   space 1536K, 0% used [0x00000000ec080000,0x00000000ec080000,0x00000000ec200000)
 ParOldGen       total 68608K, used 31761K [0x00000000c0000000, 0x00000000c4300000, 0x00000000eab00000)
  object space 68608K, 46% used [0x00000000c0000000,0x00000000c1f04420,0x00000000c4300000)
 Metaspace       used 39269K, committed 40192K, reserved 1114112K
  class space    used 3814K, committed 4224K, reserved 1048576K
}
Event: 77.521 GC heap before
{Heap before GC invocations=24 (full 2):
 PSYoungGen      total 21504K, used 21449K [0x00000000eab00000, 0x00000000ec200000, 0x0000000100000000)
  eden space 20480K, 100% used [0x00000000eab00000,0x00000000ebf00000,0x00000000ebf00000)
  from space 1024K, 94% used [0x00000000ebf00000,0x00000000ebff2650,0x00000000ec000000)
  to   space 1536K, 0% used [0x00000000ec080000,0x00000000ec080000,0x00000000ec200000)
 ParOldGen       total 68608K, used 31761K [0x00000000c0000000, 0x00000000c4300000, 0x00000000eab00000)
  object space 68608K, 46% used [0x00000000c0000000,0x00000000c1f04420,0x00000000c4300000)
 Metaspace       used 40794K, committed 41664K, reserved 1114112K
  class space    used 3954K, committed 4352K, reserved 1048576K
}
Event: 77.525 GC heap after
{Heap after GC invocations=24 (full 2):
 PSYoungGen      total 20992K, used 496K [0x00000000eab00000, 0x00000000ec100000, 0x0000000100000000)
  eden space 20480K, 0% used [0x00000000eab00000,0x00000000eab00000,0x00000000ebf00000)
  from space 512K, 96% used [0x00000000ec080000,0x00000000ec0fc018,0x00000000ec100000)
  to   space 1024K, 0% used [0x00000000ebf00000,0x00000000ebf00000,0x00000000ec000000)
 ParOldGen       total 68608K, used 31793K [0x00000000c0000000, 0x00000000c4300000, 0x00000000eab00000)
  object space 68608K, 46% used [0x00000000c0000000,0x00000000c1f0c420,0x00000000c4300000)
 Metaspace       used 40794K, committed 41664K, reserved 1114112K
  class space    used 3954K, committed 4352K, reserved 1048576K
}
Event: 103.786 GC heap before
{Heap before GC invocations=25 (full 2):
 PSYoungGen      total 20992K, used 20945K [0x00000000eab00000, 0x00000000ec100000, 0x0000000100000000)
  eden space 20480K, 99% used [0x00000000eab00000,0x00000000ebef86f0,0x00000000ebf00000)
  from space 512K, 96% used [0x00000000ec080000,0x00000000ec0fc018,0x00000000ec100000)
  to   space 1024K, 0% used [0x00000000ebf00000,0x00000000ebf00000,0x00000000ec000000)
 ParOldGen       total 68608K, used 31793K [0x00000000c0000000, 0x00000000c4300000, 0x00000000eab00000)
  object space 68608K, 46% used [0x00000000c0000000,0x00000000c1f0c420,0x00000000c4300000)
 Metaspace       used 42857K, committed 43840K, reserved 1114112K
  class space    used 4161K, committed 4608K, reserved 1048576K
}
Event: 103.792 GC heap after
{Heap after GC invocations=25 (full 2):
 PSYoungGen      total 21504K, used 1003K [0x00000000eab00000, 0x00000000ec300000, 0x0000000100000000)
  eden space 20480K, 0% used [0x00000000eab00000,0x00000000eab00000,0x00000000ebf00000)
  from space 1024K, 98% used [0x00000000ebf00000,0x00000000ebffaf10,0x00000000ec000000)
  to   space 2048K, 0% used [0x00000000ec100000,0x00000000ec100000,0x00000000ec300000)
 ParOldGen       total 68608K, used 32185K [0x00000000c0000000, 0x00000000c4300000, 0x00000000eab00000)
  object space 68608K, 46% used [0x00000000c0000000,0x00000000c1f6e438,0x00000000c4300000)
 Metaspace       used 42857K, committed 43840K, reserved 1114112K
  class space    used 4161K, committed 4608K, reserved 1048576K
}

