# JRE version: OpenJDK Runtime Environment Temurin-21.0.6+7 (21.0.6+7) (build 21.0.6+7-LTS)
# Java VM: OpenJDK 64-Bit Server VM Temurin-21.0.6+7 (21.0.6+7-LTS, mixed mode, sharing, tiered, compressed oops, compressed class ptrs, parallel gc, windows-amd64)
GC Precious Log:
 CardTable entry size: 512
 CPUs: 4 total, 4 available
 Memory: 6086M
 Large Page Support: Disabled
 NUMA Support: Disabled
 Compressed Oops: Enabled (32-bit)
 Alignments: Space 512K, Generation 512K, Heap 2M
 Heap Min Capacity: 100M
 Heap Initial Capacity: 100M
 Heap Max Capacity: 1G
 Pre-touch: Disabled
 Parallel Workers: 4
Heap:
 PSYoungGen      total 11776K, used 8487K [0x00000000eab00000, 0x00000000eb880000, 0x0000000100000000)
  eden space 9728K, 68% used [0x00000000eab00000,0x00000000eb18a2b8,0x00000000eb480000)
  from space 2048K, 87% used [0x00000000eb680000,0x00000000eb83fbf8,0x00000000eb880000)
  to   space 2048K, 0% used [0x00000000eb480000,0x00000000eb480000,0x00000000eb680000)
 ParOldGen       total 92160K, used 91669K [0x00000000c0000000, 0x00000000c5a00000, 0x00000000eab00000)
  object space 92160K, 99% used [0x00000000c0000000,0x00000000c5985658,0x00000000c5a00000)
 Metaspace       used 71096K, committed 72640K, reserved 1179648K
  class space    used 7370K, committed 8000K, reserved 1048576K
GC Heap History (20 events):
Event: 67.291 GC heap before
{Heap before GC invocations=100 (full 3):
 PSYoungGen      total 12288K, used 11680K [0x00000000eab00000, 0x00000000eb800000, 0x0000000100000000)
  eden space 11264K, 100% used [0x00000000eab00000,0x00000000eb600000,0x00000000eb600000)
  from space 1024K, 40% used [0x00000000eb700000,0x00000000eb768000,0x00000000eb800000)
  to   space 1024K, 0% used [0x00000000eb600000,0x00000000eb600000,0x00000000eb700000)
 ParOldGen       total 86528K, used 86129K [0x00000000c0000000, 0x00000000c5480000, 0x00000000eab00000)
  object space 86528K, 99% used [0x00000000c0000000,0x00000000c541c788,0x00000000c5480000)
 Metaspace       used 68809K, committed 70272K, reserved 1114112K
  class space    used 7152K, committed 7808K, reserved 1048576K
}
Event: 67.292 GC heap after
{Heap after GC invocations=100 (full 3):
 PSYoungGen      total 12288K, used 352K [0x00000000eab00000, 0x00000000eb780000, 0x0000000100000000)
  eden space 11264K, 0% used [0x00000000eab00000,0x00000000eab00000,0x00000000eb600000)
  from space 1024K, 34% used [0x00000000eb600000,0x00000000eb658000,0x00000000eb700000)
  to   space 512K, 0% used [0x00000000eb700000,0x00000000eb700000,0x00000000eb780000)
 ParOldGen       total 86528K, used 86477K [0x00000000c0000000, 0x00000000c5480000, 0x00000000eab00000)
  object space 86528K, 99% used [0x00000000c0000000,0x00000000c54734c0,0x00000000c5480000)
 Metaspace       used 68809K, committed 70272K, reserved 1114112K
  class space    used 7152K, committed 7808K, reserved 1048576K
}
Event: 67.335 GC heap before
{Heap before GC invocations=101 (full 3):
 PSYoungGen      total 12288K, used 11616K [0x00000000eab00000, 0x00000000eb780000, 0x0000000100000000)
  eden space 11264K, 100% used [0x00000000eab00000,0x00000000eb600000,0x00000000eb600000)
  from space 1024K, 34% used [0x00000000eb600000,0x00000000eb658000,0x00000000eb700000)
  to   space 512K, 0% used [0x00000000eb700000,0x00000000eb700000,0x00000000eb780000)
 ParOldGen       total 86528K, used 86477K [0x00000000c0000000, 0x00000000c5480000, 0x00000000eab00000)
  object space 86528K, 99% used [0x00000000c0000000,0x00000000c54734c0,0x00000000c5480000)
 Metaspace       used 68809K, committed 70272K, reserved 1114112K
  class space    used 7152K, committed 7808K, reserved 1048576K
}
Event: 67.337 GC heap after
{Heap after GC invocations=101 (full 3):
 PSYoungGen      total 11776K, used 352K [0x00000000eab00000, 0x00000000eb780000, 0x0000000100000000)
  eden space 11264K, 0% used [0x00000000eab00000,0x00000000eab00000,0x00000000eb600000)
  from space 512K, 68% used [0x00000000eb700000,0x00000000eb758000,0x00000000eb780000)
  to   space 512K, 0% used [0x00000000eb680000,0x00000000eb680000,0x00000000eb700000)
 ParOldGen       total 87040K, used 86781K [0x00000000c0000000, 0x00000000c5500000, 0x00000000eab00000)
  object space 87040K, 99% used [0x00000000c0000000,0x00000000c54bf6d8,0x00000000c5500000)
 Metaspace       used 68809K, committed 70272K, reserved 1114112K
  class space    used 7152K, committed 7808K, reserved 1048576K
}
Event: 67.400 GC heap before
{Heap before GC invocations=102 (full 3):
 PSYoungGen      total 11776K, used 11616K [0x00000000eab00000, 0x00000000eb780000, 0x0000000100000000)
  eden space 11264K, 100% used [0x00000000eab00000,0x00000000eb600000,0x00000000eb600000)
  from space 512K, 68% used [0x00000000eb700000,0x00000000eb758000,0x00000000eb780000)
  to   space 512K, 0% used [0x00000000eb680000,0x00000000eb680000,0x00000000eb700000)
 ParOldGen       total 87040K, used 86781K [0x00000000c0000000, 0x00000000c5500000, 0x00000000eab00000)
  object space 87040K, 99% used [0x00000000c0000000,0x00000000c54bf6d8,0x00000000c5500000)
 Metaspace       used 68814K, committed 70272K, reserved 1114112K
  class space    used 7152K, committed 7808K, reserved 1048576K
}
Event: 67.401 GC heap after
{Heap after GC invocations=102 (full 3):
 PSYoungGen      total 11776K, used 224K [0x00000000eab00000, 0x00000000eb780000, 0x0000000100000000)
  eden space 11264K, 0% used [0x00000000eab00000,0x00000000eab00000,0x00000000eb600000)
  from space 512K, 43% used [0x00000000eb680000,0x00000000eb6b8000,0x00000000eb700000)
  to   space 512K, 0% used [0x00000000eb700000,0x00000000eb700000,0x00000000eb780000)
 ParOldGen       total 87552K, used 87107K [0x00000000c0000000, 0x00000000c5580000, 0x00000000eab00000)
  object space 87552K, 99% used [0x00000000c0000000,0x00000000c5510e48,0x00000000c5580000)
 Metaspace       used 68814K, committed 70272K, reserved 1114112K
  class space    used 7152K, committed 7808K, reserved 1048576K
}
Event: 67.460 GC heap before
{Heap before GC invocations=103 (full 3):
 PSYoungGen      total 11776K, used 11488K [0x00000000eab00000, 0x00000000eb780000, 0x0000000100000000)
  eden space 11264K, 100% used [0x00000000eab00000,0x00000000eb600000,0x00000000eb600000)
  from space 512K, 43% used [0x00000000eb680000,0x00000000eb6b8000,0x00000000eb700000)
  to   space 512K, 0% used [0x00000000eb700000,0x00000000eb700000,0x00000000eb780000)
 ParOldGen       total 87552K, used 87107K [0x00000000c0000000, 0x00000000c5580000, 0x00000000eab00000)
  object space 87552K, 99% used [0x00000000c0000000,0x00000000c5510e48,0x00000000c5580000)
 Metaspace       used 68814K, committed 70272K, reserved 1114112K
  class space    used 7152K, committed 7808K, reserved 1048576K
}
Event: 67.462 GC heap after
{Heap after GC invocations=103 (full 3):
 PSYoungGen      total 11776K, used 256K [0x00000000eab00000, 0x00000000eb780000, 0x0000000100000000)
  eden space 11264K, 0% used [0x00000000eab00000,0x00000000eab00000,0x00000000eb600000)
  from space 512K, 50% used [0x00000000eb700000,0x00000000eb740000,0x00000000eb780000)
  to   space 512K, 0% used [0x00000000eb680000,0x00000000eb680000,0x00000000eb700000)
 ParOldGen       total 87552K, used 87282K [0x00000000c0000000, 0x00000000c5580000, 0x00000000eab00000)
  object space 87552K, 99% used [0x00000000c0000000,0x00000000c553c898,0x00000000c5580000)
 Metaspace       used 68814K, committed 70272K, reserved 1114112K
  class space    used 7152K, committed 7808K, reserved 1048576K
}
Event: 67.522 GC heap before
{Heap before GC invocations=104 (full 3):
 PSYoungGen      total 11776K, used 11520K [0x00000000eab00000, 0x00000000eb780000, 0x0000000100000000)
  eden space 11264K, 100% used [0x00000000eab00000,0x00000000eb600000,0x00000000eb600000)
  from space 512K, 50% used [0x00000000eb700000,0x00000000eb740000,0x00000000eb780000)
  to   space 512K, 0% used [0x00000000eb680000,0x00000000eb680000,0x00000000eb700000)
 ParOldGen       total 87552K, used 87282K [0x00000000c0000000, 0x00000000c5580000, 0x00000000eab00000)
  object space 87552K, 99% used [0x00000000c0000000,0x00000000c553c898,0x00000000c5580000)
 Metaspace       used 68814K, committed 70272K, reserved 1114112K
  class space    used 7152K, committed 7808K, reserved 1048576K
}
Event: 67.523 GC heap after
{Heap after GC invocations=104 (full 3):
 PSYoungGen      total 11776K, used 160K [0x00000000eab00000, 0x00000000eb780000, 0x0000000100000000)
  eden space 11264K, 0% used [0x00000000eab00000,0x00000000eab00000,0x00000000eb600000)
  from space 512K, 31% used [0x00000000eb680000,0x00000000eb6a8000,0x00000000eb700000)
  to   space 512K, 0% used [0x00000000eb700000,0x00000000eb700000,0x00000000eb780000)
 ParOldGen       total 87552K, used 87430K [0x00000000c0000000, 0x00000000c5580000, 0x00000000eab00000)
  object space 87552K, 99% used [0x00000000c0000000,0x00000000c5561930,0x00000000c5580000)
 Metaspace       used 68814K, committed 70272K, reserved 1114112K
  class space    used 7152K, committed 7808K, reserved 1048576K
}
Event: 68.148 GC heap before
{Heap before GC invocations=105 (full 3):
 PSYoungGen      total 11776K, used 11424K [0x00000000eab00000, 0x00000000eb780000, 0x0000000100000000)
  eden space 11264K, 100% used [0x00000000eab00000,0x00000000eb600000,0x00000000eb600000)
  from space 512K, 31% used [0x00000000eb680000,0x00000000eb6a8000,0x00000000eb700000)
  to   space 512K, 0% used [0x00000000eb700000,0x00000000eb700000,0x00000000eb780000)
 ParOldGen       total 87552K, used 87430K [0x00000000c0000000, 0x00000000c5580000, 0x00000000eab00000)
  object space 87552K, 99% used [0x00000000c0000000,0x00000000c5561930,0x00000000c5580000)
 Metaspace       used 68986K, committed 70400K, reserved 1114112K
  class space    used 7178K, committed 7808K, reserved 1048576K
}
Event: 68.151 GC heap after
{Heap after GC invocations=105 (full 3):
 PSYoungGen      total 11264K, used 500K [0x00000000eab00000, 0x00000000eb900000, 0x0000000100000000)
  eden space 10752K, 0% used [0x00000000eab00000,0x00000000eab00000,0x00000000eb580000)
  from space 512K, 97% used [0x00000000eb700000,0x00000000eb77d118,0x00000000eb780000)
  to   space 1536K, 0% used [0x00000000eb580000,0x00000000eb580000,0x00000000eb700000)
 ParOldGen       total 88064K, used 87912K [0x00000000c0000000, 0x00000000c5600000, 0x00000000eab00000)
  object space 88064K, 99% used [0x00000000c0000000,0x00000000c55da3d0,0x00000000c5600000)
 Metaspace       used 68986K, committed 70400K, reserved 1114112K
  class space    used 7178K, committed 7808K, reserved 1048576K
}
Event: 70.041 GC heap before
{Heap before GC invocations=106 (full 3):
 PSYoungGen      total 11264K, used 11252K [0x00000000eab00000, 0x00000000eb900000, 0x0000000100000000)
  eden space 10752K, 100% used [0x00000000eab00000,0x00000000eb580000,0x00000000eb580000)
  from space 512K, 97% used [0x00000000eb700000,0x00000000eb77d118,0x00000000eb780000)
  to   space 1536K, 0% used [0x00000000eb580000,0x00000000eb580000,0x00000000eb700000)
 ParOldGen       total 88064K, used 87912K [0x00000000c0000000, 0x00000000c5600000, 0x00000000eab00000)
  object space 88064K, 99% used [0x00000000c0000000,0x00000000c55da3d0,0x00000000c5600000)
 Metaspace       used 70109K, committed 71488K, reserved 1114112K
  class space    used 7276K, committed 7872K, reserved 1048576K
}
Event: 70.045 GC heap after
{Heap after GC invocations=106 (full 3):
 PSYoungGen      total 11776K, used 832K [0x00000000eab00000, 0x00000000eb780000, 0x0000000100000000)
  eden space 10752K, 0% used [0x00000000eab00000,0x00000000eab00000,0x00000000eb580000)
  from space 1024K, 81% used [0x00000000eb580000,0x00000000eb650000,0x00000000eb680000)
  to   space 1024K, 0% used [0x00000000eb680000,0x00000000eb680000,0x00000000eb780000)
 ParOldGen       total 88576K, used 88351K [0x00000000c0000000, 0x00000000c5680000, 0x00000000eab00000)
  object space 88576K, 99% used [0x00000000c0000000,0x00000000c5647f78,0x00000000c5680000)
 Metaspace       used 70109K, committed 71488K, reserved 1114112K
  class space    used 7276K, committed 7872K, reserved 1048576K
}
Event: 70.452 GC heap before
{Heap before GC invocations=107 (full 3):
 PSYoungGen      total 11776K, used 11583K [0x00000000eab00000, 0x00000000eb780000, 0x0000000100000000)
  eden space 10752K, 99% used [0x00000000eab00000,0x00000000eb57fff0,0x00000000eb580000)
  from space 1024K, 81% used [0x00000000eb580000,0x00000000eb650000,0x00000000eb680000)
  to   space 1024K, 0% used [0x00000000eb680000,0x00000000eb680000,0x00000000eb780000)
 ParOldGen       total 88576K, used 88351K [0x00000000c0000000, 0x00000000c5680000, 0x00000000eab00000)
  object space 88576K, 99% used [0x00000000c0000000,0x00000000c5647f78,0x00000000c5680000)
 Metaspace       used 71042K, committed 72576K, reserved 1114112K
  class space    used 7364K, committed 8000K, reserved 1048576K
}
Event: 70.456 GC heap after
{Heap after GC invocations=107 (full 3):
 PSYoungGen      total 10752K, used 1002K [0x00000000eab00000, 0x00000000eb980000, 0x0000000100000000)
  eden space 9728K, 0% used [0x00000000eab00000,0x00000000eab00000,0x00000000eb480000)
  from space 1024K, 97% used [0x00000000eb680000,0x00000000eb77ab58,0x00000000eb780000)
  to   space 2048K, 0% used [0x00000000eb480000,0x00000000eb480000,0x00000000eb680000)
 ParOldGen       total 89600K, used 89176K [0x00000000c0000000, 0x00000000c5780000, 0x00000000eab00000)
  object space 89600K, 99% used [0x00000000c0000000,0x00000000c5716050,0x00000000c5780000)
 Metaspace       used 71042K, committed 72576K, reserved 1114112K
  class space    used 7364K, committed 8000K, reserved 1048576K
}
Event: 70.626 GC heap before
{Heap before GC invocations=108 (full 3):
 PSYoungGen      total 10752K, used 10730K [0x00000000eab00000, 0x00000000eb980000, 0x0000000100000000)
  eden space 9728K, 100% used [0x00000000eab00000,0x00000000eb480000,0x00000000eb480000)
  from space 1024K, 97% used [0x00000000eb680000,0x00000000eb77ab58,0x00000000eb780000)
  to   space 2048K, 0% used [0x00000000eb480000,0x00000000eb480000,0x00000000eb680000)
 ParOldGen       total 89600K, used 89176K [0x00000000c0000000, 0x00000000c5780000, 0x00000000eab00000)
  object space 89600K, 99% used [0x00000000c0000000,0x00000000c5716050,0x00000000c5780000)
 Metaspace       used 71074K, committed 72576K, reserved 1114112K
  class space    used 7367K, committed 8000K, reserved 1048576K
}
Event: 70.629 GC heap after
{Heap after GC invocations=108 (full 3):
 PSYoungGen      total 11776K, used 1689K [0x00000000eab00000, 0x00000000eb880000, 0x0000000100000000)
  eden space 9728K, 0% used [0x00000000eab00000,0x00000000eab00000,0x00000000eb480000)
  from space 2048K, 82% used [0x00000000eb480000,0x00000000eb6267f8,0x00000000eb680000)
  to   space 2048K, 0% used [0x00000000eb680000,0x00000000eb680000,0x00000000eb880000)
 ParOldGen       total 90112K, used 90051K [0x00000000c0000000, 0x00000000c5800000, 0x00000000eab00000)
  object space 90112K, 99% used [0x00000000c0000000,0x00000000c57f0ca8,0x00000000c5800000)
 Metaspace       used 71074K, committed 72576K, reserved 1114112K
  class space    used 7367K, committed 8000K, reserved 1048576K
}
Event: 71.251 GC heap before
{Heap before GC invocations=109 (full 3):
 PSYoungGen      total 11776K, used 11417K [0x00000000eab00000, 0x00000000eb880000, 0x0000000100000000)
  eden space 9728K, 100% used [0x00000000eab00000,0x00000000eb480000,0x00000000eb480000)
  from space 2048K, 82% used [0x00000000eb480000,0x00000000eb6267f8,0x00000000eb680000)
  to   space 2048K, 0% used [0x00000000eb680000,0x00000000eb680000,0x00000000eb880000)
 ParOldGen       total 90112K, used 90051K [0x00000000c0000000, 0x00000000c5800000, 0x00000000eab00000)
  object space 90112K, 99% used [0x00000000c0000000,0x00000000c57f0ca8,0x00000000c5800000)
 Metaspace       used 71093K, committed 72640K, reserved 1179648K
  class space    used 7370K, committed 8000K, reserved 1048576K
}
Event: 71.256 GC heap after
{Heap after GC invocations=109 (full 3):
 PSYoungGen      total 11776K, used 1790K [0x00000000eab00000, 0x00000000eb880000, 0x0000000100000000)
  eden space 9728K, 0% used [0x00000000eab00000,0x00000000eab00000,0x00000000eb480000)
  from space 2048K, 87% used [0x00000000eb680000,0x00000000eb83fbf8,0x00000000eb880000)
  to   space 2048K, 0% used [0x00000000eb480000,0x00000000eb480000,0x00000000eb680000)
 ParOldGen       total 92160K, used 91669K [0x00000000c0000000, 0x00000000c5a00000, 0x00000000eab00000)
  object space 92160K, 99% used [0x00000000c0000000,0x00000000c5985658,0x00000000c5a00000)
 Metaspace       used 71093K, committed 72640K, reserved 1179648K
  class space    used 7370K, committed 8000K, reserved 1048576K
}

