# JRE version: OpenJDK Runtime Environment Temurin-21.0.6+7 (21.0.6+7) (build 21.0.6+7-LTS)
# Java VM: OpenJDK 64-Bit Server VM Temurin-21.0.6+7 (21.0.6+7-LTS, mixed mode, sharing, tiered, compressed oops, compressed class ptrs, parallel gc, windows-amd64)
GC Precious Log:
 CardTable entry size: 512
 CPUs: 4 total, 4 available
 Memory: 6086M
 Large Page Support: Disabled
 NUMA Support: Disabled
 Compressed Oops: Enabled (32-bit)
 Alignments: Space 512K, Generation 512K, Heap 2M
 Heap Min Capacity: 100M
 Heap Initial Capacity: 100M
 Heap Max Capacity: 1G
 Pre-touch: Disabled
 Parallel Workers: 4
Heap:
 PSYoungGen      total 2560K, used 986K [0x00000000eab00000, 0x00000000eaf80000, 0x0000000100000000)
  eden space 1536K, 5% used [0x00000000eab00000,0x00000000eab16ac8,0x00000000eac80000)
  from space 1024K, 87% used [0x00000000eac80000,0x00000000ead60000,0x00000000ead80000)
  to   space 1536K, 0% used [0x00000000eae00000,0x00000000eae00000,0x00000000eaf80000)
 ParOldGen       total 361984K, used 347777K [0x00000000c0000000, 0x00000000d6180000, 0x00000000eab00000)
  object space 361984K, 96% used [0x00000000c0000000,0x00000000d53a0588,0x00000000d6180000)
 Metaspace       used 63290K, committed 64832K, reserved 1114112K
  class space    used 6516K, committed 7168K, reserved 1048576K
GC Heap History (20 events):
Event: 62.940 GC heap before
{Heap before GC invocations=278 (full 4):
 PSYoungGen      total 1024K, used 844K [0x00000000eab00000, 0x00000000eae80000, 0x0000000100000000)
  eden space 512K, 96% used [0x00000000eab00000,0x00000000eab7b2e0,0x00000000eab80000)
  from space 512K, 68% used [0x00000000eab80000,0x00000000eabd8000,0x00000000eac00000)
  to   space 1536K, 0% used [0x00000000ead00000,0x00000000ead00000,0x00000000eae80000)
 ParOldGen       total 355840K, used 355806K [0x00000000c0000000, 0x00000000d5b80000, 0x00000000eab00000)
  object space 355840K, 99% used [0x00000000c0000000,0x00000000d5b77bf8,0x00000000d5b80000)
 Metaspace       used 63273K, committed 64832K, reserved 1114112K
  class space    used 6516K, committed 7168K, reserved 1048576K
}
Event: 62.945 GC heap after
{Heap after GC invocations=278 (full 4):
 PSYoungGen      total 2048K, used 570K [0x00000000eab00000, 0x00000000eae00000, 0x0000000100000000)
  eden space 1024K, 0% used [0x00000000eab00000,0x00000000eab00000,0x00000000eac00000)
  from space 1024K, 55% used [0x00000000ead00000,0x00000000ead8eb30,0x00000000eae00000)
  to   space 1024K, 0% used [0x00000000eac00000,0x00000000eac00000,0x00000000ead00000)
 ParOldGen       total 356352K, used 356144K [0x00000000c0000000, 0x00000000d5c00000, 0x00000000eab00000)
  object space 356352K, 99% used [0x00000000c0000000,0x00000000d5bcc118,0x00000000d5c00000)
 Metaspace       used 63273K, committed 64832K, reserved 1114112K
  class space    used 6516K, committed 7168K, reserved 1048576K
}
Event: 63.068 GC heap before
{Heap before GC invocations=279 (full 4):
 PSYoungGen      total 2048K, used 1594K [0x00000000eab00000, 0x00000000eae00000, 0x0000000100000000)
  eden space 1024K, 100% used [0x00000000eab00000,0x00000000eac00000,0x00000000eac00000)
  from space 1024K, 55% used [0x00000000ead00000,0x00000000ead8eb30,0x00000000eae00000)
  to   space 1024K, 0% used [0x00000000eac00000,0x00000000eac00000,0x00000000ead00000)
 ParOldGen       total 356352K, used 356144K [0x00000000c0000000, 0x00000000d5c00000, 0x00000000eab00000)
  object space 356352K, 99% used [0x00000000c0000000,0x00000000d5bcc118,0x00000000d5c00000)
 Metaspace       used 63273K, committed 64832K, reserved 1114112K
  class space    used 6516K, committed 7168K, reserved 1048576K
}
Event: 63.076 GC heap after
{Heap after GC invocations=279 (full 4):
 PSYoungGen      total 2048K, used 1003K [0x00000000eab00000, 0x00000000eb000000, 0x0000000100000000)
  eden space 1024K, 0% used [0x00000000eab00000,0x00000000eab00000,0x00000000eac00000)
  from space 1024K, 98% used [0x00000000eac00000,0x00000000eacfae88,0x00000000ead00000)
  to   space 2048K, 0% used [0x00000000eae00000,0x00000000eae00000,0x00000000eb000000)
 ParOldGen       total 356864K, used 356656K [0x00000000c0000000, 0x00000000d5c80000, 0x00000000eab00000)
  object space 356864K, 99% used [0x00000000c0000000,0x00000000d5c4c198,0x00000000d5c80000)
 Metaspace       used 63273K, committed 64832K, reserved 1114112K
  class space    used 6516K, committed 7168K, reserved 1048576K
}
Event: 63.114 GC heap before
{Heap before GC invocations=280 (full 4):
 PSYoungGen      total 2048K, used 2027K [0x00000000eab00000, 0x00000000eb000000, 0x0000000100000000)
  eden space 1024K, 100% used [0x00000000eab00000,0x00000000eac00000,0x00000000eac00000)
  from space 1024K, 98% used [0x00000000eac00000,0x00000000eacfae88,0x00000000ead00000)
  to   space 2048K, 0% used [0x00000000eae00000,0x00000000eae00000,0x00000000eb000000)
 ParOldGen       total 356864K, used 356656K [0x00000000c0000000, 0x00000000d5c80000, 0x00000000eab00000)
  object space 356864K, 99% used [0x00000000c0000000,0x00000000d5c4c198,0x00000000d5c80000)
 Metaspace       used 63273K, committed 64832K, reserved 1114112K
  class space    used 6516K, committed 7168K, reserved 1048576K
}
Event: 63.122 GC heap after
{Heap after GC invocations=280 (full 4):
 PSYoungGen      total 2560K, used 1088K [0x00000000eab00000, 0x00000000eaf80000, 0x0000000100000000)
  eden space 1024K, 0% used [0x00000000eab00000,0x00000000eab00000,0x00000000eac00000)
  from space 1536K, 70% used [0x00000000eae00000,0x00000000eaf10000,0x00000000eaf80000)
  to   space 1536K, 0% used [0x00000000eac80000,0x00000000eac80000,0x00000000eae00000)
 ParOldGen       total 357888K, used 357650K [0x00000000c0000000, 0x00000000d5d80000, 0x00000000eab00000)
  object space 357888K, 99% used [0x00000000c0000000,0x00000000d5d44a48,0x00000000d5d80000)
 Metaspace       used 63273K, committed 64832K, reserved 1114112K
  class space    used 6516K, committed 7168K, reserved 1048576K
}
Event: 63.178 GC heap before
{Heap before GC invocations=281 (full 4):
 PSYoungGen      total 2560K, used 2111K [0x00000000eab00000, 0x00000000eaf80000, 0x0000000100000000)
  eden space 1024K, 99% used [0x00000000eab00000,0x00000000eabffff0,0x00000000eac00000)
  from space 1536K, 70% used [0x00000000eae00000,0x00000000eaf10000,0x00000000eaf80000)
  to   space 1536K, 0% used [0x00000000eac80000,0x00000000eac80000,0x00000000eae00000)
 ParOldGen       total 357888K, used 357650K [0x00000000c0000000, 0x00000000d5d80000, 0x00000000eab00000)
  object space 357888K, 99% used [0x00000000c0000000,0x00000000d5d44a48,0x00000000d5d80000)
 Metaspace       used 63273K, committed 64832K, reserved 1114112K
  class space    used 6516K, committed 7168K, reserved 1048576K
}
Event: 63.186 GC heap after
{Heap after GC invocations=281 (full 4):
 PSYoungGen      total 2560K, used 1075K [0x00000000eab00000, 0x00000000eaf00000, 0x0000000100000000)
  eden space 1024K, 0% used [0x00000000eab00000,0x00000000eab00000,0x00000000eac00000)
  from space 1536K, 70% used [0x00000000eac80000,0x00000000ead8cfd0,0x00000000eae00000)
  to   space 1024K, 0% used [0x00000000eae00000,0x00000000eae00000,0x00000000eaf00000)
 ParOldGen       total 358912K, used 358683K [0x00000000c0000000, 0x00000000d5e80000, 0x00000000eab00000)
  object space 358912K, 99% used [0x00000000c0000000,0x00000000d5e46f90,0x00000000d5e80000)
 Metaspace       used 63273K, committed 64832K, reserved 1114112K
  class space    used 6516K, committed 7168K, reserved 1048576K
}
Event: 63.368 GC heap before
{Heap before GC invocations=282 (full 4):
 PSYoungGen      total 2560K, used 2093K [0x00000000eab00000, 0x00000000eaf00000, 0x0000000100000000)
  eden space 1024K, 99% used [0x00000000eab00000,0x00000000eabfe650,0x00000000eac00000)
  from space 1536K, 70% used [0x00000000eac80000,0x00000000ead8cfd0,0x00000000eae00000)
  to   space 1024K, 0% used [0x00000000eae00000,0x00000000eae00000,0x00000000eaf00000)
 ParOldGen       total 358912K, used 358683K [0x00000000c0000000, 0x00000000d5e80000, 0x00000000eab00000)
  object space 358912K, 99% used [0x00000000c0000000,0x00000000d5e46f90,0x00000000d5e80000)
 Metaspace       used 63273K, committed 64832K, reserved 1114112K
  class space    used 6516K, committed 7168K, reserved 1048576K
}
Event: 63.390 GC heap after
{Heap after GC invocations=282 (full 4):
 PSYoungGen      total 2048K, used 1011K [0x00000000eab00000, 0x00000000eaf00000, 0x0000000100000000)
  eden space 1024K, 0% used [0x00000000eab00000,0x00000000eab00000,0x00000000eac00000)
  from space 1024K, 98% used [0x00000000eae00000,0x00000000eaefcfd0,0x00000000eaf00000)
  to   space 1536K, 0% used [0x00000000eac80000,0x00000000eac80000,0x00000000eae00000)
 ParOldGen       total 359936K, used 359710K [0x00000000c0000000, 0x00000000d5f80000, 0x00000000eab00000)
  object space 359936K, 99% used [0x00000000c0000000,0x00000000d5f479b0,0x00000000d5f80000)
 Metaspace       used 63273K, committed 64832K, reserved 1114112K
  class space    used 6516K, committed 7168K, reserved 1048576K
}
Event: 63.680 GC heap before
{Heap before GC invocations=283 (full 4):
 PSYoungGen      total 2048K, used 1958K [0x00000000eab00000, 0x00000000eaf00000, 0x0000000100000000)
  eden space 1024K, 92% used [0x00000000eab00000,0x00000000eabecb88,0x00000000eac00000)
  from space 1024K, 98% used [0x00000000eae00000,0x00000000eaefcfd0,0x00000000eaf00000)
  to   space 1536K, 0% used [0x00000000eac80000,0x00000000eac80000,0x00000000eae00000)
 ParOldGen       total 359936K, used 359710K [0x00000000c0000000, 0x00000000d5f80000, 0x00000000eab00000)
  object space 359936K, 99% used [0x00000000c0000000,0x00000000d5f479b0,0x00000000d5f80000)
 Metaspace       used 63273K, committed 64832K, reserved 1114112K
  class space    used 6516K, committed 7168K, reserved 1048576K
}
Event: 63.687 GC heap after
{Heap after GC invocations=283 (full 4):
 PSYoungGen      total 2048K, used 955K [0x00000000eab00000, 0x00000000eaf00000, 0x0000000100000000)
  eden space 1024K, 0% used [0x00000000eab00000,0x00000000eab00000,0x00000000eac00000)
  from space 1024K, 93% used [0x00000000eac80000,0x00000000ead6ef70,0x00000000ead80000)
  to   space 1536K, 0% used [0x00000000ead80000,0x00000000ead80000,0x00000000eaf00000)
 ParOldGen       total 360960K, used 360711K [0x00000000c0000000, 0x00000000d6080000, 0x00000000eab00000)
  object space 360960K, 99% used [0x00000000c0000000,0x00000000d6041eb0,0x00000000d6080000)
 Metaspace       used 63273K, committed 64832K, reserved 1114112K
  class space    used 6516K, committed 7168K, reserved 1048576K
}
Event: 63.693 GC heap before
{Heap before GC invocations=284 (full 4):
 PSYoungGen      total 2048K, used 1711K [0x00000000eab00000, 0x00000000eaf00000, 0x0000000100000000)
  eden space 1024K, 73% used [0x00000000eab00000,0x00000000eabbd000,0x00000000eac00000)
  from space 1024K, 93% used [0x00000000eac80000,0x00000000ead6ef70,0x00000000ead80000)
  to   space 1536K, 0% used [0x00000000ead80000,0x00000000ead80000,0x00000000eaf00000)
 ParOldGen       total 360960K, used 360711K [0x00000000c0000000, 0x00000000d6080000, 0x00000000eab00000)
  object space 360960K, 99% used [0x00000000c0000000,0x00000000d6041eb0,0x00000000d6080000)
 Metaspace       used 63273K, committed 64832K, reserved 1114112K
  class space    used 6516K, committed 7168K, reserved 1048576K
}
Event: 63.697 GC heap after
{Heap after GC invocations=284 (full 4):
 PSYoungGen      total 2560K, used 756K [0x00000000eab00000, 0x00000000eae80000, 0x0000000100000000)
  eden space 1536K, 0% used [0x00000000eab00000,0x00000000eab00000,0x00000000eac80000)
  from space 1024K, 73% used [0x00000000ead80000,0x00000000eae3d000,0x00000000eae80000)
  to   space 1024K, 0% used [0x00000000eac80000,0x00000000eac80000,0x00000000ead80000)
 ParOldGen       total 361984K, used 361651K [0x00000000c0000000, 0x00000000d6180000, 0x00000000eab00000)
  object space 361984K, 99% used [0x00000000c0000000,0x00000000d612ce10,0x00000000d6180000)
 Metaspace       used 63273K, committed 64832K, reserved 1114112K
  class space    used 6516K, committed 7168K, reserved 1048576K
}
Event: 63.766 GC heap before
{Heap before GC invocations=285 (full 4):
 PSYoungGen      total 2560K, used 2292K [0x00000000eab00000, 0x00000000eae80000, 0x0000000100000000)
  eden space 1536K, 100% used [0x00000000eab00000,0x00000000eac80000,0x00000000eac80000)
  from space 1024K, 73% used [0x00000000ead80000,0x00000000eae3d000,0x00000000eae80000)
  to   space 1024K, 0% used [0x00000000eac80000,0x00000000eac80000,0x00000000ead80000)
 ParOldGen       total 361984K, used 361651K [0x00000000c0000000, 0x00000000d6180000, 0x00000000eab00000)
  object space 361984K, 99% used [0x00000000c0000000,0x00000000d612ce10,0x00000000d6180000)
 Metaspace       used 63273K, committed 64832K, reserved 1114112K
  class space    used 6516K, committed 7168K, reserved 1048576K
}
Event: 63.772 GC heap after
{Heap after GC invocations=285 (full 4):
 PSYoungGen      total 2560K, used 2292K [0x00000000eab00000, 0x00000000eae80000, 0x0000000100000000)
  eden space 1536K, 100% used [0x00000000eab00000,0x00000000eac80000,0x00000000eac80000)
  from space 1024K, 73% used [0x00000000ead80000,0x00000000eae3d000,0x00000000eae80000)
  to   space 1024K, 77% used [0x00000000eac80000,0x00000000ead45eb8,0x00000000ead80000)
 ParOldGen       total 361984K, used 361651K [0x00000000c0000000, 0x00000000d6180000, 0x00000000eab00000)
  object space 361984K, 99% used [0x00000000c0000000,0x00000000d612ce10,0x00000000d6180000)
 Metaspace       used 63273K, committed 64832K, reserved 1114112K
  class space    used 6516K, committed 7168K, reserved 1048576K
}
Event: 63.772 GC heap before
{Heap before GC invocations=286 (full 5):
 PSYoungGen      total 2560K, used 2292K [0x00000000eab00000, 0x00000000eae80000, 0x0000000100000000)
  eden space 1536K, 100% used [0x00000000eab00000,0x00000000eac80000,0x00000000eac80000)
  from space 1024K, 73% used [0x00000000ead80000,0x00000000eae3d000,0x00000000eae80000)
  to   space 1024K, 77% used [0x00000000eac80000,0x00000000ead45eb8,0x00000000ead80000)
 ParOldGen       total 361984K, used 361651K [0x00000000c0000000, 0x00000000d6180000, 0x00000000eab00000)
  object space 361984K, 99% used [0x00000000c0000000,0x00000000d612ce10,0x00000000d6180000)
 Metaspace       used 63273K, committed 64832K, reserved 1114112K
  class space    used 6516K, committed 7168K, reserved 1048576K
}
Event: 64.166 GC heap after
{Heap after GC invocations=286 (full 5):
 PSYoungGen      total 2560K, used 0K [0x00000000eab00000, 0x00000000eae80000, 0x0000000100000000)
  eden space 1536K, 0% used [0x00000000eab00000,0x00000000eab00000,0x00000000eac80000)
  from space 1024K, 0% used [0x00000000eac80000,0x00000000eac80000,0x00000000ead80000)
  to   space 1024K, 0% used [0x00000000ead80000,0x00000000ead80000,0x00000000eae80000)
 ParOldGen       total 361984K, used 345571K [0x00000000c0000000, 0x00000000d6180000, 0x00000000eab00000)
  object space 361984K, 95% used [0x00000000c0000000,0x00000000d5178e08,0x00000000d6180000)
 Metaspace       used 63273K, committed 64832K, reserved 1114112K
  class space    used 6516K, committed 7168K, reserved 1048576K
}
Event: 64.215 GC heap before
{Heap before GC invocations=287 (full 5):
 PSYoungGen      total 2560K, used 1536K [0x00000000eab00000, 0x00000000eae80000, 0x0000000100000000)
  eden space 1536K, 100% used [0x00000000eab00000,0x00000000eac80000,0x00000000eac80000)
  from space 1024K, 0% used [0x00000000eac80000,0x00000000eac80000,0x00000000ead80000)
  to   space 1024K, 0% used [0x00000000ead80000,0x00000000ead80000,0x00000000eae80000)
 ParOldGen       total 361984K, used 345571K [0x00000000c0000000, 0x00000000d6180000, 0x00000000eab00000)
  object space 361984K, 95% used [0x00000000c0000000,0x00000000d5178e08,0x00000000d6180000)
 Metaspace       used 63273K, committed 64832K, reserved 1114112K
  class space    used 6516K, committed 7168K, reserved 1048576K
}
Event: 64.220 GC heap after
{Heap after GC invocations=287 (full 5):
 PSYoungGen      total 2560K, used 1024K [0x00000000eab00000, 0x00000000eae80000, 0x0000000100000000)
  eden space 1536K, 0% used [0x00000000eab00000,0x00000000eab00000,0x00000000eac80000)
  from space 1024K, 100% used [0x00000000ead80000,0x00000000eae80000,0x00000000eae80000)
  to   space 1024K, 0% used [0x00000000eac80000,0x00000000eac80000,0x00000000ead80000)
 ParOldGen       total 361984K, used 346066K [0x00000000c0000000, 0x00000000d6180000, 0x00000000eab00000)
  object space 361984K, 95% used [0x00000000c0000000,0x00000000d51f4ae0,0x00000000d6180000)
 Metaspace       used 63273K, committed 64832K, reserved 1114112K
  class space    used 6516K, committed 7168K, reserved 1048576K
}

