# JRE version: OpenJDK Runtime Environment Temurin-21.0.6+7 (21.0.6+7) (build 21.0.6+7-LTS)
# Java VM: OpenJDK 64-Bit Server VM Temurin-21.0.6+7 (21.0.6+7-LTS, mixed mode, sharing, tiered, compressed oops, compressed class ptrs, parallel gc, windows-amd64)
GC Precious Log:
 CardTable entry size: 512
 CPUs: 4 total, 4 available
 Memory: 6086M
 Large Page Support: Disabled
 NUMA Support: Disabled
 Compressed Oops: Enabled (32-bit)
 Alignments: Space 512K, Generation 512K, Heap 2M
 Heap Min Capacity: 100M
 Heap Initial Capacity: 100M
 Heap Max Capacity: 1G
 Pre-touch: Disabled
 Parallel Workers: 4
Heap:
 PSYoungGen      total 20480K, used 8846K [0x00000000eab00000, 0x00000000ec280000, 0x0000000100000000)
  eden space 18944K, 40% used [0x00000000eab00000,0x00000000eb28fa08,0x00000000ebd80000)
  from space 1536K, 71% used [0x00000000ebe00000,0x00000000ebf140a0,0x00000000ebf80000)
  to   space 2048K, 0% used [0x00000000ec080000,0x00000000ec080000,0x00000000ec280000)
 ParOldGen       total 68608K, used 39565K [0x00000000c0000000, 0x00000000c4300000, 0x00000000eab00000)
  object space 68608K, 57% used [0x00000000c0000000,0x00000000c26a3758,0x00000000c4300000)
 Metaspace       used 49574K, committed 50560K, reserved 1114112K
  class space    used 4913K, committed 5312K, reserved 1048576K
GC Heap History (20 events):
Event: 27.884 GC heap before
{Heap before GC invocations=20 (full 2):
 PSYoungGen      total 22016K, used 544K [0x00000000eab00000, 0x00000000ec300000, 0x0000000100000000)
  eden space 20992K, 0% used [0x00000000eab00000,0x00000000eab00000,0x00000000ebf80000)
  from space 1024K, 53% used [0x00000000ec200000,0x00000000ec288000,0x00000000ec300000)
  to   space 1024K, 0% used [0x00000000ec100000,0x00000000ec100000,0x00000000ec200000)
 ParOldGen       total 68608K, used 29847K [0x00000000c0000000, 0x00000000c4300000, 0x00000000eab00000)
  object space 68608K, 43% used [0x00000000c0000000,0x00000000c1d25c88,0x00000000c4300000)
 Metaspace       used 34922K, committed 35840K, reserved 1114112K
  class space    used 3436K, committed 3840K, reserved 1048576K
}
Event: 27.987 GC heap after
{Heap after GC invocations=20 (full 2):
 PSYoungGen      total 22016K, used 0K [0x00000000eab00000, 0x00000000ec300000, 0x0000000100000000)
  eden space 20992K, 0% used [0x00000000eab00000,0x00000000eab00000,0x00000000ebf80000)
  from space 1024K, 0% used [0x00000000ec200000,0x00000000ec200000,0x00000000ec300000)
  to   space 1024K, 0% used [0x00000000ec100000,0x00000000ec100000,0x00000000ec200000)
 ParOldGen       total 68608K, used 28430K [0x00000000c0000000, 0x00000000c4300000, 0x00000000eab00000)
  object space 68608K, 41% used [0x00000000c0000000,0x00000000c1bc3a48,0x00000000c4300000)
 Metaspace       used 34887K, committed 35840K, reserved 1114112K
  class space    used 3425K, committed 3840K, reserved 1048576K
}
Event: 29.814 GC heap before
{Heap before GC invocations=21 (full 2):
 PSYoungGen      total 22016K, used 20992K [0x00000000eab00000, 0x00000000ec300000, 0x0000000100000000)
  eden space 20992K, 100% used [0x00000000eab00000,0x00000000ebf80000,0x00000000ebf80000)
  from space 1024K, 0% used [0x00000000ec200000,0x00000000ec200000,0x00000000ec300000)
  to   space 1024K, 0% used [0x00000000ec100000,0x00000000ec100000,0x00000000ec200000)
 ParOldGen       total 68608K, used 28430K [0x00000000c0000000, 0x00000000c4300000, 0x00000000eab00000)
  object space 68608K, 41% used [0x00000000c0000000,0x00000000c1bc3a48,0x00000000c4300000)
 Metaspace       used 36270K, committed 37184K, reserved 1114112K
  class space    used 3555K, committed 3904K, reserved 1048576K
}
Event: 29.816 GC heap after
{Heap after GC invocations=21 (full 2):
 PSYoungGen      total 22016K, used 352K [0x00000000eab00000, 0x00000000ec280000, 0x0000000100000000)
  eden space 20992K, 0% used [0x00000000eab00000,0x00000000eab00000,0x00000000ebf80000)
  from space 1024K, 34% used [0x00000000ec100000,0x00000000ec158000,0x00000000ec200000)
  to   space 512K, 0% used [0x00000000ec200000,0x00000000ec200000,0x00000000ec280000)
 ParOldGen       total 68608K, used 28438K [0x00000000c0000000, 0x00000000c4300000, 0x00000000eab00000)
  object space 68608K, 41% used [0x00000000c0000000,0x00000000c1bc5a48,0x00000000c4300000)
 Metaspace       used 36270K, committed 37184K, reserved 1114112K
  class space    used 3555K, committed 3904K, reserved 1048576K
}
Event: 31.141 GC heap before
{Heap before GC invocations=22 (full 2):
 PSYoungGen      total 22016K, used 21275K [0x00000000eab00000, 0x00000000ec280000, 0x0000000100000000)
  eden space 20992K, 99% used [0x00000000eab00000,0x00000000ebf6ec30,0x00000000ebf80000)
  from space 1024K, 34% used [0x00000000ec100000,0x00000000ec158000,0x00000000ec200000)
  to   space 512K, 0% used [0x00000000ec200000,0x00000000ec200000,0x00000000ec280000)
 ParOldGen       total 68608K, used 28518K [0x00000000c0000000, 0x00000000c4300000, 0x00000000eab00000)
  object space 68608K, 41% used [0x00000000c0000000,0x00000000c1bd9b18,0x00000000c4300000)
 Metaspace       used 37736K, committed 38656K, reserved 1114112K
  class space    used 3697K, committed 4096K, reserved 1048576K
}
Event: 31.144 GC heap after
{Heap after GC invocations=22 (full 2):
 PSYoungGen      total 21504K, used 511K [0x00000000eab00000, 0x00000000ec380000, 0x0000000100000000)
  eden space 20992K, 0% used [0x00000000eab00000,0x00000000eab00000,0x00000000ebf80000)
  from space 512K, 99% used [0x00000000ec200000,0x00000000ec27fc18,0x00000000ec280000)
  to   space 2048K, 0% used [0x00000000ebf80000,0x00000000ebf80000,0x00000000ec180000)
 ParOldGen       total 68608K, used 29419K [0x00000000c0000000, 0x00000000c4300000, 0x00000000eab00000)
  object space 68608K, 42% used [0x00000000c0000000,0x00000000c1cbaf48,0x00000000c4300000)
 Metaspace       used 37736K, committed 38656K, reserved 1114112K
  class space    used 3697K, committed 4096K, reserved 1048576K
}
Event: 32.346 GC heap before
{Heap before GC invocations=23 (full 2):
 PSYoungGen      total 21504K, used 21503K [0x00000000eab00000, 0x00000000ec380000, 0x0000000100000000)
  eden space 20992K, 100% used [0x00000000eab00000,0x00000000ebf80000,0x00000000ebf80000)
  from space 512K, 99% used [0x00000000ec200000,0x00000000ec27fc18,0x00000000ec280000)
  to   space 2048K, 0% used [0x00000000ebf80000,0x00000000ebf80000,0x00000000ec180000)
 ParOldGen       total 68608K, used 29422K [0x00000000c0000000, 0x00000000c4300000, 0x00000000eab00000)
  object space 68608K, 42% used [0x00000000c0000000,0x00000000c1cbbae0,0x00000000c4300000)
 Metaspace       used 37858K, committed 38848K, reserved 1114112K
  class space    used 3709K, committed 4096K, reserved 1048576K
}
Event: 32.347 GC heap after
{Heap after GC invocations=23 (full 2):
 PSYoungGen      total 23040K, used 694K [0x00000000eab00000, 0x00000000ec280000, 0x0000000100000000)
  eden space 20992K, 0% used [0x00000000eab00000,0x00000000eab00000,0x00000000ebf80000)
  from space 2048K, 33% used [0x00000000ebf80000,0x00000000ec02daf8,0x00000000ec180000)
  to   space 1024K, 0% used [0x00000000ec180000,0x00000000ec180000,0x00000000ec280000)
 ParOldGen       total 68608K, used 29908K [0x00000000c0000000, 0x00000000c4300000, 0x00000000eab00000)
  object space 68608K, 43% used [0x00000000c0000000,0x00000000c1d351a8,0x00000000c4300000)
 Metaspace       used 37858K, committed 38848K, reserved 1114112K
  class space    used 3709K, committed 4096K, reserved 1048576K
}
Event: 33.343 GC heap before
{Heap before GC invocations=24 (full 2):
 PSYoungGen      total 23040K, used 21686K [0x00000000eab00000, 0x00000000ec280000, 0x0000000100000000)
  eden space 20992K, 100% used [0x00000000eab00000,0x00000000ebf80000,0x00000000ebf80000)
  from space 2048K, 33% used [0x00000000ebf80000,0x00000000ec02daf8,0x00000000ec180000)
  to   space 1024K, 0% used [0x00000000ec180000,0x00000000ec180000,0x00000000ec280000)
 ParOldGen       total 68608K, used 29908K [0x00000000c0000000, 0x00000000c4300000, 0x00000000eab00000)
  object space 68608K, 43% used [0x00000000c0000000,0x00000000c1d351a8,0x00000000c4300000)
 Metaspace       used 39942K, committed 40896K, reserved 1114112K
  class space    used 3914K, committed 4288K, reserved 1048576K
}
Event: 33.346 GC heap after
{Heap after GC invocations=24 (full 2):
 PSYoungGen      total 22016K, used 848K [0x00000000eab00000, 0x00000000ec280000, 0x0000000100000000)
  eden space 20992K, 0% used [0x00000000eab00000,0x00000000eab00000,0x00000000ebf80000)
  from space 1024K, 82% used [0x00000000ec180000,0x00000000ec254018,0x00000000ec280000)
  to   space 1024K, 0% used [0x00000000ec080000,0x00000000ec080000,0x00000000ec180000)
 ParOldGen       total 68608K, used 30084K [0x00000000c0000000, 0x00000000c4300000, 0x00000000eab00000)
  object space 68608K, 43% used [0x00000000c0000000,0x00000000c1d611a8,0x00000000c4300000)
 Metaspace       used 39942K, committed 40896K, reserved 1114112K
  class space    used 3914K, committed 4288K, reserved 1048576K
}
Event: 36.577 GC heap before
{Heap before GC invocations=25 (full 2):
 PSYoungGen      total 22016K, used 21840K [0x00000000eab00000, 0x00000000ec280000, 0x0000000100000000)
  eden space 20992K, 99% used [0x00000000eab00000,0x00000000ebf7ffe8,0x00000000ebf80000)
  from space 1024K, 82% used [0x00000000ec180000,0x00000000ec254018,0x00000000ec280000)
  to   space 1024K, 0% used [0x00000000ec080000,0x00000000ec080000,0x00000000ec180000)
 ParOldGen       total 68608K, used 30084K [0x00000000c0000000, 0x00000000c4300000, 0x00000000eab00000)
  object space 68608K, 43% used [0x00000000c0000000,0x00000000c1d611a8,0x00000000c4300000)
 Metaspace       used 41937K, committed 43072K, reserved 1114112K
  class space    used 4096K, committed 4608K, reserved 1048576K
}
Event: 36.581 GC heap after
{Heap after GC invocations=25 (full 2):
 PSYoungGen      total 22016K, used 992K [0x00000000eab00000, 0x00000000ec580000, 0x0000000100000000)
  eden space 20992K, 0% used [0x00000000eab00000,0x00000000eab00000,0x00000000ebf80000)
  from space 1024K, 96% used [0x00000000ec080000,0x00000000ec178170,0x00000000ec180000)
  to   space 3072K, 0% used [0x00000000ec280000,0x00000000ec280000,0x00000000ec580000)
 ParOldGen       total 68608K, used 31587K [0x00000000c0000000, 0x00000000c4300000, 0x00000000eab00000)
  object space 68608K, 46% used [0x00000000c0000000,0x00000000c1ed8f88,0x00000000c4300000)
 Metaspace       used 41937K, committed 43072K, reserved 1114112K
  class space    used 4096K, committed 4608K, reserved 1048576K
}
Event: 75.725 GC heap before
{Heap before GC invocations=26 (full 2):
 PSYoungGen      total 22016K, used 21969K [0x00000000eab00000, 0x00000000ec580000, 0x0000000100000000)
  eden space 20992K, 99% used [0x00000000eab00000,0x00000000ebf7c5c0,0x00000000ebf80000)
  from space 1024K, 96% used [0x00000000ec080000,0x00000000ec178170,0x00000000ec180000)
  to   space 3072K, 0% used [0x00000000ec280000,0x00000000ec280000,0x00000000ec580000)
 ParOldGen       total 68608K, used 31587K [0x00000000c0000000, 0x00000000c4300000, 0x00000000eab00000)
  object space 68608K, 46% used [0x00000000c0000000,0x00000000c1ed8f88,0x00000000c4300000)
 Metaspace       used 43565K, committed 44608K, reserved 1114112K
  class space    used 4261K, committed 4736K, reserved 1048576K
}
Event: 75.732 GC heap after
{Heap after GC invocations=26 (full 2):
 PSYoungGen      total 22016K, used 3040K [0x00000000eab00000, 0x00000000ec980000, 0x0000000100000000)
  eden space 18944K, 0% used [0x00000000eab00000,0x00000000eab00000,0x00000000ebd80000)
  from space 3072K, 98% used [0x00000000ec280000,0x00000000ec578330,0x00000000ec580000)
  to   space 5120K, 0% used [0x00000000ebd80000,0x00000000ebd80000,0x00000000ec280000)
 ParOldGen       total 68608K, used 32976K [0x00000000c0000000, 0x00000000c4300000, 0x00000000eab00000)
  object space 68608K, 48% used [0x00000000c0000000,0x00000000c2034100,0x00000000c4300000)
 Metaspace       used 43565K, committed 44608K, reserved 1114112K
  class space    used 4261K, committed 4736K, reserved 1048576K
}
Event: 76.251 GC heap before
{Heap before GC invocations=27 (full 2):
 PSYoungGen      total 22016K, used 21984K [0x00000000eab00000, 0x00000000ec980000, 0x0000000100000000)
  eden space 18944K, 100% used [0x00000000eab00000,0x00000000ebd80000,0x00000000ebd80000)
  from space 3072K, 98% used [0x00000000ec280000,0x00000000ec578330,0x00000000ec580000)
  to   space 5120K, 0% used [0x00000000ebd80000,0x00000000ebd80000,0x00000000ec280000)
 ParOldGen       total 68608K, used 32976K [0x00000000c0000000, 0x00000000c4300000, 0x00000000eab00000)
  object space 68608K, 48% used [0x00000000c0000000,0x00000000c2034100,0x00000000c4300000)
 Metaspace       used 45023K, committed 46080K, reserved 1114112K
  class space    used 4395K, committed 4864K, reserved 1048576K
}
Event: 76.262 GC heap after
{Heap after GC invocations=27 (full 2):
 PSYoungGen      total 23552K, used 4372K [0x00000000eab00000, 0x00000000ec680000, 0x0000000100000000)
  eden space 18944K, 0% used [0x00000000eab00000,0x00000000eab00000,0x00000000ebd80000)
  from space 4608K, 94% used [0x00000000ebd80000,0x00000000ec1c51f0,0x00000000ec200000)
  to   space 4608K, 0% used [0x00000000ec200000,0x00000000ec200000,0x00000000ec680000)
 ParOldGen       total 68608K, used 35961K [0x00000000c0000000, 0x00000000c4300000, 0x00000000eab00000)
  object space 68608K, 52% used [0x00000000c0000000,0x00000000c231e550,0x00000000c4300000)
 Metaspace       used 45023K, committed 46080K, reserved 1114112K
  class space    used 4395K, committed 4864K, reserved 1048576K
}
Event: 77.475 GC heap before
{Heap before GC invocations=28 (full 2):
 PSYoungGen      total 23552K, used 23316K [0x00000000eab00000, 0x00000000ec680000, 0x0000000100000000)
  eden space 18944K, 100% used [0x00000000eab00000,0x00000000ebd80000,0x00000000ebd80000)
  from space 4608K, 94% used [0x00000000ebd80000,0x00000000ec1c51f0,0x00000000ec200000)
  to   space 4608K, 0% used [0x00000000ec200000,0x00000000ec200000,0x00000000ec680000)
 ParOldGen       total 68608K, used 35961K [0x00000000c0000000, 0x00000000c4300000, 0x00000000eab00000)
  object space 68608K, 52% used [0x00000000c0000000,0x00000000c231e550,0x00000000c4300000)
 Metaspace       used 47819K, committed 48960K, reserved 1114112K
  class space    used 4731K, committed 5248K, reserved 1048576K
}
Event: 77.484 GC heap after
{Heap after GC invocations=28 (full 2):
 PSYoungGen      total 20992K, used 1850K [0x00000000eab00000, 0x00000000ec400000, 0x0000000100000000)
  eden space 18944K, 0% used [0x00000000eab00000,0x00000000eab00000,0x00000000ebd80000)
  from space 2048K, 90% used [0x00000000ec200000,0x00000000ec3ceb38,0x00000000ec400000)
  to   space 3072K, 0% used [0x00000000ebe00000,0x00000000ebe00000,0x00000000ec100000)
 ParOldGen       total 68608K, used 38347K [0x00000000c0000000, 0x00000000c4300000, 0x00000000eab00000)
  object space 68608K, 55% used [0x00000000c0000000,0x00000000c2572c20,0x00000000c4300000)
 Metaspace       used 47819K, committed 48960K, reserved 1114112K
  class space    used 4731K, committed 5248K, reserved 1048576K
}
Event: 84.190 GC heap before
{Heap before GC invocations=29 (full 2):
 PSYoungGen      total 20992K, used 20794K [0x00000000eab00000, 0x00000000ec400000, 0x0000000100000000)
  eden space 18944K, 100% used [0x00000000eab00000,0x00000000ebd80000,0x00000000ebd80000)
  from space 2048K, 90% used [0x00000000ec200000,0x00000000ec3ceb38,0x00000000ec400000)
  to   space 3072K, 0% used [0x00000000ebe00000,0x00000000ebe00000,0x00000000ec100000)
 ParOldGen       total 68608K, used 38347K [0x00000000c0000000, 0x00000000c4300000, 0x00000000eab00000)
  object space 68608K, 55% used [0x00000000c0000000,0x00000000c2572c20,0x00000000c4300000)
 Metaspace       used 49424K, committed 50432K, reserved 1114112K
  class space    used 4905K, committed 5312K, reserved 1048576K
}
Event: 84.199 GC heap after
{Heap after GC invocations=29 (full 2):
 PSYoungGen      total 20480K, used 1104K [0x00000000eab00000, 0x00000000ec280000, 0x0000000100000000)
  eden space 18944K, 0% used [0x00000000eab00000,0x00000000eab00000,0x00000000ebd80000)
  from space 1536K, 71% used [0x00000000ebe00000,0x00000000ebf140a0,0x00000000ebf80000)
  to   space 2048K, 0% used [0x00000000ec080000,0x00000000ec080000,0x00000000ec280000)
 ParOldGen       total 68608K, used 39565K [0x00000000c0000000, 0x00000000c4300000, 0x00000000eab00000)
  object space 68608K, 57% used [0x00000000c0000000,0x00000000c26a3758,0x00000000c4300000)
 Metaspace       used 49424K, committed 50432K, reserved 1114112K
  class space    used 4905K, committed 5312K, reserved 1048576K
}

