# JRE version: OpenJDK Runtime Environment Temurin-21.0.6+7 (21.0.6+7) (build 21.0.6+7-LTS)
# Java VM: OpenJDK 64-Bit Server VM Temurin-21.0.6+7 (21.0.6+7-LTS, mixed mode, sharing, tiered, compressed oops, compressed class ptrs, parallel gc, windows-amd64)
GC Precious Log:
 CardTable entry size: 512
 CPUs: 4 total, 4 available
 Memory: 6086M
 Large Page Support: Disabled
 NUMA Support: Disabled
 Compressed Oops: Enabled (32-bit)
 Alignments: Space 512K, Generation 512K, Heap 2M
 Heap Min Capacity: 100M
 Heap Initial Capacity: 100M
 Heap Max Capacity: 1G
 Pre-touch: Disabled
 Parallel Workers: 4
Heap:
 PSYoungGen      total 4608K, used 1574K [0x00000000eab00000, 0x00000000eb080000, 0x0000000100000000)
  eden space 4096K, 34% used [0x00000000eab00000,0x00000000eac612a8,0x00000000eaf00000)
  from space 512K, 31% used [0x00000000eb000000,0x00000000eb028858,0x00000000eb080000)
  to   space 512K, 0% used [0x00000000eaf00000,0x00000000eaf00000,0x00000000eaf80000)
 ParOldGen       total 193024K, used 192801K [0x00000000c0000000, 0x00000000cbc80000, 0x00000000eab00000)
  object space 193024K, 99% used [0x00000000c0000000,0x00000000cbc484f0,0x00000000cbc80000)
 Metaspace       used 71267K, committed 72832K, reserved 1114112K
  class space    used 7218K, committed 7872K, reserved 1048576K
GC Heap History (20 events):
Event: 811.365 GC heap before
{Heap before GC invocations=158 (full 3):
 PSYoungGen      total 4608K, used 4403K [0x00000000eab00000, 0x00000000eb100000, 0x0000000100000000)
  eden space 4096K, 99% used [0x00000000eab00000,0x00000000eaefffb8,0x00000000eaf00000)
  from space 512K, 59% used [0x00000000eb080000,0x00000000eb0ccc48,0x00000000eb100000)
  to   space 512K, 0% used [0x00000000eb000000,0x00000000eb000000,0x00000000eb080000)
 ParOldGen       total 190976K, used 190724K [0x00000000c0000000, 0x00000000cba80000, 0x00000000eab00000)
  object space 190976K, 99% used [0x00000000c0000000,0x00000000cba41080,0x00000000cba80000)
 Metaspace       used 70551K, committed 72128K, reserved 1114112K
  class space    used 7144K, committed 7872K, reserved 1048576K
}
Event: 811.367 GC heap after
{Heap after GC invocations=158 (full 3):
 PSYoungGen      total 4608K, used 500K [0x00000000eab00000, 0x00000000eb100000, 0x0000000100000000)
  eden space 4096K, 0% used [0x00000000eab00000,0x00000000eab00000,0x00000000eaf00000)
  from space 512K, 97% used [0x00000000eb000000,0x00000000eb07d220,0x00000000eb080000)
  to   space 512K, 0% used [0x00000000eb080000,0x00000000eb080000,0x00000000eb100000)
 ParOldGen       total 190976K, used 190932K [0x00000000c0000000, 0x00000000cba80000, 0x00000000eab00000)
  object space 190976K, 99% used [0x00000000c0000000,0x00000000cba75080,0x00000000cba80000)
 Metaspace       used 70551K, committed 72128K, reserved 1114112K
  class space    used 7144K, committed 7872K, reserved 1048576K
}
Event: 811.395 GC heap before
{Heap before GC invocations=159 (full 3):
 PSYoungGen      total 4608K, used 4596K [0x00000000eab00000, 0x00000000eb100000, 0x0000000100000000)
  eden space 4096K, 100% used [0x00000000eab00000,0x00000000eaf00000,0x00000000eaf00000)
  from space 512K, 97% used [0x00000000eb000000,0x00000000eb07d220,0x00000000eb080000)
  to   space 512K, 0% used [0x00000000eb080000,0x00000000eb080000,0x00000000eb100000)
 ParOldGen       total 190976K, used 190932K [0x00000000c0000000, 0x00000000cba80000, 0x00000000eab00000)
  object space 190976K, 99% used [0x00000000c0000000,0x00000000cba75080,0x00000000cba80000)
 Metaspace       used 70579K, committed 72192K, reserved 1114112K
  class space    used 7144K, committed 7872K, reserved 1048576K
}
Event: 811.397 GC heap after
{Heap after GC invocations=159 (full 3):
 PSYoungGen      total 4608K, used 497K [0x00000000eab00000, 0x00000000eb200000, 0x0000000100000000)
  eden space 4096K, 0% used [0x00000000eab00000,0x00000000eab00000,0x00000000eaf00000)
  from space 512K, 97% used [0x00000000eb080000,0x00000000eb0fc4a8,0x00000000eb100000)
  to   space 1536K, 0% used [0x00000000eaf00000,0x00000000eaf00000,0x00000000eb080000)
 ParOldGen       total 192000K, used 191668K [0x00000000c0000000, 0x00000000cbb80000, 0x00000000eab00000)
  object space 192000K, 99% used [0x00000000c0000000,0x00000000cbb2d2d0,0x00000000cbb80000)
 Metaspace       used 70579K, committed 72192K, reserved 1114112K
  class space    used 7144K, committed 7872K, reserved 1048576K
}
Event: 811.438 GC heap before
{Heap before GC invocations=160 (full 3):
 PSYoungGen      total 4608K, used 4593K [0x00000000eab00000, 0x00000000eb200000, 0x0000000100000000)
  eden space 4096K, 100% used [0x00000000eab00000,0x00000000eaf00000,0x00000000eaf00000)
  from space 512K, 97% used [0x00000000eb080000,0x00000000eb0fc4a8,0x00000000eb100000)
  to   space 1536K, 0% used [0x00000000eaf00000,0x00000000eaf00000,0x00000000eb080000)
 ParOldGen       total 192000K, used 191668K [0x00000000c0000000, 0x00000000cbb80000, 0x00000000eab00000)
  object space 192000K, 99% used [0x00000000c0000000,0x00000000cbb2d2d0,0x00000000cbb80000)
 Metaspace       used 70592K, committed 72192K, reserved 1114112K
  class space    used 7144K, committed 7872K, reserved 1048576K
}
Event: 811.440 GC heap after
{Heap after GC invocations=160 (full 3):
 PSYoungGen      total 4608K, used 160K [0x00000000eab00000, 0x00000000eb100000, 0x0000000100000000)
  eden space 4096K, 0% used [0x00000000eab00000,0x00000000eab00000,0x00000000eaf00000)
  from space 512K, 31% used [0x00000000eaf00000,0x00000000eaf28000,0x00000000eaf80000)
  to   space 1024K, 0% used [0x00000000eb000000,0x00000000eb000000,0x00000000eb100000)
 ParOldGen       total 192512K, used 192137K [0x00000000c0000000, 0x00000000cbc00000, 0x00000000eab00000)
  object space 192512K, 99% used [0x00000000c0000000,0x00000000cbba24d0,0x00000000cbc00000)
 Metaspace       used 70592K, committed 72192K, reserved 1114112K
  class space    used 7144K, committed 7872K, reserved 1048576K
}
Event: 811.844 GC heap before
{Heap before GC invocations=161 (full 3):
 PSYoungGen      total 4608K, used 4256K [0x00000000eab00000, 0x00000000eb100000, 0x0000000100000000)
  eden space 4096K, 100% used [0x00000000eab00000,0x00000000eaf00000,0x00000000eaf00000)
  from space 512K, 31% used [0x00000000eaf00000,0x00000000eaf28000,0x00000000eaf80000)
  to   space 1024K, 0% used [0x00000000eb000000,0x00000000eb000000,0x00000000eb100000)
 ParOldGen       total 192512K, used 192137K [0x00000000c0000000, 0x00000000cbc00000, 0x00000000eab00000)
  object space 192512K, 99% used [0x00000000c0000000,0x00000000cbba24d0,0x00000000cbc00000)
 Metaspace       used 70617K, committed 72192K, reserved 1114112K
  class space    used 7144K, committed 7872K, reserved 1048576K
}
Event: 811.847 GC heap after
{Heap after GC invocations=161 (full 3):
 PSYoungGen      total 4608K, used 192K [0x00000000eab00000, 0x00000000eb080000, 0x0000000100000000)
  eden space 4096K, 0% used [0x00000000eab00000,0x00000000eab00000,0x00000000eaf00000)
  from space 512K, 37% used [0x00000000eb000000,0x00000000eb030000,0x00000000eb080000)
  to   space 512K, 0% used [0x00000000eaf00000,0x00000000eaf00000,0x00000000eaf80000)
 ParOldGen       total 192512K, used 192249K [0x00000000c0000000, 0x00000000cbc00000, 0x00000000eab00000)
  object space 192512K, 99% used [0x00000000c0000000,0x00000000cbbbe4d0,0x00000000cbc00000)
 Metaspace       used 70617K, committed 72192K, reserved 1114112K
  class space    used 7144K, committed 7872K, reserved 1048576K
}
Event: 812.030 GC heap before
{Heap before GC invocations=162 (full 3):
 PSYoungGen      total 4608K, used 4287K [0x00000000eab00000, 0x00000000eb080000, 0x0000000100000000)
  eden space 4096K, 99% used [0x00000000eab00000,0x00000000eaefff00,0x00000000eaf00000)
  from space 512K, 37% used [0x00000000eb000000,0x00000000eb030000,0x00000000eb080000)
  to   space 512K, 0% used [0x00000000eaf00000,0x00000000eaf00000,0x00000000eaf80000)
 ParOldGen       total 192512K, used 192249K [0x00000000c0000000, 0x00000000cbc00000, 0x00000000eab00000)
  object space 192512K, 99% used [0x00000000c0000000,0x00000000cbbbe4d0,0x00000000cbc00000)
 Metaspace       used 70618K, committed 72192K, reserved 1114112K
  class space    used 7144K, committed 7872K, reserved 1048576K
}
Event: 812.032 GC heap after
{Heap after GC invocations=162 (full 3):
 PSYoungGen      total 4608K, used 192K [0x00000000eab00000, 0x00000000eb080000, 0x0000000100000000)
  eden space 4096K, 0% used [0x00000000eab00000,0x00000000eab00000,0x00000000eaf00000)
  from space 512K, 37% used [0x00000000eaf00000,0x00000000eaf30000,0x00000000eaf80000)
  to   space 512K, 0% used [0x00000000eb000000,0x00000000eb000000,0x00000000eb080000)
 ParOldGen       total 192512K, used 192337K [0x00000000c0000000, 0x00000000cbc00000, 0x00000000eab00000)
  object space 192512K, 99% used [0x00000000c0000000,0x00000000cbbd44d0,0x00000000cbc00000)
 Metaspace       used 70618K, committed 72192K, reserved 1114112K
  class space    used 7144K, committed 7872K, reserved 1048576K
}
Event: 812.396 GC heap before
{Heap before GC invocations=163 (full 3):
 PSYoungGen      total 4608K, used 4262K [0x00000000eab00000, 0x00000000eb080000, 0x0000000100000000)
  eden space 4096K, 99% used [0x00000000eab00000,0x00000000eaef9bf8,0x00000000eaf00000)
  from space 512K, 37% used [0x00000000eaf00000,0x00000000eaf30000,0x00000000eaf80000)
  to   space 512K, 0% used [0x00000000eb000000,0x00000000eb000000,0x00000000eb080000)
 ParOldGen       total 192512K, used 192337K [0x00000000c0000000, 0x00000000cbc00000, 0x00000000eab00000)
  object space 192512K, 99% used [0x00000000c0000000,0x00000000cbbd44d0,0x00000000cbc00000)
 Metaspace       used 70618K, committed 72192K, reserved 1114112K
  class space    used 7144K, committed 7872K, reserved 1048576K
}
Event: 812.398 GC heap after
{Heap after GC invocations=163 (full 3):
 PSYoungGen      total 4608K, used 96K [0x00000000eab00000, 0x00000000eb080000, 0x0000000100000000)
  eden space 4096K, 0% used [0x00000000eab00000,0x00000000eab00000,0x00000000eaf00000)
  from space 512K, 18% used [0x00000000eb000000,0x00000000eb018000,0x00000000eb080000)
  to   space 512K, 0% used [0x00000000eaf00000,0x00000000eaf00000,0x00000000eaf80000)
 ParOldGen       total 192512K, used 192457K [0x00000000c0000000, 0x00000000cbc00000, 0x00000000eab00000)
  object space 192512K, 99% used [0x00000000c0000000,0x00000000cbbf24d0,0x00000000cbc00000)
 Metaspace       used 70618K, committed 72192K, reserved 1114112K
  class space    used 7144K, committed 7872K, reserved 1048576K
}
Event: 813.211 GC heap before
{Heap before GC invocations=164 (full 3):
 PSYoungGen      total 4608K, used 4192K [0x00000000eab00000, 0x00000000eb080000, 0x0000000100000000)
  eden space 4096K, 100% used [0x00000000eab00000,0x00000000eaf00000,0x00000000eaf00000)
  from space 512K, 18% used [0x00000000eb000000,0x00000000eb018000,0x00000000eb080000)
  to   space 512K, 0% used [0x00000000eaf00000,0x00000000eaf00000,0x00000000eaf80000)
 ParOldGen       total 192512K, used 192457K [0x00000000c0000000, 0x00000000cbc00000, 0x00000000eab00000)
  object space 192512K, 99% used [0x00000000c0000000,0x00000000cbbf24d0,0x00000000cbc00000)
 Metaspace       used 70620K, committed 72256K, reserved 1114112K
  class space    used 7144K, committed 7872K, reserved 1048576K
}
Event: 813.213 GC heap after
{Heap after GC invocations=164 (full 3):
 PSYoungGen      total 4608K, used 468K [0x00000000eab00000, 0x00000000eb100000, 0x0000000100000000)
  eden space 4096K, 0% used [0x00000000eab00000,0x00000000eab00000,0x00000000eaf00000)
  from space 512K, 91% used [0x00000000eaf00000,0x00000000eaf75200,0x00000000eaf80000)
  to   space 1024K, 0% used [0x00000000eb000000,0x00000000eb000000,0x00000000eb100000)
 ParOldGen       total 192512K, used 192473K [0x00000000c0000000, 0x00000000cbc00000, 0x00000000eab00000)
  object space 192512K, 99% used [0x00000000c0000000,0x00000000cbbf64d0,0x00000000cbc00000)
 Metaspace       used 70620K, committed 72256K, reserved 1114112K
  class space    used 7144K, committed 7872K, reserved 1048576K
}
Event: 816.368 GC heap before
{Heap before GC invocations=165 (full 3):
 PSYoungGen      total 4608K, used 4564K [0x00000000eab00000, 0x00000000eb100000, 0x0000000100000000)
  eden space 4096K, 100% used [0x00000000eab00000,0x00000000eaf00000,0x00000000eaf00000)
  from space 512K, 91% used [0x00000000eaf00000,0x00000000eaf75200,0x00000000eaf80000)
  to   space 1024K, 0% used [0x00000000eb000000,0x00000000eb000000,0x00000000eb100000)
 ParOldGen       total 192512K, used 192473K [0x00000000c0000000, 0x00000000cbc00000, 0x00000000eab00000)
  object space 192512K, 99% used [0x00000000c0000000,0x00000000cbbf64d0,0x00000000cbc00000)
 Metaspace       used 70790K, committed 72384K, reserved 1114112K
  class space    used 7170K, committed 7872K, reserved 1048576K
}
Event: 816.372 GC heap after
{Heap after GC invocations=165 (full 3):
 PSYoungGen      total 4608K, used 160K [0x00000000eab00000, 0x00000000eb080000, 0x0000000100000000)
  eden space 4096K, 0% used [0x00000000eab00000,0x00000000eab00000,0x00000000eaf00000)
  from space 512K, 31% used [0x00000000eb000000,0x00000000eb028000,0x00000000eb080000)
  to   space 512K, 0% used [0x00000000eaf00000,0x00000000eaf00000,0x00000000eaf80000)
 ParOldGen       total 193024K, used 192521K [0x00000000c0000000, 0x00000000cbc80000, 0x00000000eab00000)
  object space 193024K, 99% used [0x00000000c0000000,0x00000000cbc024d0,0x00000000cbc80000)
 Metaspace       used 70790K, committed 72384K, reserved 1114112K
  class space    used 7170K, committed 7872K, reserved 1048576K
}
Event: 816.846 GC heap before
{Heap before GC invocations=166 (full 3):
 PSYoungGen      total 4608K, used 4256K [0x00000000eab00000, 0x00000000eb080000, 0x0000000100000000)
  eden space 4096K, 100% used [0x00000000eab00000,0x00000000eaf00000,0x00000000eaf00000)
  from space 512K, 31% used [0x00000000eb000000,0x00000000eb028000,0x00000000eb080000)
  to   space 512K, 0% used [0x00000000eaf00000,0x00000000eaf00000,0x00000000eaf80000)
 ParOldGen       total 193024K, used 192521K [0x00000000c0000000, 0x00000000cbc80000, 0x00000000eab00000)
  object space 193024K, 99% used [0x00000000c0000000,0x00000000cbc024d0,0x00000000cbc80000)
 Metaspace       used 71039K, committed 72640K, reserved 1114112K
  class space    used 7201K, committed 7872K, reserved 1048576K
}
Event: 816.849 GC heap after
{Heap after GC invocations=166 (full 3):
 PSYoungGen      total 4608K, used 400K [0x00000000eab00000, 0x00000000eb080000, 0x0000000100000000)
  eden space 4096K, 0% used [0x00000000eab00000,0x00000000eab00000,0x00000000eaf00000)
  from space 512K, 78% used [0x00000000eaf00000,0x00000000eaf64030,0x00000000eaf80000)
  to   space 512K, 0% used [0x00000000eb000000,0x00000000eb000000,0x00000000eb080000)
 ParOldGen       total 193024K, used 192585K [0x00000000c0000000, 0x00000000cbc80000, 0x00000000eab00000)
  object space 193024K, 99% used [0x00000000c0000000,0x00000000cbc124d0,0x00000000cbc80000)
 Metaspace       used 71039K, committed 72640K, reserved 1114112K
  class space    used 7201K, committed 7872K, reserved 1048576K
}
Event: 816.943 GC heap before
{Heap before GC invocations=167 (full 3):
 PSYoungGen      total 4608K, used 4485K [0x00000000eab00000, 0x00000000eb080000, 0x0000000100000000)
  eden space 4096K, 99% used [0x00000000eab00000,0x00000000eaefd610,0x00000000eaf00000)
  from space 512K, 78% used [0x00000000eaf00000,0x00000000eaf64030,0x00000000eaf80000)
  to   space 512K, 0% used [0x00000000eb000000,0x00000000eb000000,0x00000000eb080000)
 ParOldGen       total 193024K, used 192585K [0x00000000c0000000, 0x00000000cbc80000, 0x00000000eab00000)
  object space 193024K, 99% used [0x00000000c0000000,0x00000000cbc124d0,0x00000000cbc80000)
 Metaspace       used 71109K, committed 72704K, reserved 1114112K
  class space    used 7206K, committed 7872K, reserved 1048576K
}
Event: 816.945 GC heap after
{Heap after GC invocations=167 (full 3):
 PSYoungGen      total 4608K, used 162K [0x00000000eab00000, 0x00000000eb080000, 0x0000000100000000)
  eden space 4096K, 0% used [0x00000000eab00000,0x00000000eab00000,0x00000000eaf00000)
  from space 512K, 31% used [0x00000000eb000000,0x00000000eb028858,0x00000000eb080000)
  to   space 512K, 0% used [0x00000000eaf00000,0x00000000eaf00000,0x00000000eaf80000)
 ParOldGen       total 193024K, used 192801K [0x00000000c0000000, 0x00000000cbc80000, 0x00000000eab00000)
  object space 193024K, 99% used [0x00000000c0000000,0x00000000cbc484f0,0x00000000cbc80000)
 Metaspace       used 71109K, committed 72704K, reserved 1114112K
  class space    used 7206K, committed 7872K, reserved 1048576K
}

