# JRE version: OpenJDK Runtime Environment Temurin-21.0.6+7 (21.0.6+7) (build 21.0.6+7-LTS)
# Java VM: OpenJDK 64-Bit Server VM Temurin-21.0.6+7 (21.0.6+7-LTS, mixed mode, sharing, tiered, compressed oops, compressed class ptrs, parallel gc, windows-amd64)
GC Precious Log:
 CardTable entry size: 512
 CPUs: 4 total, 4 available
 Memory: 6086M
 Large Page Support: Disabled
 NUMA Support: Disabled
 Compressed Oops: Enabled (32-bit)
 Alignments: Space 512K, Generation 512K, Heap 2M
 Heap Min Capacity: 100M
 Heap Initial Capacity: 100M
 Heap Max Capacity: 1G
 Pre-touch: Disabled
 Parallel Workers: 4
Heap:
 PSYoungGen      total 17920K, used 10676K [0x00000000eab00000, 0x00000000ebe00000, 0x0000000100000000)
  eden space 17408K, 58% used [0x00000000eab00000,0x00000000eb4f11c8,0x00000000ebc00000)
  from space 512K, 96% used [0x00000000ebc80000,0x00000000ebcfc010,0x00000000ebd00000)
  to   space 1024K, 0% used [0x00000000ebd00000,0x00000000ebd00000,0x00000000ebe00000)
 ParOldGen       total 68608K, used 49925K [0x00000000c0000000, 0x00000000c4300000, 0x00000000eab00000)
  object space 68608K, 72% used [0x00000000c0000000,0x00000000c30c15d8,0x00000000c4300000)
 Metaspace       used 58437K, committed 59904K, reserved 1114112K
  class space    used 6094K, committed 6720K, reserved 1048576K
GC Heap History (20 events):
Event: 82.758 GC heap before
{Heap before GC invocations=47 (full 2):
 PSYoungGen      total 17920K, used 17856K [0x00000000eab00000, 0x00000000ebd80000, 0x0000000100000000)
  eden space 17408K, 100% used [0x00000000eab00000,0x00000000ebc00000,0x00000000ebc00000)
  from space 512K, 87% used [0x00000000ebd00000,0x00000000ebd70000,0x00000000ebd80000)
  to   space 512K, 0% used [0x00000000ebc00000,0x00000000ebc00000,0x00000000ebc80000)
 ParOldGen       total 68608K, used 51909K [0x00000000c0000000, 0x00000000c4300000, 0x00000000eab00000)
  object space 68608K, 75% used [0x00000000c0000000,0x00000000c32b1658,0x00000000c4300000)
 Metaspace       used 57813K, committed 59264K, reserved 1114112K
  class space    used 6025K, committed 6656K, reserved 1048576K
}
Event: 82.766 GC heap after
{Heap after GC invocations=47 (full 2):
 PSYoungGen      total 17920K, used 480K [0x00000000eab00000, 0x00000000ebe00000, 0x0000000100000000)
  eden space 17408K, 0% used [0x00000000eab00000,0x00000000eab00000,0x00000000ebc00000)
  from space 512K, 93% used [0x00000000ebc00000,0x00000000ebc78020,0x00000000ebc80000)
  to   space 1024K, 0% used [0x00000000ebd00000,0x00000000ebd00000,0x00000000ebe00000)
 ParOldGen       total 68608K, used 52209K [0x00000000c0000000, 0x00000000c4300000, 0x00000000eab00000)
  object space 68608K, 76% used [0x00000000c0000000,0x00000000c32fc668,0x00000000c4300000)
 Metaspace       used 57813K, committed 59264K, reserved 1114112K
  class space    used 6025K, committed 6656K, reserved 1048576K
}
Event: 83.180 GC heap before
{Heap before GC invocations=48 (full 2):
 PSYoungGen      total 17920K, used 17888K [0x00000000eab00000, 0x00000000ebe00000, 0x0000000100000000)
  eden space 17408K, 100% used [0x00000000eab00000,0x00000000ebc00000,0x00000000ebc00000)
  from space 512K, 93% used [0x00000000ebc00000,0x00000000ebc78020,0x00000000ebc80000)
  to   space 1024K, 0% used [0x00000000ebd00000,0x00000000ebd00000,0x00000000ebe00000)
 ParOldGen       total 68608K, used 52209K [0x00000000c0000000, 0x00000000c4300000, 0x00000000eab00000)
  object space 68608K, 76% used [0x00000000c0000000,0x00000000c32fc668,0x00000000c4300000)
 Metaspace       used 57920K, committed 59328K, reserved 1114112K
  class space    used 6037K, committed 6656K, reserved 1048576K
}
Event: 83.185 GC heap after
{Heap after GC invocations=48 (full 2):
 PSYoungGen      total 18432K, used 416K [0x00000000eab00000, 0x00000000ebe00000, 0x0000000100000000)
  eden space 17408K, 0% used [0x00000000eab00000,0x00000000eab00000,0x00000000ebc00000)
  from space 1024K, 40% used [0x00000000ebd00000,0x00000000ebd68000,0x00000000ebe00000)
  to   space 1024K, 0% used [0x00000000ebc00000,0x00000000ebc00000,0x00000000ebd00000)
 ParOldGen       total 68608K, used 52537K [0x00000000c0000000, 0x00000000c4300000, 0x00000000eab00000)
  object space 68608K, 76% used [0x00000000c0000000,0x00000000c334e688,0x00000000c4300000)
 Metaspace       used 57920K, committed 59328K, reserved 1114112K
  class space    used 6037K, committed 6656K, reserved 1048576K
}
Event: 83.589 GC heap before
{Heap before GC invocations=49 (full 2):
 PSYoungGen      total 18432K, used 17824K [0x00000000eab00000, 0x00000000ebe00000, 0x0000000100000000)
  eden space 17408K, 100% used [0x00000000eab00000,0x00000000ebc00000,0x00000000ebc00000)
  from space 1024K, 40% used [0x00000000ebd00000,0x00000000ebd68000,0x00000000ebe00000)
  to   space 1024K, 0% used [0x00000000ebc00000,0x00000000ebc00000,0x00000000ebd00000)
 ParOldGen       total 68608K, used 52537K [0x00000000c0000000, 0x00000000c4300000, 0x00000000eab00000)
  object space 68608K, 76% used [0x00000000c0000000,0x00000000c334e688,0x00000000c4300000)
 Metaspace       used 57995K, committed 59392K, reserved 1114112K
  class space    used 6047K, committed 6656K, reserved 1048576K
}
Event: 83.592 GC heap after
{Heap after GC invocations=49 (full 2):
 PSYoungGen      total 18432K, used 416K [0x00000000eab00000, 0x00000000ebd80000, 0x0000000100000000)
  eden space 17408K, 0% used [0x00000000eab00000,0x00000000eab00000,0x00000000ebc00000)
  from space 1024K, 40% used [0x00000000ebc00000,0x00000000ebc68000,0x00000000ebd00000)
  to   space 512K, 0% used [0x00000000ebd00000,0x00000000ebd00000,0x00000000ebd80000)
 ParOldGen       total 68608K, used 52769K [0x00000000c0000000, 0x00000000c4300000, 0x00000000eab00000)
  object space 68608K, 76% used [0x00000000c0000000,0x00000000c3388688,0x00000000c4300000)
 Metaspace       used 57995K, committed 59392K, reserved 1114112K
  class space    used 6047K, committed 6656K, reserved 1048576K
}
Event: 83.793 GC heap before
{Heap before GC invocations=50 (full 2):
 PSYoungGen      total 18432K, used 17824K [0x00000000eab00000, 0x00000000ebd80000, 0x0000000100000000)
  eden space 17408K, 100% used [0x00000000eab00000,0x00000000ebc00000,0x00000000ebc00000)
  from space 1024K, 40% used [0x00000000ebc00000,0x00000000ebc68000,0x00000000ebd00000)
  to   space 512K, 0% used [0x00000000ebd00000,0x00000000ebd00000,0x00000000ebd80000)
 ParOldGen       total 68608K, used 52769K [0x00000000c0000000, 0x00000000c4300000, 0x00000000eab00000)
  object space 68608K, 76% used [0x00000000c0000000,0x00000000c3388688,0x00000000c4300000)
 Metaspace       used 58050K, committed 59456K, reserved 1114112K
  class space    used 6055K, committed 6656K, reserved 1048576K
}
Event: 83.798 GC heap after
{Heap after GC invocations=50 (full 2):
 PSYoungGen      total 17920K, used 512K [0x00000000eab00000, 0x00000000ebe00000, 0x0000000100000000)
  eden space 17408K, 0% used [0x00000000eab00000,0x00000000eab00000,0x00000000ebc00000)
  from space 512K, 100% used [0x00000000ebd00000,0x00000000ebd80000,0x00000000ebd80000)
  to   space 1024K, 0% used [0x00000000ebc00000,0x00000000ebc00000,0x00000000ebd00000)
 ParOldGen       total 68608K, used 53097K [0x00000000c0000000, 0x00000000c4300000, 0x00000000eab00000)
  object space 68608K, 77% used [0x00000000c0000000,0x00000000c33da698,0x00000000c4300000)
 Metaspace       used 58050K, committed 59456K, reserved 1114112K
  class space    used 6055K, committed 6656K, reserved 1048576K
}
Event: 84.235 GC heap before
{Heap before GC invocations=51 (full 2):
 PSYoungGen      total 17920K, used 17920K [0x00000000eab00000, 0x00000000ebe00000, 0x0000000100000000)
  eden space 17408K, 100% used [0x00000000eab00000,0x00000000ebc00000,0x00000000ebc00000)
  from space 512K, 100% used [0x00000000ebd00000,0x00000000ebd80000,0x00000000ebd80000)
  to   space 1024K, 0% used [0x00000000ebc00000,0x00000000ebc00000,0x00000000ebd00000)
 ParOldGen       total 68608K, used 53097K [0x00000000c0000000, 0x00000000c4300000, 0x00000000eab00000)
  object space 68608K, 77% used [0x00000000c0000000,0x00000000c33da698,0x00000000c4300000)
 Metaspace       used 58111K, committed 59520K, reserved 1114112K
  class space    used 6064K, committed 6656K, reserved 1048576K
}
Event: 84.238 GC heap after
{Heap after GC invocations=51 (full 2):
 PSYoungGen      total 18432K, used 640K [0x00000000eab00000, 0x00000000ebe00000, 0x0000000100000000)
  eden space 17408K, 0% used [0x00000000eab00000,0x00000000eab00000,0x00000000ebc00000)
  from space 1024K, 62% used [0x00000000ebc00000,0x00000000ebca0000,0x00000000ebd00000)
  to   space 1024K, 0% used [0x00000000ebd00000,0x00000000ebd00000,0x00000000ebe00000)
 ParOldGen       total 68608K, used 53409K [0x00000000c0000000, 0x00000000c4300000, 0x00000000eab00000)
  object space 68608K, 77% used [0x00000000c0000000,0x00000000c3428698,0x00000000c4300000)
 Metaspace       used 58111K, committed 59520K, reserved 1114112K
  class space    used 6064K, committed 6656K, reserved 1048576K
}
Event: 84.502 GC heap before
{Heap before GC invocations=52 (full 2):
 PSYoungGen      total 18432K, used 18048K [0x00000000eab00000, 0x00000000ebe00000, 0x0000000100000000)
  eden space 17408K, 100% used [0x00000000eab00000,0x00000000ebc00000,0x00000000ebc00000)
  from space 1024K, 62% used [0x00000000ebc00000,0x00000000ebca0000,0x00000000ebd00000)
  to   space 1024K, 0% used [0x00000000ebd00000,0x00000000ebd00000,0x00000000ebe00000)
 ParOldGen       total 68608K, used 53409K [0x00000000c0000000, 0x00000000c4300000, 0x00000000eab00000)
  object space 68608K, 77% used [0x00000000c0000000,0x00000000c3428698,0x00000000c4300000)
 Metaspace       used 58261K, committed 59648K, reserved 1114112K
  class space    used 6077K, committed 6656K, reserved 1048576K
}
Event: 84.505 GC heap after
{Heap after GC invocations=52 (full 2):
 PSYoungGen      total 17920K, used 352K [0x00000000eab00000, 0x00000000ebd80000, 0x0000000100000000)
  eden space 17408K, 0% used [0x00000000eab00000,0x00000000eab00000,0x00000000ebc00000)
  from space 512K, 68% used [0x00000000ebd00000,0x00000000ebd58000,0x00000000ebd80000)
  to   space 512K, 0% used [0x00000000ebc80000,0x00000000ebc80000,0x00000000ebd00000)
 ParOldGen       total 68608K, used 53921K [0x00000000c0000000, 0x00000000c4300000, 0x00000000eab00000)
  object space 68608K, 78% used [0x00000000c0000000,0x00000000c34a8698,0x00000000c4300000)
 Metaspace       used 58261K, committed 59648K, reserved 1114112K
  class space    used 6077K, committed 6656K, reserved 1048576K
}
Event: 84.639 GC heap before
{Heap before GC invocations=53 (full 2):
 PSYoungGen      total 17920K, used 11522K [0x00000000eab00000, 0x00000000ebd80000, 0x0000000100000000)
  eden space 17408K, 64% used [0x00000000eab00000,0x00000000eb5e8bd0,0x00000000ebc00000)
  from space 512K, 68% used [0x00000000ebd00000,0x00000000ebd58000,0x00000000ebd80000)
  to   space 512K, 0% used [0x00000000ebc80000,0x00000000ebc80000,0x00000000ebd00000)
 ParOldGen       total 68608K, used 53921K [0x00000000c0000000, 0x00000000c4300000, 0x00000000eab00000)
  object space 68608K, 78% used [0x00000000c0000000,0x00000000c34a8698,0x00000000c4300000)
 Metaspace       used 58353K, committed 59776K, reserved 1114112K
  class space    used 6084K, committed 6720K, reserved 1048576K
}
Event: 84.642 GC heap after
{Heap after GC invocations=53 (full 2):
 PSYoungGen      total 17920K, used 320K [0x00000000eab00000, 0x00000000ebd80000, 0x0000000100000000)
  eden space 17408K, 0% used [0x00000000eab00000,0x00000000eab00000,0x00000000ebc00000)
  from space 512K, 62% used [0x00000000ebc80000,0x00000000ebcd0000,0x00000000ebd00000)
  to   space 512K, 0% used [0x00000000ebd00000,0x00000000ebd00000,0x00000000ebd80000)
 ParOldGen       total 68608K, used 54081K [0x00000000c0000000, 0x00000000c4300000, 0x00000000eab00000)
  object space 68608K, 78% used [0x00000000c0000000,0x00000000c34d0698,0x00000000c4300000)
 Metaspace       used 58353K, committed 59776K, reserved 1114112K
  class space    used 6084K, committed 6720K, reserved 1048576K
}
Event: 84.642 GC heap before
{Heap before GC invocations=54 (full 3):
 PSYoungGen      total 17920K, used 320K [0x00000000eab00000, 0x00000000ebd80000, 0x0000000100000000)
  eden space 17408K, 0% used [0x00000000eab00000,0x00000000eab00000,0x00000000ebc00000)
  from space 512K, 62% used [0x00000000ebc80000,0x00000000ebcd0000,0x00000000ebd00000)
  to   space 512K, 0% used [0x00000000ebd00000,0x00000000ebd00000,0x00000000ebd80000)
 ParOldGen       total 68608K, used 54081K [0x00000000c0000000, 0x00000000c4300000, 0x00000000eab00000)
  object space 68608K, 78% used [0x00000000c0000000,0x00000000c34d0698,0x00000000c4300000)
 Metaspace       used 58353K, committed 59776K, reserved 1114112K
  class space    used 6084K, committed 6720K, reserved 1048576K
}
Event: 84.824 GC heap after
{Heap after GC invocations=54 (full 3):
 PSYoungGen      total 17920K, used 0K [0x00000000eab00000, 0x00000000ebd80000, 0x0000000100000000)
  eden space 17408K, 0% used [0x00000000eab00000,0x00000000eab00000,0x00000000ebc00000)
  from space 512K, 0% used [0x00000000ebc80000,0x00000000ebc80000,0x00000000ebd00000)
  to   space 512K, 0% used [0x00000000ebd00000,0x00000000ebd00000,0x00000000ebd80000)
 ParOldGen       total 68608K, used 49500K [0x00000000c0000000, 0x00000000c4300000, 0x00000000eab00000)
  object space 68608K, 72% used [0x00000000c0000000,0x00000000c30571d8,0x00000000c4300000)
 Metaspace       used 58353K, committed 59776K, reserved 1114112K
  class space    used 6084K, committed 6720K, reserved 1048576K
}
Event: 85.109 GC heap before
{Heap before GC invocations=55 (full 3):
 PSYoungGen      total 17920K, used 17408K [0x00000000eab00000, 0x00000000ebd80000, 0x0000000100000000)
  eden space 17408K, 100% used [0x00000000eab00000,0x00000000ebc00000,0x00000000ebc00000)
  from space 512K, 0% used [0x00000000ebc80000,0x00000000ebc80000,0x00000000ebd00000)
  to   space 512K, 0% used [0x00000000ebd00000,0x00000000ebd00000,0x00000000ebd80000)
 ParOldGen       total 68608K, used 49500K [0x00000000c0000000, 0x00000000c4300000, 0x00000000eab00000)
  object space 68608K, 72% used [0x00000000c0000000,0x00000000c30571d8,0x00000000c4300000)
 Metaspace       used 58412K, committed 59904K, reserved 1114112K
  class space    used 6093K, committed 6720K, reserved 1048576K
}
Event: 85.113 GC heap after
{Heap after GC invocations=55 (full 3):
 PSYoungGen      total 17920K, used 480K [0x00000000eab00000, 0x00000000ebd80000, 0x0000000100000000)
  eden space 17408K, 0% used [0x00000000eab00000,0x00000000eab00000,0x00000000ebc00000)
  from space 512K, 93% used [0x00000000ebd00000,0x00000000ebd78000,0x00000000ebd80000)
  to   space 512K, 0% used [0x00000000ebc80000,0x00000000ebc80000,0x00000000ebd00000)
 ParOldGen       total 68608K, used 49500K [0x00000000c0000000, 0x00000000c4300000, 0x00000000eab00000)
  object space 68608K, 72% used [0x00000000c0000000,0x00000000c30571d8,0x00000000c4300000)
 Metaspace       used 58412K, committed 59904K, reserved 1114112K
  class space    used 6093K, committed 6720K, reserved 1048576K
}
Event: 85.386 GC heap before
{Heap before GC invocations=56 (full 3):
 PSYoungGen      total 17920K, used 17888K [0x00000000eab00000, 0x00000000ebd80000, 0x0000000100000000)
  eden space 17408K, 100% used [0x00000000eab00000,0x00000000ebc00000,0x00000000ebc00000)
  from space 512K, 93% used [0x00000000ebd00000,0x00000000ebd78000,0x00000000ebd80000)
  to   space 512K, 0% used [0x00000000ebc80000,0x00000000ebc80000,0x00000000ebd00000)
 ParOldGen       total 68608K, used 49500K [0x00000000c0000000, 0x00000000c4300000, 0x00000000eab00000)
  object space 68608K, 72% used [0x00000000c0000000,0x00000000c30571d8,0x00000000c4300000)
 Metaspace       used 58425K, committed 59904K, reserved 1114112K
  class space    used 6093K, committed 6720K, reserved 1048576K
}
Event: 85.389 GC heap after
{Heap after GC invocations=56 (full 3):
 PSYoungGen      total 17920K, used 496K [0x00000000eab00000, 0x00000000ebe00000, 0x0000000100000000)
  eden space 17408K, 0% used [0x00000000eab00000,0x00000000eab00000,0x00000000ebc00000)
  from space 512K, 96% used [0x00000000ebc80000,0x00000000ebcfc010,0x00000000ebd00000)
  to   space 1024K, 0% used [0x00000000ebd00000,0x00000000ebd00000,0x00000000ebe00000)
 ParOldGen       total 68608K, used 49925K [0x00000000c0000000, 0x00000000c4300000, 0x00000000eab00000)
  object space 68608K, 72% used [0x00000000c0000000,0x00000000c30c15d8,0x00000000c4300000)
 Metaspace       used 58425K, committed 59904K, reserved 1114112K
  class space    used 6093K, committed 6720K, reserved 1048576K
}

