# JRE version: OpenJDK Runtime Environment Temurin-21.0.6+7 (21.0.6+7) (build 21.0.6+7-LTS)
# Java VM: OpenJDK 64-Bit Server VM Temurin-21.0.6+7 (21.0.6+7-LTS, mixed mode, sharing, tiered, compressed oops, compressed class ptrs, parallel gc, windows-amd64)
GC Precious Log:
 CardTable entry size: 512
 CPUs: 4 total, 4 available
 Memory: 6086M
 Large Page Support: Disabled
 NUMA Support: Disabled
 Compressed Oops: Enabled (32-bit)
 Alignments: Space 512K, Generation 512K, Heap 2M
 Heap Min Capacity: 100M
 Heap Initial Capacity: 100M
 Heap Max Capacity: 1G
 Pre-touch: Disabled
 Parallel Workers: 4
Heap:
 PSYoungGen      total 20480K, used 14178K [0x00000000eab00000, 0x00000000eca00000, 0x0000000100000000)
  eden space 18432K, 65% used [0x00000000eab00000,0x00000000eb6dc750,0x00000000ebd00000)
  from space 2048K, 99% used [0x00000000ec200000,0x00000000ec3fc108,0x00000000ec400000)
  to   space 5120K, 0% used [0x00000000ebd00000,0x00000000ebd00000,0x00000000ec200000)
 ParOldGen       total 68608K, used 31770K [0x00000000c0000000, 0x00000000c4300000, 0x00000000eab00000)
  object space 68608K, 46% used [0x00000000c0000000,0x00000000c1f06988,0x00000000c4300000)
 Metaspace       used 42657K, committed 43712K, reserved 1114112K
  class space    used 4130K, committed 4608K, reserved 1048576K
GC Heap History (20 events):
Event: 24.730 GC heap before
{Heap before GC invocations=15 (full 1):
 PSYoungGen      total 24576K, used 23984K [0x00000000eab00000, 0x00000000ec580000, 0x0000000100000000)
  eden space 22016K, 98% used [0x00000000eab00000,0x00000000ec043038,0x00000000ec080000)
  from space 2560K, 86% used [0x00000000ec200000,0x00000000ec429000,0x00000000ec480000)
  to   space 1024K, 0% used [0x00000000ec480000,0x00000000ec480000,0x00000000ec580000)
 ParOldGen       total 68608K, used 20505K [0x00000000c0000000, 0x00000000c4300000, 0x00000000eab00000)
  object space 68608K, 29% used [0x00000000c0000000,0x00000000c14067c8,0x00000000c4300000)
 Metaspace       used 31760K, committed 32640K, reserved 1114112K
  class space    used 3101K, committed 3520K, reserved 1048576K
}
Event: 24.739 GC heap after
{Heap after GC invocations=15 (full 1):
 PSYoungGen      total 22528K, used 1024K [0x00000000eab00000, 0x00000000ec980000, 0x0000000100000000)
  eden space 21504K, 0% used [0x00000000eab00000,0x00000000eab00000,0x00000000ec000000)
  from space 1024K, 100% used [0x00000000ec480000,0x00000000ec580000,0x00000000ec580000)
  to   space 4608K, 0% used [0x00000000ec000000,0x00000000ec000000,0x00000000ec480000)
 ParOldGen       total 68608K, used 23448K [0x00000000c0000000, 0x00000000c4300000, 0x00000000eab00000)
  object space 68608K, 34% used [0x00000000c0000000,0x00000000c16e6278,0x00000000c4300000)
 Metaspace       used 31760K, committed 32640K, reserved 1114112K
  class space    used 3101K, committed 3520K, reserved 1048576K
}
Event: 25.335 GC heap before
{Heap before GC invocations=16 (full 1):
 PSYoungGen      total 22528K, used 22528K [0x00000000eab00000, 0x00000000ec980000, 0x0000000100000000)
  eden space 21504K, 100% used [0x00000000eab00000,0x00000000ec000000,0x00000000ec000000)
  from space 1024K, 100% used [0x00000000ec480000,0x00000000ec580000,0x00000000ec580000)
  to   space 4608K, 0% used [0x00000000ec000000,0x00000000ec000000,0x00000000ec480000)
 ParOldGen       total 68608K, used 23448K [0x00000000c0000000, 0x00000000c4300000, 0x00000000eab00000)
  object space 68608K, 34% used [0x00000000c0000000,0x00000000c16e6278,0x00000000c4300000)
 Metaspace       used 31813K, committed 32704K, reserved 1114112K
  class space    used 3103K, committed 3520K, reserved 1048576K
}
Event: 25.343 GC heap after
{Heap after GC invocations=16 (full 1):
 PSYoungGen      total 23552K, used 2016K [0x00000000eab00000, 0x00000000ec600000, 0x0000000100000000)
  eden space 21504K, 0% used [0x00000000eab00000,0x00000000eab00000,0x00000000ec000000)
  from space 2048K, 98% used [0x00000000ec000000,0x00000000ec1f8010,0x00000000ec200000)
  to   space 3072K, 0% used [0x00000000ec300000,0x00000000ec300000,0x00000000ec600000)
 ParOldGen       total 68608K, used 24472K [0x00000000c0000000, 0x00000000c4300000, 0x00000000eab00000)
  object space 68608K, 35% used [0x00000000c0000000,0x00000000c17e6278,0x00000000c4300000)
 Metaspace       used 31813K, committed 32704K, reserved 1114112K
  class space    used 3103K, committed 3520K, reserved 1048576K
}
Event: 25.927 GC heap before
{Heap before GC invocations=17 (full 1):
 PSYoungGen      total 23552K, used 23520K [0x00000000eab00000, 0x00000000ec600000, 0x0000000100000000)
  eden space 21504K, 100% used [0x00000000eab00000,0x00000000ec000000,0x00000000ec000000)
  from space 2048K, 98% used [0x00000000ec000000,0x00000000ec1f8010,0x00000000ec200000)
  to   space 3072K, 0% used [0x00000000ec300000,0x00000000ec300000,0x00000000ec600000)
 ParOldGen       total 68608K, used 24472K [0x00000000c0000000, 0x00000000c4300000, 0x00000000eab00000)
  object space 68608K, 35% used [0x00000000c0000000,0x00000000c17e6278,0x00000000c4300000)
 Metaspace       used 32355K, committed 33216K, reserved 1114112K
  class space    used 3170K, committed 3584K, reserved 1048576K
}
Event: 25.933 GC heap after
{Heap after GC invocations=17 (full 1):
 PSYoungGen      total 23552K, used 1632K [0x00000000eab00000, 0x00000000ec500000, 0x0000000100000000)
  eden space 21504K, 0% used [0x00000000eab00000,0x00000000eab00000,0x00000000ec000000)
  from space 2048K, 79% used [0x00000000ec300000,0x00000000ec498000,0x00000000ec500000)
  to   space 2048K, 0% used [0x00000000ec000000,0x00000000ec000000,0x00000000ec200000)
 ParOldGen       total 68608K, used 26456K [0x00000000c0000000, 0x00000000c4300000, 0x00000000eab00000)
  object space 68608K, 38% used [0x00000000c0000000,0x00000000c19d6288,0x00000000c4300000)
 Metaspace       used 32355K, committed 33216K, reserved 1114112K
  class space    used 3170K, committed 3584K, reserved 1048576K
}
Event: 27.588 GC heap before
{Heap before GC invocations=18 (full 1):
 PSYoungGen      total 23552K, used 23136K [0x00000000eab00000, 0x00000000ec500000, 0x0000000100000000)
  eden space 21504K, 100% used [0x00000000eab00000,0x00000000ec000000,0x00000000ec000000)
  from space 2048K, 79% used [0x00000000ec300000,0x00000000ec498000,0x00000000ec500000)
  to   space 2048K, 0% used [0x00000000ec000000,0x00000000ec000000,0x00000000ec200000)
 ParOldGen       total 68608K, used 26456K [0x00000000c0000000, 0x00000000c4300000, 0x00000000eab00000)
  object space 68608K, 38% used [0x00000000c0000000,0x00000000c19d6288,0x00000000c4300000)
 Metaspace       used 34029K, committed 34880K, reserved 1114112K
  class space    used 3399K, committed 3776K, reserved 1048576K
}
Event: 27.594 GC heap after
{Heap after GC invocations=18 (full 1):
 PSYoungGen      total 23552K, used 517K [0x00000000eab00000, 0x00000000ec380000, 0x0000000100000000)
  eden space 21504K, 0% used [0x00000000eab00000,0x00000000eab00000,0x00000000ec000000)
  from space 2048K, 25% used [0x00000000ec000000,0x00000000ec081558,0x00000000ec200000)
  to   space 1024K, 0% used [0x00000000ec280000,0x00000000ec280000,0x00000000ec380000)
 ParOldGen       total 68608K, used 28044K [0x00000000c0000000, 0x00000000c4300000, 0x00000000eab00000)
  object space 68608K, 40% used [0x00000000c0000000,0x00000000c1b63168,0x00000000c4300000)
 Metaspace       used 34029K, committed 34880K, reserved 1114112K
  class space    used 3399K, committed 3776K, reserved 1048576K
}
Event: 28.657 GC heap before
{Heap before GC invocations=19 (full 1):
 PSYoungGen      total 23552K, used 15264K [0x00000000eab00000, 0x00000000ec380000, 0x0000000100000000)
  eden space 21504K, 68% used [0x00000000eab00000,0x00000000eb966b78,0x00000000ec000000)
  from space 2048K, 25% used [0x00000000ec000000,0x00000000ec081558,0x00000000ec200000)
  to   space 1024K, 0% used [0x00000000ec280000,0x00000000ec280000,0x00000000ec380000)
 ParOldGen       total 68608K, used 28044K [0x00000000c0000000, 0x00000000c4300000, 0x00000000eab00000)
  object space 68608K, 40% used [0x00000000c0000000,0x00000000c1b63168,0x00000000c4300000)
 Metaspace       used 35029K, committed 35840K, reserved 1114112K
  class space    used 3476K, committed 3840K, reserved 1048576K
}
Event: 28.658 GC heap after
{Heap after GC invocations=19 (full 1):
 PSYoungGen      total 22016K, used 363K [0x00000000eab00000, 0x00000000ec300000, 0x0000000100000000)
  eden space 21504K, 0% used [0x00000000eab00000,0x00000000eab00000,0x00000000ec000000)
  from space 512K, 70% used [0x00000000ec280000,0x00000000ec2dada8,0x00000000ec300000)
  to   space 512K, 0% used [0x00000000ec200000,0x00000000ec200000,0x00000000ec280000)
 ParOldGen       total 68608K, used 28528K [0x00000000c0000000, 0x00000000c4300000, 0x00000000eab00000)
  object space 68608K, 41% used [0x00000000c0000000,0x00000000c1bdc3c8,0x00000000c4300000)
 Metaspace       used 35029K, committed 35840K, reserved 1114112K
  class space    used 3476K, committed 3840K, reserved 1048576K
}
Event: 28.658 GC heap before
{Heap before GC invocations=20 (full 2):
 PSYoungGen      total 22016K, used 363K [0x00000000eab00000, 0x00000000ec300000, 0x0000000100000000)
  eden space 21504K, 0% used [0x00000000eab00000,0x00000000eab00000,0x00000000ec000000)
  from space 512K, 70% used [0x00000000ec280000,0x00000000ec2dada8,0x00000000ec300000)
  to   space 512K, 0% used [0x00000000ec200000,0x00000000ec200000,0x00000000ec280000)
 ParOldGen       total 68608K, used 28528K [0x00000000c0000000, 0x00000000c4300000, 0x00000000eab00000)
  object space 68608K, 41% used [0x00000000c0000000,0x00000000c1bdc3c8,0x00000000c4300000)
 Metaspace       used 35029K, committed 35840K, reserved 1114112K
  class space    used 3476K, committed 3840K, reserved 1048576K
}
Event: 28.749 GC heap after
{Heap after GC invocations=20 (full 2):
 PSYoungGen      total 22016K, used 0K [0x00000000eab00000, 0x00000000ec300000, 0x0000000100000000)
  eden space 21504K, 0% used [0x00000000eab00000,0x00000000eab00000,0x00000000ec000000)
  from space 512K, 0% used [0x00000000ec280000,0x00000000ec280000,0x00000000ec300000)
  to   space 512K, 0% used [0x00000000ec200000,0x00000000ec200000,0x00000000ec280000)
 ParOldGen       total 68608K, used 27957K [0x00000000c0000000, 0x00000000c4300000, 0x00000000eab00000)
  object space 68608K, 40% used [0x00000000c0000000,0x00000000c1b4d6b8,0x00000000c4300000)
 Metaspace       used 35029K, committed 35840K, reserved 1114112K
  class space    used 3476K, committed 3840K, reserved 1048576K
}
Event: 29.645 GC heap before
{Heap before GC invocations=21 (full 2):
 PSYoungGen      total 22016K, used 21504K [0x00000000eab00000, 0x00000000ec300000, 0x0000000100000000)
  eden space 21504K, 100% used [0x00000000eab00000,0x00000000ec000000,0x00000000ec000000)
  from space 512K, 0% used [0x00000000ec280000,0x00000000ec280000,0x00000000ec300000)
  to   space 512K, 0% used [0x00000000ec200000,0x00000000ec200000,0x00000000ec280000)
 ParOldGen       total 68608K, used 27957K [0x00000000c0000000, 0x00000000c4300000, 0x00000000eab00000)
  object space 68608K, 40% used [0x00000000c0000000,0x00000000c1b4d6b8,0x00000000c4300000)
 Metaspace       used 35393K, committed 36288K, reserved 1114112K
  class space    used 3510K, committed 3904K, reserved 1048576K
}
Event: 29.647 GC heap after
{Heap after GC invocations=21 (full 2):
 PSYoungGen      total 22016K, used 510K [0x00000000eab00000, 0x00000000ec300000, 0x0000000100000000)
  eden space 21504K, 0% used [0x00000000eab00000,0x00000000eab00000,0x00000000ec000000)
  from space 512K, 99% used [0x00000000ec200000,0x00000000ec27fb98,0x00000000ec280000)
  to   space 512K, 0% used [0x00000000ec280000,0x00000000ec280000,0x00000000ec300000)
 ParOldGen       total 68608K, used 28466K [0x00000000c0000000, 0x00000000c4300000, 0x00000000eab00000)
  object space 68608K, 41% used [0x00000000c0000000,0x00000000c1bcc948,0x00000000c4300000)
 Metaspace       used 35393K, committed 36288K, reserved 1114112K
  class space    used 3510K, committed 3904K, reserved 1048576K
}
Event: 30.848 GC heap before
{Heap before GC invocations=22 (full 2):
 PSYoungGen      total 22016K, used 22002K [0x00000000eab00000, 0x00000000ec300000, 0x0000000100000000)
  eden space 21504K, 99% used [0x00000000eab00000,0x00000000ebffcee0,0x00000000ec000000)
  from space 512K, 99% used [0x00000000ec200000,0x00000000ec27fb98,0x00000000ec280000)
  to   space 512K, 0% used [0x00000000ec280000,0x00000000ec280000,0x00000000ec300000)
 ParOldGen       total 68608K, used 28466K [0x00000000c0000000, 0x00000000c4300000, 0x00000000eab00000)
  object space 68608K, 41% used [0x00000000c0000000,0x00000000c1bcc948,0x00000000c4300000)
 Metaspace       used 36831K, committed 37696K, reserved 1114112K
  class space    used 3652K, committed 4032K, reserved 1048576K
}
Event: 30.849 GC heap after
{Heap after GC invocations=22 (full 2):
 PSYoungGen      total 22016K, used 458K [0x00000000eab00000, 0x00000000ec300000, 0x0000000100000000)
  eden space 21504K, 0% used [0x00000000eab00000,0x00000000eab00000,0x00000000ec000000)
  from space 512K, 89% used [0x00000000ec280000,0x00000000ec2f28f0,0x00000000ec300000)
  to   space 1024K, 0% used [0x00000000ec100000,0x00000000ec100000,0x00000000ec200000)
 ParOldGen       total 68608K, used 28602K [0x00000000c0000000, 0x00000000c4300000, 0x00000000eab00000)
  object space 68608K, 41% used [0x00000000c0000000,0x00000000c1bee948,0x00000000c4300000)
 Metaspace       used 36831K, committed 37696K, reserved 1114112K
  class space    used 3652K, committed 4032K, reserved 1048576K
}
Event: 56.746 GC heap before
{Heap before GC invocations=23 (full 2):
 PSYoungGen      total 22016K, used 21962K [0x00000000eab00000, 0x00000000ec300000, 0x0000000100000000)
  eden space 21504K, 100% used [0x00000000eab00000,0x00000000ec000000,0x00000000ec000000)
  from space 512K, 89% used [0x00000000ec280000,0x00000000ec2f28f0,0x00000000ec300000)
  to   space 1024K, 0% used [0x00000000ec100000,0x00000000ec100000,0x00000000ec200000)
 ParOldGen       total 68608K, used 28602K [0x00000000c0000000, 0x00000000c4300000, 0x00000000eab00000)
  object space 68608K, 41% used [0x00000000c0000000,0x00000000c1bee948,0x00000000c4300000)
 Metaspace       used 40081K, committed 41024K, reserved 1114112K
  class space    used 3931K, committed 4352K, reserved 1048576K
}
Event: 56.750 GC heap after
{Heap after GC invocations=23 (full 2):
 PSYoungGen      total 22528K, used 1001K [0x00000000eab00000, 0x00000000ec400000, 0x0000000100000000)
  eden space 21504K, 0% used [0x00000000eab00000,0x00000000eab00000,0x00000000ec000000)
  from space 1024K, 97% used [0x00000000ec100000,0x00000000ec1fa4a8,0x00000000ec200000)
  to   space 2048K, 0% used [0x00000000ec200000,0x00000000ec200000,0x00000000ec400000)
 ParOldGen       total 68608K, used 29336K [0x00000000c0000000, 0x00000000c4300000, 0x00000000eab00000)
  object space 68608K, 42% used [0x00000000c0000000,0x00000000c1ca60a0,0x00000000c4300000)
 Metaspace       used 40081K, committed 41024K, reserved 1114112K
  class space    used 3931K, committed 4352K, reserved 1048576K
}
Event: 1265.361 GC heap before
{Heap before GC invocations=24 (full 2):
 PSYoungGen      total 22528K, used 22505K [0x00000000eab00000, 0x00000000ec400000, 0x0000000100000000)
  eden space 21504K, 100% used [0x00000000eab00000,0x00000000ec000000,0x00000000ec000000)
  from space 1024K, 97% used [0x00000000ec100000,0x00000000ec1fa4a8,0x00000000ec200000)
  to   space 2048K, 0% used [0x00000000ec200000,0x00000000ec200000,0x00000000ec400000)
 ParOldGen       total 68608K, used 29336K [0x00000000c0000000, 0x00000000c4300000, 0x00000000eab00000)
  object space 68608K, 42% used [0x00000000c0000000,0x00000000c1ca60a0,0x00000000c4300000)
 Metaspace       used 42036K, committed 43072K, reserved 1114112K
  class space    used 4095K, committed 4544K, reserved 1048576K
}
Event: 1265.416 GC heap after
{Heap after GC invocations=24 (full 2):
 PSYoungGen      total 20480K, used 2032K [0x00000000eab00000, 0x00000000eca00000, 0x0000000100000000)
  eden space 18432K, 0% used [0x00000000eab00000,0x00000000eab00000,0x00000000ebd00000)
  from space 2048K, 99% used [0x00000000ec200000,0x00000000ec3fc108,0x00000000ec400000)
  to   space 5120K, 0% used [0x00000000ebd00000,0x00000000ebd00000,0x00000000ec200000)
 ParOldGen       total 68608K, used 31770K [0x00000000c0000000, 0x00000000c4300000, 0x00000000eab00000)
  object space 68608K, 46% used [0x00000000c0000000,0x00000000c1f06988,0x00000000c4300000)
 Metaspace       used 42036K, committed 43072K, reserved 1114112K
  class space    used 4095K, committed 4544K, reserved 1048576K
}

