# JRE version: OpenJDK Runtime Environment (Red_Hat-21.0.1.0+12-3) (21.0.1+12) (build 21.0.1+12-LTS)
# Java VM: OpenJDK 64-Bit Server VM (Red_Hat-21.0.1.0+12-3) (21.0.1+12-LTS, mixed mode, sharing, tiered, compressed oops, compressed class ptrs, g1 gc, windows-amd64)
GC Precious Log:
 CardTable entry size: 512
 Card Set container configuration: InlinePtr #cards 5 size 8 Array Of Cards #cards 12 size 40 Howl #buckets 4 coarsen threshold 1843 Howl Bitmap #cards 512 size 80 coarsen threshold 460 Card regions per heap region 1 cards per card region 2048
 CPUs: 4 total, 4 available
 Memory: 6086M
 Large Page Support: Disabled
 NUMA Support: Disabled
 Compressed Oops: Enabled (32-bit)
 Heap Region Size: 1M
 Heap Min Capacity: 8M
 Heap Initial Capacity: 96M
 Heap Max Capacity: 1522M
 Pre-touch: Disabled
 Parallel Workers: 4
 Concurrent Workers: 1
 Concurrent Refinement Workers: 4
 Periodic GC: Disabled
Heap:
 garbage-first heap   total 81920K, used 37368K [0x00000000a0e00000, 0x0000000100000000)
  region size 1024K, 6 young (6144K), 3 survivors (3072K)
 Metaspace       used 28365K, committed 28672K, reserved 1114112K
  class space    used 3201K, committed 3328K, reserved 1048576K
GC Heap History (16 events):
Event: 2.984 GC heap before
{Heap before GC invocations=0 (full 0):
 garbage-first heap   total 98304K, used 12288K [0x00000000a0e00000, 0x0000000100000000)
  region size 1024K, 13 young (13312K), 0 survivors (0K)
 Metaspace       used 3827K, committed 4032K, reserved 1114112K
  class space    used 398K, committed 512K, reserved 1048576K
}
Event: 2.993 GC heap after
{Heap after GC invocations=1 (full 0):
 garbage-first heap   total 98304K, used 3247K [0x00000000a0e00000, 0x0000000100000000)
  region size 1024K, 2 young (2048K), 2 survivors (2048K)
 Metaspace       used 3827K, committed 4032K, reserved 1114112K
  class space    used 398K, committed 512K, reserved 1048576K
}
Event: 4.052 GC heap before
{Heap before GC invocations=1 (full 0):
 garbage-first heap   total 98304K, used 19631K [0x00000000a0e00000, 0x0000000100000000)
  region size 1024K, 18 young (18432K), 2 survivors (2048K)
 Metaspace       used 6374K, committed 6528K, reserved 1114112K
  class space    used 745K, committed 832K, reserved 1048576K
}
Event: 4.060 GC heap after
{Heap after GC invocations=2 (full 0):
 garbage-first heap   total 98304K, used 4293K [0x00000000a0e00000, 0x0000000100000000)
  region size 1024K, 1 young (1024K), 1 survivors (1024K)
 Metaspace       used 6374K, committed 6528K, reserved 1114112K
  class space    used 745K, committed 832K, reserved 1048576K
}
Event: 8.028 GC heap before
{Heap before GC invocations=2 (full 0):
 garbage-first heap   total 98304K, used 60613K [0x00000000a0e00000, 0x0000000100000000)
  region size 1024K, 57 young (58368K), 1 survivors (1024K)
 Metaspace       used 15307K, committed 15552K, reserved 1114112K
  class space    used 1811K, committed 1920K, reserved 1048576K
}
Event: 8.047 GC heap after
{Heap after GC invocations=3 (full 0):
 garbage-first heap   total 98304K, used 9555K [0x00000000a0e00000, 0x0000000100000000)
  region size 1024K, 6 young (6144K), 6 survivors (6144K)
 Metaspace       used 15307K, committed 15552K, reserved 1114112K
  class space    used 1811K, committed 1920K, reserved 1048576K
}
Event: 11.246 GC heap before
{Heap before GC invocations=3 (full 0):
 garbage-first heap   total 98304K, used 61779K [0x00000000a0e00000, 0x0000000100000000)
  region size 1024K, 57 young (58368K), 6 survivors (6144K)
 Metaspace       used 16239K, committed 16512K, reserved 1114112K
  class space    used 1877K, committed 1984K, reserved 1048576K
}
Event: 11.275 GC heap after
{Heap after GC invocations=4 (full 0):
 garbage-first heap   total 98304K, used 14800K [0x00000000a0e00000, 0x0000000100000000)
  region size 1024K, 6 young (6144K), 6 survivors (6144K)
 Metaspace       used 16239K, committed 16512K, reserved 1114112K
  class space    used 1877K, committed 1984K, reserved 1048576K
}
Event: 15.777 GC heap before
{Heap before GC invocations=4 (full 0):
 garbage-first heap   total 98304K, used 71120K [0x00000000a0e00000, 0x0000000100000000)
  region size 1024K, 57 young (58368K), 6 survivors (6144K)
 Metaspace       used 20566K, committed 20928K, reserved 1114112K
  class space    used 2350K, committed 2496K, reserved 1048576K
}
Event: 15.795 GC heap after
{Heap after GC invocations=5 (full 0):
 garbage-first heap   total 98304K, used 22334K [0x00000000a0e00000, 0x0000000100000000)
  region size 1024K, 4 young (4096K), 4 survivors (4096K)
 Metaspace       used 20566K, committed 20928K, reserved 1114112K
  class space    used 2350K, committed 2496K, reserved 1048576K
}
Event: 15.912 GC heap before
{Heap before GC invocations=5 (full 0):
 garbage-first heap   total 98304K, used 26430K [0x00000000a0e00000, 0x0000000100000000)
  region size 1024K, 9 young (9216K), 4 survivors (4096K)
 Metaspace       used 21267K, committed 21504K, reserved 1114112K
  class space    used 2465K, committed 2560K, reserved 1048576K
}
Event: 15.925 GC heap after
{Heap after GC invocations=6 (full 0):
 garbage-first heap   total 98304K, used 23268K [0x00000000a0e00000, 0x0000000100000000)
  region size 1024K, 7 young (7168K), 7 survivors (7168K)
 Metaspace       used 21267K, committed 21504K, reserved 1114112K
  class space    used 2465K, committed 2560K, reserved 1048576K
}
Event: 18.603 GC heap before
{Heap before GC invocations=7 (full 0):
 garbage-first heap   total 81920K, used 57060K [0x00000000a0e00000, 0x0000000100000000)
  region size 1024K, 40 young (40960K), 7 survivors (7168K)
 Metaspace       used 26841K, committed 27264K, reserved 1114112K
  class space    used 3062K, committed 3264K, reserved 1048576K
}
Event: 18.660 GC heap after
{Heap after GC invocations=8 (full 0):
 garbage-first heap   total 81920K, used 33187K [0x00000000a0e00000, 0x0000000100000000)
  region size 1024K, 5 young (5120K), 5 survivors (5120K)
 Metaspace       used 26841K, committed 27264K, reserved 1114112K
  class space    used 3062K, committed 3264K, reserved 1048576K
}
Event: 21.527 GC heap before
{Heap before GC invocations=8 (full 0):
 garbage-first heap   total 81920K, used 54691K [0x00000000a0e00000, 0x0000000100000000)
  region size 1024K, 27 young (27648K), 5 survivors (5120K)
 Metaspace       used 28198K, committed 28544K, reserved 1114112K
  class space    used 3189K, committed 3328K, reserved 1048576K
}
Event: 21.551 GC heap after
{Heap after GC invocations=9 (full 0):
 garbage-first heap   total 81920K, used 35320K [0x00000000a0e00000, 0x0000000100000000)
  region size 1024K, 3 young (3072K), 3 survivors (3072K)
 Metaspace       used 28198K, committed 28544K, reserved 1114112K
  class space    used 3189K, committed 3328K, reserved 1048576K
}

