# JRE version: OpenJDK Runtime Environment (Red_Hat-21.0.1.0+12-3) (21.0.1+12) (build 21.0.1+12-LTS)
# Java VM: OpenJDK 64-Bit Server VM (Red_Hat-21.0.1.0+12-3) (21.0.1+12-LTS, mixed mode, sharing, tiered, compressed oops, compressed class ptrs, g1 gc, windows-amd64)
GC Precious Log:
 CardTable entry size: 512
 Card Set container configuration: InlinePtr #cards 5 size 8 Array Of Cards #cards 12 size 40 Howl #buckets 4 coarsen threshold 1843 Howl Bitmap #cards 512 size 80 coarsen threshold 460 Card regions per heap region 1 cards per card region 2048
 CPUs: 4 total, 4 available
 Memory: 6086M
 Large Page Support: Disabled
 NUMA Support: Disabled
 Compressed Oops: Enabled (32-bit)
 Heap Region Size: 1M
 Heap Min Capacity: 8M
 Heap Initial Capacity: 96M
 Heap Max Capacity: 1522M
 Pre-touch: Disabled
 Parallel Workers: 4
 Concurrent Workers: 1
 Concurrent Refinement Workers: 4
 Periodic GC: Disabled
Heap:
 garbage-first heap   total 102400K, used 98171K [0x00000000a0e00000, 0x0000000100000000)
  region size 1024K, 53 young (54272K), 3 survivors (3072K)
 Metaspace       used 18788K, committed 19072K, reserved 1114112K
  class space    used 2110K, committed 2240K, reserved 1048576K
GC Heap History (9 events):
Event: 16.890 GC heap before
{Heap before GC invocations=0 (full 0):
 garbage-first heap   total 98304K, used 13312K [0x00000000a0e00000, 0x0000000100000000)
  region size 1024K, 13 young (13312K), 0 survivors (0K)
 Metaspace       used 3820K, committed 4032K, reserved 1114112K
  class space    used 398K, committed 512K, reserved 1048576K
}
Event: 16.928 GC heap after
{Heap after GC invocations=1 (full 0):
 garbage-first heap   total 98304K, used 3328K [0x00000000a0e00000, 0x0000000100000000)
  region size 1024K, 2 young (2048K), 2 survivors (2048K)
 Metaspace       used 3820K, committed 4032K, reserved 1114112K
  class space    used 398K, committed 512K, reserved 1048576K
}
Event: 17.916 GC heap before
{Heap before GC invocations=1 (full 0):
 garbage-first heap   total 98304K, used 17664K [0x00000000a0e00000, 0x0000000100000000)
  region size 1024K, 16 young (16384K), 2 survivors (2048K)
 Metaspace       used 6078K, committed 6336K, reserved 1114112K
  class space    used 708K, committed 832K, reserved 1048576K
}
Event: 17.924 GC heap after
{Heap after GC invocations=2 (full 0):
 garbage-first heap   total 98304K, used 3943K [0x00000000a0e00000, 0x0000000100000000)
  region size 1024K, 1 young (1024K), 1 survivors (1024K)
 Metaspace       used 6078K, committed 6336K, reserved 1114112K
  class space    used 708K, committed 832K, reserved 1048576K
}
Event: 25.789 GC heap before
{Heap before GC invocations=2 (full 0):
 garbage-first heap   total 98304K, used 60263K [0x00000000a0e00000, 0x0000000100000000)
  region size 1024K, 57 young (58368K), 1 survivors (1024K)
 Metaspace       used 15318K, committed 15552K, reserved 1114112K
  class space    used 1809K, committed 1920K, reserved 1048576K
}
Event: 25.811 GC heap after
{Heap after GC invocations=3 (full 0):
 garbage-first heap   total 98304K, used 9411K [0x00000000a0e00000, 0x0000000100000000)
  region size 1024K, 6 young (6144K), 6 survivors (6144K)
 Metaspace       used 15318K, committed 15552K, reserved 1114112K
  class space    used 1809K, committed 1920K, reserved 1048576K
}
Event: 31.702 GC heap before
{Heap before GC invocations=3 (full 0):
 garbage-first heap   total 98304K, used 61635K [0x00000000a0e00000, 0x0000000100000000)
  region size 1024K, 57 young (58368K), 6 survivors (6144K)
 Metaspace       used 16373K, committed 16640K, reserved 1114112K
  class space    used 1887K, committed 1984K, reserved 1048576K
}
Event: 31.733 GC heap after
{Heap after GC invocations=4 (full 0):
 garbage-first heap   total 98304K, used 14203K [0x00000000a0e00000, 0x0000000100000000)
  region size 1024K, 5 young (5120K), 5 survivors (5120K)
 Metaspace       used 16373K, committed 16640K, reserved 1114112K
  class space    used 1887K, committed 1984K, reserved 1048576K
}
Event: 45.057 GC heap before
{Heap before GC invocations=4 (full 0):
 garbage-first heap   total 98304K, used 98171K [0x00000000a0e00000, 0x0000000100000000)
  region size 1024K, 55 young (56320K), 5 survivors (5120K)
 Metaspace       used 18788K, committed 19072K, reserved 1114112K
  class space    used 2110K, committed 2240K, reserved 1048576K
}

