# JRE version: OpenJDK Runtime Environment Temurin-21.0.6+7 (21.0.6+7) (build 21.0.6+7-LTS)
# Java VM: OpenJDK 64-Bit Server VM Temurin-21.0.6+7 (21.0.6+7-LTS, mixed mode, sharing, tiered, compressed oops, compressed class ptrs, parallel gc, windows-amd64)
GC Precious Log:
 CardTable entry size: 512
 CPUs: 4 total, 4 available
 Memory: 6086M
 Large Page Support: Disabled
 NUMA Support: Disabled
 Compressed Oops: Enabled (32-bit)
 Alignments: Space 512K, Generation 512K, Heap 2M
 Heap Min Capacity: 100M
 Heap Initial Capacity: 100M
 Heap Max Capacity: 1G
 Pre-touch: Disabled
 Parallel Workers: 4
Heap:
 PSYoungGen      total 16384K, used 11898K [0x00000000eab00000, 0x00000000ebc80000, 0x0000000100000000)
  eden space 14848K, 72% used [0x00000000eab00000,0x00000000eb595bc8,0x00000000eb980000)
  from space 1536K, 68% used [0x00000000eb980000,0x00000000eba88de8,0x00000000ebb00000)
  to   space 1536K, 0% used [0x00000000ebb00000,0x00000000ebb00000,0x00000000ebc80000)
 ParOldGen       total 68608K, used 67053K [0x00000000c0000000, 0x00000000c4300000, 0x00000000eab00000)
  object space 68608K, 97% used [0x00000000c0000000,0x00000000c417b4a0,0x00000000c4300000)
 Metaspace       used 62456K, committed 63872K, reserved 1114112K
  class space    used 6430K, committed 7040K, reserved 1048576K
GC Heap History (20 events):
Event: 66.014 GC heap before
{Heap before GC invocations=75 (full 3):
 PSYoungGen      total 16384K, used 16272K [0x00000000eab00000, 0x00000000ebc00000, 0x0000000100000000)
  eden space 15360K, 100% used [0x00000000eab00000,0x00000000eba00000,0x00000000eba00000)
  from space 1024K, 89% used [0x00000000eba00000,0x00000000ebae4010,0x00000000ebb00000)
  to   space 1024K, 0% used [0x00000000ebb00000,0x00000000ebb00000,0x00000000ebc00000)
 ParOldGen       total 68608K, used 60058K [0x00000000c0000000, 0x00000000c4300000, 0x00000000eab00000)
  object space 68608K, 87% used [0x00000000c0000000,0x00000000c3aa68d0,0x00000000c4300000)
 Metaspace       used 58654K, committed 60160K, reserved 1114112K
  class space    used 6084K, committed 6720K, reserved 1048576K
}
Event: 66.015 GC heap after
{Heap after GC invocations=75 (full 3):
 PSYoungGen      total 16384K, used 448K [0x00000000eab00000, 0x00000000ebc00000, 0x0000000100000000)
  eden space 15360K, 0% used [0x00000000eab00000,0x00000000eab00000,0x00000000eba00000)
  from space 1024K, 43% used [0x00000000ebb00000,0x00000000ebb70000,0x00000000ebc00000)
  to   space 1024K, 0% used [0x00000000eba00000,0x00000000eba00000,0x00000000ebb00000)
 ParOldGen       total 68608K, used 60914K [0x00000000c0000000, 0x00000000c4300000, 0x00000000eab00000)
  object space 68608K, 88% used [0x00000000c0000000,0x00000000c3b7c8f0,0x00000000c4300000)
 Metaspace       used 58654K, committed 60160K, reserved 1114112K
  class space    used 6084K, committed 6720K, reserved 1048576K
}
Event: 66.040 GC heap before
{Heap before GC invocations=76 (full 3):
 PSYoungGen      total 16384K, used 15808K [0x00000000eab00000, 0x00000000ebc00000, 0x0000000100000000)
  eden space 15360K, 100% used [0x00000000eab00000,0x00000000eba00000,0x00000000eba00000)
  from space 1024K, 43% used [0x00000000ebb00000,0x00000000ebb70000,0x00000000ebc00000)
  to   space 1024K, 0% used [0x00000000eba00000,0x00000000eba00000,0x00000000ebb00000)
 ParOldGen       total 68608K, used 60914K [0x00000000c0000000, 0x00000000c4300000, 0x00000000eab00000)
  object space 68608K, 88% used [0x00000000c0000000,0x00000000c3b7c8f0,0x00000000c4300000)
 Metaspace       used 58657K, committed 60160K, reserved 1114112K
  class space    used 6084K, committed 6720K, reserved 1048576K
}
Event: 66.042 GC heap after
{Heap after GC invocations=76 (full 3):
 PSYoungGen      total 16384K, used 352K [0x00000000eab00000, 0x00000000ebb80000, 0x0000000100000000)
  eden space 15360K, 0% used [0x00000000eab00000,0x00000000eab00000,0x00000000eba00000)
  from space 1024K, 34% used [0x00000000eba00000,0x00000000eba58000,0x00000000ebb00000)
  to   space 512K, 0% used [0x00000000ebb00000,0x00000000ebb00000,0x00000000ebb80000)
 ParOldGen       total 68608K, used 61335K [0x00000000c0000000, 0x00000000c4300000, 0x00000000eab00000)
  object space 68608K, 89% used [0x00000000c0000000,0x00000000c3be5c48,0x00000000c4300000)
 Metaspace       used 58657K, committed 60160K, reserved 1114112K
  class space    used 6084K, committed 6720K, reserved 1048576K
}
Event: 66.132 GC heap before
{Heap before GC invocations=77 (full 3):
 PSYoungGen      total 16384K, used 15712K [0x00000000eab00000, 0x00000000ebb80000, 0x0000000100000000)
  eden space 15360K, 100% used [0x00000000eab00000,0x00000000eba00000,0x00000000eba00000)
  from space 1024K, 34% used [0x00000000eba00000,0x00000000eba58000,0x00000000ebb00000)
  to   space 512K, 0% used [0x00000000ebb00000,0x00000000ebb00000,0x00000000ebb80000)
 ParOldGen       total 68608K, used 61335K [0x00000000c0000000, 0x00000000c4300000, 0x00000000eab00000)
  object space 68608K, 89% used [0x00000000c0000000,0x00000000c3be5c48,0x00000000c4300000)
 Metaspace       used 58689K, committed 60224K, reserved 1114112K
  class space    used 6087K, committed 6720K, reserved 1048576K
}
Event: 66.138 GC heap after
{Heap after GC invocations=77 (full 3):
 PSYoungGen      total 15360K, used 512K [0x00000000eab00000, 0x00000000ebd00000, 0x0000000100000000)
  eden space 14848K, 0% used [0x00000000eab00000,0x00000000eab00000,0x00000000eb980000)
  from space 512K, 100% used [0x00000000ebb00000,0x00000000ebb80000,0x00000000ebb80000)
  to   space 1536K, 0% used [0x00000000eb980000,0x00000000eb980000,0x00000000ebb00000)
 ParOldGen       total 68608K, used 61935K [0x00000000c0000000, 0x00000000c4300000, 0x00000000eab00000)
  object space 68608K, 90% used [0x00000000c0000000,0x00000000c3c7bc48,0x00000000c4300000)
 Metaspace       used 58689K, committed 60224K, reserved 1114112K
  class space    used 6087K, committed 6720K, reserved 1048576K
}
Event: 66.293 GC heap before
{Heap before GC invocations=78 (full 3):
 PSYoungGen      total 15360K, used 15360K [0x00000000eab00000, 0x00000000ebd00000, 0x0000000100000000)
  eden space 14848K, 100% used [0x00000000eab00000,0x00000000eb980000,0x00000000eb980000)
  from space 512K, 100% used [0x00000000ebb00000,0x00000000ebb80000,0x00000000ebb80000)
  to   space 1536K, 0% used [0x00000000eb980000,0x00000000eb980000,0x00000000ebb00000)
 ParOldGen       total 68608K, used 61935K [0x00000000c0000000, 0x00000000c4300000, 0x00000000eab00000)
  object space 68608K, 90% used [0x00000000c0000000,0x00000000c3c7bc48,0x00000000c4300000)
 Metaspace       used 58693K, committed 60224K, reserved 1114112K
  class space    used 6087K, committed 6720K, reserved 1048576K
}
Event: 66.296 GC heap after
{Heap after GC invocations=78 (full 3):
 PSYoungGen      total 15360K, used 352K [0x00000000eab00000, 0x00000000ebb80000, 0x0000000100000000)
  eden space 14848K, 0% used [0x00000000eab00000,0x00000000eab00000,0x00000000eb980000)
  from space 512K, 68% used [0x00000000eb980000,0x00000000eb9d8000,0x00000000eba00000)
  to   space 1024K, 0% used [0x00000000eba80000,0x00000000eba80000,0x00000000ebb80000)
 ParOldGen       total 68608K, used 62420K [0x00000000c0000000, 0x00000000c4300000, 0x00000000eab00000)
  object space 68608K, 90% used [0x00000000c0000000,0x00000000c3cf53c0,0x00000000c4300000)
 Metaspace       used 58693K, committed 60224K, reserved 1114112K
  class space    used 6087K, committed 6720K, reserved 1048576K
}
Event: 66.332 GC heap before
{Heap before GC invocations=79 (full 3):
 PSYoungGen      total 15360K, used 15200K [0x00000000eab00000, 0x00000000ebb80000, 0x0000000100000000)
  eden space 14848K, 100% used [0x00000000eab00000,0x00000000eb980000,0x00000000eb980000)
  from space 512K, 68% used [0x00000000eb980000,0x00000000eb9d8000,0x00000000eba00000)
  to   space 1024K, 0% used [0x00000000eba80000,0x00000000eba80000,0x00000000ebb80000)
 ParOldGen       total 68608K, used 62420K [0x00000000c0000000, 0x00000000c4300000, 0x00000000eab00000)
  object space 68608K, 90% used [0x00000000c0000000,0x00000000c3cf53c0,0x00000000c4300000)
 Metaspace       used 58769K, committed 60288K, reserved 1114112K
  class space    used 6097K, committed 6720K, reserved 1048576K
}
Event: 66.335 GC heap after
{Heap after GC invocations=79 (full 3):
 PSYoungGen      total 15360K, used 320K [0x00000000eab00000, 0x00000000ebb00000, 0x0000000100000000)
  eden space 14848K, 0% used [0x00000000eab00000,0x00000000eab00000,0x00000000eb980000)
  from space 512K, 62% used [0x00000000eba80000,0x00000000ebad0000,0x00000000ebb00000)
  to   space 512K, 0% used [0x00000000eb980000,0x00000000eb980000,0x00000000eba00000)
 ParOldGen       total 68608K, used 62652K [0x00000000c0000000, 0x00000000c4300000, 0x00000000eab00000)
  object space 68608K, 91% used [0x00000000c0000000,0x00000000c3d2f3c0,0x00000000c4300000)
 Metaspace       used 58769K, committed 60288K, reserved 1114112K
  class space    used 6097K, committed 6720K, reserved 1048576K
}
Event: 67.817 GC heap before
{Heap before GC invocations=80 (full 3):
 PSYoungGen      total 15360K, used 15167K [0x00000000eab00000, 0x00000000ebb00000, 0x0000000100000000)
  eden space 14848K, 99% used [0x00000000eab00000,0x00000000eb97fe10,0x00000000eb980000)
  from space 512K, 62% used [0x00000000eba80000,0x00000000ebad0000,0x00000000ebb00000)
  to   space 512K, 0% used [0x00000000eb980000,0x00000000eb980000,0x00000000eba00000)
 ParOldGen       total 68608K, used 62652K [0x00000000c0000000, 0x00000000c4300000, 0x00000000eab00000)
  object space 68608K, 91% used [0x00000000c0000000,0x00000000c3d2f3c0,0x00000000c4300000)
 Metaspace       used 59627K, committed 61120K, reserved 1114112K
  class space    used 6206K, committed 6848K, reserved 1048576K
}
Event: 67.822 GC heap after
{Heap after GC invocations=80 (full 3):
 PSYoungGen      total 15360K, used 512K [0x00000000eab00000, 0x00000000ebd80000, 0x0000000100000000)
  eden space 14848K, 0% used [0x00000000eab00000,0x00000000eab00000,0x00000000eb980000)
  from space 512K, 100% used [0x00000000eb980000,0x00000000eba00000,0x00000000eba00000)
  to   space 2048K, 0% used [0x00000000ebb80000,0x00000000ebb80000,0x00000000ebd80000)
 ParOldGen       total 68608K, used 63919K [0x00000000c0000000, 0x00000000c4300000, 0x00000000eab00000)
  object space 68608K, 93% used [0x00000000c0000000,0x00000000c3e6bdd0,0x00000000c4300000)
 Metaspace       used 59627K, committed 61120K, reserved 1114112K
  class space    used 6206K, committed 6848K, reserved 1048576K
}
Event: 68.162 GC heap before
{Heap before GC invocations=81 (full 3):
 PSYoungGen      total 15360K, used 15360K [0x00000000eab00000, 0x00000000ebd80000, 0x0000000100000000)
  eden space 14848K, 100% used [0x00000000eab00000,0x00000000eb980000,0x00000000eb980000)
  from space 512K, 100% used [0x00000000eb980000,0x00000000eba00000,0x00000000eba00000)
  to   space 2048K, 0% used [0x00000000ebb80000,0x00000000ebb80000,0x00000000ebd80000)
 ParOldGen       total 68608K, used 63919K [0x00000000c0000000, 0x00000000c4300000, 0x00000000eab00000)
  object space 68608K, 93% used [0x00000000c0000000,0x00000000c3e6bdd0,0x00000000c4300000)
 Metaspace       used 59888K, committed 61440K, reserved 1114112K
  class space    used 6224K, committed 6912K, reserved 1048576K
}
Event: 68.166 GC heap after
{Heap after GC invocations=81 (full 3):
 PSYoungGen      total 16384K, used 1391K [0x00000000eab00000, 0x00000000ebd00000, 0x0000000100000000)
  eden space 14848K, 0% used [0x00000000eab00000,0x00000000eab00000,0x00000000eb980000)
  from space 1536K, 90% used [0x00000000ebb80000,0x00000000ebcdbff8,0x00000000ebd00000)
  to   space 1536K, 0% used [0x00000000eba00000,0x00000000eba00000,0x00000000ebb80000)
 ParOldGen       total 68608K, used 64406K [0x00000000c0000000, 0x00000000c4300000, 0x00000000eab00000)
  object space 68608K, 93% used [0x00000000c0000000,0x00000000c3ee5a50,0x00000000c4300000)
 Metaspace       used 59888K, committed 61440K, reserved 1114112K
  class space    used 6224K, committed 6912K, reserved 1048576K
}
Event: 68.965 GC heap before
{Heap before GC invocations=82 (full 3):
 PSYoungGen      total 16384K, used 16239K [0x00000000eab00000, 0x00000000ebd00000, 0x0000000100000000)
  eden space 14848K, 100% used [0x00000000eab00000,0x00000000eb980000,0x00000000eb980000)
  from space 1536K, 90% used [0x00000000ebb80000,0x00000000ebcdbff8,0x00000000ebd00000)
  to   space 1536K, 0% used [0x00000000eba00000,0x00000000eba00000,0x00000000ebb80000)
 ParOldGen       total 68608K, used 64406K [0x00000000c0000000, 0x00000000c4300000, 0x00000000eab00000)
  object space 68608K, 93% used [0x00000000c0000000,0x00000000c3ee5a50,0x00000000c4300000)
 Metaspace       used 60249K, committed 61760K, reserved 1114112K
  class space    used 6238K, committed 6912K, reserved 1048576K
}
Event: 68.971 GC heap after
{Heap after GC invocations=82 (full 3):
 PSYoungGen      total 16384K, used 1360K [0x00000000eab00000, 0x00000000ebc80000, 0x0000000100000000)
  eden space 14848K, 0% used [0x00000000eab00000,0x00000000eab00000,0x00000000eb980000)
  from space 1536K, 88% used [0x00000000eba00000,0x00000000ebb54010,0x00000000ebb80000)
  to   space 1024K, 0% used [0x00000000ebb80000,0x00000000ebb80000,0x00000000ebc80000)
 ParOldGen       total 68608K, used 65232K [0x00000000c0000000, 0x00000000c4300000, 0x00000000eab00000)
  object space 68608K, 95% used [0x00000000c0000000,0x00000000c3fb4050,0x00000000c4300000)
 Metaspace       used 60249K, committed 61760K, reserved 1114112K
  class space    used 6238K, committed 6912K, reserved 1048576K
}
Event: 69.878 GC heap before
{Heap before GC invocations=83 (full 3):
 PSYoungGen      total 16384K, used 16208K [0x00000000eab00000, 0x00000000ebc80000, 0x0000000100000000)
  eden space 14848K, 100% used [0x00000000eab00000,0x00000000eb980000,0x00000000eb980000)
  from space 1536K, 88% used [0x00000000eba00000,0x00000000ebb54010,0x00000000ebb80000)
  to   space 1024K, 0% used [0x00000000ebb80000,0x00000000ebb80000,0x00000000ebc80000)
 ParOldGen       total 68608K, used 65232K [0x00000000c0000000, 0x00000000c4300000, 0x00000000eab00000)
  object space 68608K, 95% used [0x00000000c0000000,0x00000000c3fb4050,0x00000000c4300000)
 Metaspace       used 60631K, committed 62144K, reserved 1114112K
  class space    used 6264K, committed 6912K, reserved 1048576K
}
Event: 69.881 GC heap after
{Heap after GC invocations=83 (full 3):
 PSYoungGen      total 15872K, used 1016K [0x00000000eab00000, 0x00000000ebd80000, 0x0000000100000000)
  eden space 14848K, 0% used [0x00000000eab00000,0x00000000eab00000,0x00000000eb980000)
  from space 1024K, 99% used [0x00000000ebb80000,0x00000000ebc7e2b0,0x00000000ebc80000)
  to   space 2048K, 0% used [0x00000000eb980000,0x00000000eb980000,0x00000000ebb80000)
 ParOldGen       total 68608K, used 66143K [0x00000000c0000000, 0x00000000c4300000, 0x00000000eab00000)
  object space 68608K, 96% used [0x00000000c0000000,0x00000000c4097d00,0x00000000c4300000)
 Metaspace       used 60631K, committed 62144K, reserved 1114112K
  class space    used 6264K, committed 6912K, reserved 1048576K
}
Event: 70.705 GC heap before
{Heap before GC invocations=84 (full 3):
 PSYoungGen      total 15872K, used 15864K [0x00000000eab00000, 0x00000000ebd80000, 0x0000000100000000)
  eden space 14848K, 100% used [0x00000000eab00000,0x00000000eb980000,0x00000000eb980000)
  from space 1024K, 99% used [0x00000000ebb80000,0x00000000ebc7e2b0,0x00000000ebc80000)
  to   space 2048K, 0% used [0x00000000eb980000,0x00000000eb980000,0x00000000ebb80000)
 ParOldGen       total 68608K, used 66143K [0x00000000c0000000, 0x00000000c4300000, 0x00000000eab00000)
  object space 68608K, 96% used [0x00000000c0000000,0x00000000c4097d00,0x00000000c4300000)
 Metaspace       used 62213K, committed 63680K, reserved 1114112K
  class space    used 6425K, committed 7040K, reserved 1048576K
}
Event: 70.711 GC heap after
{Heap after GC invocations=84 (full 3):
 PSYoungGen      total 16384K, used 1059K [0x00000000eab00000, 0x00000000ebc80000, 0x0000000100000000)
  eden space 14848K, 0% used [0x00000000eab00000,0x00000000eab00000,0x00000000eb980000)
  from space 1536K, 68% used [0x00000000eb980000,0x00000000eba88de8,0x00000000ebb00000)
  to   space 1536K, 0% used [0x00000000ebb00000,0x00000000ebb00000,0x00000000ebc80000)
 ParOldGen       total 68608K, used 67053K [0x00000000c0000000, 0x00000000c4300000, 0x00000000eab00000)
  object space 68608K, 97% used [0x00000000c0000000,0x00000000c417b4a0,0x00000000c4300000)
 Metaspace       used 62213K, committed 63680K, reserved 1114112K
  class space    used 6425K, committed 7040K, reserved 1048576K
}

