# JRE version: OpenJDK Runtime Environment Temurin-21.0.6+7 (21.0.6+7) (build 21.0.6+7-LTS)
# Java VM: OpenJDK 64-Bit Server VM Temurin-21.0.6+7 (21.0.6+7-LTS, mixed mode, sharing, tiered, compressed oops, compressed class ptrs, parallel gc, windows-amd64)
GC Precious Log:
 CardTable entry size: 512
 CPUs: 4 total, 4 available
 Memory: 6086M
 Large Page Support: Disabled
 NUMA Support: Disabled
 Compressed Oops: Enabled (32-bit)
 Alignments: Space 512K, Generation 512K, Heap 2M
 Heap Min Capacity: 100M
 Heap Initial Capacity: 100M
 Heap Max Capacity: 1G
 Pre-touch: Disabled
 Parallel Workers: 4
Heap:
 PSYoungGen      total 5120K, used 4736K [0x00000000eab00000, 0x00000000eb380000, 0x0000000100000000)
  eden space 4608K, 100% used [0x00000000eab00000,0x00000000eaf80000,0x00000000eaf80000)
  from space 512K, 25% used [0x00000000eb280000,0x00000000eb2a0000,0x00000000eb300000)
  to   space 512K, 0% used [0x00000000eb300000,0x00000000eb300000,0x00000000eb380000)
 ParOldGen       total 242688K, used 242179K [0x00000000c0000000, 0x00000000ced00000, 0x00000000eab00000)
  object space 242688K, 99% used [0x00000000c0000000,0x00000000cec80eb8,0x00000000ced00000)
 Metaspace       used 52871K, committed 54272K, reserved 1114112K
  class space    used 5577K, committed 6208K, reserved 1048576K
GC Heap History (20 events):
Event: 241.995 GC heap before
{Heap before GC invocations=151 (full 3):
 PSYoungGen      total 6656K, used 5265K [0x00000000eab00000, 0x00000000eb480000, 0x0000000100000000)
  eden space 4608K, 100% used [0x00000000eab00000,0x00000000eaf80000,0x00000000eaf80000)
  from space 2048K, 32% used [0x00000000eb100000,0x00000000eb1a4608,0x00000000eb300000)
  to   space 1024K, 0% used [0x00000000eb380000,0x00000000eb380000,0x00000000eb480000)
 ParOldGen       total 238080K, used 238072K [0x00000000c0000000, 0x00000000ce880000, 0x00000000eab00000)
  object space 238080K, 99% used [0x00000000c0000000,0x00000000ce87e208,0x00000000ce880000)
 Metaspace       used 50851K, committed 52224K, reserved 1114112K
  class space    used 5331K, committed 5952K, reserved 1048576K
}
Event: 241.997 GC heap after
{Heap after GC invocations=151 (full 3):
 PSYoungGen      total 5120K, used 144K [0x00000000eab00000, 0x00000000eb400000, 0x0000000100000000)
  eden space 4608K, 0% used [0x00000000eab00000,0x00000000eab00000,0x00000000eaf80000)
  from space 512K, 28% used [0x00000000eb380000,0x00000000eb3a4010,0x00000000eb400000)
  to   space 512K, 0% used [0x00000000eb300000,0x00000000eb300000,0x00000000eb380000)
 ParOldGen       total 239104K, used 238658K [0x00000000c0000000, 0x00000000ce980000, 0x00000000eab00000)
  object space 239104K, 99% used [0x00000000c0000000,0x00000000ce910b60,0x00000000ce980000)
 Metaspace       used 50851K, committed 52224K, reserved 1114112K
  class space    used 5331K, committed 5952K, reserved 1048576K
}
Event: 243.335 GC heap before
{Heap before GC invocations=152 (full 3):
 PSYoungGen      total 5120K, used 4752K [0x00000000eab00000, 0x00000000eb400000, 0x0000000100000000)
  eden space 4608K, 100% used [0x00000000eab00000,0x00000000eaf80000,0x00000000eaf80000)
  from space 512K, 28% used [0x00000000eb380000,0x00000000eb3a4010,0x00000000eb400000)
  to   space 512K, 0% used [0x00000000eb300000,0x00000000eb300000,0x00000000eb380000)
 ParOldGen       total 239104K, used 238658K [0x00000000c0000000, 0x00000000ce980000, 0x00000000eab00000)
  object space 239104K, 99% used [0x00000000c0000000,0x00000000ce910b60,0x00000000ce980000)
 Metaspace       used 51225K, committed 52544K, reserved 1114112K
  class space    used 5372K, committed 5952K, reserved 1048576K
}
Event: 243.338 GC heap after
{Heap after GC invocations=152 (full 3):
 PSYoungGen      total 5120K, used 488K [0x00000000eab00000, 0x00000000eb400000, 0x0000000100000000)
  eden space 4608K, 0% used [0x00000000eab00000,0x00000000eab00000,0x00000000eaf80000)
  from space 512K, 95% used [0x00000000eb300000,0x00000000eb37a220,0x00000000eb380000)
  to   space 512K, 0% used [0x00000000eb380000,0x00000000eb380000,0x00000000eb400000)
 ParOldGen       total 239104K, used 238768K [0x00000000c0000000, 0x00000000ce980000, 0x00000000eab00000)
  object space 239104K, 99% used [0x00000000c0000000,0x00000000ce92c228,0x00000000ce980000)
 Metaspace       used 51225K, committed 52544K, reserved 1114112K
  class space    used 5372K, committed 5952K, reserved 1048576K
}
Event: 243.655 GC heap before
{Heap before GC invocations=153 (full 3):
 PSYoungGen      total 5120K, used 5096K [0x00000000eab00000, 0x00000000eb400000, 0x0000000100000000)
  eden space 4608K, 100% used [0x00000000eab00000,0x00000000eaf80000,0x00000000eaf80000)
  from space 512K, 95% used [0x00000000eb300000,0x00000000eb37a220,0x00000000eb380000)
  to   space 512K, 0% used [0x00000000eb380000,0x00000000eb380000,0x00000000eb400000)
 ParOldGen       total 239104K, used 238768K [0x00000000c0000000, 0x00000000ce980000, 0x00000000eab00000)
  object space 239104K, 99% used [0x00000000c0000000,0x00000000ce92c228,0x00000000ce980000)
 Metaspace       used 51695K, committed 53056K, reserved 1114112K
  class space    used 5437K, committed 6016K, reserved 1048576K
}
Event: 243.658 GC heap after
{Heap after GC invocations=153 (full 3):
 PSYoungGen      total 5120K, used 496K [0x00000000eab00000, 0x00000000eb400000, 0x0000000100000000)
  eden space 4608K, 0% used [0x00000000eab00000,0x00000000eab00000,0x00000000eaf80000)
  from space 512K, 96% used [0x00000000eb380000,0x00000000eb3fc030,0x00000000eb400000)
  to   space 512K, 0% used [0x00000000eb300000,0x00000000eb300000,0x00000000eb380000)
 ParOldGen       total 239616K, used 239179K [0x00000000c0000000, 0x00000000cea00000, 0x00000000eab00000)
  object space 239616K, 99% used [0x00000000c0000000,0x00000000ce992e10,0x00000000cea00000)
 Metaspace       used 51695K, committed 53056K, reserved 1114112K
  class space    used 5437K, committed 6016K, reserved 1048576K
}
Event: 244.279 GC heap before
{Heap before GC invocations=154 (full 3):
 PSYoungGen      total 5120K, used 5104K [0x00000000eab00000, 0x00000000eb400000, 0x0000000100000000)
  eden space 4608K, 100% used [0x00000000eab00000,0x00000000eaf80000,0x00000000eaf80000)
  from space 512K, 96% used [0x00000000eb380000,0x00000000eb3fc030,0x00000000eb400000)
  to   space 512K, 0% used [0x00000000eb300000,0x00000000eb300000,0x00000000eb380000)
 ParOldGen       total 239616K, used 239179K [0x00000000c0000000, 0x00000000cea00000, 0x00000000eab00000)
  object space 239616K, 99% used [0x00000000c0000000,0x00000000ce992e10,0x00000000cea00000)
 Metaspace       used 51821K, committed 53184K, reserved 1114112K
  class space    used 5450K, committed 6080K, reserved 1048576K
}
Event: 244.283 GC heap after
{Heap after GC invocations=154 (full 3):
 PSYoungGen      total 5120K, used 480K [0x00000000eab00000, 0x00000000eb400000, 0x0000000100000000)
  eden space 4608K, 0% used [0x00000000eab00000,0x00000000eab00000,0x00000000eaf80000)
  from space 512K, 93% used [0x00000000eb300000,0x00000000eb378010,0x00000000eb380000)
  to   space 512K, 0% used [0x00000000eb380000,0x00000000eb380000,0x00000000eb400000)
 ParOldGen       total 240128K, used 239922K [0x00000000c0000000, 0x00000000cea80000, 0x00000000eab00000)
  object space 240128K, 99% used [0x00000000c0000000,0x00000000cea4c990,0x00000000cea80000)
 Metaspace       used 51821K, committed 53184K, reserved 1114112K
  class space    used 5450K, committed 6080K, reserved 1048576K
}
Event: 244.567 GC heap before
{Heap before GC invocations=155 (full 3):
 PSYoungGen      total 5120K, used 5088K [0x00000000eab00000, 0x00000000eb400000, 0x0000000100000000)
  eden space 4608K, 100% used [0x00000000eab00000,0x00000000eaf80000,0x00000000eaf80000)
  from space 512K, 93% used [0x00000000eb300000,0x00000000eb378010,0x00000000eb380000)
  to   space 512K, 0% used [0x00000000eb380000,0x00000000eb380000,0x00000000eb400000)
 ParOldGen       total 240128K, used 239922K [0x00000000c0000000, 0x00000000cea80000, 0x00000000eab00000)
  object space 240128K, 99% used [0x00000000c0000000,0x00000000cea4c990,0x00000000cea80000)
 Metaspace       used 51922K, committed 53312K, reserved 1114112K
  class space    used 5472K, committed 6080K, reserved 1048576K
}
Event: 244.569 GC heap after
{Heap after GC invocations=155 (full 3):
 PSYoungGen      total 5120K, used 192K [0x00000000eab00000, 0x00000000eb400000, 0x0000000100000000)
  eden space 4608K, 0% used [0x00000000eab00000,0x00000000eab00000,0x00000000eaf80000)
  from space 512K, 37% used [0x00000000eb380000,0x00000000eb3b0010,0x00000000eb400000)
  to   space 1024K, 0% used [0x00000000eb200000,0x00000000eb200000,0x00000000eb300000)
 ParOldGen       total 240640K, used 240341K [0x00000000c0000000, 0x00000000ceb00000, 0x00000000eab00000)
  object space 240640K, 99% used [0x00000000c0000000,0x00000000ceab55e0,0x00000000ceb00000)
 Metaspace       used 51922K, committed 53312K, reserved 1114112K
  class space    used 5472K, committed 6080K, reserved 1048576K
}
Event: 244.657 GC heap before
{Heap before GC invocations=156 (full 3):
 PSYoungGen      total 5120K, used 4761K [0x00000000eab00000, 0x00000000eb400000, 0x0000000100000000)
  eden space 4608K, 99% used [0x00000000eab00000,0x00000000eaf76520,0x00000000eaf80000)
  from space 512K, 37% used [0x00000000eb380000,0x00000000eb3b0010,0x00000000eb400000)
  to   space 1024K, 0% used [0x00000000eb200000,0x00000000eb200000,0x00000000eb300000)
 ParOldGen       total 240640K, used 240341K [0x00000000c0000000, 0x00000000ceb00000, 0x00000000eab00000)
  object space 240640K, 99% used [0x00000000c0000000,0x00000000ceab55e0,0x00000000ceb00000)
 Metaspace       used 51965K, committed 53312K, reserved 1114112K
  class space    used 5491K, committed 6080K, reserved 1048576K
}
Event: 244.659 GC heap after
{Heap after GC invocations=156 (full 3):
 PSYoungGen      total 5632K, used 352K [0x00000000eab00000, 0x00000000eb400000, 0x0000000100000000)
  eden space 4608K, 0% used [0x00000000eab00000,0x00000000eab00000,0x00000000eaf80000)
  from space 1024K, 34% used [0x00000000eb200000,0x00000000eb258000,0x00000000eb300000)
  to   space 512K, 0% used [0x00000000eb380000,0x00000000eb380000,0x00000000eb400000)
 ParOldGen       total 240640K, used 240435K [0x00000000c0000000, 0x00000000ceb00000, 0x00000000eab00000)
  object space 240640K, 99% used [0x00000000c0000000,0x00000000ceaccec8,0x00000000ceb00000)
 Metaspace       used 51965K, committed 53312K, reserved 1114112K
  class space    used 5491K, committed 6080K, reserved 1048576K
}
Event: 244.762 GC heap before
{Heap before GC invocations=157 (full 3):
 PSYoungGen      total 5632K, used 4960K [0x00000000eab00000, 0x00000000eb400000, 0x0000000100000000)
  eden space 4608K, 100% used [0x00000000eab00000,0x00000000eaf80000,0x00000000eaf80000)
  from space 1024K, 34% used [0x00000000eb200000,0x00000000eb258000,0x00000000eb300000)
  to   space 512K, 0% used [0x00000000eb380000,0x00000000eb380000,0x00000000eb400000)
 ParOldGen       total 240640K, used 240435K [0x00000000c0000000, 0x00000000ceb00000, 0x00000000eab00000)
  object space 240640K, 99% used [0x00000000c0000000,0x00000000ceaccec8,0x00000000ceb00000)
 Metaspace       used 52080K, committed 53440K, reserved 1114112K
  class space    used 5506K, committed 6080K, reserved 1048576K
}
Event: 244.764 GC heap after
{Heap after GC invocations=157 (full 3):
 PSYoungGen      total 5120K, used 512K [0x00000000eab00000, 0x00000000eb400000, 0x0000000100000000)
  eden space 4608K, 0% used [0x00000000eab00000,0x00000000eab00000,0x00000000eaf80000)
  from space 512K, 100% used [0x00000000eb380000,0x00000000eb400000,0x00000000eb400000)
  to   space 1024K, 0% used [0x00000000eb200000,0x00000000eb200000,0x00000000eb300000)
 ParOldGen       total 241152K, used 240768K [0x00000000c0000000, 0x00000000ceb80000, 0x00000000eab00000)
  object space 241152K, 99% used [0x00000000c0000000,0x00000000ceb20138,0x00000000ceb80000)
 Metaspace       used 52080K, committed 53440K, reserved 1114112K
  class space    used 5506K, committed 6080K, reserved 1048576K
}
Event: 245.002 GC heap before
{Heap before GC invocations=158 (full 3):
 PSYoungGen      total 5120K, used 5092K [0x00000000eab00000, 0x00000000eb400000, 0x0000000100000000)
  eden space 4608K, 99% used [0x00000000eab00000,0x00000000eaf792f8,0x00000000eaf80000)
  from space 512K, 100% used [0x00000000eb380000,0x00000000eb400000,0x00000000eb400000)
  to   space 1024K, 0% used [0x00000000eb200000,0x00000000eb200000,0x00000000eb300000)
 ParOldGen       total 241152K, used 240768K [0x00000000c0000000, 0x00000000ceb80000, 0x00000000eab00000)
  object space 241152K, 99% used [0x00000000c0000000,0x00000000ceb20138,0x00000000ceb80000)
 Metaspace       used 52280K, committed 53760K, reserved 1114112K
  class space    used 5520K, committed 6144K, reserved 1048576K
}
Event: 245.006 GC heap after
{Heap after GC invocations=158 (full 3):
 PSYoungGen      total 5632K, used 480K [0x00000000eab00000, 0x00000000eb400000, 0x0000000100000000)
  eden space 4608K, 0% used [0x00000000eab00000,0x00000000eab00000,0x00000000eaf80000)
  from space 1024K, 46% used [0x00000000eb200000,0x00000000eb278000,0x00000000eb300000)
  to   space 1024K, 0% used [0x00000000eb300000,0x00000000eb300000,0x00000000eb400000)
 ParOldGen       total 241664K, used 241221K [0x00000000c0000000, 0x00000000cec00000, 0x00000000eab00000)
  object space 241664K, 99% used [0x00000000c0000000,0x00000000ceb91480,0x00000000cec00000)
 Metaspace       used 52280K, committed 53760K, reserved 1114112K
  class space    used 5520K, committed 6144K, reserved 1048576K
}
Event: 245.179 GC heap before
{Heap before GC invocations=159 (full 3):
 PSYoungGen      total 5632K, used 5088K [0x00000000eab00000, 0x00000000eb400000, 0x0000000100000000)
  eden space 4608K, 100% used [0x00000000eab00000,0x00000000eaf80000,0x00000000eaf80000)
  from space 1024K, 46% used [0x00000000eb200000,0x00000000eb278000,0x00000000eb300000)
  to   space 1024K, 0% used [0x00000000eb300000,0x00000000eb300000,0x00000000eb400000)
 ParOldGen       total 241664K, used 241221K [0x00000000c0000000, 0x00000000cec00000, 0x00000000eab00000)
  object space 241664K, 99% used [0x00000000c0000000,0x00000000ceb91480,0x00000000cec00000)
 Metaspace       used 52471K, committed 53888K, reserved 1114112K
  class space    used 5533K, committed 6144K, reserved 1048576K
}
Event: 245.510 GC heap after
{Heap after GC invocations=159 (full 3):
 PSYoungGen      total 5120K, used 480K [0x00000000eab00000, 0x00000000eb380000, 0x0000000100000000)
  eden space 4608K, 0% used [0x00000000eab00000,0x00000000eab00000,0x00000000eaf80000)
  from space 512K, 93% used [0x00000000eb300000,0x00000000eb378000,0x00000000eb380000)
  to   space 512K, 0% used [0x00000000eb280000,0x00000000eb280000,0x00000000eb300000)
 ParOldGen       total 242176K, used 241688K [0x00000000c0000000, 0x00000000cec80000, 0x00000000eab00000)
  object space 242176K, 99% used [0x00000000c0000000,0x00000000cec06168,0x00000000cec80000)
 Metaspace       used 52471K, committed 53888K, reserved 1114112K
  class space    used 5533K, committed 6144K, reserved 1048576K
}
Event: 246.048 GC heap before
{Heap before GC invocations=160 (full 3):
 PSYoungGen      total 5120K, used 5088K [0x00000000eab00000, 0x00000000eb380000, 0x0000000100000000)
  eden space 4608K, 100% used [0x00000000eab00000,0x00000000eaf80000,0x00000000eaf80000)
  from space 512K, 93% used [0x00000000eb300000,0x00000000eb378000,0x00000000eb380000)
  to   space 512K, 0% used [0x00000000eb280000,0x00000000eb280000,0x00000000eb300000)
 ParOldGen       total 242176K, used 241688K [0x00000000c0000000, 0x00000000cec80000, 0x00000000eab00000)
  object space 242176K, 99% used [0x00000000c0000000,0x00000000cec06168,0x00000000cec80000)
 Metaspace       used 52635K, committed 54016K, reserved 1114112K
  class space    used 5558K, committed 6144K, reserved 1048576K
}
Event: 246.050 GC heap after
{Heap after GC invocations=160 (full 3):
 PSYoungGen      total 5120K, used 128K [0x00000000eab00000, 0x00000000eb380000, 0x0000000100000000)
  eden space 4608K, 0% used [0x00000000eab00000,0x00000000eab00000,0x00000000eaf80000)
  from space 512K, 25% used [0x00000000eb280000,0x00000000eb2a0000,0x00000000eb300000)
  to   space 512K, 0% used [0x00000000eb300000,0x00000000eb300000,0x00000000eb380000)
 ParOldGen       total 242176K, used 242106K [0x00000000c0000000, 0x00000000cec80000, 0x00000000eab00000)
  object space 242176K, 99% used [0x00000000c0000000,0x00000000cec6eb90,0x00000000cec80000)
 Metaspace       used 52635K, committed 54016K, reserved 1114112K
  class space    used 5558K, committed 6144K, reserved 1048576K
}

