# JRE version: OpenJDK Runtime Environment Temurin-21.0.6+7 (21.0.6+7) (build 21.0.6+7-LTS)
# Java VM: OpenJDK 64-Bit Server VM Temurin-21.0.6+7 (21.0.6+7-LTS, mixed mode, sharing, tiered, compressed oops, compressed class ptrs, parallel gc, windows-amd64)
GC Precious Log:
 CardTable entry size: 512
 CPUs: 4 total, 4 available
 Memory: 6086M
 Large Page Support: Disabled
 NUMA Support: Disabled
 Compressed Oops: Enabled (32-bit)
 Alignments: Space 512K, Generation 512K, Heap 2M
 Heap Min Capacity: 100M
 Heap Initial Capacity: 100M
 Heap Max Capacity: 1G
 Pre-touch: Disabled
 Parallel Workers: 4
Heap:
 PSYoungGen      total 23040K, used 15596K [0x00000000eab00000, 0x00000000ec280000, 0x0000000100000000)
  eden space 22016K, 68% used [0x00000000eab00000,0x00000000eb9a8098,0x00000000ec080000)
  from space 1024K, 57% used [0x00000000ec080000,0x00000000ec112ff8,0x00000000ec180000)
  to   space 1024K, 0% used [0x00000000ec180000,0x00000000ec180000,0x00000000ec280000)
 ParOldGen       total 68608K, used 46942K [0x00000000c0000000, 0x00000000c4300000, 0x00000000eab00000)
  object space 68608K, 68% used [0x00000000c0000000,0x00000000c2dd7940,0x00000000c4300000)
 Metaspace       used 58568K, committed 59968K, reserved 1114112K
  class space    used 6102K, committed 6656K, reserved 1048576K
GC Heap History (20 events):
Event: 43.854 GC heap before
{Heap before GC invocations=35 (full 2):
 PSYoungGen      total 23040K, used 22723K [0x00000000eab00000, 0x00000000ec380000, 0x0000000100000000)
  eden space 22016K, 100% used [0x00000000eab00000,0x00000000ec080000,0x00000000ec080000)
  from space 1024K, 69% used [0x00000000ec280000,0x00000000ec330de0,0x00000000ec380000)
  to   space 1024K, 0% used [0x00000000ec180000,0x00000000ec180000,0x00000000ec280000)
 ParOldGen       total 68608K, used 48829K [0x00000000c0000000, 0x00000000c4300000, 0x00000000eab00000)
  object space 68608K, 71% used [0x00000000c0000000,0x00000000c2faf740,0x00000000c4300000)
 Metaspace       used 57305K, committed 58752K, reserved 1114112K
  class space    used 5986K, committed 6528K, reserved 1048576K
}
Event: 43.857 GC heap after
{Heap after GC invocations=35 (full 2):
 PSYoungGen      total 23040K, used 994K [0x00000000eab00000, 0x00000000ec380000, 0x0000000100000000)
  eden space 22016K, 0% used [0x00000000eab00000,0x00000000eab00000,0x00000000ec080000)
  from space 1024K, 97% used [0x00000000ec180000,0x00000000ec278b68,0x00000000ec280000)
  to   space 1024K, 0% used [0x00000000ec280000,0x00000000ec280000,0x00000000ec380000)
 ParOldGen       total 68608K, used 49020K [0x00000000c0000000, 0x00000000c4300000, 0x00000000eab00000)
  object space 68608K, 71% used [0x00000000c0000000,0x00000000c2fdf2f8,0x00000000c4300000)
 Metaspace       used 57305K, committed 58752K, reserved 1114112K
  class space    used 5986K, committed 6528K, reserved 1048576K
}
Event: 44.300 GC heap before
{Heap before GC invocations=36 (full 2):
 PSYoungGen      total 23040K, used 23010K [0x00000000eab00000, 0x00000000ec380000, 0x0000000100000000)
  eden space 22016K, 100% used [0x00000000eab00000,0x00000000ec080000,0x00000000ec080000)
  from space 1024K, 97% used [0x00000000ec180000,0x00000000ec278b68,0x00000000ec280000)
  to   space 1024K, 0% used [0x00000000ec280000,0x00000000ec280000,0x00000000ec380000)
 ParOldGen       total 68608K, used 49020K [0x00000000c0000000, 0x00000000c4300000, 0x00000000eab00000)
  object space 68608K, 71% used [0x00000000c0000000,0x00000000c2fdf2f8,0x00000000c4300000)
 Metaspace       used 58025K, committed 59456K, reserved 1114112K
  class space    used 6049K, committed 6592K, reserved 1048576K
}
Event: 44.303 GC heap after
{Heap after GC invocations=36 (full 2):
 PSYoungGen      total 23040K, used 999K [0x00000000eab00000, 0x00000000ec380000, 0x0000000100000000)
  eden space 22016K, 0% used [0x00000000eab00000,0x00000000eab00000,0x00000000ec080000)
  from space 1024K, 97% used [0x00000000ec280000,0x00000000ec379dc0,0x00000000ec380000)
  to   space 1536K, 0% used [0x00000000ec080000,0x00000000ec080000,0x00000000ec200000)
 ParOldGen       total 68608K, used 49603K [0x00000000c0000000, 0x00000000c4300000, 0x00000000eab00000)
  object space 68608K, 72% used [0x00000000c0000000,0x00000000c3070c80,0x00000000c4300000)
 Metaspace       used 58025K, committed 59456K, reserved 1114112K
  class space    used 6049K, committed 6592K, reserved 1048576K
}
Event: 44.567 GC heap before
{Heap before GC invocations=37 (full 2):
 PSYoungGen      total 23040K, used 23015K [0x00000000eab00000, 0x00000000ec380000, 0x0000000100000000)
  eden space 22016K, 100% used [0x00000000eab00000,0x00000000ec080000,0x00000000ec080000)
  from space 1024K, 97% used [0x00000000ec280000,0x00000000ec379dc0,0x00000000ec380000)
  to   space 1536K, 0% used [0x00000000ec080000,0x00000000ec080000,0x00000000ec200000)
 ParOldGen       total 68608K, used 49603K [0x00000000c0000000, 0x00000000c4300000, 0x00000000eab00000)
  object space 68608K, 72% used [0x00000000c0000000,0x00000000c3070c80,0x00000000c4300000)
 Metaspace       used 58239K, committed 59648K, reserved 1114112K
  class space    used 6065K, committed 6656K, reserved 1048576K
}
Event: 44.571 GC heap after
{Heap after GC invocations=37 (full 2):
 PSYoungGen      total 23552K, used 799K [0x00000000eab00000, 0x00000000ec300000, 0x0000000100000000)
  eden space 22016K, 0% used [0x00000000eab00000,0x00000000eab00000,0x00000000ec080000)
  from space 1536K, 52% used [0x00000000ec080000,0x00000000ec147ea8,0x00000000ec200000)
  to   space 1024K, 0% used [0x00000000ec200000,0x00000000ec200000,0x00000000ec300000)
 ParOldGen       total 68608K, used 50086K [0x00000000c0000000, 0x00000000c4300000, 0x00000000eab00000)
  object space 68608K, 73% used [0x00000000c0000000,0x00000000c30e9a70,0x00000000c4300000)
 Metaspace       used 58239K, committed 59648K, reserved 1114112K
  class space    used 6065K, committed 6656K, reserved 1048576K
}
Event: 44.818 GC heap before
{Heap before GC invocations=38 (full 2):
 PSYoungGen      total 23552K, used 22815K [0x00000000eab00000, 0x00000000ec300000, 0x0000000100000000)
  eden space 22016K, 100% used [0x00000000eab00000,0x00000000ec080000,0x00000000ec080000)
  from space 1536K, 52% used [0x00000000ec080000,0x00000000ec147ea8,0x00000000ec200000)
  to   space 1024K, 0% used [0x00000000ec200000,0x00000000ec200000,0x00000000ec300000)
 ParOldGen       total 68608K, used 50086K [0x00000000c0000000, 0x00000000c4300000, 0x00000000eab00000)
  object space 68608K, 73% used [0x00000000c0000000,0x00000000c30e9a70,0x00000000c4300000)
 Metaspace       used 58371K, committed 59776K, reserved 1114112K
  class space    used 6079K, committed 6656K, reserved 1048576K
}
Event: 44.821 GC heap after
{Heap after GC invocations=38 (full 2):
 PSYoungGen      total 23040K, used 739K [0x00000000eab00000, 0x00000000ec300000, 0x0000000100000000)
  eden space 22016K, 0% used [0x00000000eab00000,0x00000000eab00000,0x00000000ec080000)
  from space 1024K, 72% used [0x00000000ec200000,0x00000000ec2b8c38,0x00000000ec300000)
  to   space 1024K, 0% used [0x00000000ec100000,0x00000000ec100000,0x00000000ec200000)
 ParOldGen       total 68608K, used 50337K [0x00000000c0000000, 0x00000000c4300000, 0x00000000eab00000)
  object space 68608K, 73% used [0x00000000c0000000,0x00000000c31286a0,0x00000000c4300000)
 Metaspace       used 58371K, committed 59776K, reserved 1114112K
  class space    used 6079K, committed 6656K, reserved 1048576K
}
Event: 44.977 GC heap before
{Heap before GC invocations=39 (full 2):
 PSYoungGen      total 23040K, used 5865K [0x00000000eab00000, 0x00000000ec300000, 0x0000000100000000)
  eden space 22016K, 23% used [0x00000000eab00000,0x00000000eb001a68,0x00000000ec080000)
  from space 1024K, 72% used [0x00000000ec200000,0x00000000ec2b8c38,0x00000000ec300000)
  to   space 1024K, 0% used [0x00000000ec100000,0x00000000ec100000,0x00000000ec200000)
 ParOldGen       total 68608K, used 50337K [0x00000000c0000000, 0x00000000c4300000, 0x00000000eab00000)
  object space 68608K, 73% used [0x00000000c0000000,0x00000000c31286a0,0x00000000c4300000)
 Metaspace       used 58419K, committed 59776K, reserved 1114112K
  class space    used 6083K, committed 6656K, reserved 1048576K
}
Event: 44.979 GC heap after
{Heap after GC invocations=39 (full 2):
 PSYoungGen      total 23040K, used 256K [0x00000000eab00000, 0x00000000ec280000, 0x0000000100000000)
  eden space 22016K, 0% used [0x00000000eab00000,0x00000000eab00000,0x00000000ec080000)
  from space 1024K, 25% used [0x00000000ec100000,0x00000000ec140000,0x00000000ec200000)
  to   space 512K, 0% used [0x00000000ec200000,0x00000000ec200000,0x00000000ec280000)
 ParOldGen       total 68608K, used 50650K [0x00000000c0000000, 0x00000000c4300000, 0x00000000eab00000)
  object space 68608K, 73% used [0x00000000c0000000,0x00000000c3176828,0x00000000c4300000)
 Metaspace       used 58419K, committed 59776K, reserved 1114112K
  class space    used 6083K, committed 6656K, reserved 1048576K
}
Event: 44.979 GC heap before
{Heap before GC invocations=40 (full 3):
 PSYoungGen      total 23040K, used 256K [0x00000000eab00000, 0x00000000ec280000, 0x0000000100000000)
  eden space 22016K, 0% used [0x00000000eab00000,0x00000000eab00000,0x00000000ec080000)
  from space 1024K, 25% used [0x00000000ec100000,0x00000000ec140000,0x00000000ec200000)
  to   space 512K, 0% used [0x00000000ec200000,0x00000000ec200000,0x00000000ec280000)
 ParOldGen       total 68608K, used 50650K [0x00000000c0000000, 0x00000000c4300000, 0x00000000eab00000)
  object space 68608K, 73% used [0x00000000c0000000,0x00000000c3176828,0x00000000c4300000)
 Metaspace       used 58419K, committed 59776K, reserved 1114112K
  class space    used 6083K, committed 6656K, reserved 1048576K
}
Event: 45.165 GC heap after
{Heap after GC invocations=40 (full 3):
 PSYoungGen      total 23040K, used 0K [0x00000000eab00000, 0x00000000ec280000, 0x0000000100000000)
  eden space 22016K, 0% used [0x00000000eab00000,0x00000000eab00000,0x00000000ec080000)
  from space 1024K, 0% used [0x00000000ec100000,0x00000000ec100000,0x00000000ec200000)
  to   space 512K, 0% used [0x00000000ec200000,0x00000000ec200000,0x00000000ec280000)
 ParOldGen       total 68608K, used 45579K [0x00000000c0000000, 0x00000000c4300000, 0x00000000eab00000)
  object space 68608K, 66% used [0x00000000c0000000,0x00000000c2c82cb8,0x00000000c4300000)
 Metaspace       used 58398K, committed 59776K, reserved 1114112K
  class space    used 6077K, committed 6656K, reserved 1048576K
}
Event: 45.509 GC heap before
{Heap before GC invocations=41 (full 3):
 PSYoungGen      total 23040K, used 22016K [0x00000000eab00000, 0x00000000ec280000, 0x0000000100000000)
  eden space 22016K, 100% used [0x00000000eab00000,0x00000000ec080000,0x00000000ec080000)
  from space 1024K, 0% used [0x00000000ec100000,0x00000000ec100000,0x00000000ec200000)
  to   space 512K, 0% used [0x00000000ec200000,0x00000000ec200000,0x00000000ec280000)
 ParOldGen       total 68608K, used 45579K [0x00000000c0000000, 0x00000000c4300000, 0x00000000eab00000)
  object space 68608K, 66% used [0x00000000c0000000,0x00000000c2c82cb8,0x00000000c4300000)
 Metaspace       used 58471K, committed 59840K, reserved 1114112K
  class space    used 6081K, committed 6656K, reserved 1048576K
}
Event: 45.511 GC heap after
{Heap after GC invocations=41 (full 3):
 PSYoungGen      total 22528K, used 494K [0x00000000eab00000, 0x00000000ec280000, 0x0000000100000000)
  eden space 22016K, 0% used [0x00000000eab00000,0x00000000eab00000,0x00000000ec080000)
  from space 512K, 96% used [0x00000000ec200000,0x00000000ec27bab8,0x00000000ec280000)
  to   space 1024K, 0% used [0x00000000ec080000,0x00000000ec080000,0x00000000ec180000)
 ParOldGen       total 68608K, used 45910K [0x00000000c0000000, 0x00000000c4300000, 0x00000000eab00000)
  object space 68608K, 66% used [0x00000000c0000000,0x00000000c2cd5968,0x00000000c4300000)
 Metaspace       used 58471K, committed 59840K, reserved 1114112K
  class space    used 6081K, committed 6656K, reserved 1048576K
}
Event: 45.903 GC heap before
{Heap before GC invocations=42 (full 3):
 PSYoungGen      total 22528K, used 22510K [0x00000000eab00000, 0x00000000ec280000, 0x0000000100000000)
  eden space 22016K, 100% used [0x00000000eab00000,0x00000000ec080000,0x00000000ec080000)
  from space 512K, 96% used [0x00000000ec200000,0x00000000ec27bab8,0x00000000ec280000)
  to   space 1024K, 0% used [0x00000000ec080000,0x00000000ec080000,0x00000000ec180000)
 ParOldGen       total 68608K, used 45910K [0x00000000c0000000, 0x00000000c4300000, 0x00000000eab00000)
  object space 68608K, 66% used [0x00000000c0000000,0x00000000c2cd5968,0x00000000c4300000)
 Metaspace       used 58538K, committed 59904K, reserved 1114112K
  class space    used 6098K, committed 6656K, reserved 1048576K
}
Event: 45.905 GC heap after
{Heap after GC invocations=42 (full 3):
 PSYoungGen      total 23040K, used 931K [0x00000000eab00000, 0x00000000ec280000, 0x0000000100000000)
  eden space 22016K, 0% used [0x00000000eab00000,0x00000000eab00000,0x00000000ec080000)
  from space 1024K, 90% used [0x00000000ec080000,0x00000000ec168f50,0x00000000ec180000)
  to   space 1024K, 0% used [0x00000000ec180000,0x00000000ec180000,0x00000000ec280000)
 ParOldGen       total 68608K, used 46267K [0x00000000c0000000, 0x00000000c4300000, 0x00000000eab00000)
  object space 68608K, 67% used [0x00000000c0000000,0x00000000c2d2ef08,0x00000000c4300000)
 Metaspace       used 58538K, committed 59904K, reserved 1114112K
  class space    used 6098K, committed 6656K, reserved 1048576K
}
Event: 46.077 GC heap before
{Heap before GC invocations=43 (full 3):
 PSYoungGen      total 23040K, used 22947K [0x00000000eab00000, 0x00000000ec280000, 0x0000000100000000)
  eden space 22016K, 100% used [0x00000000eab00000,0x00000000ec080000,0x00000000ec080000)
  from space 1024K, 90% used [0x00000000ec080000,0x00000000ec168f50,0x00000000ec180000)
  to   space 1024K, 0% used [0x00000000ec180000,0x00000000ec180000,0x00000000ec280000)
 ParOldGen       total 68608K, used 46267K [0x00000000c0000000, 0x00000000c4300000, 0x00000000eab00000)
  object space 68608K, 67% used [0x00000000c0000000,0x00000000c2d2ef08,0x00000000c4300000)
 Metaspace       used 58561K, committed 59968K, reserved 1114112K
  class space    used 6102K, committed 6656K, reserved 1048576K
}
Event: 46.079 GC heap after
{Heap after GC invocations=43 (full 3):
 PSYoungGen      total 23040K, used 576K [0x00000000eab00000, 0x00000000ec280000, 0x0000000100000000)
  eden space 22016K, 0% used [0x00000000eab00000,0x00000000eab00000,0x00000000ec080000)
  from space 1024K, 56% used [0x00000000ec180000,0x00000000ec210328,0x00000000ec280000)
  to   space 1024K, 0% used [0x00000000ec080000,0x00000000ec080000,0x00000000ec180000)
 ParOldGen       total 68608K, used 46735K [0x00000000c0000000, 0x00000000c4300000, 0x00000000eab00000)
  object space 68608K, 68% used [0x00000000c0000000,0x00000000c2da3ee8,0x00000000c4300000)
 Metaspace       used 58561K, committed 59968K, reserved 1114112K
  class space    used 6102K, committed 6656K, reserved 1048576K
}
Event: 46.328 GC heap before
{Heap before GC invocations=44 (full 3):
 PSYoungGen      total 23040K, used 22592K [0x00000000eab00000, 0x00000000ec280000, 0x0000000100000000)
  eden space 22016K, 100% used [0x00000000eab00000,0x00000000ec080000,0x00000000ec080000)
  from space 1024K, 56% used [0x00000000ec180000,0x00000000ec210328,0x00000000ec280000)
  to   space 1024K, 0% used [0x00000000ec080000,0x00000000ec080000,0x00000000ec180000)
 ParOldGen       total 68608K, used 46735K [0x00000000c0000000, 0x00000000c4300000, 0x00000000eab00000)
  object space 68608K, 68% used [0x00000000c0000000,0x00000000c2da3ee8,0x00000000c4300000)
 Metaspace       used 58568K, committed 59968K, reserved 1114112K
  class space    used 6102K, committed 6656K, reserved 1048576K
}
Event: 46.330 GC heap after
{Heap after GC invocations=44 (full 3):
 PSYoungGen      total 23040K, used 587K [0x00000000eab00000, 0x00000000ec280000, 0x0000000100000000)
  eden space 22016K, 0% used [0x00000000eab00000,0x00000000eab00000,0x00000000ec080000)
  from space 1024K, 57% used [0x00000000ec080000,0x00000000ec112ff8,0x00000000ec180000)
  to   space 1024K, 0% used [0x00000000ec180000,0x00000000ec180000,0x00000000ec280000)
 ParOldGen       total 68608K, used 46942K [0x00000000c0000000, 0x00000000c4300000, 0x00000000eab00000)
  object space 68608K, 68% used [0x00000000c0000000,0x00000000c2dd7940,0x00000000c4300000)
 Metaspace       used 58568K, committed 59968K, reserved 1114112K
  class space    used 6102K, committed 6656K, reserved 1048576K
}

