# JRE version: OpenJDK Runtime Environment Temurin-21.0.6+7 (21.0.6+7) (build 21.0.6+7-LTS)
# Java VM: OpenJDK 64-Bit Server VM Temurin-21.0.6+7 (21.0.6+7-LTS, mixed mode, sharing, tiered, compressed oops, compressed class ptrs, parallel gc, windows-amd64)
GC Precious Log:
 CardTable entry size: 512
 CPUs: 4 total, 4 available
 Memory: 6086M
 Large Page Support: Disabled
 NUMA Support: Disabled
 Compressed Oops: Enabled (32-bit)
 Alignments: Space 512K, Generation 512K, Heap 2M
 Heap Min Capacity: 100M
 Heap Initial Capacity: 100M
 Heap Max Capacity: 1G
 Pre-touch: Disabled
 Parallel Workers: 4
Heap:
 PSYoungGen      total 14336K, used 4505K [0x00000000eab00000, 0x00000000eba80000, 0x0000000100000000)
  eden space 13312K, 31% used [0x00000000eab00000,0x00000000eaf265d8,0x00000000eb800000)
  from space 1024K, 25% used [0x00000000eb900000,0x00000000eb940000,0x00000000eba00000)
  to   space 512K, 0% used [0x00000000eba00000,0x00000000eba00000,0x00000000eba80000)
 ParOldGen       total 176640K, used 176395K [0x00000000c0000000, 0x00000000cac80000, 0x00000000eab00000)
  object space 176640K, 99% used [0x00000000c0000000,0x00000000cac42c70,0x00000000cac80000)
 Metaspace       used 68877K, committed 70464K, reserved 1114112K
  class space    used 6909K, committed 7616K, reserved 1048576K
GC Heap History (20 events):
Event: 55.772 GC heap before
{Heap before GC invocations=85 (full 3):
 PSYoungGen      total 14848K, used 14610K [0x00000000eab00000, 0x00000000ebb00000, 0x0000000100000000)
  eden space 13312K, 100% used [0x00000000eab00000,0x00000000eb800000,0x00000000eb800000)
  from space 1536K, 84% used [0x00000000eb800000,0x00000000eb9449c0,0x00000000eb980000)
  to   space 1536K, 0% used [0x00000000eb980000,0x00000000eb980000,0x00000000ebb00000)
 ParOldGen       total 162304K, used 162233K [0x00000000c0000000, 0x00000000c9e80000, 0x00000000eab00000)
  object space 162304K, 99% used [0x00000000c0000000,0x00000000c9e6e4c0,0x00000000c9e80000)
 Metaspace       used 65185K, committed 66752K, reserved 1114112K
  class space    used 6626K, committed 7296K, reserved 1048576K
}
Event: 55.777 GC heap after
{Heap after GC invocations=85 (full 3):
 PSYoungGen      total 14336K, used 579K [0x00000000eab00000, 0x00000000eba80000, 0x0000000100000000)
  eden space 13312K, 0% used [0x00000000eab00000,0x00000000eab00000,0x00000000eb800000)
  from space 1024K, 56% used [0x00000000eb980000,0x00000000eba10df8,0x00000000eba80000)
  to   space 1024K, 0% used [0x00000000eb880000,0x00000000eb880000,0x00000000eb980000)
 ParOldGen       total 163840K, used 163403K [0x00000000c0000000, 0x00000000ca000000, 0x00000000eab00000)
  object space 163840K, 99% used [0x00000000c0000000,0x00000000c9f92f10,0x00000000ca000000)
 Metaspace       used 65185K, committed 66752K, reserved 1114112K
  class space    used 6626K, committed 7296K, reserved 1048576K
}
Event: 56.748 GC heap before
{Heap before GC invocations=86 (full 3):
 PSYoungGen      total 14336K, used 13891K [0x00000000eab00000, 0x00000000eba80000, 0x0000000100000000)
  eden space 13312K, 100% used [0x00000000eab00000,0x00000000eb800000,0x00000000eb800000)
  from space 1024K, 56% used [0x00000000eb980000,0x00000000eba10df8,0x00000000eba80000)
  to   space 1024K, 0% used [0x00000000eb880000,0x00000000eb880000,0x00000000eb980000)
 ParOldGen       total 163840K, used 163406K [0x00000000c0000000, 0x00000000ca000000, 0x00000000eab00000)
  object space 163840K, 99% used [0x00000000c0000000,0x00000000c9f93ab8,0x00000000ca000000)
 Metaspace       used 66063K, committed 67648K, reserved 1114112K
  class space    used 6701K, committed 7360K, reserved 1048576K
}
Event: 56.756 GC heap after
{Heap after GC invocations=86 (full 3):
 PSYoungGen      total 14336K, used 1024K [0x00000000eab00000, 0x00000000ec400000, 0x0000000100000000)
  eden space 13312K, 0% used [0x00000000eab00000,0x00000000eab00000,0x00000000eb800000)
  from space 1024K, 100% used [0x00000000eb880000,0x00000000eb980000,0x00000000eb980000)
  to   space 6144K, 0% used [0x00000000ebe00000,0x00000000ebe00000,0x00000000ec400000)
 ParOldGen       total 167936K, used 167588K [0x00000000c0000000, 0x00000000ca400000, 0x00000000eab00000)
  object space 167936K, 99% used [0x00000000c0000000,0x00000000ca3a9280,0x00000000ca400000)
 Metaspace       used 66063K, committed 67648K, reserved 1114112K
  class space    used 6701K, committed 7360K, reserved 1048576K
}
Event: 58.428 GC heap before
{Heap before GC invocations=87 (full 3):
 PSYoungGen      total 14336K, used 14336K [0x00000000eab00000, 0x00000000ec400000, 0x0000000100000000)
  eden space 13312K, 100% used [0x00000000eab00000,0x00000000eb800000,0x00000000eb800000)
  from space 1024K, 100% used [0x00000000eb880000,0x00000000eb980000,0x00000000eb980000)
  to   space 6144K, 0% used [0x00000000ebe00000,0x00000000ebe00000,0x00000000ec400000)
 ParOldGen       total 167936K, used 167588K [0x00000000c0000000, 0x00000000ca400000, 0x00000000eab00000)
  object space 167936K, 99% used [0x00000000c0000000,0x00000000ca3a9280,0x00000000ca400000)
 Metaspace       used 66479K, committed 67968K, reserved 1114112K
  class space    used 6735K, committed 7360K, reserved 1048576K
}
Event: 58.433 GC heap after
{Heap after GC invocations=87 (full 3):
 PSYoungGen      total 15360K, used 1920K [0x00000000eab00000, 0x00000000ec000000, 0x0000000100000000)
  eden space 13312K, 0% used [0x00000000eab00000,0x00000000eab00000,0x00000000eb800000)
  from space 2048K, 93% used [0x00000000ebe00000,0x00000000ebfe0010,0x00000000ec000000)
  to   space 3584K, 0% used [0x00000000eb900000,0x00000000eb900000,0x00000000ebc80000)
 ParOldGen       total 168960K, used 168628K [0x00000000c0000000, 0x00000000ca500000, 0x00000000eab00000)
  object space 168960K, 99% used [0x00000000c0000000,0x00000000ca4ad280,0x00000000ca500000)
 Metaspace       used 66479K, committed 67968K, reserved 1114112K
  class space    used 6735K, committed 7360K, reserved 1048576K
}
Event: 58.958 GC heap before
{Heap before GC invocations=88 (full 3):
 PSYoungGen      total 15360K, used 15232K [0x00000000eab00000, 0x00000000ec000000, 0x0000000100000000)
  eden space 13312K, 100% used [0x00000000eab00000,0x00000000eb800000,0x00000000eb800000)
  from space 2048K, 93% used [0x00000000ebe00000,0x00000000ebfe0010,0x00000000ec000000)
  to   space 3584K, 0% used [0x00000000eb900000,0x00000000eb900000,0x00000000ebc80000)
 ParOldGen       total 168960K, used 168628K [0x00000000c0000000, 0x00000000ca500000, 0x00000000eab00000)
  object space 168960K, 99% used [0x00000000c0000000,0x00000000ca4ad280,0x00000000ca500000)
 Metaspace       used 66623K, committed 68096K, reserved 1114112K
  class space    used 6763K, committed 7424K, reserved 1048576K
}
Event: 58.964 GC heap after
{Heap after GC invocations=88 (full 3):
 PSYoungGen      total 16896K, used 1741K [0x00000000eab00000, 0x00000000ebe80000, 0x0000000100000000)
  eden space 13312K, 0% used [0x00000000eab00000,0x00000000eab00000,0x00000000eb800000)
  from space 3584K, 48% used [0x00000000eb900000,0x00000000ebab3510,0x00000000ebc80000)
  to   space 2048K, 0% used [0x00000000ebc80000,0x00000000ebc80000,0x00000000ebe80000)
 ParOldGen       total 170496K, used 170468K [0x00000000c0000000, 0x00000000ca680000, 0x00000000eab00000)
  object space 170496K, 99% used [0x00000000c0000000,0x00000000ca6792a0,0x00000000ca680000)
 Metaspace       used 66623K, committed 68096K, reserved 1114112K
  class space    used 6763K, committed 7424K, reserved 1048576K
}
Event: 59.460 GC heap before
{Heap before GC invocations=89 (full 3):
 PSYoungGen      total 16896K, used 15053K [0x00000000eab00000, 0x00000000ebe80000, 0x0000000100000000)
  eden space 13312K, 100% used [0x00000000eab00000,0x00000000eb800000,0x00000000eb800000)
  from space 3584K, 48% used [0x00000000eb900000,0x00000000ebab3510,0x00000000ebc80000)
  to   space 2048K, 0% used [0x00000000ebc80000,0x00000000ebc80000,0x00000000ebe80000)
 ParOldGen       total 170496K, used 170468K [0x00000000c0000000, 0x00000000ca680000, 0x00000000eab00000)
  object space 170496K, 99% used [0x00000000c0000000,0x00000000ca6792a0,0x00000000ca680000)
 Metaspace       used 66775K, committed 68352K, reserved 1114112K
  class space    used 6769K, committed 7424K, reserved 1048576K
}
Event: 59.466 GC heap after
{Heap after GC invocations=89 (full 3):
 PSYoungGen      total 15360K, used 2016K [0x00000000eab00000, 0x00000000ec100000, 0x0000000100000000)
  eden space 13312K, 0% used [0x00000000eab00000,0x00000000eab00000,0x00000000eb800000)
  from space 2048K, 98% used [0x00000000ebc80000,0x00000000ebe78010,0x00000000ebe80000)
  to   space 4608K, 0% used [0x00000000eb800000,0x00000000eb800000,0x00000000ebc80000)
 ParOldGen       total 172544K, used 172535K [0x00000000c0000000, 0x00000000ca880000, 0x00000000eab00000)
  object space 172544K, 99% used [0x00000000c0000000,0x00000000ca87de30,0x00000000ca880000)
 Metaspace       used 66775K, committed 68352K, reserved 1114112K
  class space    used 6769K, committed 7424K, reserved 1048576K
}
Event: 60.390 GC heap before
{Heap before GC invocations=90 (full 3):
 PSYoungGen      total 15360K, used 15328K [0x00000000eab00000, 0x00000000ec100000, 0x0000000100000000)
  eden space 13312K, 100% used [0x00000000eab00000,0x00000000eb800000,0x00000000eb800000)
  from space 2048K, 98% used [0x00000000ebc80000,0x00000000ebe78010,0x00000000ebe80000)
  to   space 4608K, 0% used [0x00000000eb800000,0x00000000eb800000,0x00000000ebc80000)
 ParOldGen       total 172544K, used 172535K [0x00000000c0000000, 0x00000000ca880000, 0x00000000eab00000)
  object space 172544K, 99% used [0x00000000c0000000,0x00000000ca87de30,0x00000000ca880000)
 Metaspace       used 67431K, committed 68992K, reserved 1114112K
  class space    used 6819K, committed 7488K, reserved 1048576K
}
Event: 60.395 GC heap after
{Heap after GC invocations=90 (full 3):
 PSYoungGen      total 14848K, used 1385K [0x00000000eab00000, 0x00000000ebd00000, 0x0000000100000000)
  eden space 13312K, 0% used [0x00000000eab00000,0x00000000eab00000,0x00000000eb800000)
  from space 1536K, 90% used [0x00000000eb800000,0x00000000eb95a480,0x00000000eb980000)
  to   space 2560K, 0% used [0x00000000eba80000,0x00000000eba80000,0x00000000ebd00000)
 ParOldGen       total 174592K, used 174481K [0x00000000c0000000, 0x00000000caa80000, 0x00000000eab00000)
  object space 174592K, 99% used [0x00000000c0000000,0x00000000caa647f0,0x00000000caa80000)
 Metaspace       used 67431K, committed 68992K, reserved 1114112K
  class space    used 6819K, committed 7488K, reserved 1048576K
}
Event: 61.799 GC heap before
{Heap before GC invocations=91 (full 3):
 PSYoungGen      total 14848K, used 14697K [0x00000000eab00000, 0x00000000ebd00000, 0x0000000100000000)
  eden space 13312K, 100% used [0x00000000eab00000,0x00000000eb800000,0x00000000eb800000)
  from space 1536K, 90% used [0x00000000eb800000,0x00000000eb95a480,0x00000000eb980000)
  to   space 2560K, 0% used [0x00000000eba80000,0x00000000eba80000,0x00000000ebd00000)
 ParOldGen       total 174592K, used 174481K [0x00000000c0000000, 0x00000000caa80000, 0x00000000eab00000)
  object space 174592K, 99% used [0x00000000c0000000,0x00000000caa647f0,0x00000000caa80000)
 Metaspace       used 67606K, committed 69184K, reserved 1114112K
  class space    used 6826K, committed 7488K, reserved 1048576K
}
Event: 61.802 GC heap after
{Heap after GC invocations=91 (full 3):
 PSYoungGen      total 13824K, used 192K [0x00000000eab00000, 0x00000000ebb00000, 0x0000000100000000)
  eden space 13312K, 0% used [0x00000000eab00000,0x00000000eab00000,0x00000000eb800000)
  from space 512K, 37% used [0x00000000eba80000,0x00000000ebab0000,0x00000000ebb00000)
  to   space 1024K, 0% used [0x00000000eb900000,0x00000000eb900000,0x00000000eba00000)
 ParOldGen       total 175104K, used 174920K [0x00000000c0000000, 0x00000000cab00000, 0x00000000eab00000)
  object space 175104K, 99% used [0x00000000c0000000,0x00000000caad23f0,0x00000000cab00000)
 Metaspace       used 67606K, committed 69184K, reserved 1114112K
  class space    used 6826K, committed 7488K, reserved 1048576K
}
Event: 88.283 GC heap before
{Heap before GC invocations=92 (full 3):
 PSYoungGen      total 13824K, used 13504K [0x00000000eab00000, 0x00000000ebb00000, 0x0000000100000000)
  eden space 13312K, 100% used [0x00000000eab00000,0x00000000eb800000,0x00000000eb800000)
  from space 512K, 37% used [0x00000000eba80000,0x00000000ebab0000,0x00000000ebb00000)
  to   space 1024K, 0% used [0x00000000eb900000,0x00000000eb900000,0x00000000eba00000)
 ParOldGen       total 175104K, used 174920K [0x00000000c0000000, 0x00000000cab00000, 0x00000000eab00000)
  object space 175104K, 99% used [0x00000000c0000000,0x00000000caad23f0,0x00000000cab00000)
 Metaspace       used 67935K, committed 69504K, reserved 1114112K
  class space    used 6872K, committed 7552K, reserved 1048576K
}
Event: 88.288 GC heap after
{Heap after GC invocations=92 (full 3):
 PSYoungGen      total 14336K, used 1012K [0x00000000eab00000, 0x00000000ebc00000, 0x0000000100000000)
  eden space 13312K, 0% used [0x00000000eab00000,0x00000000eab00000,0x00000000eb800000)
  from space 1024K, 98% used [0x00000000eb900000,0x00000000eb9fd200,0x00000000eba00000)
  to   space 2048K, 0% used [0x00000000eba00000,0x00000000eba00000,0x00000000ebc00000)
 ParOldGen       total 175616K, used 175353K [0x00000000c0000000, 0x00000000cab80000, 0x00000000eab00000)
  object space 175616K, 99% used [0x00000000c0000000,0x00000000cab3e410,0x00000000cab80000)
 Metaspace       used 67935K, committed 69504K, reserved 1114112K
  class space    used 6872K, committed 7552K, reserved 1048576K
}
Event: 91.464 GC heap before
{Heap before GC invocations=93 (full 3):
 PSYoungGen      total 14336K, used 14324K [0x00000000eab00000, 0x00000000ebc00000, 0x0000000100000000)
  eden space 13312K, 100% used [0x00000000eab00000,0x00000000eb800000,0x00000000eb800000)
  from space 1024K, 98% used [0x00000000eb900000,0x00000000eb9fd200,0x00000000eba00000)
  to   space 2048K, 0% used [0x00000000eba00000,0x00000000eba00000,0x00000000ebc00000)
 ParOldGen       total 175616K, used 175353K [0x00000000c0000000, 0x00000000cab80000, 0x00000000eab00000)
  object space 175616K, 99% used [0x00000000c0000000,0x00000000cab3e410,0x00000000cab80000)
 Metaspace       used 68451K, committed 70016K, reserved 1114112K
  class space    used 6902K, committed 7616K, reserved 1048576K
}
Event: 91.468 GC heap after
{Heap after GC invocations=93 (full 3):
 PSYoungGen      total 14336K, used 580K [0x00000000eab00000, 0x00000000ebb00000, 0x0000000100000000)
  eden space 13312K, 0% used [0x00000000eab00000,0x00000000eab00000,0x00000000eb800000)
  from space 1024K, 56% used [0x00000000eba00000,0x00000000eba91210,0x00000000ebb00000)
  to   space 1024K, 0% used [0x00000000eb900000,0x00000000eb900000,0x00000000eba00000)
 ParOldGen       total 176640K, used 176285K [0x00000000c0000000, 0x00000000cac80000, 0x00000000eab00000)
  object space 176640K, 99% used [0x00000000c0000000,0x00000000cac27510,0x00000000cac80000)
 Metaspace       used 68451K, committed 70016K, reserved 1114112K
  class space    used 6902K, committed 7616K, reserved 1048576K
}
Event: 99.297 GC heap before
{Heap before GC invocations=94 (full 3):
 PSYoungGen      total 14336K, used 13892K [0x00000000eab00000, 0x00000000ebb00000, 0x0000000100000000)
  eden space 13312K, 100% used [0x00000000eab00000,0x00000000eb800000,0x00000000eb800000)
  from space 1024K, 56% used [0x00000000eba00000,0x00000000eba91210,0x00000000ebb00000)
  to   space 1024K, 0% used [0x00000000eb900000,0x00000000eb900000,0x00000000eba00000)
 ParOldGen       total 176640K, used 176285K [0x00000000c0000000, 0x00000000cac80000, 0x00000000eab00000)
  object space 176640K, 99% used [0x00000000c0000000,0x00000000cac27510,0x00000000cac80000)
 Metaspace       used 68793K, committed 70400K, reserved 1114112K
  class space    used 6903K, committed 7616K, reserved 1048576K
}
Event: 99.299 GC heap after
{Heap after GC invocations=94 (full 3):
 PSYoungGen      total 14336K, used 256K [0x00000000eab00000, 0x00000000eba80000, 0x0000000100000000)
  eden space 13312K, 0% used [0x00000000eab00000,0x00000000eab00000,0x00000000eb800000)
  from space 1024K, 25% used [0x00000000eb900000,0x00000000eb940000,0x00000000eba00000)
  to   space 512K, 0% used [0x00000000eba00000,0x00000000eba00000,0x00000000eba80000)
 ParOldGen       total 176640K, used 176395K [0x00000000c0000000, 0x00000000cac80000, 0x00000000eab00000)
  object space 176640K, 99% used [0x00000000c0000000,0x00000000cac42c70,0x00000000cac80000)
 Metaspace       used 68793K, committed 70400K, reserved 1114112K
  class space    used 6903K, committed 7616K, reserved 1048576K
}

