# JRE version: OpenJDK Runtime Environment Temurin-21.0.6+7 (21.0.6+7) (build 21.0.6+7-LTS)
# Java VM: OpenJDK 64-Bit Server VM Temurin-21.0.6+7 (21.0.6+7-LTS, mixed mode, sharing, tiered, compressed oops, compressed class ptrs, parallel gc, windows-amd64)
GC Precious Log:
 CardTable entry size: 512
 CPUs: 4 total, 4 available
 Memory: 6086M
 Large Page Support: Disabled
 NUMA Support: Disabled
 Compressed Oops: Enabled (32-bit)
 Alignments: Space 512K, Generation 512K, Heap 2M
 Heap Min Capacity: 100M
 Heap Initial Capacity: 100M
 Heap Max Capacity: 1G
 Pre-touch: Disabled
 Parallel Workers: 4
Heap:
 PSYoungGen      total 1536K, used 1322K [0x00000000eab00000, 0x00000000ead80000, 0x0000000100000000)
  eden space 1024K, 99% used [0x00000000eab00000,0x00000000eabffb10,0x00000000eac00000)
  from space 512K, 58% used [0x00000000ead00000,0x00000000ead4b008,0x00000000ead80000)
  to   space 512K, 0% used [0x00000000eac80000,0x00000000eac80000,0x00000000ead00000)
 ParOldGen       total 354816K, used 335451K [0x00000000c0000000, 0x00000000d5a80000, 0x00000000eab00000)
  object space 354816K, 94% used [0x00000000c0000000,0x00000000d4796c38,0x00000000d5a80000)
 Metaspace       used 62456K, committed 63872K, reserved 1114112K
  class space    used 6423K, committed 7040K, reserved 1048576K
GC Heap History (20 events):
Event: 131.450 GC heap before
{Heap before GC invocations=529 (full 4):
 PSYoungGen      total 1536K, used 1302K [0x00000000eab00000, 0x00000000ead80000, 0x0000000100000000)
  eden space 1024K, 99% used [0x00000000eab00000,0x00000000eabffff8,0x00000000eac00000)
  from space 512K, 54% used [0x00000000ead00000,0x00000000ead45808,0x00000000ead80000)
  to   space 512K, 0% used [0x00000000eac80000,0x00000000eac80000,0x00000000ead00000)
 ParOldGen       total 354816K, used 333709K [0x00000000c0000000, 0x00000000d5a80000, 0x00000000eab00000)
  object space 354816K, 94% used [0x00000000c0000000,0x00000000d45e3430,0x00000000d5a80000)
 Metaspace       used 62455K, committed 63872K, reserved 1114112K
  class space    used 6423K, committed 7040K, reserved 1048576K
}
Event: 131.452 GC heap after
{Heap after GC invocations=529 (full 4):
 PSYoungGen      total 1536K, used 192K [0x00000000eab00000, 0x00000000ead80000, 0x0000000100000000)
  eden space 1024K, 0% used [0x00000000eab00000,0x00000000eab00000,0x00000000eac00000)
  from space 512K, 37% used [0x00000000eac80000,0x00000000eacb0000,0x00000000ead00000)
  to   space 512K, 0% used [0x00000000ead00000,0x00000000ead00000,0x00000000ead80000)
 ParOldGen       total 354816K, used 333907K [0x00000000c0000000, 0x00000000d5a80000, 0x00000000eab00000)
  object space 354816K, 94% used [0x00000000c0000000,0x00000000d4614c38,0x00000000d5a80000)
 Metaspace       used 62455K, committed 63872K, reserved 1114112K
  class space    used 6423K, committed 7040K, reserved 1048576K
}
Event: 131.487 GC heap before
{Heap before GC invocations=530 (full 4):
 PSYoungGen      total 1536K, used 1204K [0x00000000eab00000, 0x00000000ead80000, 0x0000000100000000)
  eden space 1024K, 98% used [0x00000000eab00000,0x00000000eabfd120,0x00000000eac00000)
  from space 512K, 37% used [0x00000000eac80000,0x00000000eacb0000,0x00000000ead00000)
  to   space 512K, 0% used [0x00000000ead00000,0x00000000ead00000,0x00000000ead80000)
 ParOldGen       total 354816K, used 333907K [0x00000000c0000000, 0x00000000d5a80000, 0x00000000eab00000)
  object space 354816K, 94% used [0x00000000c0000000,0x00000000d4614c38,0x00000000d5a80000)
 Metaspace       used 62455K, committed 63872K, reserved 1114112K
  class space    used 6423K, committed 7040K, reserved 1048576K
}
Event: 131.488 GC heap after
{Heap after GC invocations=530 (full 4):
 PSYoungGen      total 1536K, used 192K [0x00000000eab00000, 0x00000000ead80000, 0x0000000100000000)
  eden space 1024K, 0% used [0x00000000eab00000,0x00000000eab00000,0x00000000eac00000)
  from space 512K, 37% used [0x00000000ead00000,0x00000000ead30000,0x00000000ead80000)
  to   space 512K, 0% used [0x00000000eac80000,0x00000000eac80000,0x00000000ead00000)
 ParOldGen       total 354816K, used 334067K [0x00000000c0000000, 0x00000000d5a80000, 0x00000000eab00000)
  object space 354816K, 94% used [0x00000000c0000000,0x00000000d463cc38,0x00000000d5a80000)
 Metaspace       used 62455K, committed 63872K, reserved 1114112K
  class space    used 6423K, committed 7040K, reserved 1048576K
}
Event: 131.521 GC heap before
{Heap before GC invocations=531 (full 4):
 PSYoungGen      total 1536K, used 1216K [0x00000000eab00000, 0x00000000ead80000, 0x0000000100000000)
  eden space 1024K, 100% used [0x00000000eab00000,0x00000000eac00000,0x00000000eac00000)
  from space 512K, 37% used [0x00000000ead00000,0x00000000ead30000,0x00000000ead80000)
  to   space 512K, 0% used [0x00000000eac80000,0x00000000eac80000,0x00000000ead00000)
 ParOldGen       total 354816K, used 334067K [0x00000000c0000000, 0x00000000d5a80000, 0x00000000eab00000)
  object space 354816K, 94% used [0x00000000c0000000,0x00000000d463cc38,0x00000000d5a80000)
 Metaspace       used 62455K, committed 63872K, reserved 1114112K
  class space    used 6423K, committed 7040K, reserved 1048576K
}
Event: 131.524 GC heap after
{Heap after GC invocations=531 (full 4):
 PSYoungGen      total 1536K, used 224K [0x00000000eab00000, 0x00000000ead80000, 0x0000000100000000)
  eden space 1024K, 0% used [0x00000000eab00000,0x00000000eab00000,0x00000000eac00000)
  from space 512K, 43% used [0x00000000eac80000,0x00000000eacb8000,0x00000000ead00000)
  to   space 512K, 0% used [0x00000000ead00000,0x00000000ead00000,0x00000000ead80000)
 ParOldGen       total 354816K, used 334195K [0x00000000c0000000, 0x00000000d5a80000, 0x00000000eab00000)
  object space 354816K, 94% used [0x00000000c0000000,0x00000000d465cc38,0x00000000d5a80000)
 Metaspace       used 62455K, committed 63872K, reserved 1114112K
  class space    used 6423K, committed 7040K, reserved 1048576K
}
Event: 131.576 GC heap before
{Heap before GC invocations=532 (full 4):
 PSYoungGen      total 1536K, used 1248K [0x00000000eab00000, 0x00000000ead80000, 0x0000000100000000)
  eden space 1024K, 100% used [0x00000000eab00000,0x00000000eac00000,0x00000000eac00000)
  from space 512K, 43% used [0x00000000eac80000,0x00000000eacb8000,0x00000000ead00000)
  to   space 512K, 0% used [0x00000000ead00000,0x00000000ead00000,0x00000000ead80000)
 ParOldGen       total 354816K, used 334195K [0x00000000c0000000, 0x00000000d5a80000, 0x00000000eab00000)
  object space 354816K, 94% used [0x00000000c0000000,0x00000000d465cc38,0x00000000d5a80000)
 Metaspace       used 62456K, committed 63872K, reserved 1114112K
  class space    used 6423K, committed 7040K, reserved 1048576K
}
Event: 131.580 GC heap after
{Heap after GC invocations=532 (full 4):
 PSYoungGen      total 1536K, used 192K [0x00000000eab00000, 0x00000000ead80000, 0x0000000100000000)
  eden space 1024K, 0% used [0x00000000eab00000,0x00000000eab00000,0x00000000eac00000)
  from space 512K, 37% used [0x00000000ead00000,0x00000000ead30000,0x00000000ead80000)
  to   space 512K, 0% used [0x00000000eac80000,0x00000000eac80000,0x00000000ead00000)
 ParOldGen       total 354816K, used 334315K [0x00000000c0000000, 0x00000000d5a80000, 0x00000000eab00000)
  object space 354816K, 94% used [0x00000000c0000000,0x00000000d467ac38,0x00000000d5a80000)
 Metaspace       used 62456K, committed 63872K, reserved 1114112K
  class space    used 6423K, committed 7040K, reserved 1048576K
}
Event: 131.606 GC heap before
{Heap before GC invocations=533 (full 4):
 PSYoungGen      total 1536K, used 1216K [0x00000000eab00000, 0x00000000ead80000, 0x0000000100000000)
  eden space 1024K, 100% used [0x00000000eab00000,0x00000000eac00000,0x00000000eac00000)
  from space 512K, 37% used [0x00000000ead00000,0x00000000ead30000,0x00000000ead80000)
  to   space 512K, 0% used [0x00000000eac80000,0x00000000eac80000,0x00000000ead00000)
 ParOldGen       total 354816K, used 334315K [0x00000000c0000000, 0x00000000d5a80000, 0x00000000eab00000)
  object space 354816K, 94% used [0x00000000c0000000,0x00000000d467ac38,0x00000000d5a80000)
 Metaspace       used 62456K, committed 63872K, reserved 1114112K
  class space    used 6423K, committed 7040K, reserved 1048576K
}
Event: 131.608 GC heap after
{Heap after GC invocations=533 (full 4):
 PSYoungGen      total 1536K, used 192K [0x00000000eab00000, 0x00000000ead80000, 0x0000000100000000)
  eden space 1024K, 0% used [0x00000000eab00000,0x00000000eab00000,0x00000000eac00000)
  from space 512K, 37% used [0x00000000eac80000,0x00000000eacb0000,0x00000000ead00000)
  to   space 512K, 0% used [0x00000000ead00000,0x00000000ead00000,0x00000000ead80000)
 ParOldGen       total 354816K, used 334459K [0x00000000c0000000, 0x00000000d5a80000, 0x00000000eab00000)
  object space 354816K, 94% used [0x00000000c0000000,0x00000000d469ec38,0x00000000d5a80000)
 Metaspace       used 62456K, committed 63872K, reserved 1114112K
  class space    used 6423K, committed 7040K, reserved 1048576K
}
Event: 131.630 GC heap before
{Heap before GC invocations=534 (full 4):
 PSYoungGen      total 1536K, used 1216K [0x00000000eab00000, 0x00000000ead80000, 0x0000000100000000)
  eden space 1024K, 100% used [0x00000000eab00000,0x00000000eac00000,0x00000000eac00000)
  from space 512K, 37% used [0x00000000eac80000,0x00000000eacb0000,0x00000000ead00000)
  to   space 512K, 0% used [0x00000000ead00000,0x00000000ead00000,0x00000000ead80000)
 ParOldGen       total 354816K, used 334459K [0x00000000c0000000, 0x00000000d5a80000, 0x00000000eab00000)
  object space 354816K, 94% used [0x00000000c0000000,0x00000000d469ec38,0x00000000d5a80000)
 Metaspace       used 62456K, committed 63872K, reserved 1114112K
  class space    used 6423K, committed 7040K, reserved 1048576K
}
Event: 131.633 GC heap after
{Heap after GC invocations=534 (full 4):
 PSYoungGen      total 1536K, used 192K [0x00000000eab00000, 0x00000000ead80000, 0x0000000100000000)
  eden space 1024K, 0% used [0x00000000eab00000,0x00000000eab00000,0x00000000eac00000)
  from space 512K, 37% used [0x00000000ead00000,0x00000000ead30000,0x00000000ead80000)
  to   space 512K, 0% used [0x00000000eac80000,0x00000000eac80000,0x00000000ead00000)
 ParOldGen       total 354816K, used 334603K [0x00000000c0000000, 0x00000000d5a80000, 0x00000000eab00000)
  object space 354816K, 94% used [0x00000000c0000000,0x00000000d46c2c38,0x00000000d5a80000)
 Metaspace       used 62456K, committed 63872K, reserved 1114112K
  class space    used 6423K, committed 7040K, reserved 1048576K
}
Event: 131.657 GC heap before
{Heap before GC invocations=535 (full 4):
 PSYoungGen      total 1536K, used 1216K [0x00000000eab00000, 0x00000000ead80000, 0x0000000100000000)
  eden space 1024K, 100% used [0x00000000eab00000,0x00000000eac00000,0x00000000eac00000)
  from space 512K, 37% used [0x00000000ead00000,0x00000000ead30000,0x00000000ead80000)
  to   space 512K, 0% used [0x00000000eac80000,0x00000000eac80000,0x00000000ead00000)
 ParOldGen       total 354816K, used 334603K [0x00000000c0000000, 0x00000000d5a80000, 0x00000000eab00000)
  object space 354816K, 94% used [0x00000000c0000000,0x00000000d46c2c38,0x00000000d5a80000)
 Metaspace       used 62456K, committed 63872K, reserved 1114112K
  class space    used 6423K, committed 7040K, reserved 1048576K
}
Event: 131.658 GC heap after
{Heap after GC invocations=535 (full 4):
 PSYoungGen      total 1536K, used 224K [0x00000000eab00000, 0x00000000ead80000, 0x0000000100000000)
  eden space 1024K, 0% used [0x00000000eab00000,0x00000000eab00000,0x00000000eac00000)
  from space 512K, 43% used [0x00000000eac80000,0x00000000eacb8000,0x00000000ead00000)
  to   space 512K, 0% used [0x00000000ead00000,0x00000000ead00000,0x00000000ead80000)
 ParOldGen       total 354816K, used 334747K [0x00000000c0000000, 0x00000000d5a80000, 0x00000000eab00000)
  object space 354816K, 94% used [0x00000000c0000000,0x00000000d46e6c38,0x00000000d5a80000)
 Metaspace       used 62456K, committed 63872K, reserved 1114112K
  class space    used 6423K, committed 7040K, reserved 1048576K
}
Event: 131.700 GC heap before
{Heap before GC invocations=536 (full 4):
 PSYoungGen      total 1536K, used 1248K [0x00000000eab00000, 0x00000000ead80000, 0x0000000100000000)
  eden space 1024K, 100% used [0x00000000eab00000,0x00000000eac00000,0x00000000eac00000)
  from space 512K, 43% used [0x00000000eac80000,0x00000000eacb8000,0x00000000ead00000)
  to   space 512K, 0% used [0x00000000ead00000,0x00000000ead00000,0x00000000ead80000)
 ParOldGen       total 354816K, used 334747K [0x00000000c0000000, 0x00000000d5a80000, 0x00000000eab00000)
  object space 354816K, 94% used [0x00000000c0000000,0x00000000d46e6c38,0x00000000d5a80000)
 Metaspace       used 62456K, committed 63872K, reserved 1114112K
  class space    used 6423K, committed 7040K, reserved 1048576K
}
Event: 131.702 GC heap after
{Heap after GC invocations=536 (full 4):
 PSYoungGen      total 1536K, used 224K [0x00000000eab00000, 0x00000000ead80000, 0x0000000100000000)
  eden space 1024K, 0% used [0x00000000eab00000,0x00000000eab00000,0x00000000eac00000)
  from space 512K, 43% used [0x00000000ead00000,0x00000000ead38000,0x00000000ead80000)
  to   space 512K, 0% used [0x00000000eac80000,0x00000000eac80000,0x00000000ead00000)
 ParOldGen       total 354816K, used 334899K [0x00000000c0000000, 0x00000000d5a80000, 0x00000000eab00000)
  object space 354816K, 94% used [0x00000000c0000000,0x00000000d470cc38,0x00000000d5a80000)
 Metaspace       used 62456K, committed 63872K, reserved 1114112K
  class space    used 6423K, committed 7040K, reserved 1048576K
}
Event: 131.718 GC heap before
{Heap before GC invocations=537 (full 4):
 PSYoungGen      total 1536K, used 1248K [0x00000000eab00000, 0x00000000ead80000, 0x0000000100000000)
  eden space 1024K, 100% used [0x00000000eab00000,0x00000000eac00000,0x00000000eac00000)
  from space 512K, 43% used [0x00000000ead00000,0x00000000ead38000,0x00000000ead80000)
  to   space 512K, 0% used [0x00000000eac80000,0x00000000eac80000,0x00000000ead00000)
 ParOldGen       total 354816K, used 334899K [0x00000000c0000000, 0x00000000d5a80000, 0x00000000eab00000)
  object space 354816K, 94% used [0x00000000c0000000,0x00000000d470cc38,0x00000000d5a80000)
 Metaspace       used 62456K, committed 63872K, reserved 1114112K
  class space    used 6423K, committed 7040K, reserved 1048576K
}
Event: 131.720 GC heap after
{Heap after GC invocations=537 (full 4):
 PSYoungGen      total 1536K, used 160K [0x00000000eab00000, 0x00000000ead80000, 0x0000000100000000)
  eden space 1024K, 0% used [0x00000000eab00000,0x00000000eab00000,0x00000000eac00000)
  from space 512K, 31% used [0x00000000eac80000,0x00000000eaca8000,0x00000000ead00000)
  to   space 512K, 0% used [0x00000000ead00000,0x00000000ead00000,0x00000000ead80000)
 ParOldGen       total 354816K, used 335027K [0x00000000c0000000, 0x00000000d5a80000, 0x00000000eab00000)
  object space 354816K, 94% used [0x00000000c0000000,0x00000000d472cc38,0x00000000d5a80000)
 Metaspace       used 62456K, committed 63872K, reserved 1114112K
  class space    used 6423K, committed 7040K, reserved 1048576K
}
Event: 131.728 GC heap before
{Heap before GC invocations=538 (full 4):
 PSYoungGen      total 1536K, used 1184K [0x00000000eab00000, 0x00000000ead80000, 0x0000000100000000)
  eden space 1024K, 100% used [0x00000000eab00000,0x00000000eac00000,0x00000000eac00000)
  from space 512K, 31% used [0x00000000eac80000,0x00000000eaca8000,0x00000000ead00000)
  to   space 512K, 0% used [0x00000000ead00000,0x00000000ead00000,0x00000000ead80000)
 ParOldGen       total 354816K, used 335027K [0x00000000c0000000, 0x00000000d5a80000, 0x00000000eab00000)
  object space 354816K, 94% used [0x00000000c0000000,0x00000000d472cc38,0x00000000d5a80000)
 Metaspace       used 62456K, committed 63872K, reserved 1114112K
  class space    used 6423K, committed 7040K, reserved 1048576K
}
Event: 131.730 GC heap after
{Heap after GC invocations=538 (full 4):
 PSYoungGen      total 1536K, used 224K [0x00000000eab00000, 0x00000000ead80000, 0x0000000100000000)
  eden space 1024K, 0% used [0x00000000eab00000,0x00000000eab00000,0x00000000eac00000)
  from space 512K, 43% used [0x00000000ead00000,0x00000000ead38000,0x00000000ead80000)
  to   space 512K, 0% used [0x00000000eac80000,0x00000000eac80000,0x00000000ead00000)
 ParOldGen       total 354816K, used 335179K [0x00000000c0000000, 0x00000000d5a80000, 0x00000000eab00000)
  object space 354816K, 94% used [0x00000000c0000000,0x00000000d4752c38,0x00000000d5a80000)
 Metaspace       used 62456K, committed 63872K, reserved 1114112K
  class space    used 6423K, committed 7040K, reserved 1048576K
}

