# JRE version: OpenJDK Runtime Environment (Red_Hat-21.0.1.0+12-3) (21.0.1+12) (build 21.0.1+12-LTS)
# Java VM: OpenJDK 64-Bit Server VM (Red_Hat-21.0.1.0+12-3) (21.0.1+12-LTS, mixed mode, emulated-client, sharing, tiered, compressed oops, compressed class ptrs, g1 gc, windows-amd64)
GC Precious Log:
 CardTable entry size: 512
 Card Set container configuration: InlinePtr #cards 5 size 8 Array Of Cards #cards 12 size 40 Howl #buckets 4 coarsen threshold 1843 Howl Bitmap #cards 512 size 80 coarsen threshold 460 Card regions per heap region 1 cards per card region 2048
 CPUs: 4 total, 4 available
 Memory: 6086M
 Large Page Support: Disabled
 NUMA Support: Disabled
 Compressed Oops: Enabled (32-bit)
 Heap Region Size: 1M
 Heap Min Capacity: 8M
 Heap Initial Capacity: 96M
 Heap Max Capacity: 1522M
 Pre-touch: Disabled
 Parallel Workers: 4
 Concurrent Workers: 1
 Concurrent Refinement Workers: 4
 Periodic GC: Disabled
Heap:
 garbage-first heap   total 48128K, used 31060K [0x00000000a0e00000, 0x0000000100000000)
  region size 1024K, 20 young (20480K), 3 survivors (3072K)
 Metaspace       used 29020K, committed 29504K, reserved 1114112K
  class space    used 4027K, committed 4224K, reserved 1048576K
GC Heap History (10 events):
Event: 2.252 GC heap before
{Heap before GC invocations=0 (full 0):
 garbage-first heap   total 98304K, used 12288K [0x00000000a0e00000, 0x0000000100000000)
  region size 1024K, 13 young (13312K), 0 survivors (0K)
 Metaspace       used 3286K, committed 3456K, reserved 1114112K
  class space    used 412K, committed 448K, reserved 1048576K
}
Event: 2.298 GC heap after
{Heap after GC invocations=1 (full 0):
 garbage-first heap   total 98304K, used 4608K [0x00000000a0e00000, 0x0000000100000000)
  region size 1024K, 2 young (2048K), 2 survivors (2048K)
 Metaspace       used 3286K, committed 3456K, reserved 1114112K
  class space    used 412K, committed 448K, reserved 1048576K
}
Event: 3.266 GC heap before
{Heap before GC invocations=1 (full 0):
 garbage-first heap   total 98304K, used 17920K [0x00000000a0e00000, 0x0000000100000000)
  region size 1024K, 15 young (15360K), 2 survivors (2048K)
 Metaspace       used 6423K, committed 6656K, reserved 1114112K
  class space    used 883K, committed 1024K, reserved 1048576K
}
Event: 3.277 GC heap after
{Heap after GC invocations=2 (full 0):
 garbage-first heap   total 98304K, used 5959K [0x00000000a0e00000, 0x0000000100000000)
  region size 1024K, 2 young (2048K), 2 survivors (2048K)
 Metaspace       used 6423K, committed 6656K, reserved 1114112K
  class space    used 883K, committed 1024K, reserved 1048576K
}
Event: 8.485 GC heap before
{Heap before GC invocations=2 (full 0):
 garbage-first heap   total 98304K, used 36679K [0x00000000a0e00000, 0x0000000100000000)
  region size 1024K, 33 young (33792K), 2 survivors (2048K)
 Metaspace       used 14223K, committed 14528K, reserved 1114112K
  class space    used 1921K, committed 2048K, reserved 1048576K
}
Event: 8.496 GC heap after
{Heap after GC invocations=3 (full 0):
 garbage-first heap   total 98304K, used 8552K [0x00000000a0e00000, 0x0000000100000000)
  region size 1024K, 4 young (4096K), 4 survivors (4096K)
 Metaspace       used 14223K, committed 14528K, reserved 1114112K
  class space    used 1921K, committed 2048K, reserved 1048576K
}
Event: 17.364 GC heap before
{Heap before GC invocations=3 (full 0):
 garbage-first heap   total 98304K, used 54632K [0x00000000a0e00000, 0x0000000100000000)
  region size 1024K, 51 young (52224K), 4 survivors (4096K)
 Metaspace       used 20487K, committed 20928K, reserved 1114112K
  class space    used 2804K, committed 3008K, reserved 1048576K
}
Event: 17.381 GC heap after
{Heap after GC invocations=4 (full 0):
 garbage-first heap   total 98304K, used 12802K [0x00000000a0e00000, 0x0000000100000000)
  region size 1024K, 8 young (8192K), 8 survivors (8192K)
 Metaspace       used 20487K, committed 20928K, reserved 1114112K
  class space    used 2804K, committed 3008K, reserved 1048576K
}
Event: 22.266 GC heap before
{Heap before GC invocations=5 (full 0):
 garbage-first heap   total 48128K, used 33282K [0x00000000a0e00000, 0x0000000100000000)
  region size 1024K, 28 young (28672K), 8 survivors (8192K)
 Metaspace       used 24902K, committed 25344K, reserved 1114112K
  class space    used 3435K, committed 3648K, reserved 1048576K
}
Event: 22.296 GC heap after
{Heap after GC invocations=6 (full 0):
 garbage-first heap   total 48128K, used 15700K [0x00000000a0e00000, 0x0000000100000000)
  region size 1024K, 3 young (3072K), 3 survivors (3072K)
 Metaspace       used 24902K, committed 25344K, reserved 1114112K
  class space    used 3435K, committed 3648K, reserved 1048576K
}

