# JRE version: OpenJDK Runtime Environment Temurin-21.0.6+7 (21.0.6+7) (build 21.0.6+7-LTS)
# Java VM: OpenJDK 64-Bit Server VM Temurin-21.0.6+7 (21.0.6+7-LTS, mixed mode, sharing, tiered, compressed oops, compressed class ptrs, parallel gc, windows-amd64)
GC Precious Log:
 CardTable entry size: 512
 CPUs: 4 total, 4 available
 Memory: 6086M
 Large Page Support: Disabled
 NUMA Support: Disabled
 Compressed Oops: Enabled (32-bit)
 Alignments: Space 512K, Generation 512K, Heap 2M
 Heap Min Capacity: 100M
 Heap Initial Capacity: 100M
 Heap Max Capacity: 1G
 Pre-touch: Disabled
 Parallel Workers: 4
Heap:
 PSYoungGen      total 14848K, used 4488K [0x00000000eab00000, 0x00000000ec200000, 0x0000000100000000)
  eden space 13824K, 26% used [0x00000000eab00000,0x00000000eaea0d40,0x00000000eb880000)
  from space 1024K, 75% used [0x00000000eb880000,0x00000000eb941418,0x00000000eb980000)
  to   space 3584K, 0% used [0x00000000ebe80000,0x00000000ebe80000,0x00000000ec200000)
 ParOldGen       total 68608K, used 45717K [0x00000000c0000000, 0x00000000c4300000, 0x00000000eab00000)
  object space 68608K, 66% used [0x00000000c0000000,0x00000000c2ca55f0,0x00000000c4300000)
 Metaspace       used 51350K, committed 52544K, reserved 1114112K
  class space    used 5412K, committed 5888K, reserved 1048576K
GC Heap History (20 events):
Event: 30.083 GC heap before
{Heap before GC invocations=20 (full 2):
 PSYoungGen      total 24064K, used 24045K [0x00000000eab00000, 0x00000000ec880000, 0x0000000100000000)
  eden space 22016K, 100% used [0x00000000eab00000,0x00000000ec080000,0x00000000ec080000)
  from space 2048K, 99% used [0x00000000ec180000,0x00000000ec37b510,0x00000000ec380000)
  to   space 4096K, 0% used [0x00000000ec480000,0x00000000ec480000,0x00000000ec880000)
 ParOldGen       total 68608K, used 22466K [0x00000000c0000000, 0x00000000c4300000, 0x00000000eab00000)
  object space 68608K, 32% used [0x00000000c0000000,0x00000000c15f0868,0x00000000c4300000)
 Metaspace       used 44651K, committed 45888K, reserved 1114112K
  class space    used 4692K, committed 5248K, reserved 1048576K
}
Event: 30.088 GC heap after
{Heap after GC invocations=20 (full 2):
 PSYoungGen      total 24064K, used 1984K [0x00000000eab00000, 0x00000000ec680000, 0x0000000100000000)
  eden space 22016K, 0% used [0x00000000eab00000,0x00000000eab00000,0x00000000ec080000)
  from space 2048K, 96% used [0x00000000ec480000,0x00000000ec670030,0x00000000ec680000)
  to   space 2560K, 0% used [0x00000000ec180000,0x00000000ec180000,0x00000000ec400000)
 ParOldGen       total 68608K, used 24477K [0x00000000c0000000, 0x00000000c4300000, 0x00000000eab00000)
  object space 68608K, 35% used [0x00000000c0000000,0x00000000c17e7728,0x00000000c4300000)
 Metaspace       used 44651K, committed 45888K, reserved 1114112K
  class space    used 4692K, committed 5248K, reserved 1048576K
}
Event: 32.142 GC heap before
{Heap before GC invocations=21 (full 2):
 PSYoungGen      total 24064K, used 24000K [0x00000000eab00000, 0x00000000ec680000, 0x0000000100000000)
  eden space 22016K, 100% used [0x00000000eab00000,0x00000000ec080000,0x00000000ec080000)
  from space 2048K, 96% used [0x00000000ec480000,0x00000000ec670030,0x00000000ec680000)
  to   space 2560K, 0% used [0x00000000ec180000,0x00000000ec180000,0x00000000ec400000)
 ParOldGen       total 68608K, used 24477K [0x00000000c0000000, 0x00000000c4300000, 0x00000000eab00000)
  object space 68608K, 35% used [0x00000000c0000000,0x00000000c17e7728,0x00000000c4300000)
 Metaspace       used 45728K, committed 46912K, reserved 1114112K
  class space    used 4821K, committed 5376K, reserved 1048576K
}
Event: 32.154 GC heap after
{Heap after GC invocations=21 (full 2):
 PSYoungGen      total 24576K, used 2114K [0x00000000eab00000, 0x00000000ec580000, 0x0000000100000000)
  eden space 22016K, 0% used [0x00000000eab00000,0x00000000eab00000,0x00000000ec080000)
  from space 2560K, 82% used [0x00000000ec180000,0x00000000ec390810,0x00000000ec400000)
  to   space 1536K, 0% used [0x00000000ec400000,0x00000000ec400000,0x00000000ec580000)
 ParOldGen       total 68608K, used 26387K [0x00000000c0000000, 0x00000000c4300000, 0x00000000eab00000)
  object space 68608K, 38% used [0x00000000c0000000,0x00000000c19c4c68,0x00000000c4300000)
 Metaspace       used 45728K, committed 46912K, reserved 1114112K
  class space    used 4821K, committed 5376K, reserved 1048576K
}
Event: 32.623 GC heap before
{Heap before GC invocations=22 (full 2):
 PSYoungGen      total 24576K, used 24130K [0x00000000eab00000, 0x00000000ec580000, 0x0000000100000000)
  eden space 22016K, 100% used [0x00000000eab00000,0x00000000ec080000,0x00000000ec080000)
  from space 2560K, 82% used [0x00000000ec180000,0x00000000ec390810,0x00000000ec400000)
  to   space 1536K, 0% used [0x00000000ec400000,0x00000000ec400000,0x00000000ec580000)
 ParOldGen       total 68608K, used 26387K [0x00000000c0000000, 0x00000000c4300000, 0x00000000eab00000)
  object space 68608K, 38% used [0x00000000c0000000,0x00000000c19c4c68,0x00000000c4300000)
 Metaspace       used 45921K, committed 47168K, reserved 1114112K
  class space    used 4843K, committed 5376K, reserved 1048576K
}
Event: 32.632 GC heap after
{Heap after GC invocations=22 (full 2):
 PSYoungGen      total 22528K, used 1504K [0x00000000eab00000, 0x00000000ec980000, 0x0000000100000000)
  eden space 20992K, 0% used [0x00000000eab00000,0x00000000eab00000,0x00000000ebf80000)
  from space 1536K, 97% used [0x00000000ec400000,0x00000000ec578010,0x00000000ec580000)
  to   space 4608K, 0% used [0x00000000ebf80000,0x00000000ebf80000,0x00000000ec400000)
 ParOldGen       total 68608K, used 28961K [0x00000000c0000000, 0x00000000c4300000, 0x00000000eab00000)
  object space 68608K, 42% used [0x00000000c0000000,0x00000000c1c48538,0x00000000c4300000)
 Metaspace       used 45921K, committed 47168K, reserved 1114112K
  class space    used 4843K, committed 5376K, reserved 1048576K
}
Event: 32.905 GC heap before
{Heap before GC invocations=23 (full 2):
 PSYoungGen      total 22528K, used 22496K [0x00000000eab00000, 0x00000000ec980000, 0x0000000100000000)
  eden space 20992K, 100% used [0x00000000eab00000,0x00000000ebf80000,0x00000000ebf80000)
  from space 1536K, 97% used [0x00000000ec400000,0x00000000ec578010,0x00000000ec580000)
  to   space 4608K, 0% used [0x00000000ebf80000,0x00000000ebf80000,0x00000000ec400000)
 ParOldGen       total 68608K, used 28961K [0x00000000c0000000, 0x00000000c4300000, 0x00000000eab00000)
  object space 68608K, 42% used [0x00000000c0000000,0x00000000c1c48538,0x00000000c4300000)
 Metaspace       used 46182K, committed 47488K, reserved 1114112K
  class space    used 4875K, committed 5440K, reserved 1048576K
}
Event: 32.910 GC heap after
{Heap after GC invocations=23 (full 2):
 PSYoungGen      total 23040K, used 1920K [0x00000000eab00000, 0x00000000ec580000, 0x0000000100000000)
  eden space 20992K, 0% used [0x00000000eab00000,0x00000000eab00000,0x00000000ebf80000)
  from space 2048K, 93% used [0x00000000ebf80000,0x00000000ec160000,0x00000000ec180000)
  to   space 3072K, 0% used [0x00000000ec280000,0x00000000ec280000,0x00000000ec580000)
 ParOldGen       total 68608K, used 30461K [0x00000000c0000000, 0x00000000c4300000, 0x00000000eab00000)
  object space 68608K, 44% used [0x00000000c0000000,0x00000000c1dbf558,0x00000000c4300000)
 Metaspace       used 46182K, committed 47488K, reserved 1114112K
  class space    used 4875K, committed 5440K, reserved 1048576K
}
Event: 33.122 GC heap before
{Heap before GC invocations=24 (full 2):
 PSYoungGen      total 23040K, used 22912K [0x00000000eab00000, 0x00000000ec580000, 0x0000000100000000)
  eden space 20992K, 100% used [0x00000000eab00000,0x00000000ebf80000,0x00000000ebf80000)
  from space 2048K, 93% used [0x00000000ebf80000,0x00000000ec160000,0x00000000ec180000)
  to   space 3072K, 0% used [0x00000000ec280000,0x00000000ec280000,0x00000000ec580000)
 ParOldGen       total 68608K, used 30461K [0x00000000c0000000, 0x00000000c4300000, 0x00000000eab00000)
  object space 68608K, 44% used [0x00000000c0000000,0x00000000c1dbf558,0x00000000c4300000)
 Metaspace       used 46392K, committed 47616K, reserved 1114112K
  class space    used 4899K, committed 5440K, reserved 1048576K
}
Event: 33.131 GC heap after
{Heap after GC invocations=24 (full 2):
 PSYoungGen      total 23040K, used 1981K [0x00000000eab00000, 0x00000000ec480000, 0x0000000100000000)
  eden space 20992K, 0% used [0x00000000eab00000,0x00000000eab00000,0x00000000ebf80000)
  from space 2048K, 96% used [0x00000000ec280000,0x00000000ec46f580,0x00000000ec480000)
  to   space 2560K, 0% used [0x00000000ebf80000,0x00000000ebf80000,0x00000000ec200000)
 ParOldGen       total 68608K, used 32237K [0x00000000c0000000, 0x00000000c4300000, 0x00000000eab00000)
  object space 68608K, 46% used [0x00000000c0000000,0x00000000c1f7b778,0x00000000c4300000)
 Metaspace       used 46392K, committed 47616K, reserved 1114112K
  class space    used 4899K, committed 5440K, reserved 1048576K
}
Event: 33.452 GC heap before
{Heap before GC invocations=25 (full 2):
 PSYoungGen      total 23040K, used 22973K [0x00000000eab00000, 0x00000000ec480000, 0x0000000100000000)
  eden space 20992K, 100% used [0x00000000eab00000,0x00000000ebf80000,0x00000000ebf80000)
  from space 2048K, 96% used [0x00000000ec280000,0x00000000ec46f580,0x00000000ec480000)
  to   space 2560K, 0% used [0x00000000ebf80000,0x00000000ebf80000,0x00000000ec200000)
 ParOldGen       total 68608K, used 32237K [0x00000000c0000000, 0x00000000c4300000, 0x00000000eab00000)
  object space 68608K, 46% used [0x00000000c0000000,0x00000000c1f7b778,0x00000000c4300000)
 Metaspace       used 46426K, committed 47680K, reserved 1114112K
  class space    used 4902K, committed 5440K, reserved 1048576K
}
Event: 33.458 GC heap after
{Heap after GC invocations=25 (full 2):
 PSYoungGen      total 23040K, used 2016K [0x00000000eab00000, 0x00000000ec380000, 0x0000000100000000)
  eden space 20992K, 0% used [0x00000000eab00000,0x00000000eab00000,0x00000000ebf80000)
  from space 2048K, 98% used [0x00000000ebf80000,0x00000000ec178010,0x00000000ec180000)
  to   space 2048K, 0% used [0x00000000ec180000,0x00000000ec180000,0x00000000ec380000)
 ParOldGen       total 68608K, used 34135K [0x00000000c0000000, 0x00000000c4300000, 0x00000000eab00000)
  object space 68608K, 49% used [0x00000000c0000000,0x00000000c2155df8,0x00000000c4300000)
 Metaspace       used 46426K, committed 47680K, reserved 1114112K
  class space    used 4902K, committed 5440K, reserved 1048576K
}
Event: 33.717 GC heap before
{Heap before GC invocations=26 (full 2):
 PSYoungGen      total 23040K, used 23008K [0x00000000eab00000, 0x00000000ec380000, 0x0000000100000000)
  eden space 20992K, 100% used [0x00000000eab00000,0x00000000ebf80000,0x00000000ebf80000)
  from space 2048K, 98% used [0x00000000ebf80000,0x00000000ec178010,0x00000000ec180000)
  to   space 2048K, 0% used [0x00000000ec180000,0x00000000ec180000,0x00000000ec380000)
 ParOldGen       total 68608K, used 34135K [0x00000000c0000000, 0x00000000c4300000, 0x00000000eab00000)
  object space 68608K, 49% used [0x00000000c0000000,0x00000000c2155df8,0x00000000c4300000)
 Metaspace       used 46452K, committed 47680K, reserved 1114112K
  class space    used 4902K, committed 5440K, reserved 1048576K
}
Event: 33.722 GC heap after
{Heap after GC invocations=26 (full 2):
 PSYoungGen      total 23040K, used 1728K [0x00000000eab00000, 0x00000000ec380000, 0x0000000100000000)
  eden space 20992K, 0% used [0x00000000eab00000,0x00000000eab00000,0x00000000ebf80000)
  from space 2048K, 84% used [0x00000000ec180000,0x00000000ec330000,0x00000000ec380000)
  to   space 2048K, 0% used [0x00000000ebf80000,0x00000000ebf80000,0x00000000ec180000)
 ParOldGen       total 68608K, used 36119K [0x00000000c0000000, 0x00000000c4300000, 0x00000000eab00000)
  object space 68608K, 52% used [0x00000000c0000000,0x00000000c2345e08,0x00000000c4300000)
 Metaspace       used 46452K, committed 47680K, reserved 1114112K
  class space    used 4902K, committed 5440K, reserved 1048576K
}
Event: 34.972 GC heap before
{Heap before GC invocations=27 (full 2):
 PSYoungGen      total 23040K, used 22719K [0x00000000eab00000, 0x00000000ec380000, 0x0000000100000000)
  eden space 20992K, 99% used [0x00000000eab00000,0x00000000ebf7fc18,0x00000000ebf80000)
  from space 2048K, 84% used [0x00000000ec180000,0x00000000ec330000,0x00000000ec380000)
  to   space 2048K, 0% used [0x00000000ebf80000,0x00000000ebf80000,0x00000000ec180000)
 ParOldGen       total 68608K, used 36119K [0x00000000c0000000, 0x00000000c4300000, 0x00000000eab00000)
  object space 68608K, 52% used [0x00000000c0000000,0x00000000c2345e08,0x00000000c4300000)
 Metaspace       used 47531K, committed 48704K, reserved 1114112K
  class space    used 5005K, committed 5504K, reserved 1048576K
}
Event: 34.977 GC heap after
{Heap after GC invocations=27 (full 2):
 PSYoungGen      total 23040K, used 1709K [0x00000000eab00000, 0x00000000ec380000, 0x0000000100000000)
  eden space 20992K, 0% used [0x00000000eab00000,0x00000000eab00000,0x00000000ebf80000)
  from space 2048K, 83% used [0x00000000ebf80000,0x00000000ec12b510,0x00000000ec180000)
  to   space 2048K, 0% used [0x00000000ec180000,0x00000000ec180000,0x00000000ec380000)
 ParOldGen       total 68608K, used 37824K [0x00000000c0000000, 0x00000000c4300000, 0x00000000eab00000)
  object space 68608K, 55% used [0x00000000c0000000,0x00000000c24f0008,0x00000000c4300000)
 Metaspace       used 47531K, committed 48704K, reserved 1114112K
  class space    used 5005K, committed 5504K, reserved 1048576K
}
Event: 36.409 GC heap before
{Heap before GC invocations=28 (full 2):
 PSYoungGen      total 23040K, used 22701K [0x00000000eab00000, 0x00000000ec380000, 0x0000000100000000)
  eden space 20992K, 100% used [0x00000000eab00000,0x00000000ebf80000,0x00000000ebf80000)
  from space 2048K, 83% used [0x00000000ebf80000,0x00000000ec12b510,0x00000000ec180000)
  to   space 2048K, 0% used [0x00000000ec180000,0x00000000ec180000,0x00000000ec380000)
 ParOldGen       total 68608K, used 37824K [0x00000000c0000000, 0x00000000c4300000, 0x00000000eab00000)
  object space 68608K, 55% used [0x00000000c0000000,0x00000000c24f0008,0x00000000c4300000)
 Metaspace       used 49064K, committed 50240K, reserved 1114112K
  class space    used 5143K, committed 5632K, reserved 1048576K
}
Event: 36.423 GC heap after
{Heap after GC invocations=28 (full 2):
 PSYoungGen      total 15872K, used 2025K [0x00000000eab00000, 0x00000000ed180000, 0x0000000100000000)
  eden space 13824K, 0% used [0x00000000eab00000,0x00000000eab00000,0x00000000eb880000)
  from space 2048K, 98% used [0x00000000ec180000,0x00000000ec37a668,0x00000000ec380000)
  to   space 9216K, 0% used [0x00000000eb880000,0x00000000eb880000,0x00000000ec180000)
 ParOldGen       total 68608K, used 43777K [0x00000000c0000000, 0x00000000c4300000, 0x00000000eab00000)
  object space 68608K, 63% used [0x00000000c0000000,0x00000000c2ac0440,0x00000000c4300000)
 Metaspace       used 49064K, committed 50240K, reserved 1114112K
  class space    used 5143K, committed 5632K, reserved 1048576K
}
Event: 38.676 GC heap before
{Heap before GC invocations=29 (full 2):
 PSYoungGen      total 15872K, used 15849K [0x00000000eab00000, 0x00000000ed180000, 0x0000000100000000)
  eden space 13824K, 100% used [0x00000000eab00000,0x00000000eb880000,0x00000000eb880000)
  from space 2048K, 98% used [0x00000000ec180000,0x00000000ec37a668,0x00000000ec380000)
  to   space 9216K, 0% used [0x00000000eb880000,0x00000000eb880000,0x00000000ec180000)
 ParOldGen       total 68608K, used 43777K [0x00000000c0000000, 0x00000000c4300000, 0x00000000eab00000)
  object space 68608K, 63% used [0x00000000c0000000,0x00000000c2ac0440,0x00000000c4300000)
 Metaspace       used 50909K, committed 52032K, reserved 1114112K
  class space    used 5353K, committed 5824K, reserved 1048576K
}
Event: 38.684 GC heap after
{Heap after GC invocations=29 (full 2):
 PSYoungGen      total 14848K, used 773K [0x00000000eab00000, 0x00000000ec200000, 0x0000000100000000)
  eden space 13824K, 0% used [0x00000000eab00000,0x00000000eab00000,0x00000000eb880000)
  from space 1024K, 75% used [0x00000000eb880000,0x00000000eb941418,0x00000000eb980000)
  to   space 3584K, 0% used [0x00000000ebe80000,0x00000000ebe80000,0x00000000ec200000)
 ParOldGen       total 68608K, used 45717K [0x00000000c0000000, 0x00000000c4300000, 0x00000000eab00000)
  object space 68608K, 66% used [0x00000000c0000000,0x00000000c2ca55f0,0x00000000c4300000)
 Metaspace       used 50909K, committed 52032K, reserved 1114112K
  class space    used 5353K, committed 5824K, reserved 1048576K
}

