# JRE version: OpenJDK Runtime Environment Temurin-21.0.6+7 (21.0.6+7) (build 21.0.6+7-LTS)
# Java VM: OpenJDK 64-Bit Server VM Temurin-21.0.6+7 (21.0.6+7-LTS, mixed mode, sharing, tiered, compressed oops, compressed class ptrs, parallel gc, windows-amd64)
GC Precious Log:
 CardTable entry size: 512
 CPUs: 4 total, 4 available
 Memory: 6086M
 Large Page Support: Disabled
 NUMA Support: Disabled
 Compressed Oops: Enabled (32-bit)
 Alignments: Space 512K, Generation 512K, Heap 2M
 Heap Min Capacity: 100M
 Heap Initial Capacity: 100M
 Heap Max Capacity: 1G
 Pre-touch: Disabled
 Parallel Workers: 4
Heap:
 PSYoungGen      total 5120K, used 4519K [0x00000000eab00000, 0x00000000eb400000, 0x0000000100000000)
  eden space 4608K, 90% used [0x00000000eab00000,0x00000000eaf11ed8,0x00000000eaf80000)
  from space 512K, 68% used [0x00000000eb300000,0x00000000eb358000,0x00000000eb380000)
  to   space 512K, 0% used [0x00000000eb380000,0x00000000eb380000,0x00000000eb400000)
 ParOldGen       total 301056K, used 300961K [0x00000000c0000000, 0x00000000d2600000, 0x00000000eab00000)
  object space 301056K, 99% used [0x00000000c0000000,0x00000000d25e86d8,0x00000000d2600000)
 Metaspace       used 70407K, committed 72000K, reserved 1114112K
  class space    used 7175K, committed 7872K, reserved 1048576K
GC Heap History (20 events):
Event: 114.734 GC heap before
{Heap before GC invocations=1181 (full 4):
 PSYoungGen      total 6656K, used 6643K [0x00000000eab00000, 0x00000000eb980000, 0x0000000100000000)
  eden space 4608K, 100% used [0x00000000eab00000,0x00000000eaf80000,0x00000000eaf80000)
  from space 2048K, 99% used [0x00000000eaf80000,0x00000000eb17cd90,0x00000000eb180000)
  to   space 5120K, 0% used [0x00000000eb480000,0x00000000eb480000,0x00000000eb980000)
 ParOldGen       total 294912K, used 294843K [0x00000000c0000000, 0x00000000d2000000, 0x00000000eab00000)
  object space 294912K, 99% used [0x00000000c0000000,0x00000000d1feee68,0x00000000d2000000)
 Metaspace       used 69394K, committed 71104K, reserved 1114112K
  class space    used 7130K, committed 7872K, reserved 1048576K
}
Event: 114.738 GC heap after
{Heap after GC invocations=1181 (full 4):
 PSYoungGen      total 5632K, used 768K [0x00000000eab00000, 0x00000000eb580000, 0x0000000100000000)
  eden space 4608K, 0% used [0x00000000eab00000,0x00000000eab00000,0x00000000eaf80000)
  from space 1024K, 75% used [0x00000000eb480000,0x00000000eb540000,0x00000000eb580000)
  to   space 2048K, 0% used [0x00000000eb180000,0x00000000eb180000,0x00000000eb380000)
 ParOldGen       total 294912K, used 294891K [0x00000000c0000000, 0x00000000d2000000, 0x00000000eab00000)
  object space 294912K, 99% used [0x00000000c0000000,0x00000000d1ffae68,0x00000000d2000000)
 Metaspace       used 69394K, committed 71104K, reserved 1114112K
  class space    used 7130K, committed 7872K, reserved 1048576K
}
Event: 118.157 GC heap before
{Heap before GC invocations=1182 (full 4):
 PSYoungGen      total 5632K, used 5376K [0x00000000eab00000, 0x00000000eb580000, 0x0000000100000000)
  eden space 4608K, 100% used [0x00000000eab00000,0x00000000eaf80000,0x00000000eaf80000)
  from space 1024K, 75% used [0x00000000eb480000,0x00000000eb540000,0x00000000eb580000)
  to   space 2048K, 0% used [0x00000000eb180000,0x00000000eb180000,0x00000000eb380000)
 ParOldGen       total 294912K, used 294891K [0x00000000c0000000, 0x00000000d2000000, 0x00000000eab00000)
  object space 294912K, 99% used [0x00000000c0000000,0x00000000d1ffae68,0x00000000d2000000)
 Metaspace       used 69556K, committed 71232K, reserved 1114112K
  class space    used 7149K, committed 7872K, reserved 1048576K
}
Event: 118.161 GC heap after
{Heap after GC invocations=1182 (full 4):
 PSYoungGen      total 6656K, used 340K [0x00000000eab00000, 0x00000000eb500000, 0x0000000100000000)
  eden space 4608K, 0% used [0x00000000eab00000,0x00000000eab00000,0x00000000eaf80000)
  from space 2048K, 16% used [0x00000000eb180000,0x00000000eb1d5200,0x00000000eb380000)
  to   space 1024K, 0% used [0x00000000eb400000,0x00000000eb400000,0x00000000eb500000)
 ParOldGen       total 295936K, used 295611K [0x00000000c0000000, 0x00000000d2100000, 0x00000000eab00000)
  object space 295936K, 99% used [0x00000000c0000000,0x00000000d20aee68,0x00000000d2100000)
 Metaspace       used 69556K, committed 71232K, reserved 1114112K
  class space    used 7149K, committed 7872K, reserved 1048576K
}
Event: 118.753 GC heap before
{Heap before GC invocations=1183 (full 4):
 PSYoungGen      total 6656K, used 4948K [0x00000000eab00000, 0x00000000eb500000, 0x0000000100000000)
  eden space 4608K, 99% used [0x00000000eab00000,0x00000000eaf7fff8,0x00000000eaf80000)
  from space 2048K, 16% used [0x00000000eb180000,0x00000000eb1d5200,0x00000000eb380000)
  to   space 1024K, 0% used [0x00000000eb400000,0x00000000eb400000,0x00000000eb500000)
 ParOldGen       total 295936K, used 295611K [0x00000000c0000000, 0x00000000d2100000, 0x00000000eab00000)
  object space 295936K, 99% used [0x00000000c0000000,0x00000000d20aee68,0x00000000d2100000)
 Metaspace       used 69593K, committed 71232K, reserved 1114112K
  class space    used 7150K, committed 7872K, reserved 1048576K
}
Event: 118.759 GC heap after
{Heap after GC invocations=1183 (full 4):
 PSYoungGen      total 5632K, used 1011K [0x00000000eab00000, 0x00000000eb500000, 0x0000000100000000)
  eden space 4608K, 0% used [0x00000000eab00000,0x00000000eab00000,0x00000000eaf80000)
  from space 1024K, 98% used [0x00000000eb400000,0x00000000eb4fce18,0x00000000eb500000)
  to   space 1536K, 0% used [0x00000000eb200000,0x00000000eb200000,0x00000000eb380000)
 ParOldGen       total 295936K, used 295883K [0x00000000c0000000, 0x00000000d2100000, 0x00000000eab00000)
  object space 295936K, 99% used [0x00000000c0000000,0x00000000d20f2ee8,0x00000000d2100000)
 Metaspace       used 69593K, committed 71232K, reserved 1114112K
  class space    used 7150K, committed 7872K, reserved 1048576K
}
Event: 119.149 GC heap before
{Heap before GC invocations=1184 (full 4):
 PSYoungGen      total 5632K, used 5619K [0x00000000eab00000, 0x00000000eb500000, 0x0000000100000000)
  eden space 4608K, 100% used [0x00000000eab00000,0x00000000eaf80000,0x00000000eaf80000)
  from space 1024K, 98% used [0x00000000eb400000,0x00000000eb4fce18,0x00000000eb500000)
  to   space 1536K, 0% used [0x00000000eb200000,0x00000000eb200000,0x00000000eb380000)
 ParOldGen       total 295936K, used 295883K [0x00000000c0000000, 0x00000000d2100000, 0x00000000eab00000)
  object space 295936K, 99% used [0x00000000c0000000,0x00000000d20f2ee8,0x00000000d2100000)
 Metaspace       used 69700K, committed 71360K, reserved 1114112K
  class space    used 7150K, committed 7872K, reserved 1048576K
}
Event: 119.158 GC heap after
{Heap after GC invocations=1184 (full 4):
 PSYoungGen      total 6144K, used 1312K [0x00000000eab00000, 0x00000000eb480000, 0x0000000100000000)
  eden space 4608K, 0% used [0x00000000eab00000,0x00000000eab00000,0x00000000eaf80000)
  from space 1536K, 85% used [0x00000000eb200000,0x00000000eb348000,0x00000000eb380000)
  to   space 1024K, 0% used [0x00000000eb380000,0x00000000eb380000,0x00000000eb480000)
 ParOldGen       total 296960K, used 296860K [0x00000000c0000000, 0x00000000d2200000, 0x00000000eab00000)
  object space 296960K, 99% used [0x00000000c0000000,0x00000000d21e7270,0x00000000d2200000)
 Metaspace       used 69700K, committed 71360K, reserved 1114112K
  class space    used 7150K, committed 7872K, reserved 1048576K
}
Event: 119.699 GC heap before
{Heap before GC invocations=1185 (full 4):
 PSYoungGen      total 6144K, used 5920K [0x00000000eab00000, 0x00000000eb480000, 0x0000000100000000)
  eden space 4608K, 100% used [0x00000000eab00000,0x00000000eaf80000,0x00000000eaf80000)
  from space 1536K, 85% used [0x00000000eb200000,0x00000000eb348000,0x00000000eb380000)
  to   space 1024K, 0% used [0x00000000eb380000,0x00000000eb380000,0x00000000eb480000)
 ParOldGen       total 296960K, used 296860K [0x00000000c0000000, 0x00000000d2200000, 0x00000000eab00000)
  object space 296960K, 99% used [0x00000000c0000000,0x00000000d21e7270,0x00000000d2200000)
 Metaspace       used 69986K, committed 71680K, reserved 1114112K
  class space    used 7156K, committed 7872K, reserved 1048576K
}
Event: 119.704 GC heap after
{Heap after GC invocations=1185 (full 4):
 PSYoungGen      total 5632K, used 768K [0x00000000eab00000, 0x00000000eb480000, 0x0000000100000000)
  eden space 4608K, 0% used [0x00000000eab00000,0x00000000eab00000,0x00000000eaf80000)
  from space 1024K, 75% used [0x00000000eb380000,0x00000000eb440000,0x00000000eb480000)
  to   space 1024K, 0% used [0x00000000eb280000,0x00000000eb280000,0x00000000eb380000)
 ParOldGen       total 298496K, used 298084K [0x00000000c0000000, 0x00000000d2380000, 0x00000000eab00000)
  object space 298496K, 99% used [0x00000000c0000000,0x00000000d23190d8,0x00000000d2380000)
 Metaspace       used 69986K, committed 71680K, reserved 1114112K
  class space    used 7156K, committed 7872K, reserved 1048576K
}
Event: 120.110 GC heap before
{Heap before GC invocations=1186 (full 4):
 PSYoungGen      total 5632K, used 5376K [0x00000000eab00000, 0x00000000eb480000, 0x0000000100000000)
  eden space 4608K, 100% used [0x00000000eab00000,0x00000000eaf80000,0x00000000eaf80000)
  from space 1024K, 75% used [0x00000000eb380000,0x00000000eb440000,0x00000000eb480000)
  to   space 1024K, 0% used [0x00000000eb280000,0x00000000eb280000,0x00000000eb380000)
 ParOldGen       total 298496K, used 298084K [0x00000000c0000000, 0x00000000d2380000, 0x00000000eab00000)
  object space 298496K, 99% used [0x00000000c0000000,0x00000000d23190d8,0x00000000d2380000)
 Metaspace       used 70113K, committed 71744K, reserved 1114112K
  class space    used 7162K, committed 7872K, reserved 1048576K
}
Event: 120.115 GC heap after
{Heap after GC invocations=1186 (full 4):
 PSYoungGen      total 5632K, used 1024K [0x00000000eab00000, 0x00000000eb400000, 0x0000000100000000)
  eden space 4608K, 0% used [0x00000000eab00000,0x00000000eab00000,0x00000000eaf80000)
  from space 1024K, 100% used [0x00000000eb280000,0x00000000eb380000,0x00000000eb380000)
  to   space 512K, 0% used [0x00000000eb380000,0x00000000eb380000,0x00000000eb400000)
 ParOldGen       total 299008K, used 298803K [0x00000000c0000000, 0x00000000d2400000, 0x00000000eab00000)
  object space 299008K, 99% used [0x00000000c0000000,0x00000000d23ccce8,0x00000000d2400000)
 Metaspace       used 70113K, committed 71744K, reserved 1114112K
  class space    used 7162K, committed 7872K, reserved 1048576K
}
Event: 120.694 GC heap before
{Heap before GC invocations=1187 (full 4):
 PSYoungGen      total 5632K, used 4220K [0x00000000eab00000, 0x00000000eb400000, 0x0000000100000000)
  eden space 4608K, 69% used [0x00000000eab00000,0x00000000eae1f308,0x00000000eaf80000)
  from space 1024K, 100% used [0x00000000eb280000,0x00000000eb380000,0x00000000eb380000)
  to   space 512K, 0% used [0x00000000eb380000,0x00000000eb380000,0x00000000eb400000)
 ParOldGen       total 299008K, used 298803K [0x00000000c0000000, 0x00000000d2400000, 0x00000000eab00000)
  object space 299008K, 99% used [0x00000000c0000000,0x00000000d23ccce8,0x00000000d2400000)
 Metaspace       used 70164K, committed 71808K, reserved 1114112K
  class space    used 7164K, committed 7872K, reserved 1048576K
}
Event: 120.702 GC heap after
{Heap after GC invocations=1187 (full 4):
 PSYoungGen      total 5120K, used 384K [0x00000000eab00000, 0x00000000eb400000, 0x0000000100000000)
  eden space 4608K, 0% used [0x00000000eab00000,0x00000000eab00000,0x00000000eaf80000)
  from space 512K, 75% used [0x00000000eb380000,0x00000000eb3e0000,0x00000000eb400000)
  to   space 1024K, 0% used [0x00000000eb200000,0x00000000eb200000,0x00000000eb300000)
 ParOldGen       total 300032K, used 299820K [0x00000000c0000000, 0x00000000d2500000, 0x00000000eab00000)
  object space 300032K, 99% used [0x00000000c0000000,0x00000000d24cb2f8,0x00000000d2500000)
 Metaspace       used 70164K, committed 71808K, reserved 1114112K
  class space    used 7164K, committed 7872K, reserved 1048576K
}
Event: 120.937 GC heap before
{Heap before GC invocations=1188 (full 4):
 PSYoungGen      total 5120K, used 4992K [0x00000000eab00000, 0x00000000eb400000, 0x0000000100000000)
  eden space 4608K, 100% used [0x00000000eab00000,0x00000000eaf80000,0x00000000eaf80000)
  from space 512K, 75% used [0x00000000eb380000,0x00000000eb3e0000,0x00000000eb400000)
  to   space 1024K, 0% used [0x00000000eb200000,0x00000000eb200000,0x00000000eb300000)
 ParOldGen       total 300032K, used 299820K [0x00000000c0000000, 0x00000000d2500000, 0x00000000eab00000)
  object space 300032K, 99% used [0x00000000c0000000,0x00000000d24cb2f8,0x00000000d2500000)
 Metaspace       used 70242K, committed 71872K, reserved 1114112K
  class space    used 7165K, committed 7872K, reserved 1048576K
}
Event: 120.940 GC heap after
{Heap after GC invocations=1188 (full 4):
 PSYoungGen      total 5632K, used 381K [0x00000000eab00000, 0x00000000eb400000, 0x0000000100000000)
  eden space 4608K, 0% used [0x00000000eab00000,0x00000000eab00000,0x00000000eaf80000)
  from space 1024K, 37% used [0x00000000eb200000,0x00000000eb25f7a0,0x00000000eb300000)
  to   space 512K, 0% used [0x00000000eb380000,0x00000000eb380000,0x00000000eb400000)
 ParOldGen       total 300544K, used 300041K [0x00000000c0000000, 0x00000000d2580000, 0x00000000eab00000)
  object space 300544K, 99% used [0x00000000c0000000,0x00000000d2502478,0x00000000d2580000)
 Metaspace       used 70242K, committed 71872K, reserved 1114112K
  class space    used 7165K, committed 7872K, reserved 1048576K
}
Event: 121.323 GC heap before
{Heap before GC invocations=1189 (full 4):
 PSYoungGen      total 5632K, used 4989K [0x00000000eab00000, 0x00000000eb400000, 0x0000000100000000)
  eden space 4608K, 100% used [0x00000000eab00000,0x00000000eaf80000,0x00000000eaf80000)
  from space 1024K, 37% used [0x00000000eb200000,0x00000000eb25f7a0,0x00000000eb300000)
  to   space 512K, 0% used [0x00000000eb380000,0x00000000eb380000,0x00000000eb400000)
 ParOldGen       total 300544K, used 300041K [0x00000000c0000000, 0x00000000d2580000, 0x00000000eab00000)
  object space 300544K, 99% used [0x00000000c0000000,0x00000000d2502478,0x00000000d2580000)
 Metaspace       used 70287K, committed 71936K, reserved 1114112K
  class space    used 7167K, committed 7872K, reserved 1048576K
}
Event: 121.326 GC heap after
{Heap after GC invocations=1189 (full 4):
 PSYoungGen      total 5120K, used 256K [0x00000000eab00000, 0x00000000eb400000, 0x0000000100000000)
  eden space 4608K, 0% used [0x00000000eab00000,0x00000000eab00000,0x00000000eaf80000)
  from space 512K, 50% used [0x00000000eb380000,0x00000000eb3c0000,0x00000000eb400000)
  to   space 512K, 0% used [0x00000000eb300000,0x00000000eb300000,0x00000000eb380000)
 ParOldGen       total 300544K, used 300335K [0x00000000c0000000, 0x00000000d2580000, 0x00000000eab00000)
  object space 300544K, 99% used [0x00000000c0000000,0x00000000d254bc18,0x00000000d2580000)
 Metaspace       used 70287K, committed 71936K, reserved 1114112K
  class space    used 7167K, committed 7872K, reserved 1048576K
}
Event: 121.957 GC heap before
{Heap before GC invocations=1190 (full 4):
 PSYoungGen      total 5120K, used 4864K [0x00000000eab00000, 0x00000000eb400000, 0x0000000100000000)
  eden space 4608K, 100% used [0x00000000eab00000,0x00000000eaf80000,0x00000000eaf80000)
  from space 512K, 50% used [0x00000000eb380000,0x00000000eb3c0000,0x00000000eb400000)
  to   space 512K, 0% used [0x00000000eb300000,0x00000000eb300000,0x00000000eb380000)
 ParOldGen       total 300544K, used 300335K [0x00000000c0000000, 0x00000000d2580000, 0x00000000eab00000)
  object space 300544K, 99% used [0x00000000c0000000,0x00000000d254bc18,0x00000000d2580000)
 Metaspace       used 70373K, committed 72000K, reserved 1114112K
  class space    used 7171K, committed 7872K, reserved 1048576K
}
Event: 121.960 GC heap after
{Heap after GC invocations=1190 (full 4):
 PSYoungGen      total 5120K, used 352K [0x00000000eab00000, 0x00000000eb400000, 0x0000000100000000)
  eden space 4608K, 0% used [0x00000000eab00000,0x00000000eab00000,0x00000000eaf80000)
  from space 512K, 68% used [0x00000000eb300000,0x00000000eb358000,0x00000000eb380000)
  to   space 512K, 0% used [0x00000000eb380000,0x00000000eb380000,0x00000000eb400000)
 ParOldGen       total 301056K, used 300961K [0x00000000c0000000, 0x00000000d2600000, 0x00000000eab00000)
  object space 301056K, 99% used [0x00000000c0000000,0x00000000d25e86d8,0x00000000d2600000)
 Metaspace       used 70373K, committed 72000K, reserved 1114112K
  class space    used 7171K, committed 7872K, reserved 1048576K
}

