# JRE version: OpenJDK Runtime Environment Temurin-21.0.6+7 (21.0.6+7) (build 21.0.6+7-LTS)
# Java VM: OpenJDK 64-Bit Server VM Temurin-21.0.6+7 (21.0.6+7-LTS, mixed mode, sharing, tiered, compressed oops, compressed class ptrs, parallel gc, windows-amd64)
GC Precious Log:
 CardTable entry size: 512
 CPUs: 4 total, 4 available
 Memory: 6086M
 Large Page Support: Disabled
 NUMA Support: Disabled
 Compressed Oops: Enabled (32-bit)
 Alignments: Space 512K, Generation 512K, Heap 2M
 Heap Min Capacity: 100M
 Heap Initial Capacity: 100M
 Heap Max Capacity: 1G
 Pre-touch: Disabled
 Parallel Workers: 4
Heap:
 PSYoungGen      total 21504K, used 11611K [0x00000000eab00000, 0x00000000ec480000, 0x0000000100000000)
  eden space 19456K, 51% used [0x00000000eab00000,0x00000000eb4b5038,0x00000000ebe00000)
  from space 2048K, 81% used [0x00000000ec280000,0x00000000ec421eb0,0x00000000ec480000)
  to   space 2048K, 0% used [0x00000000ec080000,0x00000000ec080000,0x00000000ec280000)
 ParOldGen       total 68608K, used 58223K [0x00000000c0000000, 0x00000000c4300000, 0x00000000eab00000)
  object space 68608K, 84% used [0x00000000c0000000,0x00000000c38dbf08,0x00000000c4300000)
 Metaspace       used 57337K, committed 58624K, reserved 1114112K
  class space    used 5982K, committed 6592K, reserved 1048576K
GC Heap History (20 events):
Event: 54.419 GC heap before
{Heap before GC invocations=27 (full 2):
 PSYoungGen      total 20992K, used 20952K [0x00000000eab00000, 0x00000000ec900000, 0x0000000100000000)
  eden space 19968K, 99% used [0x00000000eab00000,0x00000000ebe77ae8,0x00000000ebe80000)
  from space 1024K, 99% used [0x00000000ec300000,0x00000000ec3fe580,0x00000000ec400000)
  to   space 4608K, 0% used [0x00000000ebe80000,0x00000000ebe80000,0x00000000ec300000)
 ParOldGen       total 68608K, used 36898K [0x00000000c0000000, 0x00000000c4300000, 0x00000000eab00000)
  object space 68608K, 53% used [0x00000000c0000000,0x00000000c2408b60,0x00000000c4300000)
 Metaspace       used 47223K, committed 48512K, reserved 1114112K
  class space    used 4980K, committed 5568K, reserved 1048576K
}
Event: 54.430 GC heap after
{Heap after GC invocations=27 (full 2):
 PSYoungGen      total 24576K, used 4588K [0x00000000eab00000, 0x00000000ecb80000, 0x0000000100000000)
  eden space 19968K, 0% used [0x00000000eab00000,0x00000000eab00000,0x00000000ebe80000)
  from space 4608K, 99% used [0x00000000ebe80000,0x00000000ec2fb000,0x00000000ec300000)
  to   space 6656K, 0% used [0x00000000ec500000,0x00000000ec500000,0x00000000ecb80000)
 ParOldGen       total 68608K, used 38171K [0x00000000c0000000, 0x00000000c4300000, 0x00000000eab00000)
  object space 68608K, 55% used [0x00000000c0000000,0x00000000c2546e60,0x00000000c4300000)
 Metaspace       used 47223K, committed 48512K, reserved 1114112K
  class space    used 4980K, committed 5568K, reserved 1048576K
}
Event: 54.969 GC heap before
{Heap before GC invocations=28 (full 2):
 PSYoungGen      total 24576K, used 24556K [0x00000000eab00000, 0x00000000ecb80000, 0x0000000100000000)
  eden space 19968K, 100% used [0x00000000eab00000,0x00000000ebe80000,0x00000000ebe80000)
  from space 4608K, 99% used [0x00000000ebe80000,0x00000000ec2fb000,0x00000000ec300000)
  to   space 6656K, 0% used [0x00000000ec500000,0x00000000ec500000,0x00000000ecb80000)
 ParOldGen       total 68608K, used 38171K [0x00000000c0000000, 0x00000000c4300000, 0x00000000eab00000)
  object space 68608K, 55% used [0x00000000c0000000,0x00000000c2546e60,0x00000000c4300000)
 Metaspace       used 48445K, committed 49728K, reserved 1114112K
  class space    used 5101K, committed 5696K, reserved 1048576K
}
Event: 54.980 GC heap after
{Heap after GC invocations=28 (full 2):
 PSYoungGen      total 26112K, used 6471K [0x00000000eab00000, 0x00000000ecc80000, 0x0000000100000000)
  eden space 19456K, 0% used [0x00000000eab00000,0x00000000eab00000,0x00000000ebe00000)
  from space 6656K, 97% used [0x00000000ec500000,0x00000000ecb51ff8,0x00000000ecb80000)
  to   space 7168K, 0% used [0x00000000ebe00000,0x00000000ebe00000,0x00000000ec500000)
 ParOldGen       total 68608K, used 42853K [0x00000000c0000000, 0x00000000c4300000, 0x00000000eab00000)
  object space 68608K, 62% used [0x00000000c0000000,0x00000000c29d9430,0x00000000c4300000)
 Metaspace       used 48445K, committed 49728K, reserved 1114112K
  class space    used 5101K, committed 5696K, reserved 1048576K
}
Event: 55.921 GC heap before
{Heap before GC invocations=29 (full 2):
 PSYoungGen      total 26112K, used 25927K [0x00000000eab00000, 0x00000000ecc80000, 0x0000000100000000)
  eden space 19456K, 100% used [0x00000000eab00000,0x00000000ebe00000,0x00000000ebe00000)
  from space 6656K, 97% used [0x00000000ec500000,0x00000000ecb51ff8,0x00000000ecb80000)
  to   space 7168K, 0% used [0x00000000ebe00000,0x00000000ebe00000,0x00000000ec500000)
 ParOldGen       total 68608K, used 42853K [0x00000000c0000000, 0x00000000c4300000, 0x00000000eab00000)
  object space 68608K, 62% used [0x00000000c0000000,0x00000000c29d9430,0x00000000c4300000)
 Metaspace       used 50117K, committed 51392K, reserved 1114112K
  class space    used 5262K, committed 5824K, reserved 1048576K
}
Event: 55.932 GC heap after
{Heap after GC invocations=29 (full 2):
 PSYoungGen      total 20992K, used 1280K [0x00000000eab00000, 0x00000000ec580000, 0x0000000100000000)
  eden space 19456K, 0% used [0x00000000eab00000,0x00000000eab00000,0x00000000ebe00000)
  from space 1536K, 83% used [0x00000000ebe00000,0x00000000ebf40000,0x00000000ebf80000)
  to   space 3584K, 0% used [0x00000000ec200000,0x00000000ec200000,0x00000000ec580000)
 ParOldGen       total 68608K, used 49249K [0x00000000c0000000, 0x00000000c4300000, 0x00000000eab00000)
  object space 68608K, 71% used [0x00000000c0000000,0x00000000c3018628,0x00000000c4300000)
 Metaspace       used 50117K, committed 51392K, reserved 1114112K
  class space    used 5262K, committed 5824K, reserved 1048576K
}
Event: 57.815 GC heap before
{Heap before GC invocations=30 (full 2):
 PSYoungGen      total 20992K, used 20736K [0x00000000eab00000, 0x00000000ec580000, 0x0000000100000000)
  eden space 19456K, 100% used [0x00000000eab00000,0x00000000ebe00000,0x00000000ebe00000)
  from space 1536K, 83% used [0x00000000ebe00000,0x00000000ebf40000,0x00000000ebf80000)
  to   space 3584K, 0% used [0x00000000ec200000,0x00000000ec200000,0x00000000ec580000)
 ParOldGen       total 68608K, used 49249K [0x00000000c0000000, 0x00000000c4300000, 0x00000000eab00000)
  object space 68608K, 71% used [0x00000000c0000000,0x00000000c3018628,0x00000000c4300000)
 Metaspace       used 51399K, committed 52672K, reserved 1114112K
  class space    used 5424K, committed 6016K, reserved 1048576K
}
Event: 57.822 GC heap after
{Heap after GC invocations=30 (full 2):
 PSYoungGen      total 20992K, used 1173K [0x00000000eab00000, 0x00000000ec380000, 0x0000000100000000)
  eden space 19456K, 0% used [0x00000000eab00000,0x00000000eab00000,0x00000000ebe00000)
  from space 1536K, 76% used [0x00000000ec200000,0x00000000ec325408,0x00000000ec380000)
  to   space 2048K, 0% used [0x00000000ebf80000,0x00000000ebf80000,0x00000000ec180000)
 ParOldGen       total 68608K, used 50364K [0x00000000c0000000, 0x00000000c4300000, 0x00000000eab00000)
  object space 68608K, 73% used [0x00000000c0000000,0x00000000c312f328,0x00000000c4300000)
 Metaspace       used 51399K, committed 52672K, reserved 1114112K
  class space    used 5424K, committed 6016K, reserved 1048576K
}
Event: 58.886 GC heap before
{Heap before GC invocations=31 (full 2):
 PSYoungGen      total 20992K, used 20629K [0x00000000eab00000, 0x00000000ec380000, 0x0000000100000000)
  eden space 19456K, 100% used [0x00000000eab00000,0x00000000ebe00000,0x00000000ebe00000)
  from space 1536K, 76% used [0x00000000ec200000,0x00000000ec325408,0x00000000ec380000)
  to   space 2048K, 0% used [0x00000000ebf80000,0x00000000ebf80000,0x00000000ec180000)
 ParOldGen       total 68608K, used 50364K [0x00000000c0000000, 0x00000000c4300000, 0x00000000eab00000)
  object space 68608K, 73% used [0x00000000c0000000,0x00000000c312f328,0x00000000c4300000)
 Metaspace       used 51821K, committed 53120K, reserved 1114112K
  class space    used 5490K, committed 6080K, reserved 1048576K
}
Event: 58.891 GC heap after
{Heap after GC invocations=31 (full 2):
 PSYoungGen      total 21504K, used 608K [0x00000000eab00000, 0x00000000ec280000, 0x0000000100000000)
  eden space 19456K, 0% used [0x00000000eab00000,0x00000000eab00000,0x00000000ebe00000)
  from space 2048K, 29% used [0x00000000ebf80000,0x00000000ec018000,0x00000000ec180000)
  to   space 1024K, 0% used [0x00000000ec180000,0x00000000ec180000,0x00000000ec280000)
 ParOldGen       total 68608K, used 51477K [0x00000000c0000000, 0x00000000c4300000, 0x00000000eab00000)
  object space 68608K, 75% used [0x00000000c0000000,0x00000000c3245770,0x00000000c4300000)
 Metaspace       used 51821K, committed 53120K, reserved 1114112K
  class space    used 5490K, committed 6080K, reserved 1048576K
}
Event: 59.567 GC heap before
{Heap before GC invocations=32 (full 2):
 PSYoungGen      total 21504K, used 20064K [0x00000000eab00000, 0x00000000ec280000, 0x0000000100000000)
  eden space 19456K, 100% used [0x00000000eab00000,0x00000000ebe00000,0x00000000ebe00000)
  from space 2048K, 29% used [0x00000000ebf80000,0x00000000ec018000,0x00000000ec180000)
  to   space 1024K, 0% used [0x00000000ec180000,0x00000000ec180000,0x00000000ec280000)
 ParOldGen       total 68608K, used 51477K [0x00000000c0000000, 0x00000000c4300000, 0x00000000eab00000)
  object space 68608K, 75% used [0x00000000c0000000,0x00000000c3245770,0x00000000c4300000)
 Metaspace       used 52508K, committed 53760K, reserved 1114112K
  class space    used 5558K, committed 6144K, reserved 1048576K
}
Event: 59.569 GC heap after
{Heap after GC invocations=32 (full 2):
 PSYoungGen      total 20480K, used 608K [0x00000000eab00000, 0x00000000ec280000, 0x0000000100000000)
  eden space 19456K, 0% used [0x00000000eab00000,0x00000000eab00000,0x00000000ebe00000)
  from space 1024K, 59% used [0x00000000ec180000,0x00000000ec218000,0x00000000ec280000)
  to   space 1024K, 0% used [0x00000000ec080000,0x00000000ec080000,0x00000000ec180000)
 ParOldGen       total 68608K, used 52021K [0x00000000c0000000, 0x00000000c4300000, 0x00000000eab00000)
  object space 68608K, 75% used [0x00000000c0000000,0x00000000c32cd770,0x00000000c4300000)
 Metaspace       used 52508K, committed 53760K, reserved 1114112K
  class space    used 5558K, committed 6144K, reserved 1048576K
}
Event: 60.525 GC heap before
{Heap before GC invocations=33 (full 2):
 PSYoungGen      total 20480K, used 20064K [0x00000000eab00000, 0x00000000ec280000, 0x0000000100000000)
  eden space 19456K, 100% used [0x00000000eab00000,0x00000000ebe00000,0x00000000ebe00000)
  from space 1024K, 59% used [0x00000000ec180000,0x00000000ec218000,0x00000000ec280000)
  to   space 1024K, 0% used [0x00000000ec080000,0x00000000ec080000,0x00000000ec180000)
 ParOldGen       total 68608K, used 52021K [0x00000000c0000000, 0x00000000c4300000, 0x00000000eab00000)
  object space 68608K, 75% used [0x00000000c0000000,0x00000000c32cd770,0x00000000c4300000)
 Metaspace       used 53271K, committed 54592K, reserved 1114112K
  class space    used 5624K, committed 6208K, reserved 1048576K
}
Event: 60.532 GC heap after
{Heap after GC invocations=33 (full 2):
 PSYoungGen      total 20480K, used 1009K [0x00000000eab00000, 0x00000000eca00000, 0x0000000100000000)
  eden space 19456K, 0% used [0x00000000eab00000,0x00000000eab00000,0x00000000ebe00000)
  from space 1024K, 98% used [0x00000000ec080000,0x00000000ec17c6a0,0x00000000ec180000)
  to   space 6144K, 0% used [0x00000000ec400000,0x00000000ec400000,0x00000000eca00000)
 ParOldGen       total 68608K, used 56058K [0x00000000c0000000, 0x00000000c4300000, 0x00000000eab00000)
  object space 68608K, 81% used [0x00000000c0000000,0x00000000c36beab0,0x00000000c4300000)
 Metaspace       used 53271K, committed 54592K, reserved 1114112K
  class space    used 5624K, committed 6208K, reserved 1048576K
}
Event: 61.746 GC heap before
{Heap before GC invocations=34 (full 2):
 PSYoungGen      total 20480K, used 20377K [0x00000000eab00000, 0x00000000eca00000, 0x0000000100000000)
  eden space 19456K, 99% used [0x00000000eab00000,0x00000000ebde9f00,0x00000000ebe00000)
  from space 1024K, 98% used [0x00000000ec080000,0x00000000ec17c6a0,0x00000000ec180000)
  to   space 6144K, 0% used [0x00000000ec400000,0x00000000ec400000,0x00000000eca00000)
 ParOldGen       total 68608K, used 56058K [0x00000000c0000000, 0x00000000c4300000, 0x00000000eab00000)
  object space 68608K, 81% used [0x00000000c0000000,0x00000000c36beab0,0x00000000c4300000)
 Metaspace       used 54150K, committed 55488K, reserved 1114112K
  class space    used 5668K, committed 6272K, reserved 1048576K
}
Event: 61.750 GC heap after
{Heap after GC invocations=34 (full 2):
 PSYoungGen      total 21504K, used 1677K [0x00000000eab00000, 0x00000000ec600000, 0x0000000100000000)
  eden space 19456K, 0% used [0x00000000eab00000,0x00000000eab00000,0x00000000ebe00000)
  from space 2048K, 81% used [0x00000000ec400000,0x00000000ec5a34b0,0x00000000ec600000)
  to   space 3072K, 0% used [0x00000000ec000000,0x00000000ec000000,0x00000000ec300000)
 ParOldGen       total 68608K, used 57049K [0x00000000c0000000, 0x00000000c4300000, 0x00000000eab00000)
  object space 68608K, 83% used [0x00000000c0000000,0x00000000c37b6458,0x00000000c4300000)
 Metaspace       used 54150K, committed 55488K, reserved 1114112K
  class space    used 5668K, committed 6272K, reserved 1048576K
}
Event: 62.716 GC heap before
{Heap before GC invocations=35 (full 2):
 PSYoungGen      total 21504K, used 21060K [0x00000000eab00000, 0x00000000ec600000, 0x0000000100000000)
  eden space 19456K, 99% used [0x00000000eab00000,0x00000000ebdedc20,0x00000000ebe00000)
  from space 2048K, 81% used [0x00000000ec400000,0x00000000ec5a34b0,0x00000000ec600000)
  to   space 3072K, 0% used [0x00000000ec000000,0x00000000ec000000,0x00000000ec300000)
 ParOldGen       total 68608K, used 57049K [0x00000000c0000000, 0x00000000c4300000, 0x00000000eab00000)
  object space 68608K, 83% used [0x00000000c0000000,0x00000000c37b6458,0x00000000c4300000)
 Metaspace       used 54181K, committed 55488K, reserved 1114112K
  class space    used 5671K, committed 6272K, reserved 1048576K
}
Event: 62.718 GC heap after
{Heap after GC invocations=35 (full 2):
 PSYoungGen      total 20992K, used 1224K [0x00000000eab00000, 0x00000000ec480000, 0x0000000100000000)
  eden space 19456K, 0% used [0x00000000eab00000,0x00000000eab00000,0x00000000ebe00000)
  from space 1536K, 79% used [0x00000000ec000000,0x00000000ec1323d0,0x00000000ec180000)
  to   space 2048K, 0% used [0x00000000ec280000,0x00000000ec280000,0x00000000ec480000)
 ParOldGen       total 68608K, used 57960K [0x00000000c0000000, 0x00000000c4300000, 0x00000000eab00000)
  object space 68608K, 84% used [0x00000000c0000000,0x00000000c389a158,0x00000000c4300000)
 Metaspace       used 54181K, committed 55488K, reserved 1114112K
  class space    used 5671K, committed 6272K, reserved 1048576K
}
Event: 64.035 GC heap before
{Heap before GC invocations=36 (full 2):
 PSYoungGen      total 20992K, used 20680K [0x00000000eab00000, 0x00000000ec480000, 0x0000000100000000)
  eden space 19456K, 100% used [0x00000000eab00000,0x00000000ebe00000,0x00000000ebe00000)
  from space 1536K, 79% used [0x00000000ec000000,0x00000000ec1323d0,0x00000000ec180000)
  to   space 2048K, 0% used [0x00000000ec280000,0x00000000ec280000,0x00000000ec480000)
 ParOldGen       total 68608K, used 57960K [0x00000000c0000000, 0x00000000c4300000, 0x00000000eab00000)
  object space 68608K, 84% used [0x00000000c0000000,0x00000000c389a158,0x00000000c4300000)
 Metaspace       used 56479K, committed 57792K, reserved 1114112K
  class space    used 5901K, committed 6528K, reserved 1048576K
}
Event: 64.045 GC heap after
{Heap after GC invocations=36 (full 2):
 PSYoungGen      total 21504K, used 1671K [0x00000000eab00000, 0x00000000ec480000, 0x0000000100000000)
  eden space 19456K, 0% used [0x00000000eab00000,0x00000000eab00000,0x00000000ebe00000)
  from space 2048K, 81% used [0x00000000ec280000,0x00000000ec421eb0,0x00000000ec480000)
  to   space 2048K, 0% used [0x00000000ec080000,0x00000000ec080000,0x00000000ec280000)
 ParOldGen       total 68608K, used 58223K [0x00000000c0000000, 0x00000000c4300000, 0x00000000eab00000)
  object space 68608K, 84% used [0x00000000c0000000,0x00000000c38dbf08,0x00000000c4300000)
 Metaspace       used 56479K, committed 57792K, reserved 1114112K
  class space    used 5901K, committed 6528K, reserved 1048576K
}

