# JRE version: OpenJDK Runtime Environment Temurin-21.0.6+7 (21.0.6+7) (build 21.0.6+7-LTS)
# Java VM: OpenJDK 64-Bit Server VM Temurin-21.0.6+7 (21.0.6+7-LTS, mixed mode, sharing, tiered, compressed oops, compressed class ptrs, parallel gc, windows-amd64)
GC Precious Log:
 CardTable entry size: 512
 CPUs: 4 total, 4 available
 Memory: 6086M
 Large Page Support: Disabled
 NUMA Support: Disabled
 Compressed Oops: Enabled (32-bit)
 Alignments: Space 512K, Generation 512K, Heap 2M
 Heap Min Capacity: 100M
 Heap Initial Capacity: 100M
 Heap Max Capacity: 1G
 Pre-touch: Disabled
 Parallel Workers: 4
Heap:
 PSYoungGen      total 23040K, used 11595K [0x00000000eab00000, 0x00000000ec700000, 0x0000000100000000)
  eden space 20480K, 44% used [0x00000000eab00000,0x00000000eb3d6b50,0x00000000ebf00000)
  from space 2560K, 99% used [0x00000000ebf00000,0x00000000ec17c138,0x00000000ec180000)
  to   space 4096K, 0% used [0x00000000ec300000,0x00000000ec300000,0x00000000ec700000)
 ParOldGen       total 68608K, used 31611K [0x00000000c0000000, 0x00000000c4300000, 0x00000000eab00000)
  object space 68608K, 46% used [0x00000000c0000000,0x00000000c1edec58,0x00000000c4300000)
 Metaspace       used 43575K, committed 44672K, reserved 1114112K
  class space    used 4204K, committed 4672K, reserved 1048576K
GC Heap History (20 events):
Event: 21.498 GC heap before
{Heap before GC invocations=16 (full 1):
 PSYoungGen      total 24576K, used 24164K [0x00000000eab00000, 0x00000000ec600000, 0x0000000100000000)
  eden space 22016K, 100% used [0x00000000eab00000,0x00000000ec080000,0x00000000ec080000)
  from space 2560K, 83% used [0x00000000ec380000,0x00000000ec599000,0x00000000ec600000)
  to   space 2560K, 0% used [0x00000000ec080000,0x00000000ec080000,0x00000000ec300000)
 ParOldGen       total 68608K, used 22599K [0x00000000c0000000, 0x00000000c4300000, 0x00000000eab00000)
  object space 68608K, 32% used [0x00000000c0000000,0x00000000c1611dc0,0x00000000c4300000)
 Metaspace       used 32361K, committed 33280K, reserved 1114112K
  class space    used 3147K, committed 3584K, reserved 1048576K
}
Event: 21.507 GC heap after
{Heap after GC invocations=16 (full 1):
 PSYoungGen      total 24576K, used 2208K [0x00000000eab00000, 0x00000000ec580000, 0x0000000100000000)
  eden space 22016K, 0% used [0x00000000eab00000,0x00000000eab00000,0x00000000ec080000)
  from space 2560K, 86% used [0x00000000ec080000,0x00000000ec2a8010,0x00000000ec300000)
  to   space 2560K, 0% used [0x00000000ec300000,0x00000000ec300000,0x00000000ec580000)
 ParOldGen       total 68608K, used 24652K [0x00000000c0000000, 0x00000000c4300000, 0x00000000eab00000)
  object space 68608K, 35% used [0x00000000c0000000,0x00000000c18133e8,0x00000000c4300000)
 Metaspace       used 32361K, committed 33280K, reserved 1114112K
  class space    used 3147K, committed 3584K, reserved 1048576K
}
Event: 21.882 GC heap before
{Heap before GC invocations=17 (full 1):
 PSYoungGen      total 24576K, used 24223K [0x00000000eab00000, 0x00000000ec580000, 0x0000000100000000)
  eden space 22016K, 99% used [0x00000000eab00000,0x00000000ec07ffe8,0x00000000ec080000)
  from space 2560K, 86% used [0x00000000ec080000,0x00000000ec2a8010,0x00000000ec300000)
  to   space 2560K, 0% used [0x00000000ec300000,0x00000000ec300000,0x00000000ec580000)
 ParOldGen       total 68608K, used 24652K [0x00000000c0000000, 0x00000000c4300000, 0x00000000eab00000)
  object space 68608K, 35% used [0x00000000c0000000,0x00000000c18133e8,0x00000000c4300000)
 Metaspace       used 32423K, committed 33344K, reserved 1114112K
  class space    used 3147K, committed 3584K, reserved 1048576K
}
Event: 21.892 GC heap after
{Heap after GC invocations=17 (full 1):
 PSYoungGen      total 24064K, used 1888K [0x00000000eab00000, 0x00000000ec500000, 0x0000000100000000)
  eden space 22016K, 0% used [0x00000000eab00000,0x00000000eab00000,0x00000000ec080000)
  from space 2048K, 92% used [0x00000000ec300000,0x00000000ec4d8000,0x00000000ec500000)
  to   space 2048K, 0% used [0x00000000ec100000,0x00000000ec100000,0x00000000ec300000)
 ParOldGen       total 68608K, used 26788K [0x00000000c0000000, 0x00000000c4300000, 0x00000000eab00000)
  object space 68608K, 39% used [0x00000000c0000000,0x00000000c1a293f8,0x00000000c4300000)
 Metaspace       used 32423K, committed 33344K, reserved 1114112K
  class space    used 3147K, committed 3584K, reserved 1048576K
}
Event: 23.545 GC heap before
{Heap before GC invocations=18 (full 1):
 PSYoungGen      total 24064K, used 23904K [0x00000000eab00000, 0x00000000ec500000, 0x0000000100000000)
  eden space 22016K, 100% used [0x00000000eab00000,0x00000000ec080000,0x00000000ec080000)
  from space 2048K, 92% used [0x00000000ec300000,0x00000000ec4d8000,0x00000000ec500000)
  to   space 2048K, 0% used [0x00000000ec100000,0x00000000ec100000,0x00000000ec300000)
 ParOldGen       total 68608K, used 26788K [0x00000000c0000000, 0x00000000c4300000, 0x00000000eab00000)
  object space 68608K, 39% used [0x00000000c0000000,0x00000000c1a293f8,0x00000000c4300000)
 Metaspace       used 34702K, committed 35648K, reserved 1114112K
  class space    used 3386K, committed 3840K, reserved 1048576K
}
Event: 23.553 GC heap after
{Heap after GC invocations=18 (full 1):
 PSYoungGen      total 23552K, used 1364K [0x00000000eab00000, 0x00000000ec480000, 0x0000000100000000)
  eden space 22016K, 0% used [0x00000000eab00000,0x00000000eab00000,0x00000000ec080000)
  from space 1536K, 88% used [0x00000000ec100000,0x00000000ec2553c8,0x00000000ec280000)
  to   space 2048K, 0% used [0x00000000ec280000,0x00000000ec280000,0x00000000ec480000)
 ParOldGen       total 68608K, used 28629K [0x00000000c0000000, 0x00000000c4300000, 0x00000000eab00000)
  object space 68608K, 41% used [0x00000000c0000000,0x00000000c1bf55f8,0x00000000c4300000)
 Metaspace       used 34702K, committed 35648K, reserved 1114112K
  class space    used 3386K, committed 3840K, reserved 1048576K
}
Event: 24.168 GC heap before
{Heap before GC invocations=19 (full 1):
 PSYoungGen      total 23552K, used 10532K [0x00000000eab00000, 0x00000000ec480000, 0x0000000100000000)
  eden space 22016K, 41% used [0x00000000eab00000,0x00000000eb3f3fd8,0x00000000ec080000)
  from space 1536K, 88% used [0x00000000ec100000,0x00000000ec2553c8,0x00000000ec280000)
  to   space 2048K, 0% used [0x00000000ec280000,0x00000000ec280000,0x00000000ec480000)
 ParOldGen       total 68608K, used 28629K [0x00000000c0000000, 0x00000000c4300000, 0x00000000eab00000)
  object space 68608K, 41% used [0x00000000c0000000,0x00000000c1bf55f8,0x00000000c4300000)
 Metaspace       used 34906K, committed 35840K, reserved 1114112K
  class space    used 3436K, committed 3840K, reserved 1048576K
}
Event: 24.172 GC heap after
{Heap after GC invocations=19 (full 1):
 PSYoungGen      total 22528K, used 192K [0x00000000eab00000, 0x00000000ec300000, 0x0000000100000000)
  eden space 22016K, 0% used [0x00000000eab00000,0x00000000eab00000,0x00000000ec080000)
  from space 512K, 37% used [0x00000000ec280000,0x00000000ec2b0010,0x00000000ec300000)
  to   space 1024K, 0% used [0x00000000ec100000,0x00000000ec100000,0x00000000ec200000)
 ParOldGen       total 68608K, used 29904K [0x00000000c0000000, 0x00000000c4300000, 0x00000000eab00000)
  object space 68608K, 43% used [0x00000000c0000000,0x00000000c1d34068,0x00000000c4300000)
 Metaspace       used 34906K, committed 35840K, reserved 1114112K
  class space    used 3436K, committed 3840K, reserved 1048576K
}
Event: 24.172 GC heap before
{Heap before GC invocations=20 (full 2):
 PSYoungGen      total 22528K, used 192K [0x00000000eab00000, 0x00000000ec300000, 0x0000000100000000)
  eden space 22016K, 0% used [0x00000000eab00000,0x00000000eab00000,0x00000000ec080000)
  from space 512K, 37% used [0x00000000ec280000,0x00000000ec2b0010,0x00000000ec300000)
  to   space 1024K, 0% used [0x00000000ec100000,0x00000000ec100000,0x00000000ec200000)
 ParOldGen       total 68608K, used 29904K [0x00000000c0000000, 0x00000000c4300000, 0x00000000eab00000)
  object space 68608K, 43% used [0x00000000c0000000,0x00000000c1d34068,0x00000000c4300000)
 Metaspace       used 34906K, committed 35840K, reserved 1114112K
  class space    used 3436K, committed 3840K, reserved 1048576K
}
Event: 24.300 GC heap after
{Heap after GC invocations=20 (full 2):
 PSYoungGen      total 22528K, used 0K [0x00000000eab00000, 0x00000000ec300000, 0x0000000100000000)
  eden space 22016K, 0% used [0x00000000eab00000,0x00000000eab00000,0x00000000ec080000)
  from space 512K, 0% used [0x00000000ec280000,0x00000000ec280000,0x00000000ec300000)
  to   space 1024K, 0% used [0x00000000ec100000,0x00000000ec100000,0x00000000ec200000)
 ParOldGen       total 68608K, used 28544K [0x00000000c0000000, 0x00000000c4300000, 0x00000000eab00000)
  object space 68608K, 41% used [0x00000000c0000000,0x00000000c1be00e0,0x00000000c4300000)
 Metaspace       used 34832K, committed 35840K, reserved 1114112K
  class space    used 3415K, committed 3840K, reserved 1048576K
}
Event: 26.069 GC heap before
{Heap before GC invocations=21 (full 2):
 PSYoungGen      total 22528K, used 22016K [0x00000000eab00000, 0x00000000ec300000, 0x0000000100000000)
  eden space 22016K, 100% used [0x00000000eab00000,0x00000000ec080000,0x00000000ec080000)
  from space 512K, 0% used [0x00000000ec280000,0x00000000ec280000,0x00000000ec300000)
  to   space 1024K, 0% used [0x00000000ec100000,0x00000000ec100000,0x00000000ec200000)
 ParOldGen       total 68608K, used 28544K [0x00000000c0000000, 0x00000000c4300000, 0x00000000eab00000)
  object space 68608K, 41% used [0x00000000c0000000,0x00000000c1be00e0,0x00000000c4300000)
 Metaspace       used 36535K, committed 37440K, reserved 1114112K
  class space    used 3564K, committed 3968K, reserved 1048576K
}
Event: 26.071 GC heap after
{Heap after GC invocations=21 (full 2):
 PSYoungGen      total 23040K, used 480K [0x00000000eab00000, 0x00000000ec300000, 0x0000000100000000)
  eden space 22016K, 0% used [0x00000000eab00000,0x00000000eab00000,0x00000000ec080000)
  from space 1024K, 46% used [0x00000000ec100000,0x00000000ec178000,0x00000000ec200000)
  to   space 1024K, 0% used [0x00000000ec200000,0x00000000ec200000,0x00000000ec300000)
 ParOldGen       total 68608K, used 28552K [0x00000000c0000000, 0x00000000c4300000, 0x00000000eab00000)
  object space 68608K, 41% used [0x00000000c0000000,0x00000000c1be20e0,0x00000000c4300000)
 Metaspace       used 36535K, committed 37440K, reserved 1114112K
  class space    used 3564K, committed 3968K, reserved 1048576K
}
Event: 26.709 GC heap before
{Heap before GC invocations=22 (full 2):
 PSYoungGen      total 23040K, used 22389K [0x00000000eab00000, 0x00000000ec300000, 0x0000000100000000)
  eden space 22016K, 99% used [0x00000000eab00000,0x00000000ec065768,0x00000000ec080000)
  from space 1024K, 46% used [0x00000000ec100000,0x00000000ec178000,0x00000000ec200000)
  to   space 1024K, 0% used [0x00000000ec200000,0x00000000ec200000,0x00000000ec300000)
 ParOldGen       total 68608K, used 28552K [0x00000000c0000000, 0x00000000c4300000, 0x00000000eab00000)
  object space 68608K, 41% used [0x00000000c0000000,0x00000000c1be20e0,0x00000000c4300000)
 Metaspace       used 37528K, committed 38464K, reserved 1114112K
  class space    used 3653K, committed 4032K, reserved 1048576K
}
Event: 26.712 GC heap after
{Heap after GC invocations=22 (full 2):
 PSYoungGen      total 22528K, used 1010K [0x00000000eab00000, 0x00000000ec480000, 0x0000000100000000)
  eden space 21504K, 0% used [0x00000000eab00000,0x00000000eab00000,0x00000000ec000000)
  from space 1024K, 98% used [0x00000000ec200000,0x00000000ec2fcaa8,0x00000000ec300000)
  to   space 2048K, 0% used [0x00000000ec000000,0x00000000ec000000,0x00000000ec200000)
 ParOldGen       total 68608K, used 29254K [0x00000000c0000000, 0x00000000c4300000, 0x00000000eab00000)
  object space 68608K, 42% used [0x00000000c0000000,0x00000000c1c91b40,0x00000000c4300000)
 Metaspace       used 37528K, committed 38464K, reserved 1114112K
  class space    used 3653K, committed 4032K, reserved 1048576K
}
Event: 27.285 GC heap before
{Heap before GC invocations=23 (full 2):
 PSYoungGen      total 22528K, used 22514K [0x00000000eab00000, 0x00000000ec480000, 0x0000000100000000)
  eden space 21504K, 100% used [0x00000000eab00000,0x00000000ec000000,0x00000000ec000000)
  from space 1024K, 98% used [0x00000000ec200000,0x00000000ec2fcaa8,0x00000000ec300000)
  to   space 2048K, 0% used [0x00000000ec000000,0x00000000ec000000,0x00000000ec200000)
 ParOldGen       total 68608K, used 29254K [0x00000000c0000000, 0x00000000c4300000, 0x00000000eab00000)
  object space 68608K, 42% used [0x00000000c0000000,0x00000000c1c91b40,0x00000000c4300000)
 Metaspace       used 37907K, committed 38912K, reserved 1114112K
  class space    used 3676K, committed 4096K, reserved 1048576K
}
Event: 27.287 GC heap after
{Heap after GC invocations=23 (full 2):
 PSYoungGen      total 22016K, used 128K [0x00000000eab00000, 0x00000000ec280000, 0x0000000100000000)
  eden space 21504K, 0% used [0x00000000eab00000,0x00000000eab00000,0x00000000ec000000)
  from space 512K, 25% used [0x00000000ec000000,0x00000000ec020000,0x00000000ec080000)
  to   space 1024K, 0% used [0x00000000ec180000,0x00000000ec180000,0x00000000ec280000)
 ParOldGen       total 68608K, used 29502K [0x00000000c0000000, 0x00000000c4300000, 0x00000000eab00000)
  object space 68608K, 43% used [0x00000000c0000000,0x00000000c1ccfb40,0x00000000c4300000)
 Metaspace       used 37907K, committed 38912K, reserved 1114112K
  class space    used 3676K, committed 4096K, reserved 1048576K
}
Event: 30.704 GC heap before
{Heap before GC invocations=24 (full 2):
 PSYoungGen      total 22016K, used 21632K [0x00000000eab00000, 0x00000000ec280000, 0x0000000100000000)
  eden space 21504K, 100% used [0x00000000eab00000,0x00000000ec000000,0x00000000ec000000)
  from space 512K, 25% used [0x00000000ec000000,0x00000000ec020000,0x00000000ec080000)
  to   space 1024K, 0% used [0x00000000ec180000,0x00000000ec180000,0x00000000ec280000)
 ParOldGen       total 68608K, used 29502K [0x00000000c0000000, 0x00000000c4300000, 0x00000000eab00000)
  object space 68608K, 43% used [0x00000000c0000000,0x00000000c1ccfb40,0x00000000c4300000)
 Metaspace       used 40907K, committed 41984K, reserved 1114112K
  class space    used 3963K, committed 4416K, reserved 1048576K
}
Event: 30.709 GC heap after
{Heap after GC invocations=24 (full 2):
 PSYoungGen      total 21504K, used 1017K [0x00000000eab00000, 0x00000000ec500000, 0x0000000100000000)
  eden space 20480K, 0% used [0x00000000eab00000,0x00000000eab00000,0x00000000ebf00000)
  from space 1024K, 99% used [0x00000000ec180000,0x00000000ec27e4b0,0x00000000ec280000)
  to   space 2560K, 0% used [0x00000000ebf00000,0x00000000ebf00000,0x00000000ec180000)
 ParOldGen       total 68608K, used 30480K [0x00000000c0000000, 0x00000000c4300000, 0x00000000eab00000)
  object space 68608K, 44% used [0x00000000c0000000,0x00000000c1dc41b8,0x00000000c4300000)
 Metaspace       used 40907K, committed 41984K, reserved 1114112K
  class space    used 3963K, committed 4416K, reserved 1048576K
}
Event: 33.873 GC heap before
{Heap before GC invocations=25 (full 2):
 PSYoungGen      total 21504K, used 21497K [0x00000000eab00000, 0x00000000ec500000, 0x0000000100000000)
  eden space 20480K, 100% used [0x00000000eab00000,0x00000000ebf00000,0x00000000ebf00000)
  from space 1024K, 99% used [0x00000000ec180000,0x00000000ec27e4b0,0x00000000ec280000)
  to   space 2560K, 0% used [0x00000000ebf00000,0x00000000ebf00000,0x00000000ec180000)
 ParOldGen       total 68608K, used 30480K [0x00000000c0000000, 0x00000000c4300000, 0x00000000eab00000)
  object space 68608K, 44% used [0x00000000c0000000,0x00000000c1dc41b8,0x00000000c4300000)
 Metaspace       used 42995K, committed 44096K, reserved 1114112K
  class space    used 4166K, committed 4672K, reserved 1048576K
}
Event: 33.888 GC heap after
{Heap after GC invocations=25 (full 2):
 PSYoungGen      total 23040K, used 2544K [0x00000000eab00000, 0x00000000ec700000, 0x0000000100000000)
  eden space 20480K, 0% used [0x00000000eab00000,0x00000000eab00000,0x00000000ebf00000)
  from space 2560K, 99% used [0x00000000ebf00000,0x00000000ec17c138,0x00000000ec180000)
  to   space 4096K, 0% used [0x00000000ec300000,0x00000000ec300000,0x00000000ec700000)
 ParOldGen       total 68608K, used 31611K [0x00000000c0000000, 0x00000000c4300000, 0x00000000eab00000)
  object space 68608K, 46% used [0x00000000c0000000,0x00000000c1edec58,0x00000000c4300000)
 Metaspace       used 42995K, committed 44096K, reserved 1114112K
  class space    used 4166K, committed 4672K, reserved 1048576K
}

