# JRE version: OpenJDK Runtime Environment (Red_Hat-21.0.1.0+12-3) (21.0.1+12) (build 21.0.1+12-LTS)
# Java VM: OpenJDK 64-Bit Server VM (Red_Hat-21.0.1.0+12-3) (21.0.1+12-LTS, mixed mode, sharing, tiered, compressed oops, compressed class ptrs, g1 gc, windows-amd64)
GC Precious Log:
 CardTable entry size: 512
 Card Set container configuration: InlinePtr #cards 5 size 8 Array Of Cards #cards 12 size 40 Howl #buckets 4 coarsen threshold 1843 Howl Bitmap #cards 512 size 80 coarsen threshold 460 Card regions per heap region 1 cards per card region 2048
 CPUs: 4 total, 4 available
 Memory: 6086M
 Large Page Support: Disabled
 NUMA Support: Disabled
 Compressed Oops: Enabled (32-bit)
 Heap Region Size: 1M
 Heap Min Capacity: 8M
 Heap Initial Capacity: 96M
 Heap Max Capacity: 1522M
 Pre-touch: Disabled
 Parallel Workers: 4
 Concurrent Workers: 1
 Concurrent Refinement Workers: 4
 Periodic GC: Disabled
Heap:
 garbage-first heap   total 98304K, used 16809K [0x00000000a0e00000, 0x0000000100000000)
  region size 1024K, 9 young (9216K), 6 survivors (6144K)
 Metaspace       used 16299K, committed 16576K, reserved 1114112K
  class space    used 1877K, committed 1984K, reserved 1048576K
GC Heap History (8 events):
Event: 9.517 GC heap before
{Heap before GC invocations=0 (full 0):
 garbage-first heap   total 98304K, used 12288K [0x00000000a0e00000, 0x0000000100000000)
  region size 1024K, 13 young (13312K), 0 survivors (0K)
 Metaspace       used 3879K, committed 4096K, reserved 1114112K
  class space    used 401K, committed 512K, reserved 1048576K
}
Event: 9.585 GC heap after
{Heap after GC invocations=1 (full 0):
 garbage-first heap   total 98304K, used 3200K [0x00000000a0e00000, 0x0000000100000000)
  region size 1024K, 2 young (2048K), 2 survivors (2048K)
 Metaspace       used 3879K, committed 4096K, reserved 1114112K
  class space    used 401K, committed 512K, reserved 1048576K
}
Event: 11.352 GC heap before
{Heap before GC invocations=1 (full 0):
 garbage-first heap   total 98304K, used 18560K [0x00000000a0e00000, 0x0000000100000000)
  region size 1024K, 17 young (17408K), 2 survivors (2048K)
 Metaspace       used 6307K, committed 6464K, reserved 1114112K
  class space    used 730K, committed 832K, reserved 1048576K
}
Event: 11.362 GC heap after
{Heap after GC invocations=2 (full 0):
 garbage-first heap   total 98304K, used 4140K [0x00000000a0e00000, 0x0000000100000000)
  region size 1024K, 1 young (1024K), 1 survivors (1024K)
 Metaspace       used 6307K, committed 6464K, reserved 1114112K
  class space    used 730K, committed 832K, reserved 1048576K
}
Event: 23.482 GC heap before
{Heap before GC invocations=2 (full 0):
 garbage-first heap   total 98304K, used 60460K [0x00000000a0e00000, 0x0000000100000000)
  region size 1024K, 57 young (58368K), 1 survivors (1024K)
 Metaspace       used 15352K, committed 15616K, reserved 1114112K
  class space    used 1813K, committed 1920K, reserved 1048576K
}
Event: 23.502 GC heap after
{Heap after GC invocations=3 (full 0):
 garbage-first heap   total 98304K, used 9437K [0x00000000a0e00000, 0x0000000100000000)
  region size 1024K, 6 young (6144K), 6 survivors (6144K)
 Metaspace       used 15352K, committed 15616K, reserved 1114112K
  class space    used 1813K, committed 1920K, reserved 1048576K
}
Event: 29.437 GC heap before
{Heap before GC invocations=3 (full 0):
 garbage-first heap   total 98304K, used 61661K [0x00000000a0e00000, 0x0000000100000000)
  region size 1024K, 57 young (58368K), 6 survivors (6144K)
 Metaspace       used 16285K, committed 16576K, reserved 1114112K
  class space    used 1877K, committed 1984K, reserved 1048576K
}
Event: 29.469 GC heap after
{Heap after GC invocations=4 (full 0):
 garbage-first heap   total 98304K, used 14761K [0x00000000a0e00000, 0x0000000100000000)
  region size 1024K, 6 young (6144K), 6 survivors (6144K)
 Metaspace       used 16285K, committed 16576K, reserved 1114112K
  class space    used 1877K, committed 1984K, reserved 1048576K
}

