# JRE version: OpenJDK Runtime Environment (Red_Hat-21.0.1.0+12-3) (21.0.1+12) (build 21.0.1+12-LTS)
# Java VM: OpenJDK 64-Bit Server VM (Red_Hat-21.0.1.0+12-3) (21.0.1+12-LTS, mixed mode, emulated-client, sharing, tiered, compressed oops, compressed class ptrs, g1 gc, windows-amd64)
GC Precious Log:
 CardTable entry size: 512
 Card Set container configuration: InlinePtr #cards 5 size 8 Array Of Cards #cards 12 size 40 Howl #buckets 4 coarsen threshold 1843 Howl Bitmap #cards 512 size 80 coarsen threshold 460 Card regions per heap region 1 cards per card region 2048
 CPUs: 4 total, 4 available
 Memory: 6086M
 Large Page Support: Disabled
 NUMA Support: Disabled
 Compressed Oops: Enabled (32-bit)
 Heap Region Size: 1M
 Heap Min Capacity: 8M
 Heap Initial Capacity: 96M
 Heap Max Capacity: 1522M
 Pre-touch: Disabled
 Parallel Workers: 4
 Concurrent Workers: 1
 Concurrent Refinement Workers: 4
 Periodic GC: Disabled
Heap:
 garbage-first heap   total 45056K, used 26779K [0x00000000a0e00000, 0x0000000100000000)
  region size 1024K, 14 young (14336K), 3 survivors (3072K)
 Metaspace       used 32606K, committed 33152K, reserved 1114112K
  class space    used 4545K, committed 4800K, reserved 1048576K
GC Heap History (12 events):
Event: 3.310 GC heap before
{Heap before GC invocations=0 (full 0):
 garbage-first heap   total 98304K, used 13312K [0x00000000a0e00000, 0x0000000100000000)
  region size 1024K, 13 young (13312K), 0 survivors (0K)
 Metaspace       used 3436K, committed 3584K, reserved 1114112K
  class space    used 439K, committed 512K, reserved 1048576K
}
Event: 3.381 GC heap after
{Heap after GC invocations=1 (full 0):
 garbage-first heap   total 98304K, used 4096K [0x00000000a0e00000, 0x0000000100000000)
  region size 1024K, 2 young (2048K), 2 survivors (2048K)
 Metaspace       used 3436K, committed 3584K, reserved 1114112K
  class space    used 439K, committed 512K, reserved 1048576K
}
Event: 5.902 GC heap before
{Heap before GC invocations=1 (full 0):
 garbage-first heap   total 98304K, used 18432K [0x00000000a0e00000, 0x0000000100000000)
  region size 1024K, 16 young (16384K), 2 survivors (2048K)
 Metaspace       used 6804K, committed 7104K, reserved 1114112K
  class space    used 954K, committed 1088K, reserved 1048576K
}
Event: 5.910 GC heap after
{Heap after GC invocations=2 (full 0):
 garbage-first heap   total 98304K, used 5664K [0x00000000a0e00000, 0x0000000100000000)
  region size 1024K, 2 young (2048K), 2 survivors (2048K)
 Metaspace       used 6804K, committed 7104K, reserved 1114112K
  class space    used 954K, committed 1088K, reserved 1048576K
}
Event: 13.944 GC heap before
{Heap before GC invocations=2 (full 0):
 garbage-first heap   total 98304K, used 60960K [0x00000000a0e00000, 0x0000000100000000)
  region size 1024K, 57 young (58368K), 2 survivors (2048K)
 Metaspace       used 17776K, committed 18112K, reserved 1114112K
  class space    used 2421K, committed 2560K, reserved 1048576K
}
Event: 13.974 GC heap after
{Heap after GC invocations=3 (full 0):
 garbage-first heap   total 98304K, used 10500K [0x00000000a0e00000, 0x0000000100000000)
  region size 1024K, 7 young (7168K), 7 survivors (7168K)
 Metaspace       used 17776K, committed 18112K, reserved 1114112K
  class space    used 2421K, committed 2560K, reserved 1048576K
}
Event: 17.283 GC heap before
{Heap before GC invocations=3 (full 0):
 garbage-first heap   total 98304K, used 25860K [0x00000000a0e00000, 0x0000000100000000)
  region size 1024K, 24 young (24576K), 7 survivors (7168K)
 Metaspace       used 20986K, committed 21504K, reserved 1114112K
  class space    used 2875K, committed 3136K, reserved 1048576K
}
Event: 17.310 GC heap after
{Heap after GC invocations=4 (full 0):
 garbage-first heap   total 98304K, used 12230K [0x00000000a0e00000, 0x0000000100000000)
  region size 1024K, 2 young (2048K), 2 survivors (2048K)
 Metaspace       used 20986K, committed 21504K, reserved 1114112K
  class space    used 2875K, committed 3136K, reserved 1048576K
}
Event: 25.484 GC heap before
{Heap before GC invocations=5 (full 0):
 garbage-first heap   total 45056K, used 36806K [0x00000000a0e00000, 0x0000000100000000)
  region size 1024K, 26 young (26624K), 2 survivors (2048K)
 Metaspace       used 25594K, committed 26112K, reserved 1114112K
  class space    used 3532K, committed 3776K, reserved 1048576K
}
Event: 25.493 GC heap after
{Heap after GC invocations=6 (full 0):
 garbage-first heap   total 45056K, used 14336K [0x00000000a0e00000, 0x0000000100000000)
  region size 1024K, 4 young (4096K), 4 survivors (4096K)
 Metaspace       used 25594K, committed 26112K, reserved 1114112K
  class space    used 3532K, committed 3776K, reserved 1048576K
}
Event: 28.454 GC heap before
{Heap before GC invocations=6 (full 0):
 garbage-first heap   total 45056K, used 35840K [0x00000000a0e00000, 0x0000000100000000)
  region size 1024K, 25 young (25600K), 4 survivors (4096K)
 Metaspace       used 30793K, committed 31360K, reserved 1114112K
  class space    used 4294K, committed 4544K, reserved 1048576K
}
Event: 28.463 GC heap after
{Heap after GC invocations=7 (full 0):
 garbage-first heap   total 45056K, used 16539K [0x00000000a0e00000, 0x0000000100000000)
  region size 1024K, 3 young (3072K), 3 survivors (3072K)
 Metaspace       used 30793K, committed 31360K, reserved 1114112K
  class space    used 4294K, committed 4544K, reserved 1048576K
}

