# JRE version: OpenJDK Runtime Environment Temurin-21.0.6+7 (21.0.6+7) (build 21.0.6+7-LTS)
# Java VM: OpenJDK 64-Bit Server VM Temurin-21.0.6+7 (21.0.6+7-LTS, mixed mode, sharing, tiered, compressed oops, compressed class ptrs, parallel gc, windows-amd64)
GC Precious Log:
 CardTable entry size: 512
 CPUs: 4 total, 4 available
 Memory: 6086M
 Large Page Support: Disabled
 NUMA Support: Disabled
 Compressed Oops: Enabled (32-bit)
 Alignments: Space 512K, Generation 512K, Heap 2M
 Heap Min Capacity: 100M
 Heap Initial Capacity: 100M
 Heap Max Capacity: 1G
 Pre-touch: Disabled
 Parallel Workers: 4
Heap:
 PSYoungGen      total 20480K, used 19749K [0x00000000eab00000, 0x00000000ec180000, 0x0000000100000000)
  eden space 17920K, 98% used [0x00000000eab00000,0x00000000ebc3bde8,0x00000000ebc80000)
  from space 2560K, 82% used [0x00000000ebc80000,0x00000000ebe8d808,0x00000000ebf00000)
  to   space 2560K, 0% used [0x00000000ebf00000,0x00000000ebf00000,0x00000000ec180000)
 ParOldGen       total 68608K, used 59491K [0x00000000c0000000, 0x00000000c4300000, 0x00000000eab00000)
  object space 68608K, 86% used [0x00000000c0000000,0x00000000c3a18cb8,0x00000000c4300000)
 Metaspace       used 64492K, committed 65856K, reserved 1114112K
  class space    used 6691K, committed 7296K, reserved 1048576K
GC Heap History (20 events):
Event: 87.818 GC heap before
{Heap before GC invocations=33 (full 2):
 PSYoungGen      total 18944K, used 18691K [0x00000000eab00000, 0x00000000ec580000, 0x0000000100000000)
  eden space 17920K, 100% used [0x00000000eab00000,0x00000000ebc80000,0x00000000ebc80000)
  from space 1024K, 75% used [0x00000000ec480000,0x00000000ec540c18,0x00000000ec580000)
  to   space 3072K, 0% used [0x00000000ebf80000,0x00000000ebf80000,0x00000000ec280000)
 ParOldGen       total 68608K, used 49814K [0x00000000c0000000, 0x00000000c4300000, 0x00000000eab00000)
  object space 68608K, 72% used [0x00000000c0000000,0x00000000c30a5a78,0x00000000c4300000)
 Metaspace       used 58377K, committed 59584K, reserved 1114112K
  class space    used 6200K, committed 6720K, reserved 1048576K
}
Event: 87.821 GC heap after
{Heap after GC invocations=33 (full 2):
 PSYoungGen      total 20992K, used 1232K [0x00000000eab00000, 0x00000000ec500000, 0x0000000100000000)
  eden space 17920K, 0% used [0x00000000eab00000,0x00000000eab00000,0x00000000ebc80000)
  from space 3072K, 40% used [0x00000000ebf80000,0x00000000ec0b4220,0x00000000ec280000)
  to   space 1536K, 0% used [0x00000000ec380000,0x00000000ec380000,0x00000000ec500000)
 ParOldGen       total 68608K, used 50391K [0x00000000c0000000, 0x00000000c4300000, 0x00000000eab00000)
  object space 68608K, 73% used [0x00000000c0000000,0x00000000c3135d08,0x00000000c4300000)
 Metaspace       used 58377K, committed 59584K, reserved 1114112K
  class space    used 6200K, committed 6720K, reserved 1048576K
}
Event: 88.640 GC heap before
{Heap before GC invocations=34 (full 2):
 PSYoungGen      total 20992K, used 15949K [0x00000000eab00000, 0x00000000ec500000, 0x0000000100000000)
  eden space 17920K, 82% used [0x00000000eab00000,0x00000000eb95f458,0x00000000ebc80000)
  from space 3072K, 40% used [0x00000000ebf80000,0x00000000ec0b4220,0x00000000ec280000)
  to   space 1536K, 0% used [0x00000000ec380000,0x00000000ec380000,0x00000000ec500000)
 ParOldGen       total 68608K, used 50391K [0x00000000c0000000, 0x00000000c4300000, 0x00000000eab00000)
  object space 68608K, 73% used [0x00000000c0000000,0x00000000c3135d08,0x00000000c4300000)
 Metaspace       used 58553K, committed 59776K, reserved 1114112K
  class space    used 6220K, committed 6720K, reserved 1048576K
}
Event: 88.647 GC heap after
{Heap after GC invocations=34 (full 2):
 PSYoungGen      total 19456K, used 1518K [0x00000000eab00000, 0x00000000ec980000, 0x0000000100000000)
  eden space 17920K, 0% used [0x00000000eab00000,0x00000000eab00000,0x00000000ebc80000)
  from space 1536K, 98% used [0x00000000ec380000,0x00000000ec4fb998,0x00000000ec500000)
  to   space 6656K, 0% used [0x00000000ebc80000,0x00000000ebc80000,0x00000000ec300000)
 ParOldGen       total 68608K, used 54300K [0x00000000c0000000, 0x00000000c4300000, 0x00000000eab00000)
  object space 68608K, 79% used [0x00000000c0000000,0x00000000c35070f8,0x00000000c4300000)
 Metaspace       used 58553K, committed 59776K, reserved 1114112K
  class space    used 6220K, committed 6720K, reserved 1048576K
}
Event: 88.647 GC heap before
{Heap before GC invocations=35 (full 3):
 PSYoungGen      total 19456K, used 1518K [0x00000000eab00000, 0x00000000ec980000, 0x0000000100000000)
  eden space 17920K, 0% used [0x00000000eab00000,0x00000000eab00000,0x00000000ebc80000)
  from space 1536K, 98% used [0x00000000ec380000,0x00000000ec4fb998,0x00000000ec500000)
  to   space 6656K, 0% used [0x00000000ebc80000,0x00000000ebc80000,0x00000000ec300000)
 ParOldGen       total 68608K, used 54300K [0x00000000c0000000, 0x00000000c4300000, 0x00000000eab00000)
  object space 68608K, 79% used [0x00000000c0000000,0x00000000c35070f8,0x00000000c4300000)
 Metaspace       used 58553K, committed 59776K, reserved 1114112K
  class space    used 6220K, committed 6720K, reserved 1048576K
}
Event: 88.831 GC heap after
{Heap after GC invocations=35 (full 3):
 PSYoungGen      total 19456K, used 0K [0x00000000eab00000, 0x00000000ec980000, 0x0000000100000000)
  eden space 17920K, 0% used [0x00000000eab00000,0x00000000eab00000,0x00000000ebc80000)
  from space 1536K, 0% used [0x00000000ec380000,0x00000000ec380000,0x00000000ec500000)
  to   space 6656K, 0% used [0x00000000ebc80000,0x00000000ebc80000,0x00000000ec300000)
 ParOldGen       total 68608K, used 51722K [0x00000000c0000000, 0x00000000c4300000, 0x00000000eab00000)
  object space 68608K, 75% used [0x00000000c0000000,0x00000000c3282a68,0x00000000c4300000)
 Metaspace       used 58553K, committed 59776K, reserved 1114112K
  class space    used 6220K, committed 6720K, reserved 1048576K
}
Event: 89.828 GC heap before
{Heap before GC invocations=36 (full 3):
 PSYoungGen      total 19456K, used 17920K [0x00000000eab00000, 0x00000000ec980000, 0x0000000100000000)
  eden space 17920K, 100% used [0x00000000eab00000,0x00000000ebc80000,0x00000000ebc80000)
  from space 1536K, 0% used [0x00000000ec380000,0x00000000ec380000,0x00000000ec500000)
  to   space 6656K, 0% used [0x00000000ebc80000,0x00000000ebc80000,0x00000000ec300000)
 ParOldGen       total 68608K, used 51722K [0x00000000c0000000, 0x00000000c4300000, 0x00000000eab00000)
  object space 68608K, 75% used [0x00000000c0000000,0x00000000c3282a68,0x00000000c4300000)
 Metaspace       used 59275K, committed 60544K, reserved 1114112K
  class space    used 6254K, committed 6784K, reserved 1048576K
}
Event: 89.831 GC heap after
{Heap after GC invocations=36 (full 3):
 PSYoungGen      total 19456K, used 1325K [0x00000000eab00000, 0x00000000ec400000, 0x0000000100000000)
  eden space 17920K, 0% used [0x00000000eab00000,0x00000000eab00000,0x00000000ebc80000)
  from space 1536K, 86% used [0x00000000ebc80000,0x00000000ebdcb618,0x00000000ebe00000)
  to   space 3072K, 0% used [0x00000000ec100000,0x00000000ec100000,0x00000000ec400000)
 ParOldGen       total 68608K, used 51730K [0x00000000c0000000, 0x00000000c4300000, 0x00000000eab00000)
  object space 68608K, 75% used [0x00000000c0000000,0x00000000c3284a68,0x00000000c4300000)
 Metaspace       used 59275K, committed 60544K, reserved 1114112K
  class space    used 6254K, committed 6784K, reserved 1048576K
}
Event: 90.886 GC heap before
{Heap before GC invocations=37 (full 3):
 PSYoungGen      total 19456K, used 19245K [0x00000000eab00000, 0x00000000ec400000, 0x0000000100000000)
  eden space 17920K, 100% used [0x00000000eab00000,0x00000000ebc80000,0x00000000ebc80000)
  from space 1536K, 86% used [0x00000000ebc80000,0x00000000ebdcb618,0x00000000ebe00000)
  to   space 3072K, 0% used [0x00000000ec100000,0x00000000ec100000,0x00000000ec400000)
 ParOldGen       total 68608K, used 51730K [0x00000000c0000000, 0x00000000c4300000, 0x00000000eab00000)
  object space 68608K, 75% used [0x00000000c0000000,0x00000000c3284a68,0x00000000c4300000)
 Metaspace       used 59283K, committed 60544K, reserved 1114112K
  class space    used 6254K, committed 6784K, reserved 1048576K
}
Event: 90.888 GC heap after
{Heap after GC invocations=37 (full 3):
 PSYoungGen      total 18944K, used 614K [0x00000000eab00000, 0x00000000ec200000, 0x0000000100000000)
  eden space 17920K, 0% used [0x00000000eab00000,0x00000000eab00000,0x00000000ebc80000)
  from space 1024K, 59% used [0x00000000ec100000,0x00000000ec1998a8,0x00000000ec200000)
  to   space 1536K, 0% used [0x00000000ebf00000,0x00000000ebf00000,0x00000000ec080000)
 ParOldGen       total 68608K, used 52419K [0x00000000c0000000, 0x00000000c4300000, 0x00000000eab00000)
  object space 68608K, 76% used [0x00000000c0000000,0x00000000c3330ec0,0x00000000c4300000)
 Metaspace       used 59283K, committed 60544K, reserved 1114112K
  class space    used 6254K, committed 6784K, reserved 1048576K
}
Event: 95.032 GC heap before
{Heap before GC invocations=38 (full 3):
 PSYoungGen      total 18944K, used 18534K [0x00000000eab00000, 0x00000000ec200000, 0x0000000100000000)
  eden space 17920K, 99% used [0x00000000eab00000,0x00000000ebc7fff8,0x00000000ebc80000)
  from space 1024K, 59% used [0x00000000ec100000,0x00000000ec1998a8,0x00000000ec200000)
  to   space 1536K, 0% used [0x00000000ebf00000,0x00000000ebf00000,0x00000000ec080000)
 ParOldGen       total 68608K, used 52419K [0x00000000c0000000, 0x00000000c4300000, 0x00000000eab00000)
  object space 68608K, 76% used [0x00000000c0000000,0x00000000c3330ec0,0x00000000c4300000)
 Metaspace       used 61332K, committed 62592K, reserved 1114112K
  class space    used 6449K, committed 6976K, reserved 1048576K
}
Event: 95.036 GC heap after
{Heap after GC invocations=38 (full 3):
 PSYoungGen      total 19456K, used 1152K [0x00000000eab00000, 0x00000000ec180000, 0x0000000100000000)
  eden space 17920K, 0% used [0x00000000eab00000,0x00000000eab00000,0x00000000ebc80000)
  from space 1536K, 75% used [0x00000000ebf00000,0x00000000ec020020,0x00000000ec080000)
  to   space 1024K, 0% used [0x00000000ec080000,0x00000000ec080000,0x00000000ec180000)
 ParOldGen       total 68608K, used 52435K [0x00000000c0000000, 0x00000000c4300000, 0x00000000eab00000)
  object space 68608K, 76% used [0x00000000c0000000,0x00000000c3334ec0,0x00000000c4300000)
 Metaspace       used 61332K, committed 62592K, reserved 1114112K
  class space    used 6449K, committed 6976K, reserved 1048576K
}
Event: 99.777 GC heap before
{Heap before GC invocations=39 (full 3):
 PSYoungGen      total 19456K, used 18837K [0x00000000eab00000, 0x00000000ec180000, 0x0000000100000000)
  eden space 17920K, 98% used [0x00000000eab00000,0x00000000ebc457c0,0x00000000ebc80000)
  from space 1536K, 75% used [0x00000000ebf00000,0x00000000ec020020,0x00000000ec080000)
  to   space 1024K, 0% used [0x00000000ec080000,0x00000000ec080000,0x00000000ec180000)
 ParOldGen       total 68608K, used 52435K [0x00000000c0000000, 0x00000000c4300000, 0x00000000eab00000)
  object space 68608K, 76% used [0x00000000c0000000,0x00000000c3334ec0,0x00000000c4300000)
 Metaspace       used 62872K, committed 64256K, reserved 1114112K
  class space    used 6568K, committed 7168K, reserved 1048576K
}
Event: 99.786 GC heap after
{Heap after GC invocations=39 (full 3):
 PSYoungGen      total 18944K, used 1006K [0x00000000eab00000, 0x00000000ec180000, 0x0000000100000000)
  eden space 17920K, 0% used [0x00000000eab00000,0x00000000eab00000,0x00000000ebc80000)
  from space 1024K, 98% used [0x00000000ec080000,0x00000000ec17b920,0x00000000ec180000)
  to   space 1536K, 0% used [0x00000000ebf00000,0x00000000ebf00000,0x00000000ec080000)
 ParOldGen       total 68608K, used 56537K [0x00000000c0000000, 0x00000000c4300000, 0x00000000eab00000)
  object space 68608K, 82% used [0x00000000c0000000,0x00000000c37365a8,0x00000000c4300000)
 Metaspace       used 62872K, committed 64256K, reserved 1114112K
  class space    used 6568K, committed 7168K, reserved 1048576K
}
Event: 101.543 GC heap before
{Heap before GC invocations=40 (full 3):
 PSYoungGen      total 18944K, used 18926K [0x00000000eab00000, 0x00000000ec180000, 0x0000000100000000)
  eden space 17920K, 100% used [0x00000000eab00000,0x00000000ebc80000,0x00000000ebc80000)
  from space 1024K, 98% used [0x00000000ec080000,0x00000000ec17b920,0x00000000ec180000)
  to   space 1536K, 0% used [0x00000000ebf00000,0x00000000ebf00000,0x00000000ec080000)
 ParOldGen       total 68608K, used 56537K [0x00000000c0000000, 0x00000000c4300000, 0x00000000eab00000)
  object space 68608K, 82% used [0x00000000c0000000,0x00000000c37365a8,0x00000000c4300000)
 Metaspace       used 62991K, committed 64320K, reserved 1114112K
  class space    used 6576K, committed 7168K, reserved 1048576K
}
Event: 101.546 GC heap after
{Heap after GC invocations=40 (full 3):
 PSYoungGen      total 18944K, used 736K [0x00000000eab00000, 0x00000000ec180000, 0x0000000100000000)
  eden space 17920K, 0% used [0x00000000eab00000,0x00000000eab00000,0x00000000ebc80000)
  from space 1024K, 71% used [0x00000000ebf00000,0x00000000ebfb8000,0x00000000ec000000)
  to   space 1536K, 0% used [0x00000000ec000000,0x00000000ec000000,0x00000000ec180000)
 ParOldGen       total 68608K, used 56719K [0x00000000c0000000, 0x00000000c4300000, 0x00000000eab00000)
  object space 68608K, 82% used [0x00000000c0000000,0x00000000c3763de8,0x00000000c4300000)
 Metaspace       used 62991K, committed 64320K, reserved 1114112K
  class space    used 6576K, committed 7168K, reserved 1048576K
}
Event: 104.573 GC heap before
{Heap before GC invocations=41 (full 3):
 PSYoungGen      total 18944K, used 18656K [0x00000000eab00000, 0x00000000ec180000, 0x0000000100000000)
  eden space 17920K, 100% used [0x00000000eab00000,0x00000000ebc80000,0x00000000ebc80000)
  from space 1024K, 71% used [0x00000000ebf00000,0x00000000ebfb8000,0x00000000ec000000)
  to   space 1536K, 0% used [0x00000000ec000000,0x00000000ec000000,0x00000000ec180000)
 ParOldGen       total 68608K, used 56719K [0x00000000c0000000, 0x00000000c4300000, 0x00000000eab00000)
  object space 68608K, 82% used [0x00000000c0000000,0x00000000c3763de8,0x00000000c4300000)
 Metaspace       used 64121K, committed 65472K, reserved 1114112K
  class space    used 6686K, committed 7296K, reserved 1048576K
}
Event: 104.581 GC heap after
{Heap after GC invocations=41 (full 3):
 PSYoungGen      total 19456K, used 1536K [0x00000000eab00000, 0x00000000ec380000, 0x0000000100000000)
  eden space 17920K, 0% used [0x00000000eab00000,0x00000000eab00000,0x00000000ebc80000)
  from space 1536K, 100% used [0x00000000ec000000,0x00000000ec180000,0x00000000ec180000)
  to   space 3584K, 0% used [0x00000000ebc80000,0x00000000ebc80000,0x00000000ec000000)
 ParOldGen       total 68608K, used 58172K [0x00000000c0000000, 0x00000000c4300000, 0x00000000eab00000)
  object space 68608K, 84% used [0x00000000c0000000,0x00000000c38cf120,0x00000000c4300000)
 Metaspace       used 64121K, committed 65472K, reserved 1114112K
  class space    used 6686K, committed 7296K, reserved 1048576K
}
Event: 107.734 GC heap before
{Heap before GC invocations=42 (full 3):
 PSYoungGen      total 19456K, used 19456K [0x00000000eab00000, 0x00000000ec380000, 0x0000000100000000)
  eden space 17920K, 100% used [0x00000000eab00000,0x00000000ebc80000,0x00000000ebc80000)
  from space 1536K, 100% used [0x00000000ec000000,0x00000000ec180000,0x00000000ec180000)
  to   space 3584K, 0% used [0x00000000ebc80000,0x00000000ebc80000,0x00000000ec000000)
 ParOldGen       total 68608K, used 58172K [0x00000000c0000000, 0x00000000c4300000, 0x00000000eab00000)
  object space 68608K, 84% used [0x00000000c0000000,0x00000000c38cf120,0x00000000c4300000)
 Metaspace       used 64327K, committed 65664K, reserved 1114112K
  class space    used 6688K, committed 7296K, reserved 1048576K
}
Event: 107.741 GC heap after
{Heap after GC invocations=42 (full 3):
 PSYoungGen      total 20480K, used 2102K [0x00000000eab00000, 0x00000000ec180000, 0x0000000100000000)
  eden space 17920K, 0% used [0x00000000eab00000,0x00000000eab00000,0x00000000ebc80000)
  from space 2560K, 82% used [0x00000000ebc80000,0x00000000ebe8d808,0x00000000ebf00000)
  to   space 2560K, 0% used [0x00000000ebf00000,0x00000000ebf00000,0x00000000ec180000)
 ParOldGen       total 68608K, used 59491K [0x00000000c0000000, 0x00000000c4300000, 0x00000000eab00000)
  object space 68608K, 86% used [0x00000000c0000000,0x00000000c3a18cb8,0x00000000c4300000)
 Metaspace       used 64327K, committed 65664K, reserved 1114112K
  class space    used 6688K, committed 7296K, reserved 1048576K
}

