# JRE version: OpenJDK Runtime Environment Temurin-21.0.6+7 (21.0.6+7) (build 21.0.6+7-LTS)
# Java VM: OpenJDK 64-Bit Server VM Temurin-21.0.6+7 (21.0.6+7-LTS, mixed mode, sharing, tiered, compressed oops, compressed class ptrs, parallel gc, windows-amd64)
GC Precious Log:
 CardTable entry size: 512
 CPUs: 4 total, 4 available
 Memory: 6086M
 Large Page Support: Disabled
 NUMA Support: Disabled
 Compressed Oops: Enabled (32-bit)
 Alignments: Space 512K, Generation 512K, Heap 2M
 Heap Min Capacity: 100M
 Heap Initial Capacity: 100M
 Heap Max Capacity: 1G
 Pre-touch: Disabled
 Parallel Workers: 4
Heap:
 PSYoungGen      total 1536K, used 1393K [0x00000000eab00000, 0x00000000ead80000, 0x0000000100000000)
  eden space 1024K, 95% used [0x00000000eab00000,0x00000000eabf4188,0x00000000eac00000)
  from space 512K, 81% used [0x00000000ead00000,0x00000000ead68310,0x00000000ead80000)
  to   space 512K, 0% used [0x00000000eac80000,0x00000000eac80000,0x00000000ead00000)
 ParOldGen       total 138240K, used 137763K [0x00000000c0000000, 0x00000000c8700000, 0x00000000eab00000)
  object space 138240K, 99% used [0x00000000c0000000,0x00000000c8688e98,0x00000000c8700000)
 Metaspace       used 64818K, committed 66304K, reserved 1114112K
  class space    used 6714K, committed 7360K, reserved 1048576K
GC Heap History (20 events):
Event: 97.053 GC heap before
{Heap before GC invocations=265 (full 4):
 PSYoungGen      total 1536K, used 1280K [0x00000000eab00000, 0x00000000ead80000, 0x0000000100000000)
  eden space 1024K, 100% used [0x00000000eab00000,0x00000000eac00000,0x00000000eac00000)
  from space 512K, 50% used [0x00000000ead00000,0x00000000ead40000,0x00000000ead80000)
  to   space 512K, 0% used [0x00000000eac80000,0x00000000eac80000,0x00000000ead00000)
 ParOldGen       total 136704K, used 136441K [0x00000000c0000000, 0x00000000c8580000, 0x00000000eab00000)
  object space 136704K, 99% used [0x00000000c0000000,0x00000000c853e760,0x00000000c8580000)
 Metaspace       used 64738K, committed 66240K, reserved 1114112K
  class space    used 6713K, committed 7360K, reserved 1048576K
}
Event: 97.056 GC heap after
{Heap after GC invocations=265 (full 4):
 PSYoungGen      total 1536K, used 224K [0x00000000eab00000, 0x00000000ead80000, 0x0000000100000000)
  eden space 1024K, 0% used [0x00000000eab00000,0x00000000eab00000,0x00000000eac00000)
  from space 512K, 43% used [0x00000000eac80000,0x00000000eacb8000,0x00000000ead00000)
  to   space 512K, 0% used [0x00000000ead00000,0x00000000ead00000,0x00000000ead80000)
 ParOldGen       total 136704K, used 136557K [0x00000000c0000000, 0x00000000c8580000, 0x00000000eab00000)
  object space 136704K, 99% used [0x00000000c0000000,0x00000000c855b660,0x00000000c8580000)
 Metaspace       used 64738K, committed 66240K, reserved 1114112K
  class space    used 6713K, committed 7360K, reserved 1048576K
}
Event: 97.979 GC heap before
{Heap before GC invocations=266 (full 4):
 PSYoungGen      total 1536K, used 1247K [0x00000000eab00000, 0x00000000ead80000, 0x0000000100000000)
  eden space 1024K, 99% used [0x00000000eab00000,0x00000000eabffff8,0x00000000eac00000)
  from space 512K, 43% used [0x00000000eac80000,0x00000000eacb8000,0x00000000ead00000)
  to   space 512K, 0% used [0x00000000ead00000,0x00000000ead00000,0x00000000ead80000)
 ParOldGen       total 136704K, used 136557K [0x00000000c0000000, 0x00000000c8580000, 0x00000000eab00000)
  object space 136704K, 99% used [0x00000000c0000000,0x00000000c855b660,0x00000000c8580000)
 Metaspace       used 64755K, committed 66240K, reserved 1114112K
  class space    used 6713K, committed 7360K, reserved 1048576K
}
Event: 97.981 GC heap after
{Heap after GC invocations=266 (full 4):
 PSYoungGen      total 1536K, used 224K [0x00000000eab00000, 0x00000000ead80000, 0x0000000100000000)
  eden space 1024K, 0% used [0x00000000eab00000,0x00000000eab00000,0x00000000eac00000)
  from space 512K, 43% used [0x00000000ead00000,0x00000000ead38000,0x00000000ead80000)
  to   space 512K, 0% used [0x00000000eac80000,0x00000000eac80000,0x00000000ead00000)
 ParOldGen       total 136704K, used 136680K [0x00000000c0000000, 0x00000000c8580000, 0x00000000eab00000)
  object space 136704K, 99% used [0x00000000c0000000,0x00000000c857a1e8,0x00000000c8580000)
 Metaspace       used 64755K, committed 66240K, reserved 1114112K
  class space    used 6713K, committed 7360K, reserved 1048576K
}
Event: 98.011 GC heap before
{Heap before GC invocations=267 (full 4):
 PSYoungGen      total 1536K, used 1247K [0x00000000eab00000, 0x00000000ead80000, 0x0000000100000000)
  eden space 1024K, 99% used [0x00000000eab00000,0x00000000eabffda0,0x00000000eac00000)
  from space 512K, 43% used [0x00000000ead00000,0x00000000ead38000,0x00000000ead80000)
  to   space 512K, 0% used [0x00000000eac80000,0x00000000eac80000,0x00000000ead00000)
 ParOldGen       total 136704K, used 136680K [0x00000000c0000000, 0x00000000c8580000, 0x00000000eab00000)
  object space 136704K, 99% used [0x00000000c0000000,0x00000000c857a1e8,0x00000000c8580000)
 Metaspace       used 64759K, committed 66240K, reserved 1114112K
  class space    used 6713K, committed 7360K, reserved 1048576K
}
Event: 98.013 GC heap after
{Heap after GC invocations=267 (full 4):
 PSYoungGen      total 1536K, used 224K [0x00000000eab00000, 0x00000000ead80000, 0x0000000100000000)
  eden space 1024K, 0% used [0x00000000eab00000,0x00000000eab00000,0x00000000eac00000)
  from space 512K, 43% used [0x00000000eac80000,0x00000000eacb8000,0x00000000ead00000)
  to   space 512K, 0% used [0x00000000ead00000,0x00000000ead00000,0x00000000ead80000)
 ParOldGen       total 137216K, used 136720K [0x00000000c0000000, 0x00000000c8600000, 0x00000000eab00000)
  object space 137216K, 99% used [0x00000000c0000000,0x00000000c85841e8,0x00000000c8600000)
 Metaspace       used 64759K, committed 66240K, reserved 1114112K
  class space    used 6713K, committed 7360K, reserved 1048576K
}
Event: 98.984 GC heap before
{Heap before GC invocations=268 (full 4):
 PSYoungGen      total 1536K, used 1248K [0x00000000eab00000, 0x00000000ead80000, 0x0000000100000000)
  eden space 1024K, 100% used [0x00000000eab00000,0x00000000eac00000,0x00000000eac00000)
  from space 512K, 43% used [0x00000000eac80000,0x00000000eacb8000,0x00000000ead00000)
  to   space 512K, 0% used [0x00000000ead00000,0x00000000ead00000,0x00000000ead80000)
 ParOldGen       total 137216K, used 136720K [0x00000000c0000000, 0x00000000c8600000, 0x00000000eab00000)
  object space 137216K, 99% used [0x00000000c0000000,0x00000000c85841e8,0x00000000c8600000)
 Metaspace       used 64759K, committed 66240K, reserved 1114112K
  class space    used 6713K, committed 7360K, reserved 1048576K
}
Event: 98.985 GC heap after
{Heap after GC invocations=268 (full 4):
 PSYoungGen      total 1536K, used 256K [0x00000000eab00000, 0x00000000ead80000, 0x0000000100000000)
  eden space 1024K, 0% used [0x00000000eab00000,0x00000000eab00000,0x00000000eac00000)
  from space 512K, 50% used [0x00000000ead00000,0x00000000ead40000,0x00000000ead80000)
  to   space 512K, 0% used [0x00000000eac80000,0x00000000eac80000,0x00000000ead00000)
 ParOldGen       total 137216K, used 136864K [0x00000000c0000000, 0x00000000c8600000, 0x00000000eab00000)
  object space 137216K, 99% used [0x00000000c0000000,0x00000000c85a81e8,0x00000000c8600000)
 Metaspace       used 64759K, committed 66240K, reserved 1114112K
  class space    used 6713K, committed 7360K, reserved 1048576K
}
Event: 99.001 GC heap before
{Heap before GC invocations=269 (full 4):
 PSYoungGen      total 1536K, used 1280K [0x00000000eab00000, 0x00000000ead80000, 0x0000000100000000)
  eden space 1024K, 100% used [0x00000000eab00000,0x00000000eac00000,0x00000000eac00000)
  from space 512K, 50% used [0x00000000ead00000,0x00000000ead40000,0x00000000ead80000)
  to   space 512K, 0% used [0x00000000eac80000,0x00000000eac80000,0x00000000ead00000)
 ParOldGen       total 137216K, used 136864K [0x00000000c0000000, 0x00000000c8600000, 0x00000000eab00000)
  object space 137216K, 99% used [0x00000000c0000000,0x00000000c85a81e8,0x00000000c8600000)
 Metaspace       used 64759K, committed 66240K, reserved 1114112K
  class space    used 6713K, committed 7360K, reserved 1048576K
}
Event: 99.004 GC heap after
{Heap after GC invocations=269 (full 4):
 PSYoungGen      total 1536K, used 257K [0x00000000eab00000, 0x00000000ead80000, 0x0000000100000000)
  eden space 1024K, 0% used [0x00000000eab00000,0x00000000eab00000,0x00000000eac00000)
  from space 512K, 50% used [0x00000000eac80000,0x00000000eacc07d8,0x00000000ead00000)
  to   space 512K, 0% used [0x00000000ead00000,0x00000000ead00000,0x00000000ead80000)
 ParOldGen       total 137216K, used 136990K [0x00000000c0000000, 0x00000000c8600000, 0x00000000eab00000)
  object space 137216K, 99% used [0x00000000c0000000,0x00000000c85c78c0,0x00000000c8600000)
 Metaspace       used 64759K, committed 66240K, reserved 1114112K
  class space    used 6713K, committed 7360K, reserved 1048576K
}
Event: 99.068 GC heap before
{Heap before GC invocations=270 (full 4):
 PSYoungGen      total 1536K, used 1270K [0x00000000eab00000, 0x00000000ead80000, 0x0000000100000000)
  eden space 1024K, 98% used [0x00000000eab00000,0x00000000eabfd160,0x00000000eac00000)
  from space 512K, 50% used [0x00000000eac80000,0x00000000eacc07d8,0x00000000ead00000)
  to   space 512K, 0% used [0x00000000ead00000,0x00000000ead00000,0x00000000ead80000)
 ParOldGen       total 137216K, used 136990K [0x00000000c0000000, 0x00000000c8600000, 0x00000000eab00000)
  object space 137216K, 99% used [0x00000000c0000000,0x00000000c85c78c0,0x00000000c8600000)
 Metaspace       used 64768K, committed 66240K, reserved 1114112K
  class space    used 6713K, committed 7360K, reserved 1048576K
}
Event: 99.072 GC heap after
{Heap after GC invocations=270 (full 4):
 PSYoungGen      total 1536K, used 224K [0x00000000eab00000, 0x00000000ead80000, 0x0000000100000000)
  eden space 1024K, 0% used [0x00000000eab00000,0x00000000eab00000,0x00000000eac00000)
  from space 512K, 43% used [0x00000000ead00000,0x00000000ead38000,0x00000000ead80000)
  to   space 512K, 0% used [0x00000000eac80000,0x00000000eac80000,0x00000000ead00000)
 ParOldGen       total 137216K, used 137160K [0x00000000c0000000, 0x00000000c8600000, 0x00000000eab00000)
  object space 137216K, 99% used [0x00000000c0000000,0x00000000c85f2098,0x00000000c8600000)
 Metaspace       used 64768K, committed 66240K, reserved 1114112K
  class space    used 6713K, committed 7360K, reserved 1048576K
}
Event: 99.090 GC heap before
{Heap before GC invocations=271 (full 4):
 PSYoungGen      total 1536K, used 1248K [0x00000000eab00000, 0x00000000ead80000, 0x0000000100000000)
  eden space 1024K, 100% used [0x00000000eab00000,0x00000000eac00000,0x00000000eac00000)
  from space 512K, 43% used [0x00000000ead00000,0x00000000ead38000,0x00000000ead80000)
  to   space 512K, 0% used [0x00000000eac80000,0x00000000eac80000,0x00000000ead00000)
 ParOldGen       total 137216K, used 137160K [0x00000000c0000000, 0x00000000c8600000, 0x00000000eab00000)
  object space 137216K, 99% used [0x00000000c0000000,0x00000000c85f2098,0x00000000c8600000)
 Metaspace       used 64778K, committed 66240K, reserved 1114112K
  class space    used 6713K, committed 7360K, reserved 1048576K
}
Event: 99.092 GC heap after
{Heap after GC invocations=271 (full 4):
 PSYoungGen      total 1536K, used 264K [0x00000000eab00000, 0x00000000ead80000, 0x0000000100000000)
  eden space 1024K, 0% used [0x00000000eab00000,0x00000000eab00000,0x00000000eac00000)
  from space 512K, 51% used [0x00000000eac80000,0x00000000eacc2120,0x00000000ead00000)
  to   space 512K, 0% used [0x00000000ead00000,0x00000000ead00000,0x00000000ead80000)
 ParOldGen       total 137728K, used 137272K [0x00000000c0000000, 0x00000000c8680000, 0x00000000eab00000)
  object space 137728K, 99% used [0x00000000c0000000,0x00000000c860e098,0x00000000c8680000)
 Metaspace       used 64778K, committed 66240K, reserved 1114112K
  class space    used 6713K, committed 7360K, reserved 1048576K
}
Event: 99.141 GC heap before
{Heap before GC invocations=272 (full 4):
 PSYoungGen      total 1536K, used 1285K [0x00000000eab00000, 0x00000000ead80000, 0x0000000100000000)
  eden space 1024K, 99% used [0x00000000eab00000,0x00000000eabff3a8,0x00000000eac00000)
  from space 512K, 51% used [0x00000000eac80000,0x00000000eacc2120,0x00000000ead00000)
  to   space 512K, 0% used [0x00000000ead00000,0x00000000ead00000,0x00000000ead80000)
 ParOldGen       total 137728K, used 137272K [0x00000000c0000000, 0x00000000c8680000, 0x00000000eab00000)
  object space 137728K, 99% used [0x00000000c0000000,0x00000000c860e098,0x00000000c8680000)
 Metaspace       used 64785K, committed 66240K, reserved 1114112K
  class space    used 6713K, committed 7360K, reserved 1048576K
}
Event: 99.144 GC heap after
{Heap after GC invocations=272 (full 4):
 PSYoungGen      total 1536K, used 322K [0x00000000eab00000, 0x00000000ead80000, 0x0000000100000000)
  eden space 1024K, 0% used [0x00000000eab00000,0x00000000eab00000,0x00000000eac00000)
  from space 512K, 62% used [0x00000000ead00000,0x00000000ead508e8,0x00000000ead80000)
  to   space 512K, 0% used [0x00000000eac80000,0x00000000eac80000,0x00000000ead00000)
 ParOldGen       total 137728K, used 137472K [0x00000000c0000000, 0x00000000c8680000, 0x00000000eab00000)
  object space 137728K, 99% used [0x00000000c0000000,0x00000000c86401b8,0x00000000c8680000)
 Metaspace       used 64785K, committed 66240K, reserved 1114112K
  class space    used 6713K, committed 7360K, reserved 1048576K
}
Event: 99.364 GC heap before
{Heap before GC invocations=273 (full 4):
 PSYoungGen      total 1536K, used 1333K [0x00000000eab00000, 0x00000000ead80000, 0x0000000100000000)
  eden space 1024K, 98% used [0x00000000eab00000,0x00000000eabfce90,0x00000000eac00000)
  from space 512K, 62% used [0x00000000ead00000,0x00000000ead508e8,0x00000000ead80000)
  to   space 512K, 0% used [0x00000000eac80000,0x00000000eac80000,0x00000000ead00000)
 ParOldGen       total 137728K, used 137472K [0x00000000c0000000, 0x00000000c8680000, 0x00000000eab00000)
  object space 137728K, 99% used [0x00000000c0000000,0x00000000c86401b8,0x00000000c8680000)
 Metaspace       used 64791K, committed 66240K, reserved 1114112K
  class space    used 6713K, committed 7360K, reserved 1048576K
}
Event: 99.367 GC heap after
{Heap after GC invocations=273 (full 4):
 PSYoungGen      total 1536K, used 256K [0x00000000eab00000, 0x00000000ead80000, 0x0000000100000000)
  eden space 1024K, 0% used [0x00000000eab00000,0x00000000eab00000,0x00000000eac00000)
  from space 512K, 50% used [0x00000000eac80000,0x00000000eacc0000,0x00000000ead00000)
  to   space 512K, 0% used [0x00000000ead00000,0x00000000ead00000,0x00000000ead80000)
 ParOldGen       total 137728K, used 137631K [0x00000000c0000000, 0x00000000c8680000, 0x00000000eab00000)
  object space 137728K, 99% used [0x00000000c0000000,0x00000000c8667e88,0x00000000c8680000)
 Metaspace       used 64791K, committed 66240K, reserved 1114112K
  class space    used 6713K, committed 7360K, reserved 1048576K
}
Event: 99.444 GC heap before
{Heap before GC invocations=274 (full 4):
 PSYoungGen      total 1536K, used 1280K [0x00000000eab00000, 0x00000000ead80000, 0x0000000100000000)
  eden space 1024K, 100% used [0x00000000eab00000,0x00000000eac00000,0x00000000eac00000)
  from space 512K, 50% used [0x00000000eac80000,0x00000000eacc0000,0x00000000ead00000)
  to   space 512K, 0% used [0x00000000ead00000,0x00000000ead00000,0x00000000ead80000)
 ParOldGen       total 137728K, used 137631K [0x00000000c0000000, 0x00000000c8680000, 0x00000000eab00000)
  object space 137728K, 99% used [0x00000000c0000000,0x00000000c8667e88,0x00000000c8680000)
 Metaspace       used 64795K, committed 66240K, reserved 1114112K
  class space    used 6713K, committed 7360K, reserved 1048576K
}
Event: 99.447 GC heap after
{Heap after GC invocations=274 (full 4):
 PSYoungGen      total 1536K, used 416K [0x00000000eab00000, 0x00000000ead80000, 0x0000000100000000)
  eden space 1024K, 0% used [0x00000000eab00000,0x00000000eab00000,0x00000000eac00000)
  from space 512K, 81% used [0x00000000ead00000,0x00000000ead68310,0x00000000ead80000)
  to   space 512K, 0% used [0x00000000eac80000,0x00000000eac80000,0x00000000ead00000)
 ParOldGen       total 138240K, used 137763K [0x00000000c0000000, 0x00000000c8700000, 0x00000000eab00000)
  object space 138240K, 99% used [0x00000000c0000000,0x00000000c8688e98,0x00000000c8700000)
 Metaspace       used 64795K, committed 66240K, reserved 1114112K
  class space    used 6713K, committed 7360K, reserved 1048576K
}

