# JRE version: OpenJDK Runtime Environment Temurin-21.0.6+7 (21.0.6+7) (build 21.0.6+7-LTS)
# Java VM: OpenJDK 64-Bit Server VM Temurin-21.0.6+7 (21.0.6+7-LTS, mixed mode, sharing, tiered, compressed oops, compressed class ptrs, parallel gc, windows-amd64)
GC Precious Log:
 CardTable entry size: 512
 CPUs: 4 total, 4 available
 Memory: 6086M
 Large Page Support: Disabled
 NUMA Support: Disabled
 Compressed Oops: Enabled (32-bit)
 Alignments: Space 512K, Generation 512K, Heap 2M
 Heap Min Capacity: 100M
 Heap Initial Capacity: 100M
 Heap Max Capacity: 1G
 Pre-touch: Disabled
 Parallel Workers: 4
Heap:
 PSYoungGen      total 1536K, used 1395K [0x00000000eab00000, 0x00000000eae80000, 0x0000000100000000)
  eden space 1024K, 95% used [0x00000000eab00000,0x00000000eabf4c08,0x00000000eac00000)
  from space 512K, 81% used [0x00000000eae00000,0x00000000eae68010,0x00000000eae80000)
  to   space 512K, 0% used [0x00000000ead80000,0x00000000ead80000,0x00000000eae00000)
 ParOldGen       total 255488K, used 255485K [0x00000000c0000000, 0x00000000cf980000, 0x00000000eab00000)
  object space 255488K, 99% used [0x00000000c0000000,0x00000000cf97f480,0x00000000cf980000)
 Metaspace       used 75697K, committed 77440K, reserved 1179648K
  class space    used 7608K, committed 8384K, reserved 1048576K
GC Heap History (20 events):
Event: 5691.761 GC heap before
{Heap before GC invocations=633 (full 3):
 PSYoungGen      total 1536K, used 1506K [0x00000000eab00000, 0x00000000eaf00000, 0x0000000100000000)
  eden space 1024K, 100% used [0x00000000eab00000,0x00000000eac00000,0x00000000eac00000)
  from space 512K, 94% used [0x00000000ead80000,0x00000000eadf8b60,0x00000000eae00000)
  to   space 1024K, 0% used [0x00000000eae00000,0x00000000eae00000,0x00000000eaf00000)
 ParOldGen       total 252928K, used 252583K [0x00000000c0000000, 0x00000000cf700000, 0x00000000eab00000)
  object space 252928K, 99% used [0x00000000c0000000,0x00000000cf6a9c58,0x00000000cf700000)
 Metaspace       used 75369K, committed 77120K, reserved 1179648K
  class space    used 7562K, committed 8320K, reserved 1048576K
}
Event: 5691.767 GC heap after
{Heap after GC invocations=633 (full 3):
 PSYoungGen      total 1536K, used 512K [0x00000000eab00000, 0x00000000eae80000, 0x0000000100000000)
  eden space 1024K, 0% used [0x00000000eab00000,0x00000000eab00000,0x00000000eac00000)
  from space 512K, 100% used [0x00000000eae00000,0x00000000eae80000,0x00000000eae80000)
  to   space 1024K, 0% used [0x00000000eac80000,0x00000000eac80000,0x00000000ead80000)
 ParOldGen       total 253440K, used 253085K [0x00000000c0000000, 0x00000000cf780000, 0x00000000eab00000)
  object space 253440K, 99% used [0x00000000c0000000,0x00000000cf727770,0x00000000cf780000)
 Metaspace       used 75369K, committed 77120K, reserved 1179648K
  class space    used 7562K, committed 8320K, reserved 1048576K
}
Event: 5691.873 GC heap before
{Heap before GC invocations=634 (full 3):
 PSYoungGen      total 1536K, used 1536K [0x00000000eab00000, 0x00000000eae80000, 0x0000000100000000)
  eden space 1024K, 100% used [0x00000000eab00000,0x00000000eac00000,0x00000000eac00000)
  from space 512K, 100% used [0x00000000eae00000,0x00000000eae80000,0x00000000eae80000)
  to   space 1024K, 0% used [0x00000000eac80000,0x00000000eac80000,0x00000000ead80000)
 ParOldGen       total 253440K, used 253085K [0x00000000c0000000, 0x00000000cf780000, 0x00000000eab00000)
  object space 253440K, 99% used [0x00000000c0000000,0x00000000cf727770,0x00000000cf780000)
 Metaspace       used 75373K, committed 77120K, reserved 1179648K
  class space    used 7562K, committed 8320K, reserved 1048576K
}
Event: 5691.877 GC heap after
{Heap after GC invocations=634 (full 3):
 PSYoungGen      total 2048K, used 224K [0x00000000eab00000, 0x00000000eae80000, 0x0000000100000000)
  eden space 1024K, 0% used [0x00000000eab00000,0x00000000eab00000,0x00000000eac00000)
  from space 1024K, 21% used [0x00000000eac80000,0x00000000eacb8000,0x00000000ead80000)
  to   space 512K, 0% used [0x00000000eae00000,0x00000000eae00000,0x00000000eae80000)
 ParOldGen       total 253952K, used 253573K [0x00000000c0000000, 0x00000000cf800000, 0x00000000eab00000)
  object space 253952K, 99% used [0x00000000c0000000,0x00000000cf7a1770,0x00000000cf800000)
 Metaspace       used 75373K, committed 77120K, reserved 1179648K
  class space    used 7562K, committed 8320K, reserved 1048576K
}
Event: 5693.499 GC heap before
{Heap before GC invocations=635 (full 3):
 PSYoungGen      total 2048K, used 1248K [0x00000000eab00000, 0x00000000eae80000, 0x0000000100000000)
  eden space 1024K, 100% used [0x00000000eab00000,0x00000000eac00000,0x00000000eac00000)
  from space 1024K, 21% used [0x00000000eac80000,0x00000000eacb8000,0x00000000ead80000)
  to   space 512K, 0% used [0x00000000eae00000,0x00000000eae00000,0x00000000eae80000)
 ParOldGen       total 253952K, used 253573K [0x00000000c0000000, 0x00000000cf800000, 0x00000000eab00000)
  object space 253952K, 99% used [0x00000000c0000000,0x00000000cf7a1770,0x00000000cf800000)
 Metaspace       used 75469K, committed 77120K, reserved 1179648K
  class space    used 7577K, committed 8320K, reserved 1048576K
}
Event: 5693.503 GC heap after
{Heap after GC invocations=635 (full 3):
 PSYoungGen      total 1536K, used 192K [0x00000000eab00000, 0x00000000eae80000, 0x0000000100000000)
  eden space 1024K, 0% used [0x00000000eab00000,0x00000000eab00000,0x00000000eac00000)
  from space 512K, 37% used [0x00000000eae00000,0x00000000eae30000,0x00000000eae80000)
  to   space 512K, 0% used [0x00000000ead80000,0x00000000ead80000,0x00000000eae00000)
 ParOldGen       total 253952K, used 253717K [0x00000000c0000000, 0x00000000cf800000, 0x00000000eab00000)
  object space 253952K, 99% used [0x00000000c0000000,0x00000000cf7c5770,0x00000000cf800000)
 Metaspace       used 75469K, committed 77120K, reserved 1179648K
  class space    used 7577K, committed 8320K, reserved 1048576K
}
Event: 5695.583 GC heap before
{Heap before GC invocations=636 (full 3):
 PSYoungGen      total 1536K, used 1216K [0x00000000eab00000, 0x00000000eae80000, 0x0000000100000000)
  eden space 1024K, 100% used [0x00000000eab00000,0x00000000eac00000,0x00000000eac00000)
  from space 512K, 37% used [0x00000000eae00000,0x00000000eae30000,0x00000000eae80000)
  to   space 512K, 0% used [0x00000000ead80000,0x00000000ead80000,0x00000000eae00000)
 ParOldGen       total 253952K, used 253717K [0x00000000c0000000, 0x00000000cf800000, 0x00000000eab00000)
  object space 253952K, 99% used [0x00000000c0000000,0x00000000cf7c5770,0x00000000cf800000)
 Metaspace       used 75527K, committed 77184K, reserved 1179648K
  class space    used 7589K, committed 8320K, reserved 1048576K
}
Event: 5695.587 GC heap after
{Heap after GC invocations=636 (full 3):
 PSYoungGen      total 1536K, used 320K [0x00000000eab00000, 0x00000000eae80000, 0x0000000100000000)
  eden space 1024K, 0% used [0x00000000eab00000,0x00000000eab00000,0x00000000eac00000)
  from space 512K, 62% used [0x00000000ead80000,0x00000000eadd0010,0x00000000eae00000)
  to   space 512K, 0% used [0x00000000eae00000,0x00000000eae00000,0x00000000eae80000)
 ParOldGen       total 253952K, used 253845K [0x00000000c0000000, 0x00000000cf800000, 0x00000000eab00000)
  object space 253952K, 99% used [0x00000000c0000000,0x00000000cf7e5770,0x00000000cf800000)
 Metaspace       used 75527K, committed 77184K, reserved 1179648K
  class space    used 7589K, committed 8320K, reserved 1048576K
}
Event: 5695.855 GC heap before
{Heap before GC invocations=637 (full 3):
 PSYoungGen      total 1536K, used 1344K [0x00000000eab00000, 0x00000000eae80000, 0x0000000100000000)
  eden space 1024K, 100% used [0x00000000eab00000,0x00000000eac00000,0x00000000eac00000)
  from space 512K, 62% used [0x00000000ead80000,0x00000000eadd0010,0x00000000eae00000)
  to   space 512K, 0% used [0x00000000eae00000,0x00000000eae00000,0x00000000eae80000)
 ParOldGen       total 253952K, used 253845K [0x00000000c0000000, 0x00000000cf800000, 0x00000000eab00000)
  object space 253952K, 99% used [0x00000000c0000000,0x00000000cf7e5770,0x00000000cf800000)
 Metaspace       used 75551K, committed 77248K, reserved 1179648K
  class space    used 7591K, committed 8320K, reserved 1048576K
}
Event: 5695.858 GC heap after
{Heap after GC invocations=637 (full 3):
 PSYoungGen      total 1536K, used 512K [0x00000000eab00000, 0x00000000eae80000, 0x0000000100000000)
  eden space 1024K, 0% used [0x00000000eab00000,0x00000000eab00000,0x00000000eac00000)
  from space 512K, 100% used [0x00000000eae00000,0x00000000eae80000,0x00000000eae80000)
  to   space 1024K, 0% used [0x00000000eac80000,0x00000000eac80000,0x00000000ead80000)
 ParOldGen       total 254464K, used 254021K [0x00000000c0000000, 0x00000000cf880000, 0x00000000eab00000)
  object space 254464K, 99% used [0x00000000c0000000,0x00000000cf811480,0x00000000cf880000)
 Metaspace       used 75551K, committed 77248K, reserved 1179648K
  class space    used 7591K, committed 8320K, reserved 1048576K
}
Event: 5697.385 GC heap before
{Heap before GC invocations=638 (full 3):
 PSYoungGen      total 1536K, used 1536K [0x00000000eab00000, 0x00000000eae80000, 0x0000000100000000)
  eden space 1024K, 100% used [0x00000000eab00000,0x00000000eac00000,0x00000000eac00000)
  from space 512K, 100% used [0x00000000eae00000,0x00000000eae80000,0x00000000eae80000)
  to   space 1024K, 0% used [0x00000000eac80000,0x00000000eac80000,0x00000000ead80000)
 ParOldGen       total 254464K, used 254021K [0x00000000c0000000, 0x00000000cf880000, 0x00000000eab00000)
  object space 254464K, 99% used [0x00000000c0000000,0x00000000cf811480,0x00000000cf880000)
 Metaspace       used 75586K, committed 77248K, reserved 1179648K
  class space    used 7595K, committed 8320K, reserved 1048576K
}
Event: 5697.389 GC heap after
{Heap after GC invocations=638 (full 3):
 PSYoungGen      total 2048K, used 320K [0x00000000eab00000, 0x00000000eae80000, 0x0000000100000000)
  eden space 1024K, 0% used [0x00000000eab00000,0x00000000eab00000,0x00000000eac00000)
  from space 1024K, 31% used [0x00000000eac80000,0x00000000eacd0000,0x00000000ead80000)
  to   space 512K, 0% used [0x00000000eae00000,0x00000000eae00000,0x00000000eae80000)
 ParOldGen       total 254976K, used 254541K [0x00000000c0000000, 0x00000000cf900000, 0x00000000eab00000)
  object space 254976K, 99% used [0x00000000c0000000,0x00000000cf893480,0x00000000cf900000)
 Metaspace       used 75586K, committed 77248K, reserved 1179648K
  class space    used 7595K, committed 8320K, reserved 1048576K
}
Event: 5701.412 GC heap before
{Heap before GC invocations=639 (full 3):
 PSYoungGen      total 2048K, used 1344K [0x00000000eab00000, 0x00000000eae80000, 0x0000000100000000)
  eden space 1024K, 100% used [0x00000000eab00000,0x00000000eac00000,0x00000000eac00000)
  from space 1024K, 31% used [0x00000000eac80000,0x00000000eacd0000,0x00000000ead80000)
  to   space 512K, 0% used [0x00000000eae00000,0x00000000eae00000,0x00000000eae80000)
 ParOldGen       total 254976K, used 254541K [0x00000000c0000000, 0x00000000cf900000, 0x00000000eab00000)
  object space 254976K, 99% used [0x00000000c0000000,0x00000000cf893480,0x00000000cf900000)
 Metaspace       used 75596K, committed 77248K, reserved 1179648K
  class space    used 7595K, committed 8320K, reserved 1048576K
}
Event: 5701.416 GC heap after
{Heap after GC invocations=639 (full 3):
 PSYoungGen      total 1536K, used 310K [0x00000000eab00000, 0x00000000eae80000, 0x0000000100000000)
  eden space 1024K, 0% used [0x00000000eab00000,0x00000000eab00000,0x00000000eac00000)
  from space 512K, 60% used [0x00000000eae00000,0x00000000eae4db40,0x00000000eae80000)
  to   space 512K, 0% used [0x00000000ead80000,0x00000000ead80000,0x00000000eae00000)
 ParOldGen       total 254976K, used 254717K [0x00000000c0000000, 0x00000000cf900000, 0x00000000eab00000)
  object space 254976K, 99% used [0x00000000c0000000,0x00000000cf8bf480,0x00000000cf900000)
 Metaspace       used 75596K, committed 77248K, reserved 1179648K
  class space    used 7595K, committed 8320K, reserved 1048576K
}
Event: 5704.312 GC heap before
{Heap before GC invocations=640 (full 3):
 PSYoungGen      total 1536K, used 1334K [0x00000000eab00000, 0x00000000eae80000, 0x0000000100000000)
  eden space 1024K, 100% used [0x00000000eab00000,0x00000000eac00000,0x00000000eac00000)
  from space 512K, 60% used [0x00000000eae00000,0x00000000eae4db40,0x00000000eae80000)
  to   space 512K, 0% used [0x00000000ead80000,0x00000000ead80000,0x00000000eae00000)
 ParOldGen       total 254976K, used 254717K [0x00000000c0000000, 0x00000000cf900000, 0x00000000eab00000)
  object space 254976K, 99% used [0x00000000c0000000,0x00000000cf8bf480,0x00000000cf900000)
 Metaspace       used 75627K, committed 77376K, reserved 1179648K
  class space    used 7602K, committed 8384K, reserved 1048576K
}
Event: 5704.315 GC heap after
{Heap after GC invocations=640 (full 3):
 PSYoungGen      total 1536K, used 224K [0x00000000eab00000, 0x00000000eae80000, 0x0000000100000000)
  eden space 1024K, 0% used [0x00000000eab00000,0x00000000eab00000,0x00000000eac00000)
  from space 512K, 43% used [0x00000000ead80000,0x00000000eadb8000,0x00000000eae00000)
  to   space 512K, 0% used [0x00000000eae00000,0x00000000eae00000,0x00000000eae80000)
 ParOldGen       total 254976K, used 254805K [0x00000000c0000000, 0x00000000cf900000, 0x00000000eab00000)
  object space 254976K, 99% used [0x00000000c0000000,0x00000000cf8d5480,0x00000000cf900000)
 Metaspace       used 75627K, committed 77376K, reserved 1179648K
  class space    used 7602K, committed 8384K, reserved 1048576K
}
Event: 5704.436 GC heap before
{Heap before GC invocations=641 (full 3):
 PSYoungGen      total 1536K, used 1247K [0x00000000eab00000, 0x00000000eae80000, 0x0000000100000000)
  eden space 1024K, 99% used [0x00000000eab00000,0x00000000eabffff0,0x00000000eac00000)
  from space 512K, 43% used [0x00000000ead80000,0x00000000eadb8000,0x00000000eae00000)
  to   space 512K, 0% used [0x00000000eae00000,0x00000000eae00000,0x00000000eae80000)
 ParOldGen       total 254976K, used 254805K [0x00000000c0000000, 0x00000000cf900000, 0x00000000eab00000)
  object space 254976K, 99% used [0x00000000c0000000,0x00000000cf8d5480,0x00000000cf900000)
 Metaspace       used 75628K, committed 77376K, reserved 1179648K
  class space    used 7602K, committed 8384K, reserved 1048576K
}
Event: 5704.439 GC heap after
{Heap after GC invocations=641 (full 3):
 PSYoungGen      total 1536K, used 352K [0x00000000eab00000, 0x00000000eae80000, 0x0000000100000000)
  eden space 1024K, 0% used [0x00000000eab00000,0x00000000eab00000,0x00000000eac00000)
  from space 512K, 68% used [0x00000000eae00000,0x00000000eae58000,0x00000000eae80000)
  to   space 512K, 0% used [0x00000000ead80000,0x00000000ead80000,0x00000000eae00000)
 ParOldGen       total 255488K, used 254997K [0x00000000c0000000, 0x00000000cf980000, 0x00000000eab00000)
  object space 255488K, 99% used [0x00000000c0000000,0x00000000cf905480,0x00000000cf980000)
 Metaspace       used 75628K, committed 77376K, reserved 1179648K
  class space    used 7602K, committed 8384K, reserved 1048576K
}
Event: 5704.834 GC heap before
{Heap before GC invocations=642 (full 3):
 PSYoungGen      total 1536K, used 1376K [0x00000000eab00000, 0x00000000eae80000, 0x0000000100000000)
  eden space 1024K, 100% used [0x00000000eab00000,0x00000000eac00000,0x00000000eac00000)
  from space 512K, 68% used [0x00000000eae00000,0x00000000eae58000,0x00000000eae80000)
  to   space 512K, 0% used [0x00000000ead80000,0x00000000ead80000,0x00000000eae00000)
 ParOldGen       total 255488K, used 254997K [0x00000000c0000000, 0x00000000cf980000, 0x00000000eab00000)
  object space 255488K, 99% used [0x00000000c0000000,0x00000000cf905480,0x00000000cf980000)
 Metaspace       used 75633K, committed 77376K, reserved 1179648K
  class space    used 7602K, committed 8384K, reserved 1048576K
}
Event: 5704.838 GC heap after
{Heap after GC invocations=642 (full 3):
 PSYoungGen      total 1536K, used 288K [0x00000000eab00000, 0x00000000eae80000, 0x0000000100000000)
  eden space 1024K, 0% used [0x00000000eab00000,0x00000000eab00000,0x00000000eac00000)
  from space 512K, 56% used [0x00000000ead80000,0x00000000eadc8000,0x00000000eae00000)
  to   space 512K, 0% used [0x00000000eae00000,0x00000000eae00000,0x00000000eae80000)
 ParOldGen       total 255488K, used 255269K [0x00000000c0000000, 0x00000000cf980000, 0x00000000eab00000)
  object space 255488K, 99% used [0x00000000c0000000,0x00000000cf949480,0x00000000cf980000)
 Metaspace       used 75633K, committed 77376K, reserved 1179648K
  class space    used 7602K, committed 8384K, reserved 1048576K
}

