# JRE version: OpenJDK Runtime Environment Temurin-21.0.6+7 (21.0.6+7) (build 21.0.6+7-LTS)
# Java VM: OpenJDK 64-Bit Server VM Temurin-21.0.6+7 (21.0.6+7-LTS, mixed mode, sharing, tiered, compressed oops, compressed class ptrs, parallel gc, windows-amd64)
GC Precious Log:
 CardTable entry size: 512
 CPUs: 4 total, 4 available
 Memory: 6086M
 Large Page Support: Disabled
 NUMA Support: Disabled
 Compressed Oops: Enabled (32-bit)
 Alignments: Space 512K, Generation 512K, Heap 2M
 Heap Min Capacity: 100M
 Heap Initial Capacity: 100M
 Heap Max Capacity: 1G
 Pre-touch: Disabled
 Parallel Workers: 4
Heap:
 PSYoungGen      total 16384K, used 11688K [0x00000000eab00000, 0x00000000ebc80000, 0x0000000100000000)
  eden space 14848K, 69% used [0x00000000eab00000,0x00000000eb51b5a0,0x00000000eb980000)
  from space 1536K, 87% used [0x00000000ebb00000,0x00000000ebc4ec08,0x00000000ebc80000)
  to   space 1536K, 0% used [0x00000000eb980000,0x00000000eb980000,0x00000000ebb00000)
 ParOldGen       total 68608K, used 55861K [0x00000000c0000000, 0x00000000c4300000, 0x00000000eab00000)
  object space 68608K, 81% used [0x00000000c0000000,0x00000000c368d430,0x00000000c4300000)
 Metaspace       used 62382K, committed 63808K, reserved 1114112K
  class space    used 6420K, committed 7104K, reserved 1048576K
GC Heap History (20 events):
Event: 65.270 GC heap before
{Heap before GC invocations=40 (full 3):
 PSYoungGen      total 15872K, used 1024K [0x00000000eab00000, 0x00000000ebd80000, 0x0000000100000000)
  eden space 14848K, 0% used [0x00000000eab00000,0x00000000eab00000,0x00000000eb980000)
  from space 1024K, 100% used [0x00000000eb980000,0x00000000eba80000,0x00000000eba80000)
  to   space 2048K, 0% used [0x00000000ebb80000,0x00000000ebb80000,0x00000000ebd80000)
 ParOldGen       total 68608K, used 55466K [0x00000000c0000000, 0x00000000c4300000, 0x00000000eab00000)
  object space 68608K, 80% used [0x00000000c0000000,0x00000000c362a9c0,0x00000000c4300000)
 Metaspace       used 58445K, committed 59776K, reserved 1114112K
  class space    used 6077K, committed 6720K, reserved 1048576K
}
Event: 65.462 GC heap after
{Heap after GC invocations=40 (full 3):
 PSYoungGen      total 15872K, used 0K [0x00000000eab00000, 0x00000000ebd80000, 0x0000000100000000)
  eden space 14848K, 0% used [0x00000000eab00000,0x00000000eab00000,0x00000000eb980000)
  from space 1024K, 0% used [0x00000000eb980000,0x00000000eb980000,0x00000000eba80000)
  to   space 2048K, 0% used [0x00000000ebb80000,0x00000000ebb80000,0x00000000ebd80000)
 ParOldGen       total 68608K, used 47878K [0x00000000c0000000, 0x00000000c4300000, 0x00000000eab00000)
  object space 68608K, 69% used [0x00000000c0000000,0x00000000c2ec1858,0x00000000c4300000)
 Metaspace       used 58445K, committed 59776K, reserved 1114112K
  class space    used 6077K, committed 6720K, reserved 1048576K
}
Event: 66.729 GC heap before
{Heap before GC invocations=41 (full 3):
 PSYoungGen      total 15872K, used 14848K [0x00000000eab00000, 0x00000000ebd80000, 0x0000000100000000)
  eden space 14848K, 100% used [0x00000000eab00000,0x00000000eb980000,0x00000000eb980000)
  from space 1024K, 0% used [0x00000000eb980000,0x00000000eb980000,0x00000000eba80000)
  to   space 2048K, 0% used [0x00000000ebb80000,0x00000000ebb80000,0x00000000ebd80000)
 ParOldGen       total 68608K, used 47878K [0x00000000c0000000, 0x00000000c4300000, 0x00000000eab00000)
  object space 68608K, 69% used [0x00000000c0000000,0x00000000c2ec1858,0x00000000c4300000)
 Metaspace       used 58868K, committed 60160K, reserved 1114112K
  class space    used 6101K, committed 6720K, reserved 1048576K
}
Event: 66.732 GC heap after
{Heap after GC invocations=41 (full 3):
 PSYoungGen      total 16896K, used 1856K [0x00000000eab00000, 0x00000000ebd80000, 0x0000000100000000)
  eden space 14848K, 0% used [0x00000000eab00000,0x00000000eab00000,0x00000000eb980000)
  from space 2048K, 90% used [0x00000000ebb80000,0x00000000ebd50000,0x00000000ebd80000)
  to   space 2048K, 0% used [0x00000000eb980000,0x00000000eb980000,0x00000000ebb80000)
 ParOldGen       total 68608K, used 47886K [0x00000000c0000000, 0x00000000c4300000, 0x00000000eab00000)
  object space 68608K, 69% used [0x00000000c0000000,0x00000000c2ec3858,0x00000000c4300000)
 Metaspace       used 58868K, committed 60160K, reserved 1114112K
  class space    used 6101K, committed 6720K, reserved 1048576K
}
Event: 67.661 GC heap before
{Heap before GC invocations=42 (full 3):
 PSYoungGen      total 16896K, used 16704K [0x00000000eab00000, 0x00000000ebd80000, 0x0000000100000000)
  eden space 14848K, 100% used [0x00000000eab00000,0x00000000eb980000,0x00000000eb980000)
  from space 2048K, 90% used [0x00000000ebb80000,0x00000000ebd50000,0x00000000ebd80000)
  to   space 2048K, 0% used [0x00000000eb980000,0x00000000eb980000,0x00000000ebb80000)
 ParOldGen       total 68608K, used 47886K [0x00000000c0000000, 0x00000000c4300000, 0x00000000eab00000)
  object space 68608K, 69% used [0x00000000c0000000,0x00000000c2ec3858,0x00000000c4300000)
 Metaspace       used 59000K, committed 60352K, reserved 1114112K
  class space    used 6103K, committed 6720K, reserved 1048576K
}
Event: 67.665 GC heap after
{Heap after GC invocations=42 (full 3):
 PSYoungGen      total 16384K, used 1248K [0x00000000eab00000, 0x00000000ebc80000, 0x0000000100000000)
  eden space 14848K, 0% used [0x00000000eab00000,0x00000000eab00000,0x00000000eb980000)
  from space 1536K, 81% used [0x00000000eb980000,0x00000000ebab8000,0x00000000ebb00000)
  to   space 1536K, 0% used [0x00000000ebb00000,0x00000000ebb00000,0x00000000ebc80000)
 ParOldGen       total 68608K, used 49629K [0x00000000c0000000, 0x00000000c4300000, 0x00000000eab00000)
  object space 68608K, 72% used [0x00000000c0000000,0x00000000c3077760,0x00000000c4300000)
 Metaspace       used 59000K, committed 60352K, reserved 1114112K
  class space    used 6103K, committed 6720K, reserved 1048576K
}
Event: 68.335 GC heap before
{Heap before GC invocations=43 (full 3):
 PSYoungGen      total 16384K, used 16096K [0x00000000eab00000, 0x00000000ebc80000, 0x0000000100000000)
  eden space 14848K, 100% used [0x00000000eab00000,0x00000000eb980000,0x00000000eb980000)
  from space 1536K, 81% used [0x00000000eb980000,0x00000000ebab8000,0x00000000ebb00000)
  to   space 1536K, 0% used [0x00000000ebb00000,0x00000000ebb00000,0x00000000ebc80000)
 ParOldGen       total 68608K, used 49629K [0x00000000c0000000, 0x00000000c4300000, 0x00000000eab00000)
  object space 68608K, 72% used [0x00000000c0000000,0x00000000c3077760,0x00000000c4300000)
 Metaspace       used 59179K, committed 60480K, reserved 1114112K
  class space    used 6103K, committed 6720K, reserved 1048576K
}
Event: 68.338 GC heap after
{Heap after GC invocations=43 (full 3):
 PSYoungGen      total 16384K, used 1088K [0x00000000eab00000, 0x00000000ebc80000, 0x0000000100000000)
  eden space 14848K, 0% used [0x00000000eab00000,0x00000000eab00000,0x00000000eb980000)
  from space 1536K, 70% used [0x00000000ebb00000,0x00000000ebc10000,0x00000000ebc80000)
  to   space 1536K, 0% used [0x00000000eb980000,0x00000000eb980000,0x00000000ebb00000)
 ParOldGen       total 68608K, used 50681K [0x00000000c0000000, 0x00000000c4300000, 0x00000000eab00000)
  object space 68608K, 73% used [0x00000000c0000000,0x00000000c317e4f0,0x00000000c4300000)
 Metaspace       used 59179K, committed 60480K, reserved 1114112K
  class space    used 6103K, committed 6720K, reserved 1048576K
}
Event: 68.985 GC heap before
{Heap before GC invocations=44 (full 3):
 PSYoungGen      total 16384K, used 15924K [0x00000000eab00000, 0x00000000ebc80000, 0x0000000100000000)
  eden space 14848K, 99% used [0x00000000eab00000,0x00000000eb97d058,0x00000000eb980000)
  from space 1536K, 70% used [0x00000000ebb00000,0x00000000ebc10000,0x00000000ebc80000)
  to   space 1536K, 0% used [0x00000000eb980000,0x00000000eb980000,0x00000000ebb00000)
 ParOldGen       total 68608K, used 50681K [0x00000000c0000000, 0x00000000c4300000, 0x00000000eab00000)
  object space 68608K, 73% used [0x00000000c0000000,0x00000000c317e4f0,0x00000000c4300000)
 Metaspace       used 59527K, committed 60864K, reserved 1114112K
  class space    used 6144K, committed 6784K, reserved 1048576K
}
Event: 68.989 GC heap after
{Heap after GC invocations=44 (full 3):
 PSYoungGen      total 16384K, used 1264K [0x00000000eab00000, 0x00000000ebc80000, 0x0000000100000000)
  eden space 14848K, 0% used [0x00000000eab00000,0x00000000eab00000,0x00000000eb980000)
  from space 1536K, 82% used [0x00000000eb980000,0x00000000ebabc010,0x00000000ebb00000)
  to   space 1536K, 0% used [0x00000000ebb00000,0x00000000ebb00000,0x00000000ebc80000)
 ParOldGen       total 68608K, used 51587K [0x00000000c0000000, 0x00000000c4300000, 0x00000000eab00000)
  object space 68608K, 75% used [0x00000000c0000000,0x00000000c3260db8,0x00000000c4300000)
 Metaspace       used 59527K, committed 60864K, reserved 1114112K
  class space    used 6144K, committed 6784K, reserved 1048576K
}
Event: 69.603 GC heap before
{Heap before GC invocations=45 (full 3):
 PSYoungGen      total 16384K, used 16112K [0x00000000eab00000, 0x00000000ebc80000, 0x0000000100000000)
  eden space 14848K, 100% used [0x00000000eab00000,0x00000000eb980000,0x00000000eb980000)
  from space 1536K, 82% used [0x00000000eb980000,0x00000000ebabc010,0x00000000ebb00000)
  to   space 1536K, 0% used [0x00000000ebb00000,0x00000000ebb00000,0x00000000ebc80000)
 ParOldGen       total 68608K, used 51587K [0x00000000c0000000, 0x00000000c4300000, 0x00000000eab00000)
  object space 68608K, 75% used [0x00000000c0000000,0x00000000c3260db8,0x00000000c4300000)
 Metaspace       used 59645K, committed 61056K, reserved 1114112K
  class space    used 6145K, committed 6784K, reserved 1048576K
}
Event: 69.607 GC heap after
{Heap after GC invocations=45 (full 3):
 PSYoungGen      total 16384K, used 1184K [0x00000000eab00000, 0x00000000ebc80000, 0x0000000100000000)
  eden space 14848K, 0% used [0x00000000eab00000,0x00000000eab00000,0x00000000eb980000)
  from space 1536K, 77% used [0x00000000ebb00000,0x00000000ebc28000,0x00000000ebc80000)
  to   space 1536K, 0% used [0x00000000eb980000,0x00000000eb980000,0x00000000ebb00000)
 ParOldGen       total 68608K, used 52720K [0x00000000c0000000, 0x00000000c4300000, 0x00000000eab00000)
  object space 68608K, 76% used [0x00000000c0000000,0x00000000c337c108,0x00000000c4300000)
 Metaspace       used 59645K, committed 61056K, reserved 1114112K
  class space    used 6145K, committed 6784K, reserved 1048576K
}
Event: 70.133 GC heap before
{Heap before GC invocations=46 (full 3):
 PSYoungGen      total 16384K, used 16028K [0x00000000eab00000, 0x00000000ebc80000, 0x0000000100000000)
  eden space 14848K, 99% used [0x00000000eab00000,0x00000000eb97f208,0x00000000eb980000)
  from space 1536K, 77% used [0x00000000ebb00000,0x00000000ebc28000,0x00000000ebc80000)
  to   space 1536K, 0% used [0x00000000eb980000,0x00000000eb980000,0x00000000ebb00000)
 ParOldGen       total 68608K, used 52720K [0x00000000c0000000, 0x00000000c4300000, 0x00000000eab00000)
  object space 68608K, 76% used [0x00000000c0000000,0x00000000c337c108,0x00000000c4300000)
 Metaspace       used 59809K, committed 61184K, reserved 1114112K
  class space    used 6147K, committed 6784K, reserved 1048576K
}
Event: 70.135 GC heap after
{Heap after GC invocations=46 (full 3):
 PSYoungGen      total 16384K, used 1056K [0x00000000eab00000, 0x00000000ebc80000, 0x0000000100000000)
  eden space 14848K, 0% used [0x00000000eab00000,0x00000000eab00000,0x00000000eb980000)
  from space 1536K, 68% used [0x00000000eb980000,0x00000000eba88000,0x00000000ebb00000)
  to   space 1536K, 0% used [0x00000000ebb00000,0x00000000ebb00000,0x00000000ebc80000)
 ParOldGen       total 68608K, used 53360K [0x00000000c0000000, 0x00000000c4300000, 0x00000000eab00000)
  object space 68608K, 77% used [0x00000000c0000000,0x00000000c341c108,0x00000000c4300000)
 Metaspace       used 59809K, committed 61184K, reserved 1114112K
  class space    used 6147K, committed 6784K, reserved 1048576K
}
Event: 71.840 GC heap before
{Heap before GC invocations=47 (full 3):
 PSYoungGen      total 16384K, used 15904K [0x00000000eab00000, 0x00000000ebc80000, 0x0000000100000000)
  eden space 14848K, 100% used [0x00000000eab00000,0x00000000eb980000,0x00000000eb980000)
  from space 1536K, 68% used [0x00000000eb980000,0x00000000eba88000,0x00000000ebb00000)
  to   space 1536K, 0% used [0x00000000ebb00000,0x00000000ebb00000,0x00000000ebc80000)
 ParOldGen       total 68608K, used 53360K [0x00000000c0000000, 0x00000000c4300000, 0x00000000eab00000)
  object space 68608K, 77% used [0x00000000c0000000,0x00000000c341c108,0x00000000c4300000)
 Metaspace       used 60454K, committed 61888K, reserved 1114112K
  class space    used 6218K, committed 6848K, reserved 1048576K
}
Event: 71.842 GC heap after
{Heap after GC invocations=47 (full 3):
 PSYoungGen      total 16384K, used 1216K [0x00000000eab00000, 0x00000000ebc80000, 0x0000000100000000)
  eden space 14848K, 0% used [0x00000000eab00000,0x00000000eab00000,0x00000000eb980000)
  from space 1536K, 79% used [0x00000000ebb00000,0x00000000ebc30000,0x00000000ebc80000)
  to   space 1536K, 0% used [0x00000000eb980000,0x00000000eb980000,0x00000000ebb00000)
 ParOldGen       total 68608K, used 53990K [0x00000000c0000000, 0x00000000c4300000, 0x00000000eab00000)
  object space 68608K, 78% used [0x00000000c0000000,0x00000000c34b9ba0,0x00000000c4300000)
 Metaspace       used 60454K, committed 61888K, reserved 1114112K
  class space    used 6218K, committed 6848K, reserved 1048576K
}
Event: 72.403 GC heap before
{Heap before GC invocations=48 (full 3):
 PSYoungGen      total 16384K, used 16064K [0x00000000eab00000, 0x00000000ebc80000, 0x0000000100000000)
  eden space 14848K, 100% used [0x00000000eab00000,0x00000000eb980000,0x00000000eb980000)
  from space 1536K, 79% used [0x00000000ebb00000,0x00000000ebc30000,0x00000000ebc80000)
  to   space 1536K, 0% used [0x00000000eb980000,0x00000000eb980000,0x00000000ebb00000)
 ParOldGen       total 68608K, used 53990K [0x00000000c0000000, 0x00000000c4300000, 0x00000000eab00000)
  object space 68608K, 78% used [0x00000000c0000000,0x00000000c34b9ba0,0x00000000c4300000)
 Metaspace       used 61096K, committed 62592K, reserved 1114112K
  class space    used 6295K, committed 6976K, reserved 1048576K
}
Event: 72.409 GC heap after
{Heap after GC invocations=48 (full 3):
 PSYoungGen      total 16384K, used 933K [0x00000000eab00000, 0x00000000ebc80000, 0x0000000100000000)
  eden space 14848K, 0% used [0x00000000eab00000,0x00000000eab00000,0x00000000eb980000)
  from space 1536K, 60% used [0x00000000eb980000,0x00000000eba69420,0x00000000ebb00000)
  to   space 1536K, 0% used [0x00000000ebb00000,0x00000000ebb00000,0x00000000ebc80000)
 ParOldGen       total 68608K, used 55103K [0x00000000c0000000, 0x00000000c4300000, 0x00000000eab00000)
  object space 68608K, 80% used [0x00000000c0000000,0x00000000c35cfea8,0x00000000c4300000)
 Metaspace       used 61096K, committed 62592K, reserved 1114112K
  class space    used 6295K, committed 6976K, reserved 1048576K
}
Event: 74.722 GC heap before
{Heap before GC invocations=49 (full 3):
 PSYoungGen      total 16384K, used 15781K [0x00000000eab00000, 0x00000000ebc80000, 0x0000000100000000)
  eden space 14848K, 100% used [0x00000000eab00000,0x00000000eb980000,0x00000000eb980000)
  from space 1536K, 60% used [0x00000000eb980000,0x00000000eba69420,0x00000000ebb00000)
  to   space 1536K, 0% used [0x00000000ebb00000,0x00000000ebb00000,0x00000000ebc80000)
 ParOldGen       total 68608K, used 55103K [0x00000000c0000000, 0x00000000c4300000, 0x00000000eab00000)
  object space 68608K, 80% used [0x00000000c0000000,0x00000000c35cfea8,0x00000000c4300000)
 Metaspace       used 62160K, committed 63552K, reserved 1114112K
  class space    used 6400K, committed 7040K, reserved 1048576K
}
Event: 74.726 GC heap after
{Heap after GC invocations=49 (full 3):
 PSYoungGen      total 16384K, used 1339K [0x00000000eab00000, 0x00000000ebc80000, 0x0000000100000000)
  eden space 14848K, 0% used [0x00000000eab00000,0x00000000eab00000,0x00000000eb980000)
  from space 1536K, 87% used [0x00000000ebb00000,0x00000000ebc4ec08,0x00000000ebc80000)
  to   space 1536K, 0% used [0x00000000eb980000,0x00000000eb980000,0x00000000ebb00000)
 ParOldGen       total 68608K, used 55861K [0x00000000c0000000, 0x00000000c4300000, 0x00000000eab00000)
  object space 68608K, 81% used [0x00000000c0000000,0x00000000c368d430,0x00000000c4300000)
 Metaspace       used 62160K, committed 63552K, reserved 1114112K
  class space    used 6400K, committed 7040K, reserved 1048576K
}

