# JRE version: OpenJDK Runtime Environment Temurin-21.0.6+7 (21.0.6+7) (build 21.0.6+7-LTS)
# Java VM: OpenJDK 64-Bit Server VM Temurin-21.0.6+7 (21.0.6+7-LTS, mixed mode, sharing, tiered, compressed oops, compressed class ptrs, parallel gc, windows-amd64)
GC Precious Log:
 CardTable entry size: 512
 CPUs: 4 total, 4 available
 Memory: 6086M
 Large Page Support: Disabled
 NUMA Support: Disabled
 Compressed Oops: Enabled (32-bit)
 Alignments: Space 512K, Generation 512K, Heap 2M
 Heap Min Capacity: 100M
 Heap Initial Capacity: 100M
 Heap Max Capacity: 1G
 Pre-touch: Disabled
 Parallel Workers: 4
Heap:
 PSYoungGen      total 2048K, used 617K [0x00000000eab00000, 0x00000000ead80000, 0x0000000100000000)
  eden space 1536K, 23% used [0x00000000eab00000,0x00000000eab5a778,0x00000000eac80000)
  from space 512K, 50% used [0x00000000ead00000,0x00000000ead40000,0x00000000ead80000)
  to   space 512K, 0% used [0x00000000eac80000,0x00000000eac80000,0x00000000ead00000)
 ParOldGen       total 389632K, used 389292K [0x00000000c0000000, 0x00000000d7c80000, 0x00000000eab00000)
  object space 389632K, 99% used [0x00000000c0000000,0x00000000d7c2b228,0x00000000d7c80000)
 Metaspace       used 65648K, committed 67072K, reserved 1114112K
  class space    used 6682K, committed 7296K, reserved 1048576K
GC Heap History (20 events):
Event: 48.561 GC heap before
{Heap before GC invocations=556 (full 4):
 PSYoungGen      total 2048K, used 1790K [0x00000000eab00000, 0x00000000ead80000, 0x0000000100000000)
  eden space 1536K, 99% used [0x00000000eab00000,0x00000000eac7f880,0x00000000eac80000)
  from space 512K, 50% used [0x00000000eac80000,0x00000000eacc0000,0x00000000ead00000)
  to   space 512K, 0% used [0x00000000ead00000,0x00000000ead00000,0x00000000ead80000)
 ParOldGen       total 384512K, used 384424K [0x00000000c0000000, 0x00000000d7780000, 0x00000000eab00000)
  object space 384512K, 99% used [0x00000000c0000000,0x00000000d776a358,0x00000000d7780000)
 Metaspace       used 65648K, committed 67072K, reserved 1114112K
  class space    used 6682K, committed 7296K, reserved 1048576K
}
Event: 48.562 GC heap after
{Heap after GC invocations=556 (full 4):
 PSYoungGen      total 2048K, used 440K [0x00000000eab00000, 0x00000000ead80000, 0x0000000100000000)
  eden space 1536K, 0% used [0x00000000eab00000,0x00000000eab00000,0x00000000eac80000)
  from space 512K, 85% used [0x00000000ead00000,0x00000000ead6e008,0x00000000ead80000)
  to   space 512K, 0% used [0x00000000eac80000,0x00000000eac80000,0x00000000ead00000)
 ParOldGen       total 385024K, used 384624K [0x00000000c0000000, 0x00000000d7800000, 0x00000000eab00000)
  object space 385024K, 99% used [0x00000000c0000000,0x00000000d779c358,0x00000000d7800000)
 Metaspace       used 65648K, committed 67072K, reserved 1114112K
  class space    used 6682K, committed 7296K, reserved 1048576K
}
Event: 48.587 GC heap before
{Heap before GC invocations=557 (full 4):
 PSYoungGen      total 2048K, used 1976K [0x00000000eab00000, 0x00000000ead80000, 0x0000000100000000)
  eden space 1536K, 100% used [0x00000000eab00000,0x00000000eac80000,0x00000000eac80000)
  from space 512K, 85% used [0x00000000ead00000,0x00000000ead6e008,0x00000000ead80000)
  to   space 512K, 0% used [0x00000000eac80000,0x00000000eac80000,0x00000000ead00000)
 ParOldGen       total 385024K, used 384624K [0x00000000c0000000, 0x00000000d7800000, 0x00000000eab00000)
  object space 385024K, 99% used [0x00000000c0000000,0x00000000d779c358,0x00000000d7800000)
 Metaspace       used 65648K, committed 67072K, reserved 1114112K
  class space    used 6682K, committed 7296K, reserved 1048576K
}
Event: 48.589 GC heap after
{Heap after GC invocations=557 (full 4):
 PSYoungGen      total 2048K, used 288K [0x00000000eab00000, 0x00000000ead80000, 0x0000000100000000)
  eden space 1536K, 0% used [0x00000000eab00000,0x00000000eab00000,0x00000000eac80000)
  from space 512K, 56% used [0x00000000eac80000,0x00000000eacc8000,0x00000000ead00000)
  to   space 512K, 0% used [0x00000000ead00000,0x00000000ead00000,0x00000000ead80000)
 ParOldGen       total 385024K, used 385016K [0x00000000c0000000, 0x00000000d7800000, 0x00000000eab00000)
  object space 385024K, 99% used [0x00000000c0000000,0x00000000d77fe360,0x00000000d7800000)
 Metaspace       used 65648K, committed 67072K, reserved 1114112K
  class space    used 6682K, committed 7296K, reserved 1048576K
}
Event: 48.601 GC heap before
{Heap before GC invocations=558 (full 4):
 PSYoungGen      total 2048K, used 1824K [0x00000000eab00000, 0x00000000ead80000, 0x0000000100000000)
  eden space 1536K, 100% used [0x00000000eab00000,0x00000000eac80000,0x00000000eac80000)
  from space 512K, 56% used [0x00000000eac80000,0x00000000eacc8000,0x00000000ead00000)
  to   space 512K, 0% used [0x00000000ead00000,0x00000000ead00000,0x00000000ead80000)
 ParOldGen       total 385024K, used 385016K [0x00000000c0000000, 0x00000000d7800000, 0x00000000eab00000)
  object space 385024K, 99% used [0x00000000c0000000,0x00000000d77fe360,0x00000000d7800000)
 Metaspace       used 65648K, committed 67072K, reserved 1114112K
  class space    used 6682K, committed 7296K, reserved 1048576K
}
Event: 48.603 GC heap after
{Heap after GC invocations=558 (full 4):
 PSYoungGen      total 2048K, used 256K [0x00000000eab00000, 0x00000000ead80000, 0x0000000100000000)
  eden space 1536K, 0% used [0x00000000eab00000,0x00000000eab00000,0x00000000eac80000)
  from space 512K, 50% used [0x00000000ead00000,0x00000000ead40000,0x00000000ead80000)
  to   space 512K, 0% used [0x00000000eac80000,0x00000000eac80000,0x00000000ead00000)
 ParOldGen       total 385536K, used 385216K [0x00000000c0000000, 0x00000000d7880000, 0x00000000eab00000)
  object space 385536K, 99% used [0x00000000c0000000,0x00000000d7830360,0x00000000d7880000)
 Metaspace       used 65648K, committed 67072K, reserved 1114112K
  class space    used 6682K, committed 7296K, reserved 1048576K
}
Event: 48.612 GC heap before
{Heap before GC invocations=559 (full 4):
 PSYoungGen      total 2048K, used 1792K [0x00000000eab00000, 0x00000000ead80000, 0x0000000100000000)
  eden space 1536K, 100% used [0x00000000eab00000,0x00000000eac80000,0x00000000eac80000)
  from space 512K, 50% used [0x00000000ead00000,0x00000000ead40000,0x00000000ead80000)
  to   space 512K, 0% used [0x00000000eac80000,0x00000000eac80000,0x00000000ead00000)
 ParOldGen       total 385536K, used 385216K [0x00000000c0000000, 0x00000000d7880000, 0x00000000eab00000)
  object space 385536K, 99% used [0x00000000c0000000,0x00000000d7830360,0x00000000d7880000)
 Metaspace       used 65648K, committed 67072K, reserved 1114112K
  class space    used 6682K, committed 7296K, reserved 1048576K
}
Event: 48.615 GC heap after
{Heap after GC invocations=559 (full 4):
 PSYoungGen      total 2048K, used 256K [0x00000000eab00000, 0x00000000ead80000, 0x0000000100000000)
  eden space 1536K, 0% used [0x00000000eab00000,0x00000000eab00000,0x00000000eac80000)
  from space 512K, 50% used [0x00000000eac80000,0x00000000eacc0000,0x00000000ead00000)
  to   space 512K, 0% used [0x00000000ead00000,0x00000000ead00000,0x00000000ead80000)
 ParOldGen       total 385536K, used 385440K [0x00000000c0000000, 0x00000000d7880000, 0x00000000eab00000)
  object space 385536K, 99% used [0x00000000c0000000,0x00000000d7868360,0x00000000d7880000)
 Metaspace       used 65648K, committed 67072K, reserved 1114112K
  class space    used 6682K, committed 7296K, reserved 1048576K
}
Event: 48.627 GC heap before
{Heap before GC invocations=560 (full 4):
 PSYoungGen      total 2048K, used 1792K [0x00000000eab00000, 0x00000000ead80000, 0x0000000100000000)
  eden space 1536K, 100% used [0x00000000eab00000,0x00000000eac80000,0x00000000eac80000)
  from space 512K, 50% used [0x00000000eac80000,0x00000000eacc0000,0x00000000ead00000)
  to   space 512K, 0% used [0x00000000ead00000,0x00000000ead00000,0x00000000ead80000)
 ParOldGen       total 385536K, used 385440K [0x00000000c0000000, 0x00000000d7880000, 0x00000000eab00000)
  object space 385536K, 99% used [0x00000000c0000000,0x00000000d7868360,0x00000000d7880000)
 Metaspace       used 65648K, committed 67072K, reserved 1114112K
  class space    used 6682K, committed 7296K, reserved 1048576K
}
Event: 48.629 GC heap after
{Heap after GC invocations=560 (full 4):
 PSYoungGen      total 2048K, used 256K [0x00000000eab00000, 0x00000000ead80000, 0x0000000100000000)
  eden space 1536K, 0% used [0x00000000eab00000,0x00000000eab00000,0x00000000eac80000)
  from space 512K, 50% used [0x00000000ead00000,0x00000000ead40000,0x00000000ead80000)
  to   space 512K, 0% used [0x00000000eac80000,0x00000000eac80000,0x00000000ead00000)
 ParOldGen       total 386048K, used 385664K [0x00000000c0000000, 0x00000000d7900000, 0x00000000eab00000)
  object space 386048K, 99% used [0x00000000c0000000,0x00000000d78a0360,0x00000000d7900000)
 Metaspace       used 65648K, committed 67072K, reserved 1114112K
  class space    used 6682K, committed 7296K, reserved 1048576K
}
Event: 48.682 GC heap before
{Heap before GC invocations=561 (full 4):
 PSYoungGen      total 2048K, used 1791K [0x00000000eab00000, 0x00000000ead80000, 0x0000000100000000)
  eden space 1536K, 99% used [0x00000000eab00000,0x00000000eac7ffb8,0x00000000eac80000)
  from space 512K, 50% used [0x00000000ead00000,0x00000000ead40000,0x00000000ead80000)
  to   space 512K, 0% used [0x00000000eac80000,0x00000000eac80000,0x00000000ead00000)
 ParOldGen       total 386048K, used 385664K [0x00000000c0000000, 0x00000000d7900000, 0x00000000eab00000)
  object space 386048K, 99% used [0x00000000c0000000,0x00000000d78a0360,0x00000000d7900000)
 Metaspace       used 65648K, committed 67072K, reserved 1114112K
  class space    used 6682K, committed 7296K, reserved 1048576K
}
Event: 48.684 GC heap after
{Heap after GC invocations=561 (full 4):
 PSYoungGen      total 2048K, used 288K [0x00000000eab00000, 0x00000000ead80000, 0x0000000100000000)
  eden space 1536K, 0% used [0x00000000eab00000,0x00000000eab00000,0x00000000eac80000)
  from space 512K, 56% used [0x00000000eac80000,0x00000000eacc8000,0x00000000ead00000)
  to   space 512K, 0% used [0x00000000ead00000,0x00000000ead00000,0x00000000ead80000)
 ParOldGen       total 386048K, used 385864K [0x00000000c0000000, 0x00000000d7900000, 0x00000000eab00000)
  object space 386048K, 99% used [0x00000000c0000000,0x00000000d78d2360,0x00000000d7900000)
 Metaspace       used 65648K, committed 67072K, reserved 1114112K
  class space    used 6682K, committed 7296K, reserved 1048576K
}
Event: 48.694 GC heap before
{Heap before GC invocations=562 (full 4):
 PSYoungGen      total 2048K, used 1824K [0x00000000eab00000, 0x00000000ead80000, 0x0000000100000000)
  eden space 1536K, 100% used [0x00000000eab00000,0x00000000eac80000,0x00000000eac80000)
  from space 512K, 56% used [0x00000000eac80000,0x00000000eacc8000,0x00000000ead00000)
  to   space 512K, 0% used [0x00000000ead00000,0x00000000ead00000,0x00000000ead80000)
 ParOldGen       total 386048K, used 385864K [0x00000000c0000000, 0x00000000d7900000, 0x00000000eab00000)
  object space 386048K, 99% used [0x00000000c0000000,0x00000000d78d2360,0x00000000d7900000)
 Metaspace       used 65648K, committed 67072K, reserved 1114112K
  class space    used 6682K, committed 7296K, reserved 1048576K
}
Event: 48.696 GC heap after
{Heap after GC invocations=562 (full 4):
 PSYoungGen      total 2048K, used 256K [0x00000000eab00000, 0x00000000ead80000, 0x0000000100000000)
  eden space 1536K, 0% used [0x00000000eab00000,0x00000000eab00000,0x00000000eac80000)
  from space 512K, 50% used [0x00000000ead00000,0x00000000ead40000,0x00000000ead80000)
  to   space 512K, 0% used [0x00000000eac80000,0x00000000eac80000,0x00000000ead00000)
 ParOldGen       total 386560K, used 386104K [0x00000000c0000000, 0x00000000d7980000, 0x00000000eab00000)
  object space 386560K, 99% used [0x00000000c0000000,0x00000000d790e360,0x00000000d7980000)
 Metaspace       used 65648K, committed 67072K, reserved 1114112K
  class space    used 6682K, committed 7296K, reserved 1048576K
}
Event: 48.710 GC heap before
{Heap before GC invocations=563 (full 4):
 PSYoungGen      total 2048K, used 1783K [0x00000000eab00000, 0x00000000ead80000, 0x0000000100000000)
  eden space 1536K, 99% used [0x00000000eab00000,0x00000000eac7ddd0,0x00000000eac80000)
  from space 512K, 50% used [0x00000000ead00000,0x00000000ead40000,0x00000000ead80000)
  to   space 512K, 0% used [0x00000000eac80000,0x00000000eac80000,0x00000000ead00000)
 ParOldGen       total 386560K, used 386104K [0x00000000c0000000, 0x00000000d7980000, 0x00000000eab00000)
  object space 386560K, 99% used [0x00000000c0000000,0x00000000d790e360,0x00000000d7980000)
 Metaspace       used 65648K, committed 67072K, reserved 1114112K
  class space    used 6682K, committed 7296K, reserved 1048576K
}
Event: 48.712 GC heap after
{Heap after GC invocations=563 (full 4):
 PSYoungGen      total 2048K, used 256K [0x00000000eab00000, 0x00000000ead80000, 0x0000000100000000)
  eden space 1536K, 0% used [0x00000000eab00000,0x00000000eab00000,0x00000000eac80000)
  from space 512K, 50% used [0x00000000eac80000,0x00000000eacc0000,0x00000000ead00000)
  to   space 512K, 0% used [0x00000000ead00000,0x00000000ead00000,0x00000000ead80000)
 ParOldGen       total 386560K, used 386304K [0x00000000c0000000, 0x00000000d7980000, 0x00000000eab00000)
  object space 386560K, 99% used [0x00000000c0000000,0x00000000d7940360,0x00000000d7980000)
 Metaspace       used 65648K, committed 67072K, reserved 1114112K
  class space    used 6682K, committed 7296K, reserved 1048576K
}
Event: 48.772 GC heap before
{Heap before GC invocations=564 (full 4):
 PSYoungGen      total 2048K, used 1792K [0x00000000eab00000, 0x00000000ead80000, 0x0000000100000000)
  eden space 1536K, 100% used [0x00000000eab00000,0x00000000eac80000,0x00000000eac80000)
  from space 512K, 50% used [0x00000000eac80000,0x00000000eacc0000,0x00000000ead00000)
  to   space 512K, 0% used [0x00000000ead00000,0x00000000ead00000,0x00000000ead80000)
 ParOldGen       total 386560K, used 386304K [0x00000000c0000000, 0x00000000d7980000, 0x00000000eab00000)
  object space 386560K, 99% used [0x00000000c0000000,0x00000000d7940360,0x00000000d7980000)
 Metaspace       used 65648K, committed 67072K, reserved 1114112K
  class space    used 6682K, committed 7296K, reserved 1048576K
}
Event: 48.775 GC heap after
{Heap after GC invocations=564 (full 4):
 PSYoungGen      total 2048K, used 448K [0x00000000eab00000, 0x00000000ead80000, 0x0000000100000000)
  eden space 1536K, 0% used [0x00000000eab00000,0x00000000eab00000,0x00000000eac80000)
  from space 512K, 87% used [0x00000000ead00000,0x00000000ead70000,0x00000000ead80000)
  to   space 512K, 0% used [0x00000000eac80000,0x00000000eac80000,0x00000000ead00000)
 ParOldGen       total 386560K, used 386488K [0x00000000c0000000, 0x00000000d7980000, 0x00000000eab00000)
  object space 386560K, 99% used [0x00000000c0000000,0x00000000d796e360,0x00000000d7980000)
 Metaspace       used 65648K, committed 67072K, reserved 1114112K
  class space    used 6682K, committed 7296K, reserved 1048576K
}
Event: 48.811 GC heap before
{Heap before GC invocations=565 (full 4):
 PSYoungGen      total 2048K, used 1984K [0x00000000eab00000, 0x00000000ead80000, 0x0000000100000000)
  eden space 1536K, 100% used [0x00000000eab00000,0x00000000eac80000,0x00000000eac80000)
  from space 512K, 87% used [0x00000000ead00000,0x00000000ead70000,0x00000000ead80000)
  to   space 512K, 0% used [0x00000000eac80000,0x00000000eac80000,0x00000000ead00000)
 ParOldGen       total 386560K, used 386488K [0x00000000c0000000, 0x00000000d7980000, 0x00000000eab00000)
  object space 386560K, 99% used [0x00000000c0000000,0x00000000d796e360,0x00000000d7980000)
 Metaspace       used 65648K, committed 67072K, reserved 1114112K
  class space    used 6682K, committed 7296K, reserved 1048576K
}
Event: 48.815 GC heap after
{Heap after GC invocations=565 (full 4):
 PSYoungGen      total 2048K, used 481K [0x00000000eab00000, 0x00000000ead80000, 0x0000000100000000)
  eden space 1536K, 0% used [0x00000000eab00000,0x00000000eab00000,0x00000000eac80000)
  from space 512K, 94% used [0x00000000eac80000,0x00000000eacf8600,0x00000000ead00000)
  to   space 512K, 0% used [0x00000000ead00000,0x00000000ead00000,0x00000000ead80000)
 ParOldGen       total 387584K, used 387454K [0x00000000c0000000, 0x00000000d7a80000, 0x00000000eab00000)
  object space 387584K, 99% used [0x00000000c0000000,0x00000000d7a5f820,0x00000000d7a80000)
 Metaspace       used 65648K, committed 67072K, reserved 1114112K
  class space    used 6682K, committed 7296K, reserved 1048576K
}

