# JRE version: OpenJDK Runtime Environment Temurin-21.0.6+7 (21.0.6+7) (build 21.0.6+7-LTS)
# Java VM: OpenJDK 64-Bit Server VM Temurin-21.0.6+7 (21.0.6+7-LTS, mixed mode, sharing, tiered, compressed oops, compressed class ptrs, parallel gc, windows-amd64)
GC Precious Log:
 CardTable entry size: 512
 CPUs: 4 total, 4 available
 Memory: 6086M
 Large Page Support: Disabled
 NUMA Support: Disabled
 Compressed Oops: Enabled (32-bit)
 Alignments: Space 512K, Generation 512K, Heap 2M
 Heap Min Capacity: 100M
 Heap Initial Capacity: 100M
 Heap Max Capacity: 1G
 Pre-touch: Disabled
 Parallel Workers: 4
Heap:
 PSYoungGen      total 17408K, used 13490K [0x00000000eab00000, 0x00000000ebe80000, 0x0000000100000000)
  eden space 16384K, 76% used [0x00000000eab00000,0x00000000eb72cb88,0x00000000ebb00000)
  from space 1024K, 100% used [0x00000000ebd80000,0x00000000ebe80000,0x00000000ebe80000)
  to   space 1536K, 0% used [0x00000000ebc00000,0x00000000ebc00000,0x00000000ebd80000)
 ParOldGen       total 68608K, used 42478K [0x00000000c0000000, 0x00000000c4300000, 0x00000000eab00000)
  object space 68608K, 61% used [0x00000000c0000000,0x00000000c297b9b8,0x00000000c4300000)
 Metaspace       used 51070K, committed 52352K, reserved 1114112K
  class space    used 5454K, committed 6016K, reserved 1048576K
GC Heap History (20 events):
Event: 35.205 GC heap before
{Heap before GC invocations=19 (full 2):
 PSYoungGen      total 21504K, used 21499K [0x00000000eab00000, 0x00000000ecb80000, 0x0000000100000000)
  eden space 20480K, 99% used [0x00000000eab00000,0x00000000ebefee58,0x00000000ebf00000)
  from space 1024K, 100% used [0x00000000ec480000,0x00000000ec580000,0x00000000ec580000)
  to   space 5632K, 0% used [0x00000000ebf00000,0x00000000ebf00000,0x00000000ec480000)
 ParOldGen       total 68608K, used 23375K [0x00000000c0000000, 0x00000000c4300000, 0x00000000eab00000)
  object space 68608K, 34% used [0x00000000c0000000,0x00000000c16d3da0,0x00000000c4300000)
 Metaspace       used 45659K, committed 46912K, reserved 1114112K
  class space    used 4822K, committed 5376K, reserved 1048576K
}
Event: 35.211 GC heap after
{Heap after GC invocations=19 (full 2):
 PSYoungGen      total 23040K, used 2239K [0x00000000eab00000, 0x00000000ec600000, 0x0000000100000000)
  eden space 20480K, 0% used [0x00000000eab00000,0x00000000eab00000,0x00000000ebf00000)
  from space 2560K, 87% used [0x00000000ebf00000,0x00000000ec12ff00,0x00000000ec180000)
  to   space 3584K, 0% used [0x00000000ec280000,0x00000000ec280000,0x00000000ec600000)
 ParOldGen       total 68608K, used 24391K [0x00000000c0000000, 0x00000000c4300000, 0x00000000eab00000)
  object space 68608K, 35% used [0x00000000c0000000,0x00000000c17d1da0,0x00000000c4300000)
 Metaspace       used 45659K, committed 46912K, reserved 1114112K
  class space    used 4822K, committed 5376K, reserved 1048576K
}
Event: 35.784 GC heap before
{Heap before GC invocations=20 (full 2):
 PSYoungGen      total 23040K, used 22719K [0x00000000eab00000, 0x00000000ec600000, 0x0000000100000000)
  eden space 20480K, 100% used [0x00000000eab00000,0x00000000ebf00000,0x00000000ebf00000)
  from space 2560K, 87% used [0x00000000ebf00000,0x00000000ec12ff00,0x00000000ec180000)
  to   space 3584K, 0% used [0x00000000ec280000,0x00000000ec280000,0x00000000ec600000)
 ParOldGen       total 68608K, used 24391K [0x00000000c0000000, 0x00000000c4300000, 0x00000000eab00000)
  object space 68608K, 35% used [0x00000000c0000000,0x00000000c17d1da0,0x00000000c4300000)
 Metaspace       used 48015K, committed 49216K, reserved 1114112K
  class space    used 5104K, committed 5632K, reserved 1048576K
}
Event: 35.790 GC heap after
{Heap after GC invocations=20 (full 2):
 PSYoungGen      total 22528K, used 1913K [0x00000000eab00000, 0x00000000ec480000, 0x0000000100000000)
  eden space 20480K, 0% used [0x00000000eab00000,0x00000000eab00000,0x00000000ebf00000)
  from space 2048K, 93% used [0x00000000ec280000,0x00000000ec45e470,0x00000000ec480000)
  to   space 2560K, 0% used [0x00000000ebf80000,0x00000000ebf80000,0x00000000ec200000)
 ParOldGen       total 68608K, used 26444K [0x00000000c0000000, 0x00000000c4300000, 0x00000000eab00000)
  object space 68608K, 38% used [0x00000000c0000000,0x00000000c19d32e0,0x00000000c4300000)
 Metaspace       used 48015K, committed 49216K, reserved 1114112K
  class space    used 5104K, committed 5632K, reserved 1048576K
}
Event: 36.387 GC heap before
{Heap before GC invocations=21 (full 2):
 PSYoungGen      total 22528K, used 22393K [0x00000000eab00000, 0x00000000ec480000, 0x0000000100000000)
  eden space 20480K, 100% used [0x00000000eab00000,0x00000000ebf00000,0x00000000ebf00000)
  from space 2048K, 93% used [0x00000000ec280000,0x00000000ec45e470,0x00000000ec480000)
  to   space 2560K, 0% used [0x00000000ebf80000,0x00000000ebf80000,0x00000000ec200000)
 ParOldGen       total 68608K, used 26444K [0x00000000c0000000, 0x00000000c4300000, 0x00000000eab00000)
  object space 68608K, 38% used [0x00000000c0000000,0x00000000c19d32e0,0x00000000c4300000)
 Metaspace       used 49175K, committed 50432K, reserved 1114112K
  class space    used 5222K, committed 5760K, reserved 1048576K
}
Event: 36.396 GC heap after
{Heap after GC invocations=21 (full 2):
 PSYoungGen      total 22528K, used 1760K [0x00000000eab00000, 0x00000000ec300000, 0x0000000100000000)
  eden space 20480K, 0% used [0x00000000eab00000,0x00000000eab00000,0x00000000ebf00000)
  from space 2048K, 85% used [0x00000000ebf80000,0x00000000ec138030,0x00000000ec180000)
  to   space 1536K, 0% used [0x00000000ec180000,0x00000000ec180000,0x00000000ec300000)
 ParOldGen       total 68608K, used 28268K [0x00000000c0000000, 0x00000000c4300000, 0x00000000eab00000)
  object space 68608K, 41% used [0x00000000c0000000,0x00000000c1b9b190,0x00000000c4300000)
 Metaspace       used 49175K, committed 50432K, reserved 1114112K
  class space    used 5222K, committed 5760K, reserved 1048576K
}
Event: 36.798 GC heap before
{Heap before GC invocations=22 (full 2):
 PSYoungGen      total 22528K, used 22240K [0x00000000eab00000, 0x00000000ec300000, 0x0000000100000000)
  eden space 20480K, 100% used [0x00000000eab00000,0x00000000ebf00000,0x00000000ebf00000)
  from space 2048K, 85% used [0x00000000ebf80000,0x00000000ec138030,0x00000000ec180000)
  to   space 1536K, 0% used [0x00000000ec180000,0x00000000ec180000,0x00000000ec300000)
 ParOldGen       total 68608K, used 28268K [0x00000000c0000000, 0x00000000c4300000, 0x00000000eab00000)
  object space 68608K, 41% used [0x00000000c0000000,0x00000000c1b9b190,0x00000000c4300000)
 Metaspace       used 49669K, committed 50944K, reserved 1114112K
  class space    used 5269K, committed 5824K, reserved 1048576K
}
Event: 36.806 GC heap after
{Heap after GC invocations=22 (full 2):
 PSYoungGen      total 17920K, used 1520K [0x00000000eab00000, 0x00000000ecc00000, 0x0000000100000000)
  eden space 16384K, 0% used [0x00000000eab00000,0x00000000eab00000,0x00000000ebb00000)
  from space 1536K, 98% used [0x00000000ec180000,0x00000000ec2fc030,0x00000000ec300000)
  to   space 6656K, 0% used [0x00000000ebb00000,0x00000000ebb00000,0x00000000ec180000)
 ParOldGen       total 68608K, used 32403K [0x00000000c0000000, 0x00000000c4300000, 0x00000000eab00000)
  object space 68608K, 47% used [0x00000000c0000000,0x00000000c1fa4f28,0x00000000c4300000)
 Metaspace       used 49669K, committed 50944K, reserved 1114112K
  class space    used 5269K, committed 5824K, reserved 1048576K
}
Event: 37.236 GC heap before
{Heap before GC invocations=23 (full 2):
 PSYoungGen      total 17920K, used 17904K [0x00000000eab00000, 0x00000000ecc00000, 0x0000000100000000)
  eden space 16384K, 100% used [0x00000000eab00000,0x00000000ebb00000,0x00000000ebb00000)
  from space 1536K, 98% used [0x00000000ec180000,0x00000000ec2fc030,0x00000000ec300000)
  to   space 6656K, 0% used [0x00000000ebb00000,0x00000000ebb00000,0x00000000ec180000)
 ParOldGen       total 68608K, used 32403K [0x00000000c0000000, 0x00000000c4300000, 0x00000000eab00000)
  object space 68608K, 47% used [0x00000000c0000000,0x00000000c1fa4f28,0x00000000c4300000)
 Metaspace       used 50366K, committed 51584K, reserved 1114112K
  class space    used 5361K, committed 5888K, reserved 1048576K
}
Event: 37.246 GC heap after
{Heap after GC invocations=23 (full 2):
 PSYoungGen      total 18432K, used 1634K [0x00000000eab00000, 0x00000000ec200000, 0x0000000100000000)
  eden space 16384K, 0% used [0x00000000eab00000,0x00000000eab00000,0x00000000ebb00000)
  from space 2048K, 79% used [0x00000000ebb00000,0x00000000ebc98800,0x00000000ebd00000)
  to   space 3584K, 0% used [0x00000000ebe80000,0x00000000ebe80000,0x00000000ec200000)
 ParOldGen       total 68608K, used 33947K [0x00000000c0000000, 0x00000000c4300000, 0x00000000eab00000)
  object space 68608K, 49% used [0x00000000c0000000,0x00000000c2126f58,0x00000000c4300000)
 Metaspace       used 50366K, committed 51584K, reserved 1114112K
  class space    used 5361K, committed 5888K, reserved 1048576K
}
Event: 37.512 GC heap before
{Heap before GC invocations=24 (full 2):
 PSYoungGen      total 18432K, used 18018K [0x00000000eab00000, 0x00000000ec200000, 0x0000000100000000)
  eden space 16384K, 100% used [0x00000000eab00000,0x00000000ebb00000,0x00000000ebb00000)
  from space 2048K, 79% used [0x00000000ebb00000,0x00000000ebc98800,0x00000000ebd00000)
  to   space 3584K, 0% used [0x00000000ebe80000,0x00000000ebe80000,0x00000000ec200000)
 ParOldGen       total 68608K, used 33947K [0x00000000c0000000, 0x00000000c4300000, 0x00000000eab00000)
  object space 68608K, 49% used [0x00000000c0000000,0x00000000c2126f58,0x00000000c4300000)
 Metaspace       used 50974K, committed 52288K, reserved 1114112K
  class space    used 5450K, committed 6016K, reserved 1048576K
}
Event: 37.518 GC heap after
{Heap after GC invocations=24 (full 2):
 PSYoungGen      total 18432K, used 2005K [0x00000000eab00000, 0x00000000ec080000, 0x0000000100000000)
  eden space 16384K, 0% used [0x00000000eab00000,0x00000000eab00000,0x00000000ebb00000)
  from space 2048K, 97% used [0x00000000ebe80000,0x00000000ec075528,0x00000000ec080000)
  to   space 2560K, 0% used [0x00000000ebb80000,0x00000000ebb80000,0x00000000ebe00000)
 ParOldGen       total 68608K, used 35501K [0x00000000c0000000, 0x00000000c4300000, 0x00000000eab00000)
  object space 68608K, 51% used [0x00000000c0000000,0x00000000c22ab778,0x00000000c4300000)
 Metaspace       used 50974K, committed 52288K, reserved 1114112K
  class space    used 5450K, committed 6016K, reserved 1048576K
}
Event: 37.665 GC heap before
{Heap before GC invocations=25 (full 2):
 PSYoungGen      total 18432K, used 18389K [0x00000000eab00000, 0x00000000ec080000, 0x0000000100000000)
  eden space 16384K, 100% used [0x00000000eab00000,0x00000000ebb00000,0x00000000ebb00000)
  from space 2048K, 97% used [0x00000000ebe80000,0x00000000ec075528,0x00000000ec080000)
  to   space 2560K, 0% used [0x00000000ebb80000,0x00000000ebb80000,0x00000000ebe00000)
 ParOldGen       total 68608K, used 35501K [0x00000000c0000000, 0x00000000c4300000, 0x00000000eab00000)
  object space 68608K, 51% used [0x00000000c0000000,0x00000000c22ab778,0x00000000c4300000)
 Metaspace       used 51005K, committed 52288K, reserved 1114112K
  class space    used 5452K, committed 6016K, reserved 1048576K
}
Event: 37.670 GC heap after
{Heap after GC invocations=25 (full 2):
 PSYoungGen      total 18944K, used 2336K [0x00000000eab00000, 0x00000000ec000000, 0x0000000100000000)
  eden space 16384K, 0% used [0x00000000eab00000,0x00000000eab00000,0x00000000ebb00000)
  from space 2560K, 91% used [0x00000000ebb80000,0x00000000ebdc8000,0x00000000ebe00000)
  to   space 2048K, 0% used [0x00000000ebe00000,0x00000000ebe00000,0x00000000ec000000)
 ParOldGen       total 68608K, used 36770K [0x00000000c0000000, 0x00000000c4300000, 0x00000000eab00000)
  object space 68608K, 53% used [0x00000000c0000000,0x00000000c23e89d0,0x00000000c4300000)
 Metaspace       used 51005K, committed 52288K, reserved 1114112K
  class space    used 5452K, committed 6016K, reserved 1048576K
}
Event: 38.054 GC heap before
{Heap before GC invocations=26 (full 2):
 PSYoungGen      total 18944K, used 18720K [0x00000000eab00000, 0x00000000ec000000, 0x0000000100000000)
  eden space 16384K, 100% used [0x00000000eab00000,0x00000000ebb00000,0x00000000ebb00000)
  from space 2560K, 91% used [0x00000000ebb80000,0x00000000ebdc8000,0x00000000ebe00000)
  to   space 2048K, 0% used [0x00000000ebe00000,0x00000000ebe00000,0x00000000ec000000)
 ParOldGen       total 68608K, used 36770K [0x00000000c0000000, 0x00000000c4300000, 0x00000000eab00000)
  object space 68608K, 53% used [0x00000000c0000000,0x00000000c23e89d0,0x00000000c4300000)
 Metaspace       used 51016K, committed 52288K, reserved 1114112K
  class space    used 5452K, committed 6016K, reserved 1048576K
}
Event: 38.060 GC heap after
{Heap after GC invocations=26 (full 2):
 PSYoungGen      total 18432K, used 1572K [0x00000000eab00000, 0x00000000ec000000, 0x0000000100000000)
  eden space 16384K, 0% used [0x00000000eab00000,0x00000000eab00000,0x00000000ebb00000)
  from space 2048K, 76% used [0x00000000ebe00000,0x00000000ebf89000,0x00000000ec000000)
  to   space 2048K, 0% used [0x00000000ebc00000,0x00000000ebc00000,0x00000000ebe00000)
 ParOldGen       total 68608K, used 39056K [0x00000000c0000000, 0x00000000c4300000, 0x00000000eab00000)
  object space 68608K, 56% used [0x00000000c0000000,0x00000000c2624380,0x00000000c4300000)
 Metaspace       used 51016K, committed 52288K, reserved 1114112K
  class space    used 5452K, committed 6016K, reserved 1048576K
}
Event: 38.268 GC heap before
{Heap before GC invocations=27 (full 2):
 PSYoungGen      total 18432K, used 17956K [0x00000000eab00000, 0x00000000ec000000, 0x0000000100000000)
  eden space 16384K, 100% used [0x00000000eab00000,0x00000000ebb00000,0x00000000ebb00000)
  from space 2048K, 76% used [0x00000000ebe00000,0x00000000ebf89000,0x00000000ec000000)
  to   space 2048K, 0% used [0x00000000ebc00000,0x00000000ebc00000,0x00000000ebe00000)
 ParOldGen       total 68608K, used 39056K [0x00000000c0000000, 0x00000000c4300000, 0x00000000eab00000)
  object space 68608K, 56% used [0x00000000c0000000,0x00000000c2624380,0x00000000c4300000)
 Metaspace       used 51019K, committed 52288K, reserved 1114112K
  class space    used 5452K, committed 6016K, reserved 1048576K
}
Event: 38.272 GC heap after
{Heap after GC invocations=27 (full 2):
 PSYoungGen      total 17920K, used 1408K [0x00000000eab00000, 0x00000000ebe80000, 0x0000000100000000)
  eden space 16384K, 0% used [0x00000000eab00000,0x00000000eab00000,0x00000000ebb00000)
  from space 1536K, 91% used [0x00000000ebc00000,0x00000000ebd60000,0x00000000ebd80000)
  to   space 1024K, 0% used [0x00000000ebd80000,0x00000000ebd80000,0x00000000ebe80000)
 ParOldGen       total 68608K, used 40542K [0x00000000c0000000, 0x00000000c4300000, 0x00000000eab00000)
  object space 68608K, 59% used [0x00000000c0000000,0x00000000c27979a8,0x00000000c4300000)
 Metaspace       used 51019K, committed 52288K, reserved 1114112K
  class space    used 5452K, committed 6016K, reserved 1048576K
}
Event: 38.636 GC heap before
{Heap before GC invocations=28 (full 2):
 PSYoungGen      total 17920K, used 17792K [0x00000000eab00000, 0x00000000ebe80000, 0x0000000100000000)
  eden space 16384K, 100% used [0x00000000eab00000,0x00000000ebb00000,0x00000000ebb00000)
  from space 1536K, 91% used [0x00000000ebc00000,0x00000000ebd60000,0x00000000ebd80000)
  to   space 1024K, 0% used [0x00000000ebd80000,0x00000000ebd80000,0x00000000ebe80000)
 ParOldGen       total 68608K, used 40542K [0x00000000c0000000, 0x00000000c4300000, 0x00000000eab00000)
  object space 68608K, 59% used [0x00000000c0000000,0x00000000c27979a8,0x00000000c4300000)
 Metaspace       used 51036K, committed 52288K, reserved 1114112K
  class space    used 5452K, committed 6016K, reserved 1048576K
}
Event: 38.656 GC heap after
{Heap after GC invocations=28 (full 2):
 PSYoungGen      total 17408K, used 1024K [0x00000000eab00000, 0x00000000ebe80000, 0x0000000100000000)
  eden space 16384K, 0% used [0x00000000eab00000,0x00000000eab00000,0x00000000ebb00000)
  from space 1024K, 100% used [0x00000000ebd80000,0x00000000ebe80000,0x00000000ebe80000)
  to   space 1536K, 0% used [0x00000000ebc00000,0x00000000ebc00000,0x00000000ebd80000)
 ParOldGen       total 68608K, used 42478K [0x00000000c0000000, 0x00000000c4300000, 0x00000000eab00000)
  object space 68608K, 61% used [0x00000000c0000000,0x00000000c297b9b8,0x00000000c4300000)
 Metaspace       used 51036K, committed 52288K, reserved 1114112K
  class space    used 5452K, committed 6016K, reserved 1048576K
}

